Time resolution is 1 ps
 Block Memory Generator module loading initial data...
 Block Memory Generator data initialization complete.
Block Memory Generator module MLDSA_AXI_Top_tb.DUT.MLDSA_.data_path_inst.DM_.temp_A.inst.\native_mem_module.blk_mem_gen_v8_4_7_inst  is using a behavioral model for simulation which will not precisely model memory collision behavior.
 Block Memory Generator module loading initial data...
 Block Memory Generator data initialization complete.
Block Memory Generator module MLDSA_AXI_Top_tb.DUT.MLDSA_.data_path_inst.DM_.temp_PWM.inst.\native_mem_module.blk_mem_gen_v8_4_7_inst  is using a behavioral model for simulation which will not precisely model memory collision behavior.
 Block Memory Generator module loading initial data...
 Block Memory Generator data initialization complete.
Block Memory Generator module MLDSA_AXI_Top_tb.DUT.MLDSA_.data_path_inst.DM_.temp_0.inst.\native_mem_module.blk_mem_gen_v8_4_7_inst  is using a behavioral model for simulation which will not precisely model memory collision behavior.
 Block Memory Generator module loading initial data...
 Block Memory Generator data initialization complete.
Block Memory Generator module MLDSA_AXI_Top_tb.DUT.MLDSA_.data_path_inst.DM_.temp_1.inst.\native_mem_module.blk_mem_gen_v8_4_7_inst  is using a behavioral model for simulation which will not precisely model memory collision behavior.
 Block Memory Generator module loading initial data...
 Block Memory Generator data initialization complete.
Block Memory Generator module MLDSA_AXI_Top_tb.DUT.MLDSA_.data_path_inst.DM_.temp_2.inst.\native_mem_module.blk_mem_gen_v8_4_7_inst  is using a behavioral model for simulation which will not precisely model memory collision behavior.
 Block Memory Generator module loading initial data...
 Block Memory Generator data initialization complete.
Block Memory Generator module MLDSA_AXI_Top_tb.DUT.MLDSA_.data_path_inst.DM_.temp_3.inst.\native_mem_module.blk_mem_gen_v8_4_7_inst  is using a behavioral model for simulation which will not precisely model memory collision behavior.
 Block Memory Generator module loading initial data...
 Block Memory Generator data initialization complete.
Block Memory Generator module MLDSA_AXI_Top_tb.DUT.MLDSA_.data_path_inst.DM_.temp_4.inst.\native_mem_module.blk_mem_gen_v8_4_7_inst  is using a behavioral model for simulation which will not precisely model memory collision behavior.
 Block Memory Generator module loading initial data...
 Block Memory Generator data initialization complete.
Block Memory Generator module MLDSA_AXI_Top_tb.DUT.MLDSA_.data_path_inst.DM_.temp_5.inst.\native_mem_module.blk_mem_gen_v8_4_7_inst  is using a behavioral model for simulation which will not precisely model memory collision behavior.
 Block Memory Generator module loading initial data...
 Block Memory Generator data initialization complete.
Block Memory Generator module MLDSA_AXI_Top_tb.DUT.MLDSA_.data_path_inst.DM_.temp_6.inst.\native_mem_module.blk_mem_gen_v8_4_7_inst  is using a behavioral model for simulation which will not precisely model memory collision behavior.
 Block Memory Generator module loading initial data...
 Block Memory Generator data initialization complete.
Block Memory Generator module MLDSA_AXI_Top_tb.DUT.MLDSA_.data_path_inst.DM_.temp_7.inst.\native_mem_module.blk_mem_gen_v8_4_7_inst  is using a behavioral model for simulation which will not precisely model memory collision behavior.
 Block Memory Generator module loading initial data...
 Block Memory Generator data initialization complete.
Block Memory Generator module MLDSA_AXI_Top_tb.DUT.MLDSA_.data_path_inst.DM_.temp_8.inst.\native_mem_module.blk_mem_gen_v8_4_7_inst  is using a behavioral model for simulation which will not precisely model memory collision behavior.
 Block Memory Generator module loading initial data...
 Block Memory Generator data initialization complete.
Block Memory Generator module MLDSA_AXI_Top_tb.DUT.MLDSA_.data_path_inst.DM_.temp_9.inst.\native_mem_module.blk_mem_gen_v8_4_7_inst  is using a behavioral model for simulation which will not precisely model memory collision behavior.
 Block Memory Generator module loading initial data...
 Block Memory Generator data initialization complete.
Block Memory Generator module MLDSA_AXI_Top_tb.DUT.MLDSA_.data_path_inst.DM_.temp_L.inst.\native_mem_module.blk_mem_gen_v8_4_7_inst  is using a behavioral model for simulation which will not precisely model memory collision behavior.
 Block Memory Generator module loading initial data...
 Block Memory Generator data initialization complete.
Block Memory Generator module MLDSA_AXI_Top_tb.DUT.MLDSA_.data_path_inst.DM_.temp_seed.inst.\native_mem_module.blk_mem_gen_v8_4_7_inst  is using a behavioral model for simulation which will not precisely model memory collision behavior.
verifiction pass,                    1
$finish called at time : 132035 ns : File "C:/Users/fossu/Desktop/ML_DSA_Syn_new/IMP4_sampler_pluse/MLDSA/MLDSA.srcs/sim_1/imports/MLDSA/MLDSA_tb.v" Line 718
