INFO: [VRFC 10-2263] Analyzing Verilog file "C:/Users/fossu/Desktop/ML_DSA_Syn_new/IMP2/NTT/NTT.srcs/sources_1/imports/NTT/BU.v" into library xil_defaultlib
INFO: [VRFC 10-311] analyzing module BU
INFO: [VRFC 10-2263] Analyzing Verilog file "C:/Users/fossu/Desktop/ML_DSA_Syn_new/IMP2/NTT/NTT.srcs/sources_1/imports/NTT/CONTR.v" into library xil_defaultlib
INFO: [VRFC 10-311] analyzing module CONTR
INFO: [VRFC 10-2263] Analyzing Verilog file "C:/Users/fossu/Desktop/ML_DSA_Syn_new/IMP2/NTT/NTT.srcs/sim_1/imports/NTT/Dual_Port_Ram_Single_clk.v" into library xil_defaultlib
INFO: [VRFC 10-311] analyzing module Dual_Port_Ram_Single_clk
INFO: [VRFC 10-2263] Analyzing Verilog file "C:/Users/fossu/Desktop/ML_DSA_Syn_new/IMP2/NTT/NTT.srcs/sources_1/imports/NTT/Modular_Reduction.v" into library xil_defaultlib
INFO: [VRFC 10-311] analyzing module Modular_Reduction
INFO: [VRFC 10-2263] Analyzing Verilog file "C:/Users/fossu/Desktop/ML_DSA_Syn_new/IMP2/NTT/NTT.srcs/sources_1/imports/NTT/NTT.v" into library xil_defaultlib
INFO: [VRFC 10-311] analyzing module NTT
INFO: [VRFC 10-2263] Analyzing Verilog file "C:/Users/fossu/Desktop/ML_DSA_Syn_new/IMP2/NTT/NTT.srcs/sources_1/imports/NTT/RU.v" into library xil_defaultlib
INFO: [VRFC 10-311] analyzing module RU
INFO: [VRFC 10-2263] Analyzing Verilog file "C:/Users/fossu/Desktop/ML_DSA_Syn_new/IMP2/NTT/NTT.srcs/sources_1/imports/NTT/mod_add.v" into library xil_defaultlib
INFO: [VRFC 10-311] analyzing module mod_add
INFO: [VRFC 10-2263] Analyzing Verilog file "C:/Users/fossu/Desktop/ML_DSA_Syn_new/IMP2/NTT/NTT.srcs/sources_1/imports/NTT/mod_mul.v" into library xil_defaultlib
INFO: [VRFC 10-311] analyzing module mod_mul
INFO: [VRFC 10-2263] Analyzing Verilog file "C:/Users/fossu/Desktop/ML_DSA_Syn_new/IMP2/NTT/NTT.srcs/sources_1/imports/NTT/mod_sub.v" into library xil_defaultlib
INFO: [VRFC 10-311] analyzing module mod_sub
INFO: [VRFC 10-2263] Analyzing Verilog file "C:/Users/fossu/Desktop/ML_DSA_Syn_new/IMP2/NTT/NTT.srcs/sources_1/imports/NTT/rom.v" into library xil_defaultlib
INFO: [VRFC 10-311] analyzing module rom
INFO: [VRFC 10-2263] Analyzing Verilog file "C:/Users/fossu/Desktop/ML_DSA_Syn_new/IMP2/NTT/NTT.srcs/sim_1/imports/NTT/NTT_tb.v" into library xil_defaultlib
INFO: [VRFC 10-311] analyzing module NTT_tb
