Time resolution is 1 ps
                   0 in_ready=0, NTT_in_u=      0, NTT_in_d=      0, NTT_out_u=      x, NTT_out_d=      x, NTT_addr=  z
                 221 in_ready=1, NTT_in_u=      0, NTT_in_d=      0, NTT_out_u=      x, NTT_out_d=      x, NTT_addr=  z
                 231 in_ready=0, NTT_in_u=      0, NTT_in_d=      0, NTT_out_u=      x, NTT_out_d=      x, NTT_addr=  z
                1500 in_ready=0, NTT_in_u=      0, NTT_in_d=      0, NTT_out_u=8380161, NTT_out_d=8380161, NTT_addr=  z
                1510 in_ready=0, NTT_in_u=      0, NTT_in_d=      0, NTT_out_u=    256, NTT_out_d=8380161, NTT_addr=  z
                1530 in_ready=0, NTT_in_u=      0, NTT_in_d=      0, NTT_out_u=    512, NTT_out_d=      0, NTT_addr=  z
                1540 in_ready=0, NTT_in_u=      0, NTT_in_d=      0, NTT_out_u=    512, NTT_out_d=    512, NTT_addr=  z
                1550 in_ready=0, NTT_in_u=      0, NTT_in_d=      0, NTT_out_u=    256, NTT_out_d=8380161, NTT_addr=  z
                1560 in_ready=0, NTT_in_u=      0, NTT_in_d=      0, NTT_out_u=    256, NTT_out_d=    512, NTT_addr=  z
                1570 in_ready=0, NTT_in_u=      0, NTT_in_d=      0, NTT_out_u=8380161, NTT_out_d=8379905, NTT_addr=  z
                1580 in_ready=0, NTT_in_u=      0, NTT_in_d=      0, NTT_out_u=    512, NTT_out_d=    256, NTT_addr=  z
                1590 in_ready=0, NTT_in_u=      0, NTT_in_d=      0, NTT_out_u=    256, NTT_out_d=    512, NTT_addr=  z
                1600 in_ready=0, NTT_in_u=      0, NTT_in_d=      0, NTT_out_u=    512, NTT_out_d=8380161, NTT_addr=  z
                1610 in_ready=0, NTT_in_u=      0, NTT_in_d=      0, NTT_out_u=      0, NTT_out_d=    512, NTT_addr=  z
                1620 in_ready=0, NTT_in_u=      0, NTT_in_d=      0, NTT_out_u=    256, NTT_out_d=8379905, NTT_addr=  z
                1630 in_ready=0, NTT_in_u=      0, NTT_in_d=      0, NTT_out_u=      0, NTT_out_d=8379905, NTT_addr=  z
                1640 in_ready=0, NTT_in_u=      0, NTT_in_d=      0, NTT_out_u=      0, NTT_out_d=8380161, NTT_addr=  z
                1650 in_ready=0, NTT_in_u=      0, NTT_in_d=      0, NTT_out_u=    256, NTT_out_d=    512, NTT_addr=  z
                1660 in_ready=0, NTT_in_u=      0, NTT_in_d=      0, NTT_out_u=8379905, NTT_out_d=      0, NTT_addr=  z
                1670 in_ready=0, NTT_in_u=      0, NTT_in_d=      0, NTT_out_u=8380161, NTT_out_d=8380161, NTT_addr=  z
                1680 in_ready=0, NTT_in_u=      0, NTT_in_d=      0, NTT_out_u=      0, NTT_out_d=8380161, NTT_addr=  z
                1690 in_ready=0, NTT_in_u=      0, NTT_in_d=      0, NTT_out_u=      0, NTT_out_d=8379905, NTT_addr=  z
                1700 in_ready=0, NTT_in_u=      0, NTT_in_d=      0, NTT_out_u=      0, NTT_out_d=8380161, NTT_addr=  z
                1710 in_ready=0, NTT_in_u=      0, NTT_in_d=      0, NTT_out_u=8379905, NTT_out_d=8380161, NTT_addr=  z
                1720 in_ready=0, NTT_in_u=      0, NTT_in_d=      0, NTT_out_u=8379905, NTT_out_d=      0, NTT_addr=  z
                1730 in_ready=0, NTT_in_u=      0, NTT_in_d=      0, NTT_out_u=8379905, NTT_out_d=    256, NTT_addr=  z
                1740 in_ready=0, NTT_in_u=      0, NTT_in_d=      0, NTT_out_u=8380161, NTT_out_d=8379905, NTT_addr=  z
                1750 in_ready=0, NTT_in_u=      0, NTT_in_d=      0, NTT_out_u=8380161, NTT_out_d=    512, NTT_addr=  z
                1760 in_ready=0, NTT_in_u=      0, NTT_in_d=      0, NTT_out_u=    256, NTT_out_d=8380161, NTT_addr=  z
                1780 in_ready=0, NTT_in_u=      0, NTT_in_d=      0, NTT_out_u=    512, NTT_out_d=8379905, NTT_addr=  z
                1790 in_ready=0, NTT_in_u=      0, NTT_in_d=      0, NTT_out_u=8379905, NTT_out_d=      0, NTT_addr=  z
                1800 in_ready=0, NTT_in_u=      0, NTT_in_d=      0, NTT_out_u=    512, NTT_out_d=8380161, NTT_addr=  z
                1810 in_ready=0, NTT_in_u=      0, NTT_in_d=      0, NTT_out_u=8380161, NTT_out_d=    512, NTT_addr=  z
                1820 in_ready=0, NTT_in_u=      0, NTT_in_d=      0, NTT_out_u=8379905, NTT_out_d=    512, NTT_addr=  z
                1830 in_ready=0, NTT_in_u=      0, NTT_in_d=      0, NTT_out_u=8379905, NTT_out_d=8379905, NTT_addr=  z
                1840 in_ready=0, NTT_in_u=      0, NTT_in_d=      0, NTT_out_u=      0, NTT_out_d=8379905, NTT_addr=  z
                1850 in_ready=0, NTT_in_u=      0, NTT_in_d=      0, NTT_out_u=8379905, NTT_out_d=8379905, NTT_addr=  z
                1860 in_ready=0, NTT_in_u=      0, NTT_in_d=      0, NTT_out_u=    512, NTT_out_d=8379905, NTT_addr=  z
                1870 in_ready=0, NTT_in_u=      0, NTT_in_d=      0, NTT_out_u=8379905, NTT_out_d=      0, NTT_addr=  z
                1880 in_ready=0, NTT_in_u=      0, NTT_in_d=      0, NTT_out_u=      0, NTT_out_d=    256, NTT_addr=  z
                1890 in_ready=0, NTT_in_u=      0, NTT_in_d=      0, NTT_out_u=8379905, NTT_out_d=8379905, NTT_addr=  z
                1900 in_ready=0, NTT_in_u=      0, NTT_in_d=      0, NTT_out_u=8380161, NTT_out_d=      0, NTT_addr=  z
                1910 in_ready=0, NTT_in_u=      0, NTT_in_d=      0, NTT_out_u=    512, NTT_out_d=      0, NTT_addr=  z
                1920 in_ready=0, NTT_in_u=      0, NTT_in_d=      0, NTT_out_u=8379905, NTT_out_d=    256, NTT_addr=  z
                1930 in_ready=0, NTT_in_u=      0, NTT_in_d=      0, NTT_out_u=    256, NTT_out_d=8379905, NTT_addr=  z
                1940 in_ready=0, NTT_in_u=      0, NTT_in_d=      0, NTT_out_u=8380161, NTT_out_d=8380161, NTT_addr=  z
                1950 in_ready=0, NTT_in_u=      0, NTT_in_d=      0, NTT_out_u=8379905, NTT_out_d=      0, NTT_addr=  z
                1960 in_ready=0, NTT_in_u=      0, NTT_in_d=      0, NTT_out_u=8380161, NTT_out_d=    512, NTT_addr=  z
                1970 in_ready=0, NTT_in_u=      0, NTT_in_d=      0, NTT_out_u=      0, NTT_out_d=8380161, NTT_addr=  z
                1980 in_ready=0, NTT_in_u=      0, NTT_in_d=      0, NTT_out_u=      0, NTT_out_d=8379905, NTT_addr=  z
                2000 in_ready=0, NTT_in_u=      0, NTT_in_d=      0, NTT_out_u=    256, NTT_out_d=    256, NTT_addr=  z
                2010 in_ready=0, NTT_in_u=      0, NTT_in_d=      0, NTT_out_u=      0, NTT_out_d=    512, NTT_addr=  z
                2020 in_ready=0, NTT_in_u=      0, NTT_in_d=      0, NTT_out_u=      0, NTT_out_d=    256, NTT_addr=  z
                2030 in_ready=0, NTT_in_u=      0, NTT_in_d=      0, NTT_out_u=8379905, NTT_out_d=      0, NTT_addr=  z
                2040 in_ready=0, NTT_in_u=      0, NTT_in_d=      0, NTT_out_u=    512, NTT_out_d=      0, NTT_addr=  z
                2050 in_ready=0, NTT_in_u=      0, NTT_in_d=      0, NTT_out_u=8379905, NTT_out_d=    512, NTT_addr=  z
                2060 in_ready=0, NTT_in_u=      0, NTT_in_d=      0, NTT_out_u=    512, NTT_out_d=    512, NTT_addr=  z
                2070 in_ready=0, NTT_in_u=      0, NTT_in_d=      0, NTT_out_u=    256, NTT_out_d=      0, NTT_addr=  z
                2080 in_ready=0, NTT_in_u=      0, NTT_in_d=      0, NTT_out_u=      0, NTT_out_d=8379905, NTT_addr=  z
                2090 in_ready=0, NTT_in_u=      0, NTT_in_d=      0, NTT_out_u=8380161, NTT_out_d=      0, NTT_addr=  z
                2100 in_ready=0, NTT_in_u=      0, NTT_in_d=      0, NTT_out_u=8379905, NTT_out_d=    512, NTT_addr=  z
                2110 in_ready=0, NTT_in_u=      0, NTT_in_d=      0, NTT_out_u=    256, NTT_out_d=8379905, NTT_addr=  z
                2120 in_ready=0, NTT_in_u=      0, NTT_in_d=      0, NTT_out_u=      0, NTT_out_d=8379905, NTT_addr=  z
                2130 in_ready=0, NTT_in_u=      0, NTT_in_d=      0, NTT_out_u=    256, NTT_out_d=8379905, NTT_addr=  z
                2140 in_ready=0, NTT_in_u=      0, NTT_in_d=      0, NTT_out_u=    512, NTT_out_d=8380161, NTT_addr=  z
                2150 in_ready=0, NTT_in_u=      0, NTT_in_d=      0, NTT_out_u=8379905, NTT_out_d=      0, NTT_addr=  z
                2160 in_ready=0, NTT_in_u=      0, NTT_in_d=      0, NTT_out_u=      0, NTT_out_d=      0, NTT_addr=  z
                2170 in_ready=0, NTT_in_u=      0, NTT_in_d=      0, NTT_out_u=    512, NTT_out_d=8380161, NTT_addr=  z
                2180 in_ready=0, NTT_in_u=      0, NTT_in_d=      0, NTT_out_u=    512, NTT_out_d=      0, NTT_addr=  z
                2190 in_ready=0, NTT_in_u=      0, NTT_in_d=      0, NTT_out_u=    256, NTT_out_d=      0, NTT_addr=  z
                2200 in_ready=0, NTT_in_u=      0, NTT_in_d=      0, NTT_out_u=    512, NTT_out_d=8379905, NTT_addr=  z
                2210 in_ready=0, NTT_in_u=      0, NTT_in_d=      0, NTT_out_u=8379905, NTT_out_d=    256, NTT_addr=  z
                2220 in_ready=0, NTT_in_u=      0, NTT_in_d=      0, NTT_out_u=      0, NTT_out_d=8379905, NTT_addr=  z
                2230 in_ready=0, NTT_in_u=      0, NTT_in_d=      0, NTT_out_u=8380161, NTT_out_d=    512, NTT_addr=  z
                2240 in_ready=0, NTT_in_u=      0, NTT_in_d=      0, NTT_out_u=8379905, NTT_out_d=8380161, NTT_addr=  z
                2250 in_ready=0, NTT_in_u=      0, NTT_in_d=      0, NTT_out_u=      0, NTT_out_d=8379905, NTT_addr=  z
                2260 in_ready=0, NTT_in_u=      0, NTT_in_d=      0, NTT_out_u=    512, NTT_out_d=8380161, NTT_addr=  z
                2270 in_ready=0, NTT_in_u=      0, NTT_in_d=      0, NTT_out_u=8380161, NTT_out_d=8380161, NTT_addr=  z
                2280 in_ready=0, NTT_in_u=      0, NTT_in_d=      0, NTT_out_u=    512, NTT_out_d=8379905, NTT_addr=  z
                2290 in_ready=0, NTT_in_u=      0, NTT_in_d=      0, NTT_out_u=    512, NTT_out_d=    256, NTT_addr=  z
                2300 in_ready=0, NTT_in_u=      0, NTT_in_d=      0, NTT_out_u=      0, NTT_out_d=    512, NTT_addr=  z
                2320 in_ready=0, NTT_in_u=      0, NTT_in_d=      0, NTT_out_u=    512, NTT_out_d=      0, NTT_addr=  z
                2330 in_ready=0, NTT_in_u=      0, NTT_in_d=      0, NTT_out_u=      0, NTT_out_d=      0, NTT_addr=  z
                2340 in_ready=0, NTT_in_u=      0, NTT_in_d=      0, NTT_out_u=8379905, NTT_out_d=8380161, NTT_addr=  z
                2350 in_ready=0, NTT_in_u=      0, NTT_in_d=      0, NTT_out_u=    256, NTT_out_d=      0, NTT_addr=  z
                2360 in_ready=0, NTT_in_u=      0, NTT_in_d=      0, NTT_out_u=    256, NTT_out_d=    512, NTT_addr=  z
                2370 in_ready=0, NTT_in_u=      0, NTT_in_d=      0, NTT_out_u=      0, NTT_out_d=    256, NTT_addr=  z
                2380 in_ready=0, NTT_in_u=      0, NTT_in_d=      0, NTT_out_u=      0, NTT_out_d=8379905, NTT_addr=  z
                2390 in_ready=0, NTT_in_u=      0, NTT_in_d=      0, NTT_out_u=      0, NTT_out_d=      0, NTT_addr=  z
                2400 in_ready=0, NTT_in_u=      0, NTT_in_d=      0, NTT_out_u=8380161, NTT_out_d=    512, NTT_addr=  z
                2410 in_ready=0, NTT_in_u=      0, NTT_in_d=      0, NTT_out_u=8380161, NTT_out_d=8379905, NTT_addr=  z
                2420 in_ready=0, NTT_in_u=      0, NTT_in_d=      0, NTT_out_u=8380161, NTT_out_d=    256, NTT_addr=  z
                2430 in_ready=0, NTT_in_u=      0, NTT_in_d=      0, NTT_out_u=    512, NTT_out_d=    512, NTT_addr=  z
                2440 in_ready=0, NTT_in_u=      0, NTT_in_d=      0, NTT_out_u=8379905, NTT_out_d=      0, NTT_addr=  z
                2450 in_ready=0, NTT_in_u=      0, NTT_in_d=      0, NTT_out_u=    256, NTT_out_d=8379905, NTT_addr=  z
                2460 in_ready=0, NTT_in_u=      0, NTT_in_d=      0, NTT_out_u=    512, NTT_out_d=    512, NTT_addr=  z
                2480 in_ready=0, NTT_in_u=      0, NTT_in_d=      0, NTT_out_u=      0, NTT_out_d=    256, NTT_addr=  z
                2490 in_ready=0, NTT_in_u=      0, NTT_in_d=      0, NTT_out_u=      0, NTT_out_d=    512, NTT_addr=  z
                2500 in_ready=0, NTT_in_u=      0, NTT_in_d=      0, NTT_out_u=8379905, NTT_out_d=8380161, NTT_addr=  z
                2510 in_ready=0, NTT_in_u=      0, NTT_in_d=      0, NTT_out_u=      0, NTT_out_d=    512, NTT_addr=  z
                2520 in_ready=0, NTT_in_u=      0, NTT_in_d=      0, NTT_out_u=      0, NTT_out_d=      0, NTT_addr=  z
                2530 in_ready=0, NTT_in_u=      0, NTT_in_d=      0, NTT_out_u=      0, NTT_out_d=    512, NTT_addr=  z
                2540 in_ready=0, NTT_in_u=      0, NTT_in_d=      0, NTT_out_u=    512, NTT_out_d=8380161, NTT_addr=  z
                2550 in_ready=0, NTT_in_u=      0, NTT_in_d=      0, NTT_out_u=8379905, NTT_out_d=    512, NTT_addr=  z
                2560 in_ready=0, NTT_in_u=      0, NTT_in_d=      0, NTT_out_u=8379905, NTT_out_d=    256, NTT_addr=  z
                2570 in_ready=0, NTT_in_u=      0, NTT_in_d=      0, NTT_out_u=8380161, NTT_out_d=8380161, NTT_addr=  z
                2580 in_ready=0, NTT_in_u=      0, NTT_in_d=      0, NTT_out_u=    512, NTT_out_d=    256, NTT_addr=  z
                2590 in_ready=0, NTT_in_u=      0, NTT_in_d=      0, NTT_out_u=    512, NTT_out_d=8379905, NTT_addr=  z
                2600 in_ready=0, NTT_in_u=      0, NTT_in_d=      0, NTT_out_u=8379905, NTT_out_d=    256, NTT_addr=  z
                2610 in_ready=0, NTT_in_u=      0, NTT_in_d=      0, NTT_out_u=    512, NTT_out_d=8379905, NTT_addr=  z
                2620 in_ready=0, NTT_in_u=      0, NTT_in_d=      0, NTT_out_u=8380161, NTT_out_d=    512, NTT_addr=  z
                2630 in_ready=0, NTT_in_u=      0, NTT_in_d=      0, NTT_out_u=    256, NTT_out_d=      0, NTT_addr=  z
                2640 in_ready=0, NTT_in_u=      0, NTT_in_d=      0, NTT_out_u=      0, NTT_out_d=8379905, NTT_addr=  z
                2650 in_ready=0, NTT_in_u=      0, NTT_in_d=      0, NTT_out_u=    512, NTT_out_d=    512, NTT_addr=  z
                2660 in_ready=0, NTT_in_u=      0, NTT_in_d=      0, NTT_out_u=    512, NTT_out_d=      0, NTT_addr=  z
                2680 in_ready=0, NTT_in_u=      0, NTT_in_d=      0, NTT_out_u=    256, NTT_out_d=      0, NTT_addr=  z
                2690 in_ready=0, NTT_in_u=      0, NTT_in_d=      0, NTT_out_u=    256, NTT_out_d=8380161, NTT_addr=  z
                2700 in_ready=0, NTT_in_u=      0, NTT_in_d=      0, NTT_out_u=8380161, NTT_out_d=    256, NTT_addr=  z
                2710 in_ready=0, NTT_in_u=      0, NTT_in_d=      0, NTT_out_u=    256, NTT_out_d=      0, NTT_addr=  z
                2720 in_ready=0, NTT_in_u=      0, NTT_in_d=      0, NTT_out_u=      0, NTT_out_d=    512, NTT_addr=  z
                2730 in_ready=0, NTT_in_u=      0, NTT_in_d=      0, NTT_out_u=8379905, NTT_out_d=    512, NTT_addr=  z
                2740 in_ready=0, NTT_in_u=      0, NTT_in_d=      0, NTT_out_u=      0, NTT_out_d=8379905, NTT_addr=  z
                2750 in_ready=0, NTT_in_u=      0, NTT_in_d=      0, NTT_out_u=    512, NTT_out_d=      0, NTT_addr=  z
                2760 in_ready=0, NTT_in_u=      0, NTT_in_d=      0, NTT_out_u=    256, NTT_out_d=8380161, NTT_addr=  z
                2770 in_ready=0, NTT_in_u=      0, NTT_in_d=      0, NTT_out_u=      0, NTT_out_d=      0, NTT_addr=  z
                2780 in_ready=0, NTT_in_u=      0, NTT_in_d=      0, NTT_out_u=6042756, NTT_out_d=6089814, NTT_addr=  z
