INFO: [VRFC 10-2263] Analyzing Verilog file "C:/Users/USER/Desktop/ML_DSA_syn/IMP/NTT/NTT2/NTT.srcs/sources_1/imports/NTT/BRAM.v" into library xil_defaultlib
INFO: [VRFC 10-311] analyzing module BRAM
INFO: [VRFC 10-2263] Analyzing Verilog file "C:/Users/USER/Desktop/ML_DSA_syn/IMP/NTT/NTT2/NTT.srcs/sources_1/new/BU.v" into library xil_defaultlib
INFO: [VRFC 10-311] analyzing module BU
INFO: [VRFC 10-2263] Analyzing Verilog file "C:/Users/USER/Desktop/ML_DSA_syn/IMP/NTT/NTT2/NTT.srcs/sources_1/new/CONTR.v" into library xil_defaultlib
INFO: [VRFC 10-311] analyzing module CONTR
INFO: [VRFC 10-2263] Analyzing Verilog file "C:/Users/USER/Desktop/ML_DSA_syn/IMP/NTT/NTT2/NTT.srcs/sources_1/imports/MLDSA/Dual_Port_Ram_Single_clk.v" into library xil_defaultlib
INFO: [VRFC 10-311] analyzing module Dual_Port_Ram_Single_clk
INFO: [VRFC 10-2263] Analyzing Verilog file "C:/Users/USER/Desktop/ML_DSA_syn/IMP/NTT/NTT2/NTT.srcs/sources_1/new/Modular_Reduction.v" into library xil_defaultlib
INFO: [VRFC 10-311] analyzing module Modular_Reduction
INFO: [VRFC 10-2263] Analyzing Verilog file "C:/Users/USER/Desktop/ML_DSA_syn/IMP/NTT/NTT2/NTT.srcs/sources_1/new/NTT.v" into library xil_defaultlib
INFO: [VRFC 10-311] analyzing module NTT
INFO: [VRFC 10-2263] Analyzing Verilog file "C:/Users/USER/Desktop/ML_DSA_syn/IMP/NTT/NTT2/NTT.srcs/sources_1/new/RU.v" into library xil_defaultlib
INFO: [VRFC 10-311] analyzing module RU
INFO: [VRFC 10-2263] Analyzing Verilog file "C:/Users/USER/Desktop/ML_DSA_syn/IMP/NTT/NTT2/NTT.srcs/sources_1/new/mod_add.v" into library xil_defaultlib
INFO: [VRFC 10-311] analyzing module mod_add
INFO: [VRFC 10-2263] Analyzing Verilog file "C:/Users/USER/Desktop/ML_DSA_syn/IMP/NTT/NTT2/NTT.srcs/sources_1/new/mod_mul.v" into library xil_defaultlib
INFO: [VRFC 10-311] analyzing module mod_mul
INFO: [VRFC 10-2263] Analyzing Verilog file "C:/Users/USER/Desktop/ML_DSA_syn/IMP/NTT/NTT2/NTT.srcs/sources_1/new/mod_sub.v" into library xil_defaultlib
INFO: [VRFC 10-311] analyzing module mod_sub
INFO: [VRFC 10-2263] Analyzing Verilog file "C:/Users/USER/Desktop/ML_DSA_syn/IMP/NTT/NTT2/NTT.srcs/sources_1/new/rom.v" into library xil_defaultlib
INFO: [VRFC 10-311] analyzing module rom
INFO: [VRFC 10-2263] Analyzing Verilog file "C:/Users/USER/Desktop/ML_DSA_syn/IMP/NTT/NTT2/NTT.srcs/sources_1/imports/NTT/NTT_tb.v" into library xil_defaultlib
INFO: [VRFC 10-311] analyzing module NTT_tb
