Vivado Simulator v2023.2
Copyright 1986-2022 Xilinx, Inc. All Rights Reserved.
Copyright 2022-2023 Advanced Micro Devices, Inc. All Rights Reserved.
Running: D:/Xilinx/Vivado/2023.2/bin/unwrapped/win64.o/xelab.exe --incr --debug typical --relax --mt 2 -L xil_defaultlib -L unisims_ver -L unimacro_ver -L secureip --snapshot NTT_tb_behav xil_defaultlib.NTT_tb xil_defaultlib.glbl -log elaborate.log 
Using 2 slave threads.
Starting static elaboration
Pass Through NonSizing Optimizer
WARNING: [VRFC 10-3091] actual bit length 4 differs from formal bit length 3 for port 'addr' [C:/Users/fossu/Desktop/ML_DSA_Syn_new/IMP/NTT/NTT2/NTT.srcs/sources_1/new/NTT.v:354]
WARNING: [VRFC 10-3091] actual bit length 8 differs from formal bit length 4 for port 'addr' [C:/Users/fossu/Desktop/ML_DSA_Syn_new/IMP/NTT/NTT2/NTT.srcs/sources_1/new/NTT.v:403]
WARNING: [VRFC 10-3091] actual bit length 16 differs from formal bit length 5 for port 'addr' [C:/Users/fossu/Desktop/ML_DSA_Syn_new/IMP/NTT/NTT2/NTT.srcs/sources_1/new/NTT.v:451]
WARNING: [VRFC 10-3091] actual bit length 32 differs from formal bit length 6 for port 'addr' [C:/Users/fossu/Desktop/ML_DSA_Syn_new/IMP/NTT/NTT2/NTT.srcs/sources_1/new/NTT.v:499]
WARNING: [VRFC 10-3091] actual bit length 64 differs from formal bit length 7 for port 'addr' [C:/Users/fossu/Desktop/ML_DSA_Syn_new/IMP/NTT/NTT2/NTT.srcs/sources_1/new/NTT.v:547]
WARNING: [VRFC 10-1324] repetition multiplier must be positive [C:/Users/fossu/Desktop/ML_DSA_Syn_new/IMP/NTT/NTT2/NTT.srcs/sources_1/new/CONTR.v:35]
WARNING: [VRFC 10-1324] repetition multiplier must be positive [C:/Users/fossu/Desktop/ML_DSA_Syn_new/IMP/NTT/NTT2/NTT.srcs/sources_1/new/CONTR.v:38]
Completed static elaboration
Starting simulation data flow analysis
WARNING: [XSIM 43-4099] "C:/Users/fossu/Desktop/ML_DSA_Syn_new/IMP/NTT/NTT2/NTT.srcs/sources_1/new/NTT.v" Line 1. Module NTT doesn't have a timescale but at least one module in design has a timescale.
WARNING: [XSIM 43-4099] "C:/Users/fossu/Desktop/ML_DSA_Syn_new/IMP/NTT/NTT2/NTT.srcs/sources_1/new/BU.v" Line 1. Module BU doesn't have a timescale but at least one module in design has a timescale.
WARNING: [XSIM 43-4099] "C:/Users/fossu/Desktop/ML_DSA_Syn_new/IMP/NTT/NTT2/NTT.srcs/sources_1/new/mod_add.v" Line 1. Module mod_add doesn't have a timescale but at least one module in design has a timescale.
WARNING: [XSIM 43-4099] "C:/Users/fossu/Desktop/ML_DSA_Syn_new/IMP/NTT/NTT2/NTT.srcs/sources_1/new/mod_sub.v" Line 1. Module mod_sub doesn't have a timescale but at least one module in design has a timescale.
WARNING: [XSIM 43-4099] "C:/Users/fossu/Desktop/ML_DSA_Syn_new/IMP/NTT/NTT2/NTT.srcs/sources_1/new/mod_mul.v" Line 1. Module mod_mul doesn't have a timescale but at least one module in design has a timescale.
WARNING: [XSIM 43-4099] "C:/Users/fossu/Desktop/ML_DSA_Syn_new/IMP/NTT/NTT2/NTT.srcs/sources_1/new/Modular_Reduction.v" Line 1. Module Modular_Reduction doesn't have a timescale but at least one module in design has a timescale.
WARNING: [XSIM 43-4099] "C:/Users/fossu/Desktop/ML_DSA_Syn_new/IMP/NTT/NTT2/NTT.srcs/sources_1/new/CONTR.v" Line 1. Module CONTR doesn't have a timescale but at least one module in design has a timescale.
WARNING: [XSIM 43-4099] "C:/Users/fossu/Desktop/ML_DSA_Syn_new/IMP/NTT/NTT2/NTT.srcs/sources_1/new/rom.v" Line 1. Module rom(LENGTH=2,INIT_FILE="../../../../NTT.srcs/sources_1/imports/MEM_zeta/MEM_zeta_1.txt") doesn't have a timescale but at least one module in design has a timescale.
WARNING: [XSIM 43-4099] "C:/Users/fossu/Desktop/ML_DSA_Syn_new/IMP/NTT/NTT2/NTT.srcs/sources_1/new/RU.v" Line 51. Module RU_default doesn't have a timescale but at least one module in design has a timescale.
WARNING: [XSIM 43-4099] "C:/Users/fossu/Desktop/ML_DSA_Syn_new/IMP/NTT/NTT2/NTT.srcs/sources_1/new/BU.v" Line 1. Module BU doesn't have a timescale but at least one module in design has a timescale.
WARNING: [XSIM 43-4099] "C:/Users/fossu/Desktop/ML_DSA_Syn_new/IMP/NTT/NTT2/NTT.srcs/sources_1/new/mod_add.v" Line 1. Module mod_add doesn't have a timescale but at least one module in design has a timescale.
WARNING: [XSIM 43-4099] "C:/Users/fossu/Desktop/ML_DSA_Syn_new/IMP/NTT/NTT2/NTT.srcs/sources_1/new/mod_sub.v" Line 1. Module mod_sub doesn't have a timescale but at least one module in design has a timescale.
WARNING: [XSIM 43-4099] "C:/Users/fossu/Desktop/ML_DSA_Syn_new/IMP/NTT/NTT2/NTT.srcs/sources_1/new/mod_mul.v" Line 1. Module mod_mul doesn't have a timescale but at least one module in design has a timescale.
WARNING: [XSIM 43-4099] "C:/Users/fossu/Desktop/ML_DSA_Syn_new/IMP/NTT/NTT2/NTT.srcs/sources_1/new/Modular_Reduction.v" Line 1. Module Modular_Reduction doesn't have a timescale but at least one module in design has a timescale.
WARNING: [XSIM 43-4099] "C:/Users/fossu/Desktop/ML_DSA_Syn_new/IMP/NTT/NTT2/NTT.srcs/sources_1/new/CONTR.v" Line 1. Module CONTR(depth=32) doesn't have a timescale but at least one module in design has a timescale.
WARNING: [XSIM 43-4099] "C:/Users/fossu/Desktop/ML_DSA_Syn_new/IMP/NTT/NTT2/NTT.srcs/sources_1/new/rom.v" Line 1. Module rom(LENGTH=4,INIT_FILE="../../../../NTT.srcs/sources_1/imports/MEM_zeta/MEM_zeta_2.txt") doesn't have a timescale but at least one module in design has a timescale.
WARNING: [XSIM 43-4099] "C:/Users/fossu/Desktop/ML_DSA_Syn_new/IMP/NTT/NTT2/NTT.srcs/sources_1/new/RU.v" Line 51. Module RU(depth=32) doesn't have a timescale but at least one module in design has a timescale.
WARNING: [XSIM 43-4099] "C:/Users/fossu/Desktop/ML_DSA_Syn_new/IMP/NTT/NTT2/NTT.srcs/sources_1/new/BU.v" Line 1. Module BU doesn't have a timescale but at least one module in design has a timescale.
WARNING: [XSIM 43-4099] "C:/Users/fossu/Desktop/ML_DSA_Syn_new/IMP/NTT/NTT2/NTT.srcs/sources_1/new/mod_add.v" Line 1. Module mod_add doesn't have a timescale but at least one module in design has a timescale.
WARNING: [XSIM 43-4099] "C:/Users/fossu/Desktop/ML_DSA_Syn_new/IMP/NTT/NTT2/NTT.srcs/sources_1/new/mod_sub.v" Line 1. Module mod_sub doesn't have a timescale but at least one module in design has a timescale.
WARNING: [XSIM 43-4099] "C:/Users/fossu/Desktop/ML_DSA_Syn_new/IMP/NTT/NTT2/NTT.srcs/sources_1/new/mod_mul.v" Line 1. Module mod_mul doesn't have a timescale but at least one module in design has a timescale.
WARNING: [XSIM 43-4099] "C:/Users/fossu/Desktop/ML_DSA_Syn_new/IMP/NTT/NTT2/NTT.srcs/sources_1/new/Modular_Reduction.v" Line 1. Module Modular_Reduction doesn't have a timescale but at least one module in design has a timescale.
WARNING: [XSIM 43-4099] "C:/Users/fossu/Desktop/ML_DSA_Syn_new/IMP/NTT/NTT2/NTT.srcs/sources_1/new/CONTR.v" Line 1. Module CONTR(depth=16) doesn't have a timescale but at least one module in design has a timescale.
WARNING: [XSIM 43-4099] "C:/Users/fossu/Desktop/ML_DSA_Syn_new/IMP/NTT/NTT2/NTT.srcs/sources_1/new/rom.v" Line 1. Module rom(LENGTH=8,INIT_FILE="../../../../NTT.srcs/sources_1/imports/MEM_zeta/MEM_zeta_3.txt") doesn't have a timescale but at least one module in design has a timescale.
WARNING: [XSIM 43-4099] "C:/Users/fossu/Desktop/ML_DSA_Syn_new/IMP/NTT/NTT2/NTT.srcs/sources_1/new/RU.v" Line 51. Module RU(depth=16) doesn't have a timescale but at least one module in design has a timescale.
WARNING: [XSIM 43-4099] "C:/Users/fossu/Desktop/ML_DSA_Syn_new/IMP/NTT/NTT2/NTT.srcs/sources_1/new/BU.v" Line 1. Module BU doesn't have a timescale but at least one module in design has a timescale.
WARNING: [XSIM 43-4099] "C:/Users/fossu/Desktop/ML_DSA_Syn_new/IMP/NTT/NTT2/NTT.srcs/sources_1/new/mod_add.v" Line 1. Module mod_add doesn't have a timescale but at least one module in design has a timescale.
WARNING: [XSIM 43-4099] "C:/Users/fossu/Desktop/ML_DSA_Syn_new/IMP/NTT/NTT2/NTT.srcs/sources_1/new/mod_sub.v" Line 1. Module mod_sub doesn't have a timescale but at least one module in design has a timescale.
WARNING: [XSIM 43-4099] "C:/Users/fossu/Desktop/ML_DSA_Syn_new/IMP/NTT/NTT2/NTT.srcs/sources_1/new/mod_mul.v" Line 1. Module mod_mul doesn't have a timescale but at least one module in design has a timescale.
WARNING: [XSIM 43-4099] "C:/Users/fossu/Desktop/ML_DSA_Syn_new/IMP/NTT/NTT2/NTT.srcs/sources_1/new/Modular_Reduction.v" Line 1. Module Modular_Reduction doesn't have a timescale but at least one module in design has a timescale.
WARNING: [XSIM 43-4099] "C:/Users/fossu/Desktop/ML_DSA_Syn_new/IMP/NTT/NTT2/NTT.srcs/sources_1/new/CONTR.v" Line 1. Module CONTR(depth=8) doesn't have a timescale but at least one module in design has a timescale.
WARNING: [XSIM 43-4099] "C:/Users/fossu/Desktop/ML_DSA_Syn_new/IMP/NTT/NTT2/NTT.srcs/sources_1/new/rom.v" Line 1. Module rom(LENGTH=16,INIT_FILE="../../../../NTT.srcs/sources_1/imports/MEM_zeta/MEM_zeta_4.txt") doesn't have a timescale but at least one module in design has a timescale.
WARNING: [XSIM 43-4099] "C:/Users/fossu/Desktop/ML_DSA_Syn_new/IMP/NTT/NTT2/NTT.srcs/sources_1/new/RU.v" Line 51. Module RU(depth=8) doesn't have a timescale but at least one module in design has a timescale.
WARNING: [XSIM 43-4099] "C:/Users/fossu/Desktop/ML_DSA_Syn_new/IMP/NTT/NTT2/NTT.srcs/sources_1/new/BU.v" Line 1. Module BU doesn't have a timescale but at least one module in design has a timescale.
WARNING: [XSIM 43-4099] "C:/Users/fossu/Desktop/ML_DSA_Syn_new/IMP/NTT/NTT2/NTT.srcs/sources_1/new/mod_add.v" Line 1. Module mod_add doesn't have a timescale but at least one module in design has a timescale.
WARNING: [XSIM 43-4099] "C:/Users/fossu/Desktop/ML_DSA_Syn_new/IMP/NTT/NTT2/NTT.srcs/sources_1/new/mod_sub.v" Line 1. Module mod_sub doesn't have a timescale but at least one module in design has a timescale.
WARNING: [XSIM 43-4099] "C:/Users/fossu/Desktop/ML_DSA_Syn_new/IMP/NTT/NTT2/NTT.srcs/sources_1/new/mod_mul.v" Line 1. Module mod_mul doesn't have a timescale but at least one module in design has a timescale.
WARNING: [XSIM 43-4099] "C:/Users/fossu/Desktop/ML_DSA_Syn_new/IMP/NTT/NTT2/NTT.srcs/sources_1/new/Modular_Reduction.v" Line 1. Module Modular_Reduction doesn't have a timescale but at least one module in design has a timescale.
WARNING: [XSIM 43-4099] "C:/Users/fossu/Desktop/ML_DSA_Syn_new/IMP/NTT/NTT2/NTT.srcs/sources_1/new/CONTR.v" Line 1. Module CONTR(depth=4) doesn't have a timescale but at least one module in design has a timescale.
WARNING: [XSIM 43-4099] "C:/Users/fossu/Desktop/ML_DSA_Syn_new/IMP/NTT/NTT2/NTT.srcs/sources_1/new/rom.v" Line 1. Module rom(LENGTH=32,INIT_FILE="../../../../NTT.srcs/sources_1/imports/MEM_zeta/MEM_zeta_5.txt") doesn't have a timescale but at least one module in design has a timescale.
WARNING: [XSIM 43-4099] "C:/Users/fossu/Desktop/ML_DSA_Syn_new/IMP/NTT/NTT2/NTT.srcs/sources_1/new/RU.v" Line 51. Module RU(depth=4) doesn't have a timescale but at least one module in design has a timescale.
WARNING: [XSIM 43-4099] "C:/Users/fossu/Desktop/ML_DSA_Syn_new/IMP/NTT/NTT2/NTT.srcs/sources_1/new/BU.v" Line 1. Module BU doesn't have a timescale but at least one module in design has a timescale.
WARNING: [XSIM 43-4099] "C:/Users/fossu/Desktop/ML_DSA_Syn_new/IMP/NTT/NTT2/NTT.srcs/sources_1/new/mod_add.v" Line 1. Module mod_add doesn't have a timescale but at least one module in design has a timescale.
WARNING: [XSIM 43-4099] "C:/Users/fossu/Desktop/ML_DSA_Syn_new/IMP/NTT/NTT2/NTT.srcs/sources_1/new/mod_sub.v" Line 1. Module mod_sub doesn't have a timescale but at least one module in design has a timescale.
WARNING: [XSIM 43-4099] "C:/Users/fossu/Desktop/ML_DSA_Syn_new/IMP/NTT/NTT2/NTT.srcs/sources_1/new/mod_mul.v" Line 1. Module mod_mul doesn't have a timescale but at least one module in design has a timescale.
WARNING: [XSIM 43-4099] "C:/Users/fossu/Desktop/ML_DSA_Syn_new/IMP/NTT/NTT2/NTT.srcs/sources_1/new/Modular_Reduction.v" Line 1. Module Modular_Reduction doesn't have a timescale but at least one module in design has a timescale.
WARNING: [XSIM 43-4099] "C:/Users/fossu/Desktop/ML_DSA_Syn_new/IMP/NTT/NTT2/NTT.srcs/sources_1/new/CONTR.v" Line 1. Module CONTR(depth=2) doesn't have a timescale but at least one module in design has a timescale.
WARNING: [XSIM 43-4099] "C:/Users/fossu/Desktop/ML_DSA_Syn_new/IMP/NTT/NTT2/NTT.srcs/sources_1/new/rom.v" Line 1. Module rom(LENGTH=64,INIT_FILE="../../../../NTT.srcs/sources_1/imports/MEM_zeta/MEM_zeta_6.txt") doesn't have a timescale but at least one module in design has a timescale.
WARNING: [XSIM 43-4099] "C:/Users/fossu/Desktop/ML_DSA_Syn_new/IMP/NTT/NTT2/NTT.srcs/sources_1/new/RU.v" Line 51. Module RU(depth=2) doesn't have a timescale but at least one module in design has a timescale.
WARNING: [XSIM 43-4099] "C:/Users/fossu/Desktop/ML_DSA_Syn_new/IMP/NTT/NTT2/NTT.srcs/sources_1/new/BU.v" Line 1. Module BU doesn't have a timescale but at least one module in design has a timescale.
WARNING: [XSIM 43-4099] "C:/Users/fossu/Desktop/ML_DSA_Syn_new/IMP/NTT/NTT2/NTT.srcs/sources_1/new/mod_add.v" Line 1. Module mod_add doesn't have a timescale but at least one module in design has a timescale.
WARNING: [XSIM 43-4099] "C:/Users/fossu/Desktop/ML_DSA_Syn_new/IMP/NTT/NTT2/NTT.srcs/sources_1/new/mod_sub.v" Line 1. Module mod_sub doesn't have a timescale but at least one module in design has a timescale.
WARNING: [XSIM 43-4099] "C:/Users/fossu/Desktop/ML_DSA_Syn_new/IMP/NTT/NTT2/NTT.srcs/sources_1/new/mod_mul.v" Line 1. Module mod_mul doesn't have a timescale but at least one module in design has a timescale.
WARNING: [XSIM 43-4099] "C:/Users/fossu/Desktop/ML_DSA_Syn_new/IMP/NTT/NTT2/NTT.srcs/sources_1/new/Modular_Reduction.v" Line 1. Module Modular_Reduction doesn't have a timescale but at least one module in design has a timescale.
WARNING: [XSIM 43-4099] "C:/Users/fossu/Desktop/ML_DSA_Syn_new/IMP/NTT/NTT2/NTT.srcs/sources_1/new/CONTR.v" Line 1. Module CONTR(depth=1) doesn't have a timescale but at least one module in design has a timescale.
WARNING: [XSIM 43-4099] "C:/Users/fossu/Desktop/ML_DSA_Syn_new/IMP/NTT/NTT2/NTT.srcs/sources_1/new/rom.v" Line 1. Module rom(LENGTH=128,INIT_FILE="../../../../NTT.srcs/sources_1/imports/MEM_zeta/MEM_zeta_7.txt") doesn't have a timescale but at least one module in design has a timescale.
WARNING: [XSIM 43-4099] "C:/Users/fossu/Desktop/ML_DSA_Syn_new/IMP/NTT/NTT2/NTT.srcs/sources_1/new/RU.v" Line 51. Module RU(depth=1) doesn't have a timescale but at least one module in design has a timescale.
WARNING: [XSIM 43-4099] "C:/Users/fossu/Desktop/ML_DSA_Syn_new/IMP/NTT/NTT2/NTT.srcs/sources_1/new/BU.v" Line 1. Module BU doesn't have a timescale but at least one module in design has a timescale.
WARNING: [XSIM 43-4099] "C:/Users/fossu/Desktop/ML_DSA_Syn_new/IMP/NTT/NTT2/NTT.srcs/sources_1/new/mod_add.v" Line 1. Module mod_add doesn't have a timescale but at least one module in design has a timescale.
WARNING: [XSIM 43-4099] "C:/Users/fossu/Desktop/ML_DSA_Syn_new/IMP/NTT/NTT2/NTT.srcs/sources_1/new/mod_sub.v" Line 1. Module mod_sub doesn't have a timescale but at least one module in design has a timescale.
WARNING: [XSIM 43-4099] "C:/Users/fossu/Desktop/ML_DSA_Syn_new/IMP/NTT/NTT2/NTT.srcs/sources_1/new/mod_mul.v" Line 1. Module mod_mul doesn't have a timescale but at least one module in design has a timescale.
WARNING: [XSIM 43-4099] "C:/Users/fossu/Desktop/ML_DSA_Syn_new/IMP/NTT/NTT2/NTT.srcs/sources_1/new/Modular_Reduction.v" Line 1. Module Modular_Reduction doesn't have a timescale but at least one module in design has a timescale.
WARNING: [XSIM 43-4099] "C:/Users/fossu/Desktop/ML_DSA_Syn_new/IMP/NTT/NTT2/NTT.srcs/sources_1/imports/MLDSA/Dual_Port_Ram_Single_clk.v" Line 1. Module Dual_Port_Ram_Single_clk(INIT_FILE="../../../../NTT.srcs/sources_1/imports/NTT/s1_0.txt") doesn't have a timescale but at least one module in design has a timescale.
WARNING: [XSIM 43-4099] "C:/Users/fossu/Desktop/ML_DSA_Syn_new/IMP/NTT/NTT2/NTT.srcs/sources_1/new/NTT.v" Line 1. Module NTT doesn't have a timescale but at least one module in design has a timescale.
WARNING: [XSIM 43-4099] "C:/Users/fossu/Desktop/ML_DSA_Syn_new/IMP/NTT/NTT2/NTT.srcs/sources_1/new/BU.v" Line 1. Module BU doesn't have a timescale but at least one module in design has a timescale.
WARNING: [XSIM 43-4099] "C:/Users/fossu/Desktop/ML_DSA_Syn_new/IMP/NTT/NTT2/NTT.srcs/sources_1/new/mod_add.v" Line 1. Module mod_add doesn't have a timescale but at least one module in design has a timescale.
WARNING: [XSIM 43-4099] "C:/Users/fossu/Desktop/ML_DSA_Syn_new/IMP/NTT/NTT2/NTT.srcs/sources_1/new/mod_sub.v" Line 1. Module mod_sub doesn't have a timescale but at least one module in design has a timescale.
WARNING: [XSIM 43-4099] "C:/Users/fossu/Desktop/ML_DSA_Syn_new/IMP/NTT/NTT2/NTT.srcs/sources_1/new/mod_mul.v" Line 1. Module mod_mul doesn't have a timescale but at least one module in design has a timescale.
WARNING: [XSIM 43-4099] "C:/Users/fossu/Desktop/ML_DSA_Syn_new/IMP/NTT/NTT2/NTT.srcs/sources_1/new/Modular_Reduction.v" Line 1. Module Modular_Reduction doesn't have a timescale but at least one module in design has a timescale.
WARNING: [XSIM 43-4099] "C:/Users/fossu/Desktop/ML_DSA_Syn_new/IMP/NTT/NTT2/NTT.srcs/sources_1/new/CONTR.v" Line 1. Module CONTR doesn't have a timescale but at least one module in design has a timescale.
WARNING: [XSIM 43-4099] "C:/Users/fossu/Desktop/ML_DSA_Syn_new/IMP/NTT/NTT2/NTT.srcs/sources_1/new/rom.v" Line 1. Module rom(LENGTH=2,INIT_FILE="../../../../NTT.srcs/sources_1/imports/MEM_zeta/MEM_zeta_1.txt") doesn't have a timescale but at least one module in design has a timescale.
WARNING: [XSIM 43-4099] "C:/Users/fossu/Desktop/ML_DSA_Syn_new/IMP/NTT/NTT2/NTT.srcs/sources_1/new/RU.v" Line 51. Module RU_default doesn't have a timescale but at least one module in design has a timescale.
WARNING: [XSIM 43-4099] "C:/Users/fossu/Desktop/ML_DSA_Syn_new/IMP/NTT/NTT2/NTT.srcs/sources_1/new/BU.v" Line 1. Module BU doesn't have a timescale but at least one module in design has a timescale.
WARNING: [XSIM 43-4099] "C:/Users/fossu/Desktop/ML_DSA_Syn_new/IMP/NTT/NTT2/NTT.srcs/sources_1/new/mod_add.v" Line 1. Module mod_add doesn't have a timescale but at least one module in design has a timescale.
WARNING: [XSIM 43-4099] "C:/Users/fossu/Desktop/ML_DSA_Syn_new/IMP/NTT/NTT2/NTT.srcs/sources_1/new/mod_sub.v" Line 1. Module mod_sub doesn't have a timescale but at least one module in design has a timescale.
WARNING: [XSIM 43-4099] "C:/Users/fossu/Desktop/ML_DSA_Syn_new/IMP/NTT/NTT2/NTT.srcs/sources_1/new/mod_mul.v" Line 1. Module mod_mul doesn't have a timescale but at least one module in design has a timescale.
WARNING: [XSIM 43-4099] "C:/Users/fossu/Desktop/ML_DSA_Syn_new/IMP/NTT/NTT2/NTT.srcs/sources_1/new/Modular_Reduction.v" Line 1. Module Modular_Reduction doesn't have a timescale but at least one module in design has a timescale.
WARNING: [XSIM 43-4099] "C:/Users/fossu/Desktop/ML_DSA_Syn_new/IMP/NTT/NTT2/NTT.srcs/sources_1/new/CONTR.v" Line 1. Module CONTR(depth=32) doesn't have a timescale but at least one module in design has a timescale.
WARNING: [XSIM 43-4099] "C:/Users/fossu/Desktop/ML_DSA_Syn_new/IMP/NTT/NTT2/NTT.srcs/sources_1/new/rom.v" Line 1. Module rom(LENGTH=4,INIT_FILE="../../../../NTT.srcs/sources_1/imports/MEM_zeta/MEM_zeta_2.txt") doesn't have a timescale but at least one module in design has a timescale.
WARNING: [XSIM 43-4099] "C:/Users/fossu/Desktop/ML_DSA_Syn_new/IMP/NTT/NTT2/NTT.srcs/sources_1/new/RU.v" Line 51. Module RU(depth=32) doesn't have a timescale but at least one module in design has a timescale.
WARNING: [XSIM 43-4099] "C:/Users/fossu/Desktop/ML_DSA_Syn_new/IMP/NTT/NTT2/NTT.srcs/sources_1/new/BU.v" Line 1. Module BU doesn't have a timescale but at least one module in design has a timescale.
WARNING: [XSIM 43-4099] "C:/Users/fossu/Desktop/ML_DSA_Syn_new/IMP/NTT/NTT2/NTT.srcs/sources_1/new/mod_add.v" Line 1. Module mod_add doesn't have a timescale but at least one module in design has a timescale.
WARNING: [XSIM 43-4099] "C:/Users/fossu/Desktop/ML_DSA_Syn_new/IMP/NTT/NTT2/NTT.srcs/sources_1/new/mod_sub.v" Line 1. Module mod_sub doesn't have a timescale but at least one module in design has a timescale.
WARNING: [XSIM 43-4099] "C:/Users/fossu/Desktop/ML_DSA_Syn_new/IMP/NTT/NTT2/NTT.srcs/sources_1/new/mod_mul.v" Line 1. Module mod_mul doesn't have a timescale but at least one module in design has a timescale.
WARNING: [XSIM 43-4099] "C:/Users/fossu/Desktop/ML_DSA_Syn_new/IMP/NTT/NTT2/NTT.srcs/sources_1/new/Modular_Reduction.v" Line 1. Module Modular_Reduction doesn't have a timescale but at least one module in design has a timescale.
WARNING: [XSIM 43-4099] "C:/Users/fossu/Desktop/ML_DSA_Syn_new/IMP/NTT/NTT2/NTT.srcs/sources_1/new/CONTR.v" Line 1. Module CONTR(depth=16) doesn't have a timescale but at least one module in design has a timescale.
WARNING: [XSIM 43-4099] "C:/Users/fossu/Desktop/ML_DSA_Syn_new/IMP/NTT/NTT2/NTT.srcs/sources_1/new/rom.v" Line 1. Module rom(LENGTH=8,INIT_FILE="../../../../NTT.srcs/sources_1/imports/MEM_zeta/MEM_zeta_3.txt") doesn't have a timescale but at least one module in design has a timescale.
WARNING: [XSIM 43-4099] "C:/Users/fossu/Desktop/ML_DSA_Syn_new/IMP/NTT/NTT2/NTT.srcs/sources_1/new/RU.v" Line 51. Module RU(depth=16) doesn't have a timescale but at least one module in design has a timescale.
WARNING: [XSIM 43-4099] "C:/Users/fossu/Desktop/ML_DSA_Syn_new/IMP/NTT/NTT2/NTT.srcs/sources_1/new/BU.v" Line 1. Module BU doesn't have a timescale but at least one module in design has a timescale.
WARNING: [XSIM 43-4099] "C:/Users/fossu/Desktop/ML_DSA_Syn_new/IMP/NTT/NTT2/NTT.srcs/sources_1/new/mod_add.v" Line 1. Module mod_add doesn't have a timescale but at least one module in design has a timescale.
WARNING: [XSIM 43-4099] "C:/Users/fossu/Desktop/ML_DSA_Syn_new/IMP/NTT/NTT2/NTT.srcs/sources_1/new/mod_sub.v" Line 1. Module mod_sub doesn't have a timescale but at least one module in design has a timescale.
WARNING: [XSIM 43-4099] "C:/Users/fossu/Desktop/ML_DSA_Syn_new/IMP/NTT/NTT2/NTT.srcs/sources_1/new/mod_mul.v" Line 1. Module mod_mul doesn't have a timescale but at least one module in design has a timescale.
WARNING: [XSIM 43-4099] "C:/Users/fossu/Desktop/ML_DSA_Syn_new/IMP/NTT/NTT2/NTT.srcs/sources_1/new/Modular_Reduction.v" Line 1. Module Modular_Reduction doesn't have a timescale but at least one module in design has a timescale.
WARNING: [XSIM 43-4099] "C:/Users/fossu/Desktop/ML_DSA_Syn_new/IMP/NTT/NTT2/NTT.srcs/sources_1/new/CONTR.v" Line 1. Module CONTR(depth=8) doesn't have a timescale but at least one module in design has a timescale.
WARNING: [XSIM 43-4099] "C:/Users/fossu/Desktop/ML_DSA_Syn_new/IMP/NTT/NTT2/NTT.srcs/sources_1/new/rom.v" Line 1. Module rom(LENGTH=16,INIT_FILE="../../../../NTT.srcs/sources_1/imports/MEM_zeta/MEM_zeta_4.txt") doesn't have a timescale but at least one module in design has a timescale.
WARNING: [XSIM 43-4099] "C:/Users/fossu/Desktop/ML_DSA_Syn_new/IMP/NTT/NTT2/NTT.srcs/sources_1/new/RU.v" Line 51. Module RU(depth=8) doesn't have a timescale but at least one module in design has a timescale.
WARNING: [XSIM 43-4099] "C:/Users/fossu/Desktop/ML_DSA_Syn_new/IMP/NTT/NTT2/NTT.srcs/sources_1/new/BU.v" Line 1. Module BU doesn't have a timescale but at least one module in design has a timescale.
WARNING: [XSIM 43-4099] "C:/Users/fossu/Desktop/ML_DSA_Syn_new/IMP/NTT/NTT2/NTT.srcs/sources_1/new/mod_add.v" Line 1. Module mod_add doesn't have a timescale but at least one module in design has a timescale.
WARNING: [XSIM 43-4099] "C:/Users/fossu/Desktop/ML_DSA_Syn_new/IMP/NTT/NTT2/NTT.srcs/sources_1/new/mod_sub.v" Line 1. Module mod_sub doesn't have a timescale but at least one module in design has a timescale.
WARNING: [XSIM 43-4099] "C:/Users/fossu/Desktop/ML_DSA_Syn_new/IMP/NTT/NTT2/NTT.srcs/sources_1/new/mod_mul.v" Line 1. Module mod_mul doesn't have a timescale but at least one module in design has a timescale.
INFO: [Common 17-14] Message 'XSIM 43-4099' appears 100 times and further instances of the messages will be disabled. Use the Tcl command set_msg_config to change the current settings.
Completed simulation data flow analysis
Time Resolution for simulation is 1ps
Compiling module xil_defaultlib.mod_add
Compiling module xil_defaultlib.mod_sub
Compiling module xil_defaultlib.Modular_Reduction
Compiling module xil_defaultlib.mod_mul
Compiling module xil_defaultlib.BU
Compiling module xil_defaultlib.CONTR
Compiling module xil_defaultlib.rom(LENGTH=2,INIT_FILE="../../.....
Compiling module xil_defaultlib.RU_default
Compiling module xil_defaultlib.CONTR(depth=32)
Compiling module xil_defaultlib.rom(LENGTH=4,INIT_FILE="../../.....
Compiling module xil_defaultlib.RU(depth=32)
Compiling module xil_defaultlib.CONTR(depth=16)
Compiling module xil_defaultlib.rom(LENGTH=8,INIT_FILE="../../.....
Compiling module xil_defaultlib.RU(depth=16)
Compiling module xil_defaultlib.CONTR(depth=8)
Compiling module xil_defaultlib.rom(LENGTH=16,INIT_FILE="../../....
Compiling module xil_defaultlib.RU(depth=8)
Compiling module xil_defaultlib.CONTR(depth=4)
Compiling module xil_defaultlib.rom(LENGTH=32,INIT_FILE="../../....
Compiling module xil_defaultlib.RU(depth=4)
Compiling module xil_defaultlib.CONTR(depth=2)
Compiling module xil_defaultlib.rom(LENGTH=64,INIT_FILE="../../....
Compiling module xil_defaultlib.RU(depth=2)
Compiling module xil_defaultlib.CONTR(depth=1)
Compiling module xil_defaultlib.rom(LENGTH=128,INIT_FILE="../../...
Compiling module xil_defaultlib.RU(depth=1)
Compiling module xil_defaultlib.NTT
Compiling module xil_defaultlib.Dual_Port_Ram_Single_clk(INIT_FI...
Compiling module xil_defaultlib.NTT_tb
Compiling module xil_defaultlib.glbl
Built simulation snapshot NTT_tb_behav
