Vivado Simulator v2023.2
Copyright 1986-2022 Xilinx, Inc. All Rights Reserved.
Copyright 2022-2023 Advanced Micro Devices, Inc. All Rights Reserved.
Running: D:/Xilinx/Vivado/2023.2/bin/unwrapped/win64.o/xelab.exe --incr --debug typical --relax --mt 2 -L xil_defaultlib -L unisims_ver -L unimacro_ver -L secureip --snapshot Padder_Dilithium_tb_behav xil_defaultlib.Padder_Dilithium_tb xil_defaultlib.glbl -log elaborate.log 
Using 2 slave threads.
Starting static elaboration
Pass Through NonSizing Optimizer
Completed static elaboration
Starting simulation data flow analysis
WARNING: [XSIM 43-4099] "C:/Users/fossu/Desktop/SHA3_imp/Padder_Dilithium/Padder_Dilithium.srcs/sources_1/imports/Padder_Dilithium/Padder_Dilithium.v" Line 1. Module Padder_Dilithium doesn't have a timescale but at least one module in design has a timescale.
WARNING: [XSIM 43-4099] "C:/Users/fossu/Desktop/SHA3_imp/Padder_Dilithium/Padder_Dilithium.srcs/sources_1/imports/Padder_Dilithium/padder1.v" Line 9. Module padder1 doesn't have a timescale but at least one module in design has a timescale.
WARNING: [XSIM 43-4099] "C:/Users/fossu/Desktop/SHA3_imp/Padder_Dilithium/Padder_Dilithium.srcs/sources_1/imports/Padder_Dilithium/Padder_Dilithium.v" Line 1. Module Padder_Dilithium doesn't have a timescale but at least one module in design has a timescale.
WARNING: [XSIM 43-4099] "C:/Users/fossu/Desktop/SHA3_imp/Padder_Dilithium/Padder_Dilithium.srcs/sources_1/imports/Padder_Dilithium/padder1.v" Line 9. Module padder1 doesn't have a timescale but at least one module in design has a timescale.
Completed simulation data flow analysis
Time Resolution for simulation is 1ps
Compiling module xil_defaultlib.padder1
Compiling module xil_defaultlib.Padder_Dilithium
Compiling module xil_defaultlib.Padder_Dilithium_tb
Compiling module xil_defaultlib.glbl
Built simulation snapshot Padder_Dilithium_tb_behav
