Vivado Simulator v2023.2
Copyright 1986-2022 Xilinx, Inc. All Rights Reserved.
Copyright 2022-2023 Advanced Micro Devices, Inc. All Rights Reserved.
Running: D:/Xilinx/Vivado/2023.2/bin/unwrapped/win64.o/xelab.exe --incr --debug typical --relax --mt 2 --maxdelay -L xil_defaultlib -L simprims_ver -L secureip --snapshot tb_BU_time_synth -transport_int_delays -pulse_r 0 -pulse_int_r 0 -pulse_e 0 -pulse_int_e 0 xil_defaultlib.tb_BU xil_defaultlib.glbl -log elaborate.log 
Using 2 slave threads.
Starting static elaboration
Pass Through NonSizing Optimizer
Completed static elaboration
Starting simulation data flow analysis
Completed simulation data flow analysis
INFO: [XSIM 43-3451] SDF backannotation process started with SDF file "tb_BU_time_synth.sdf", for root module "tb_BU/uut".
INFO: [XSIM 43-3452] SDF backannotation was successful for SDF file "tb_BU_time_synth.sdf", for root module "tb_BU/uut".
Time Resolution for simulation is 1ps
Compiling module simprims_ver.SRL16E_default
Compiling module simprims_ver.FDRE_default
Compiling module simprims_ver.x_lut2_mux4
Compiling module simprims_ver.LUT2
Compiling module simprims_ver.IBUF
Compiling module simprims_ver.BUFG
Compiling module simprims_ver.CARRY4
Compiling module simprims_ver.LUT4
Compiling module xil_defaultlib.mod_add
Compiling module simprims_ver.x_lut3_mux8
Compiling module simprims_ver.LUT3
Compiling module simprims_ver.x_lut1_mux2
Compiling module simprims_ver.LUT1
Compiling module simprims_ver.LUT5
Compiling module simprims_ver.LUT6
Compiling module simprims_ver.MUXF7
Compiling module xil_defaultlib.Modular_Reduction
Compiling module simprims_ver.DSP48E1(ALUMODEREG=0,CARRYINREG=...
Compiling module simprims_ver.DSP48E1(ACASCREG=0,ALUMODEREG=0,...
Compiling module xil_defaultlib.mod_mul
Compiling module xil_defaultlib.mod_sub
Compiling module simprims_ver.OBUF
Compiling module xil_defaultlib.BU
Compiling module xil_defaultlib.tb_BU
Compiling module xil_defaultlib.glbl
Built simulation snapshot tb_BU_time_synth
