Time resolution is 1 ps
                   0 a=      x, b=      x, zeta=      x, out_a=      x, out_b=      x
                   5 a=      x, b=      x, zeta=      x, out_a=      X, out_b=      x
                   5 a=      x, b=      x, zeta=      x, out_a=      X, out_b=      x
                   5 a=      x, b=      x, zeta=      x, out_a=      X, out_b=      x
                   5 a=      x, b=      x, zeta=      x, out_a=      0, out_b=      x
                 100 a=      0, b=      0, zeta=      1, out_a=      0, out_b=      x
                 106 a=      0, b=      0, zeta=      1, out_a=      0, out_b=      X
                 106 a=      0, b=      0, zeta=      1, out_a=      0, out_b=      X
                 106 a=      0, b=      0, zeta=      1, out_a=      0, out_b=      X
                 106 a=      0, b=      0, zeta=      1, out_a=      0, out_b=      X
                 106 a=      0, b=      0, zeta=      1, out_a=      0, out_b=      X
                 106 a=      0, b=      0, zeta=      1, out_a=      0, out_b=      X
                 106 a=      0, b=      0, zeta=      1, out_a=      0, out_b=      X
                 106 a=      0, b=      0, zeta=      1, out_a=      0, out_b=      X
                 106 a=      0, b=      0, zeta=      1, out_a=      0, out_b=      X
                 106 a=      0, b=      0, zeta=      1, out_a=      0, out_b=      X
                 106 a=      0, b=      0, zeta=      1, out_a=      0, out_b=      X
                 107 a=      0, b=      0, zeta=      1, out_a=      0, out_b=      X
                 107 a=      0, b=      0, zeta=      1, out_a=      0, out_b=      X
                 107 a=      0, b=      0, zeta=      1, out_a=      0, out_b=      X
                 107 a=      0, b=      0, zeta=      1, out_a=      0, out_b=      X
                 107 a=      0, b=      0, zeta=      1, out_a=      0, out_b=      X
                 107 a=      0, b=      0, zeta=      1, out_a=      0, out_b=      X
                 107 a=      0, b=      0, zeta=      1, out_a=      0, out_b=      X
                 107 a=      0, b=      0, zeta=      1, out_a=      0, out_b=8388600
                 107 a=      0, b=      0, zeta=      1, out_a=      0, out_b=8388592
                 107 a=      0, b=      0, zeta=      1, out_a=      0, out_b=8388544
                 107 a=      0, b=      0, zeta=      1, out_a=      0, out_b=8387776
                 107 a=      0, b=      0, zeta=      1, out_a=      0, out_b=8387712
                 107 a=      0, b=      0, zeta=      1, out_a=      0, out_b=8387584
                 107 a=      0, b=      0, zeta=      1, out_a=      0, out_b=8375296
                 107 a=      0, b=      0, zeta=      1, out_a=      0, out_b=8374272
                 107 a=      0, b=      0, zeta=      1, out_a=      0, out_b=8372224
                 107 a=      0, b=      0, zeta=      1, out_a=      0, out_b=8175616
                 107 a=      0, b=      0, zeta=      1, out_a=      0, out_b=5029888
                 107 a=      0, b=      0, zeta=      1, out_a=      0, out_b=5013504
                 107 a=      0, b=      0, zeta=      1, out_a=      0, out_b=4980736
                 107 a=      0, b=      0, zeta=      1, out_a=      0, out_b=4718592
                 107 a=      0, b=      0, zeta=      1, out_a=      0, out_b=4194304
                 107 a=      0, b=      0, zeta=      1, out_a=      0, out_b=      0
                 120 a=8380416, b=8380416, zeta=8380416, out_a=      0, out_b=      0
                 130 a=4190208, b=4190208, zeta=4190208, out_a=      0, out_b=      0
                 140 a=1234567, b=7654321, zeta=5000000, out_a=      0, out_b=      0
                 150 a=      1, b=8380416, zeta=      2, out_a=      0, out_b=      0
                 181 a=      1, b=8380416, zeta=      2, out_a= 557056, out_b=      0
                 181 a=      1, b=8380416, zeta=      2, out_a= 688128, out_b=      0
                 181 a=      1, b=8380416, zeta=      2, out_a= 966656, out_b=      0
                 181 a=      1, b=8380416, zeta=      2, out_a=3063808, out_b=      0
                 181 a=      1, b=8380416, zeta=      2, out_a=7258112, out_b=      0
                 182 a=      1, b=8380416, zeta=      2, out_a=8372224, out_b=      0
                 182 a=      1, b=8380416, zeta=      2, out_a=8101887, out_b=      0
                 182 a=      1, b=8380416, zeta=      2, out_a=8380415, out_b=      0
                 182 a=      1, b=8380416, zeta=      2, out_a=8380415, out_b=      1
                 182 a=      1, b=8380416, zeta=      2, out_a=8380414, out_b=      1
                 182 a=      1, b=8380416, zeta=      2, out_a=8380414, out_b=4194305
                 182 a=      1, b=8380416, zeta=      2, out_a=8380414, out_b=4194309
                 182 a=      1, b=8380416, zeta=      2, out_a=2088958, out_b=4194309
                 182 a=      1, b=8380416, zeta=      2, out_a=2088958, out_b=4202501
                 182 a=      1, b=8380416, zeta=      2, out_a=2088958, out_b=4202503
                 182 a=      1, b=8380416, zeta=      2, out_a= 974846, out_b=4202503
                 182 a=      1, b=8380416, zeta=      2, out_a= 450558, out_b=4202503
                 182 a=      1, b=8380416, zeta=      2, out_a= 450558, out_b=4218887
                 182 a=      1, b=8380416, zeta=      2, out_a= 327678, out_b=4218887
                 182 a=      1, b=8380416, zeta=      2, out_a= 327678, out_b=4218895
                 182 a=      1, b=8380416, zeta=      2, out_a= 327678, out_b=4218943
                 182 a=      1, b=8380416, zeta=      2, out_a= 327678, out_b=5333055
                 182 a=      1, b=8380416, zeta=      2, out_a=6619134, out_b=5333055
                 182 a=      1, b=8380416, zeta=      2, out_a=6356990, out_b=5333055
                 182 a=      1, b=8380416, zeta=      2, out_a=6356990, out_b=4284479
                 182 a=      1, b=8380416, zeta=      2, out_a=6422526, out_b=6316095
                 182 a=      1, b=8380416, zeta=      2, out_a=6422526, out_b=2121791
                 182 a=      1, b=8380416, zeta=      2, out_a=6946814, out_b=2121791
                 182 a=      1, b=8380416, zeta=      2, out_a=6946814, out_b=2122559
                 182 a=      1, b=8380416, zeta=      2, out_a=7995390, out_b=2122559
                 182 a=      1, b=8380416, zeta=      2, out_a=8126462, out_b=2122559
                 182 a=      1, b=8380416, zeta=      2, out_a=8126462, out_b=2122623
                 182 a=      1, b=8380416, zeta=      2, out_a=8380417, out_b=2122623
                 182 a=      1, b=8380416, zeta=      2, out_a=8380417, out_b=2122751
                 182 a=      1, b=8380416, zeta=      2, out_a=8380417, out_b=  25599
                 182 a=      1, b=8380416, zeta=      2, out_a=8380417, out_b=  29695
                 182 a=      1, b=8380416, zeta=      2, out_a=8380417, out_b= 553983
                 182 a=      1, b=8380416, zeta=      2, out_a=8380417, out_b= 555007
                 182 a=      1, b=8380416, zeta=      2, out_a=8380417, out_b= 557055
                 182 a=      1, b=8380416, zeta=      2, out_a=8380417, out_b=  32767
                 182 a=      1, b=8380416, zeta=      2, out_a=8380417, out_b=  24575
                 183 a=      1, b=8380416, zeta=      2, out_a=8380417, out_b=  57343
                 183 a=      1, b=8380416, zeta=      2, out_a=8380417, out_b= 253951
                 183 a=      1, b=8380416, zeta=      2, out_a=8380417, out_b=3399679
                 183 a=      1, b=8380416, zeta=      2, out_a=8380417, out_b=3661823
                 183 a=      1, b=8380416, zeta=      2, out_a=8380417, out_b=4186111
                 183 a=      1, b=8380416, zeta=      2, out_a=8380417, out_b=8380415
                 183 a=      1, b=8380416, zeta=      2, out_a=2088961, out_b=8380415
                 183 a=      1, b=8380416, zeta=      2, out_a= 278528, out_b=8380415
                 183 a=      1, b=8380416, zeta=      2, out_a= 262144, out_b=8380415
                 183 a=      1, b=8380416, zeta=      2, out_a=      0, out_b=8380415
                 191 a=      1, b=8380416, zeta=      2, out_a=  32768, out_b=8380415
                 192 a=      1, b=8380416, zeta=      2, out_a=  40960, out_b=8380415
                 192 a=      1, b=8380416, zeta=      2, out_a=6332416, out_b=8380415
                 192 a=      1, b=8380416, zeta=      2, out_a=6397952, out_b=8380415
                 192 a=      1, b=8380416, zeta=      2, out_a=6922240, out_b=8380415
                 192 a=      1, b=8380416, zeta=      2, out_a=6856704, out_b=8380415
                 192 a=      1, b=8380416, zeta=      2, out_a=6873088, out_b=8380415
                 192 a=      1, b=8380416, zeta=      2, out_a=  24576, out_b=8380415
                 192 a=      1, b=8380416, zeta=      2, out_a= 155648, out_b=8380415
                 192 a=      1, b=8380416, zeta=      2, out_a=      1, out_b=8380415
                 192 a=      1, b=8380416, zeta=      2, out_a=      1, out_b=8376319
                 192 a=      1, b=8380416, zeta=      2, out_a= 139264, out_b=8376319
                 192 a=      1, b=8380416, zeta=      2, out_a=   8192, out_b=8376319
                 192 a=      1, b=8380416, zeta=      2, out_a=   8192, out_b=8374271
                 192 a=      1, b=8380416, zeta=      2, out_a=   8192, out_b=8382463
                 192 a=      1, b=8380416, zeta=      2, out_a=   8192, out_b=8366079
                 192 a=      1, b=8380416, zeta=      2, out_a=4202496, out_b=8366079
                 192 a=      1, b=8380416, zeta=      2, out_a=   8192, out_b=8366079
                 192 a=      1, b=8380416, zeta=      2, out_a=1122304, out_b=8366079
                 192 a=      1, b=8380416, zeta=      2, out_a=1679360, out_b=8366079
                 192 a=      1, b=8380416, zeta=      2, out_a=1679360, out_b=8357887
                 192 a=      1, b=8380416, zeta=      2, out_a=1810432, out_b=8357887
                 192 a=      1, b=8380416, zeta=      2, out_a=1810432, out_b=8374271
                 192 a=      1, b=8380416, zeta=      2, out_a=1810432, out_b=4163583
                 192 a=      1, b=8380416, zeta=      2, out_a=1810432, out_b=4032511
                 192 a=      1, b=8380416, zeta=      2, out_a=2088960, out_b=4032511
                 192 a=      1, b=8380416, zeta=      2, out_a=2088960, out_b=3115007
                 192 a=      1, b=8380416, zeta=      2, out_a=2088960, out_b=7309311
                 192 a=      1, b=8380416, zeta=      2, out_a=2088960, out_b=5146623
                 192 a=      1, b=8380416, zeta=      2, out_a=2088960, out_b=4589567
                 192 a=      1, b=8380416, zeta=      2, out_a=2088960, out_b=4597758
                 192 a=      1, b=8380416, zeta=      2, out_a=2088960, out_b=4466686
                 192 a=      1, b=8380416, zeta=      2, out_a=2088960, out_b=5515262
                 192 a=      1, b=8380416, zeta=      2, out_a=2088960, out_b=4466686
                 192 a=      1, b=8380416, zeta=      2, out_a=2088960, out_b=4204542
                 192 a=      1, b=8380416, zeta=      2, out_a=2088960, out_b=4728830
                 192 a=      1, b=8380416, zeta=      2, out_a=2088960, out_b=4745210
                 192 a=      1, b=8380416, zeta=      2, out_a=2093056, out_b=4745210
                 192 a=      1, b=8380416, zeta=      2, out_a=2093056, out_b=4220922
                 192 a=      1, b=8380416, zeta=      2, out_a=2093056, out_b=6514682
                 192 a=      1, b=8380416, zeta=      2, out_a=2093056, out_b=7563258
                 193 a=      1, b=8380416, zeta=      2, out_a=2093056, out_b=7366650
                 193 a=      1, b=8380416, zeta=      2, out_a=2093056, out_b=6318074
                 193 a=      1, b=8380416, zeta=      2, out_a=2093056, out_b=6580218
                 193 a=      1, b=8380416, zeta=      2, out_a=2093056, out_b=7104506
                 193 a=      1, b=8380416, zeta=      2, out_a=2093056, out_b=7096315
                 193 a=      1, b=8380416, zeta=      2, out_a=2093056, out_b=7104506
                 193 a=      1, b=8380416, zeta=      2, out_a=2095104, out_b=7104506
                 193 a=      1, b=8380416, zeta=      2, out_a=2095104, out_b=6842362
                 193 a=      1, b=8380416, zeta=      2, out_a=2095104, out_b=6318074
                 193 a=      1, b=8380416, zeta=      2, out_a=2095104, out_b=6350834
                 193 a=      1, b=8380416, zeta=      2, out_a=2095104, out_b=6334454
                 193 a=      1, b=8380416, zeta=      2, out_a=2095104, out_b=6350834
                 193 a=      1, b=8380416, zeta=      2, out_a=2095104, out_b=6416354
                 193 a=      1, b=8380416, zeta=      2, out_a=2095104, out_b=5367010
                 193 a=      1, b=8380416, zeta=      2, out_a=2095104, out_b=5365986
                 193 a=      1, b=8380416, zeta=      2, out_a=2095104, out_b=5368034
                 193 a=      1, b=8380416, zeta=      2, out_a=2095104, out_b=5499072
                 193 a=      1, b=8380416, zeta=      2, out_a=2095104, out_b=5761152
                 193 a=      1, b=8380416, zeta=      2, out_a=2095104, out_b=6285312
                 193 a=      1, b=8380416, zeta=      2, out_a=2095104, out_b=6285314
                 193 a=      1, b=8380416, zeta=      2, out_a=2095104, out_b=6285312
                 201 a=      1, b=8380416, zeta=      2, out_a=1570816, out_b=6285312
                 202 a=      1, b=8380416, zeta=      2, out_a=1439744, out_b=6285312
                 202 a=      1, b=8380416, zeta=      2, out_a= 387072, out_b=6285312
                 202 a=      1, b=8380416, zeta=      2, out_a= 370688, out_b=6285312
                 202 a=      1, b=8380416, zeta=      2, out_a= 362496, out_b=6285312
                 202 a=      1, b=8380416, zeta=      2, out_a= 362496, out_b=6285361
                 202 a=      1, b=8380416, zeta=      2, out_a= 362497, out_b=6285361
                 202 a=      1, b=8380416, zeta=      2, out_a= 378881, out_b=6285361
                 202 a=      1, b=8380416, zeta=      2, out_a= 387073, out_b=6285361
                 202 a=      1, b=8380416, zeta=      2, out_a= 387072, out_b=6285361
                 202 a=      1, b=8380416, zeta=      2, out_a= 387072, out_b=6285872
                 202 a=      1, b=8380416, zeta=      2, out_a= 387072, out_b=2091568
                 202 a=      1, b=8380416, zeta=      2, out_a= 387072, out_b=2091824
                 202 a=      1, b=8380416, zeta=      2, out_a= 387072, out_b=2092848
                 202 a=      1, b=8380416, zeta=      2, out_a= 387072, out_b=2092976
                 202 a=      1, b=8380416, zeta=      2, out_a=2484224, out_b=2092976
                 202 a=      1, b=8380416, zeta=      2, out_a=2482184, out_b=2092976
                 202 a=      1, b=8380416, zeta=      2, out_a=2482184, out_b=2092720
                 202 a=      1, b=8380416, zeta=      2, out_a=2486536, out_b=2092720
                 202 a=      1, b=8380416, zeta=      2, out_a=2486536, out_b=2084528
                 202 a=      1, b=8380416, zeta=      2, out_a=2486536, out_b=1953424
                 202 a=      1, b=8380416, zeta=      2, out_a=2421000, out_b=1953424
                 202 a=      1, b=8380416, zeta=      2, out_a=2945288, out_b=1953424
                 202 a=      1, b=8380416, zeta=      2, out_a=2945288, out_b=1952400
                 202 a=      1, b=8380416, zeta=      2, out_a= 848136, out_b=1952400
                 202 a=      1, b=8380416, zeta=      2, out_a= 848136, out_b=1950360
                 202 a=      1, b=8380416, zeta=      2, out_a= 848136, out_b=1954460
                 202 a=      1, b=8380416, zeta=      2, out_a= 848136, out_b=1954462
                 202 a=      1, b=8380416, zeta=      2, out_a= 839944, out_b=1954462
                 202 a=      1, b=8380416, zeta=      2, out_a= 839944, out_b=1954446
                 202 a=      1, b=8380416, zeta=      2, out_a=1954056, out_b=1954446
                 202 a=      1, b=8380416, zeta=      2, out_a=1954056, out_b=1955470
                 202 a=      1, b=8380416, zeta=      2, out_a=1954056, out_b=1955358
                 202 a=      1, b=8380416, zeta=      2, out_a=1954056, out_b=1955422
                 202 a=      1, b=8380416, zeta=      2, out_a=1954056, out_b=4052574
                 202 a=      1, b=8380416, zeta=      2, out_a=1954056, out_b=3528286
                 202 a=      1, b=8380416, zeta=      2, out_a=1954056, out_b=3536470
                 202 a=      1, b=8380416, zeta=      2, out_a=1955084, out_b=3536470
                 202 a=      1, b=8380416, zeta=      2, out_a=1955084, out_b=3667542
                 202 a=      1, b=8380416, zeta=      2, out_a=1938700, out_b=3667542
                 202 a=      1, b=8380416, zeta=      2, out_a=1687185, out_b=3667542
                 202 a=      1, b=8380416, zeta=      2, out_a=1683089, out_b=3667542
                 202 a=      1, b=8380416, zeta=      2, out_a=1683153, out_b=3667542
                 202 a=      1, b=8380416, zeta=      2, out_a=1683137, out_b=3667542
                 202 a=      1, b=8380416, zeta=      2, out_a=1683137, out_b= 521814
                 202 a=      1, b=8380416, zeta=      2, out_a=1683137, out_b= 521812
                 202 a=      1, b=8380416, zeta=      2, out_a=1683137, out_b= 505428
                 202 a=      1, b=8380416, zeta=      2, out_a=1683137, out_b= 505430
                 202 a=      1, b=8380416, zeta=      2, out_a=1683137, out_b= 472662
                 202 a=      1, b=8380416, zeta=      2, out_a=1683137, out_b= 341590
                 202 a=      1, b=8380416, zeta=      2, out_a=1683137, out_b= 333398
                 202 a=      1, b=8380416, zeta=      2, out_a=1683137, out_b=2430550
                 202 a=      1, b=8380416, zeta=      2, out_a=1683137, out_b=3610198
                 202 a=      1, b=8380416, zeta=      2, out_a=1683137, out_b=1513046
                 202 a=      1, b=8380416, zeta=      2, out_a=1683137, out_b=1515094
                 202 a=      1, b=8380416, zeta=      2, out_a=1683137, out_b=1252950
                 202 a=      1, b=8380416, zeta=      2, out_a=1683137, out_b=1777238
                 202 a=      1, b=8380416, zeta=      2, out_a=1683137, out_b=1252950
                 202 a=      1, b=8380416, zeta=      2, out_a=1683137, out_b=1252946
                 202 a=      1, b=8380416, zeta=      2, out_a=1683137, out_b=1777234
                 202 a=      1, b=8380416, zeta=      2, out_a=1683137, out_b= 728658
                 202 a=      1, b=8380416, zeta=      2, out_a=1683137, out_b= 745030
                 202 a=      1, b=8380416, zeta=      2, out_a=1683137, out_b= 777798
                 202 a=      1, b=8380416, zeta=      2, out_a=1683137, out_b= 777806
                 202 a=      1, b=8380416, zeta=      2, out_a=1683137, out_b=4972110
                 203 a=      1, b=8380416, zeta=      2, out_a=1683137, out_b= 777806
                 203 a=      1, b=8380416, zeta=      2, out_a=1683137, out_b= 785999
                 203 a=      1, b=8380416, zeta=      2, out_a=1683137, out_b= 785995
                 203 a=      1, b=8380416, zeta=      2, out_a=1683137, out_b= 785993
                 203 a=      1, b=8380416, zeta=      2, out_a=1683137, out_b= 785997
$finish called at time : 210 ns : File "C:/Users/fossu/Desktop/ML_DSA_Syn_new/IMP2/BU/BU.srcs/sim_1/new/BU_tb.v" Line 83
                 211 a=      1, b=8380416, zeta=      2, out_a=1650377, out_b= 785997
                 211 a=      1, b=8380416, zeta=      2, out_a=1642185, out_b= 785997
                 211 a=      1, b=8380416, zeta=      2, out_a=1904333, out_b= 785997
                 211 a=      1, b=8380416, zeta=      2, out_a=1380045, out_b= 785997
                 211 a=      1, b=8380416, zeta=      2, out_a=1380077, out_b= 785997
                 211 a=      1, b=8380416, zeta=      2, out_a=1380013, out_b= 785997
                 212 a=      1, b=8380416, zeta=      2, out_a=1314493, out_b= 785997
                 212 a=      1, b=8380416, zeta=      2, out_a=1314493, out_b= 782156
                 212 a=      1, b=8380416, zeta=      2, out_a=1347133, out_b= 782156
                 212 a=      1, b=8380416, zeta=      2, out_a=1347133, out_b= 781900
                 212 a=      1, b=8380416, zeta=      2, out_a=1477695, out_b= 781900
                 212 a=      1, b=8380416, zeta=      2, out_a=1477695, out_b= 780812
                 212 a=      1, b=8380416, zeta=      2, out_a=1477694, out_b= 780812
                 212 a=      1, b=8380416, zeta=      2, out_a=1477694, out_b= 780940
                 212 a=      1, b=8380416, zeta=      2, out_a=1477694, out_b= 780428
                 212 a=      1, b=8380416, zeta=      2, out_a=2002102, out_b= 780428
                 212 a=      1, b=8380416, zeta=      2, out_a=4099764, out_b= 780428
                 212 a=      1, b=8380416, zeta=      2, out_a=4099764, out_b= 781452
                 212 a=      1, b=8380416, zeta=      2, out_a=4115120, out_b= 781452
                 212 a=      1, b=8380416, zeta=      2, out_a=4115120, out_b= 779396
                 212 a=      1, b=8380416, zeta=      2, out_a=3070640, out_b= 779396
                 212 a=      1, b=8380416, zeta=      2, out_a=3070640, out_b= 778372
                 212 a=      1, b=8380416, zeta=      2, out_a=3070640, out_b= 778244
                 212 a=      1, b=8380416, zeta=      2, out_a=7266032, out_b= 778244
                 212 a=      1, b=8380416, zeta=      2, out_a=8380400, out_b= 778244
                 212 a=      1, b=8380416, zeta=      2, out_a=8380272, out_b= 778244
                 212 a=      1, b=8380416, zeta=      2, out_a=8380272, out_b= 761860
                 212 a=      1, b=8380416, zeta=      2, out_a=8380240, out_b= 761860
                 212 a=      1, b=8380416, zeta=      2, out_a=8380240, out_b= 761856
                 212 a=      1, b=8380416, zeta=      2, out_a=8380240, out_b= 761858
                 212 a=      1, b=8380416, zeta=      2, out_a=8380240, out_b=2859010
                 212 a=      1, b=8380416, zeta=      2, out_a=8378192, out_b=2859010
                 212 a=      1, b=8380416, zeta=      2, out_a=8377680, out_b=2859010
                 212 a=      1, b=8380416, zeta=      2, out_a=8377680, out_b=2727938
                 212 a=      1, b=8380416, zeta=      2, out_a=8377616, out_b=2727938
                 212 a=      1, b=8380416, zeta=      2, out_a=8377600, out_b=2727938
                 212 a=      1, b=8380416, zeta=      2, out_a=8377600, out_b=2727942
                 212 a=      1, b=8380416, zeta=      2, out_a=8385792, out_b=2727942
                 212 a=      1, b=8380416, zeta=      2, out_a=8385792, out_b=6922246
                 212 a=      1, b=8380416, zeta=      2, out_a=8385792, out_b=7970822
                 212 a=      1, b=8380416, zeta=      2, out_a=8385792, out_b=5873670
                 212 a=      1, b=8380416, zeta=      2, out_a=8385792, out_b=7970822
                 212 a=      1, b=8380416, zeta=      2, out_a=8385792, out_b=7905286
                 212 a=      1, b=8380416, zeta=      2, out_a=8384768, out_b=7905286
                 212 a=      1, b=8380416, zeta=      2, out_a=8384512, out_b=7905286
                 212 a=      1, b=8380416, zeta=      2, out_a=8384512, out_b=3710982
                 212 a=      1, b=8380416, zeta=      2, out_a=8384512, out_b=1613830
                 212 a=      1, b=8380416, zeta=      2, out_a=8384512, out_b=1089542
                 212 a=      1, b=8380416, zeta=      2, out_a=8380416, out_b=1089542
                 212 a=      1, b=8380416, zeta=      2, out_a=8380416, out_b=1351686
                 212 a=      1, b=8380416, zeta=      2, out_a=8380416, out_b=1875974
                 212 a=      1, b=8380416, zeta=      2, out_a=8380416, out_b=2924550
                 212 a=      1, b=8380416, zeta=      2, out_a=8380416, out_b=2891782
                 212 a=      1, b=8380416, zeta=      2, out_a=8380416, out_b=2924558
                 212 a=      1, b=8380416, zeta=      2, out_a=8380416, out_b=7118862
                 212 a=      1, b=8380416, zeta=      2, out_a=8380416, out_b=2924558
                 212 a=      1, b=8380416, zeta=      2, out_a=8380416, out_b=2924554
                 212 a=      1, b=8380416, zeta=      2, out_a=8380416, out_b=2924546
                 212 a=      1, b=8380416, zeta=      2, out_a=8380416, out_b=3055618
                 212 a=      1, b=8380416, zeta=      2, out_a=8380416, out_b=3121154
                 212 a=      1, b=8380416, zeta=      2, out_a=8380416, out_b=4169730
                 213 a=      1, b=8380416, zeta=      2, out_a=8380416, out_b=3907586
                 213 a=      1, b=8380416, zeta=      2, out_a=8380416, out_b=3383298
                 213 a=      1, b=8380416, zeta=      2, out_a=8380416, out_b=3907586
                 213 a=      1, b=8380416, zeta=      2, out_a=8380416, out_b=3907584
                 213 a=      1, b=8380416, zeta=      2, out_a=8380416, out_b=4169728
                 213 a=      1, b=8380416, zeta=      2, out_a=8380416, out_b=4136960
                 213 a=      1, b=8380416, zeta=      2, out_a=8380416, out_b=8331264
                 213 a=      1, b=8380416, zeta=      2, out_a=8380416, out_b=8323073
                 213 a=      1, b=8380416, zeta=      2, out_a=8380416, out_b=8126465
                 213 a=      1, b=8380416, zeta=      2, out_a=8380416, out_b=4980737
                 213 a=      1, b=8380416, zeta=      2, out_a=4186112, out_b=4980737
                 213 a=      1, b=8380416, zeta=      2, out_a=4090527, out_b=4980737
                 213 a=      1, b=8380416, zeta=      2, out_a=4090591, out_b=4980737
                 213 a=      1, b=8380416, zeta=      2, out_a=4090623, out_b=4980737
                 213 a=      1, b=8380416, zeta=      2, out_a=3042303, out_b=4980737
                 213 a=      1, b=8380416, zeta=      2, out_a=3042303, out_b=4718593
                 213 a=      1, b=8380416, zeta=      2, out_a=3042303, out_b=4194305
                 213 a=      1, b=8380416, zeta=      2, out_a=2518015, out_b=4194305
                 213 a=      1, b=8380416, zeta=      2, out_a=2518015, out_b=      1
                 213 a=      1, b=8380416, zeta=      2, out_a=6712319, out_b=      1
                 213 a=      1, b=8380416, zeta=      2, out_a=6713279, out_b=      1
                 213 a=      1, b=8380416, zeta=      2, out_a=6782911, out_b=      1
                 213 a=      1, b=8380416, zeta=      2, out_a=6782783, out_b=      1
                 213 a=      1, b=8380416, zeta=      2, out_a=6815551, out_b=      1
                 213 a=      1, b=8380416, zeta=      2, out_a=6799167, out_b=      1
                 213 a=      1, b=8380416, zeta=      2, out_a=7847743, out_b=      1
                 213 a=      1, b=8380416, zeta=      2, out_a=8372159, out_b=      1
                 213 a=      1, b=8380416, zeta=      2, out_a=8380416, out_b=      1
                 213 a=      1, b=8380416, zeta=      2, out_a=8380416, out_b=      3
