  [librdi_filemgmt.dll+0x342db5]
#
# No core dump will be written. Minidumps are not enabled by default on client versions of Windows
#
# An error report file with more information is saved as:
# C:\Users\USER\Desktop\ML_DSA_syn_new\IMP\MLDSA\hs_err_pid24056.log
srcscan starts
INFO: analyzing module Address_generate (VERI-9002)
INFO: analyzing module BU (VERI-9002)
INFO: analyzing module CONTR (VERI-9002)
INFO: analyzing module CoeffFromHalfByte (VERI-9002)
INFO: analyzing module Controller (VERI-9002)
C:/Users/USER/Desktop/ML_DSA_syn_new/IMP/MLDSA/MLDSA.srcs/sources_1/imports/MLDSA/Controller.v(394): WARNING: identifier 'keccak_done' is used before its declaration (VERI-1875)
C:/Users/USER/Desktop/ML_DSA_syn_new/IMP/MLDSA/MLDSA.srcs/sources_1/imports/MLDSA/Controller.v(400): WARNING: identifier 'keccak_done' is used before its declaration (VERI-1875)
C:/Users/USER/Desktop/ML_DSA_syn_new/IMP/MLDSA/MLDSA.srcs/sources_1/imports/MLDSA/Controller.v(406): WARNING: identifier 'keccak_done_tmp' is used before its declaration (VERI-1875)
C:/Users/USER/Desktop/ML_DSA_syn_new/IMP/MLDSA/MLDSA.srcs/sources_1/imports/MLDSA/Controller.v(445): WARNING: identifier 'keccak_done' is used before its declaration (VERI-1875)
C:/Users/USER/Desktop/ML_DSA_syn_new/IMP/MLDSA/MLDSA.srcs/sources_1/imports/MLDSA/Controller.v(445): WARNING: identifier 'keccak_done_tmp' is used before its declaration (VERI-1875)
INFO: analyzing module Data_Mem (VERI-9002)
INFO: analyzing module Data_Path (VERI-9002)
C:/Users/USER/AppData/Local/Temp/VivadoEditorAssist886772707342492368.tmp(201): WARNING: redeclaration of ANSI port 'sampler_in_ready' is not allowed (VERI-1372)
C:/Users/USER/AppData/Local/Temp/VivadoEditorAssist886772707342492368.tmp(288): INFO: undeclared symbol 'MLSDA_in_byte_num', assumed default net type 'wire' (VERI-2561)
C:/Users/USER/AppData/Local/Temp/VivadoEditorAssist886772707342492368.tmp(310): INFO: undeclared symbol 'sha_reset', assumed default net type 'wire' (VERI-2561)
C:/Users/USER/AppData/Local/Temp/VivadoEditorAssist886772707342492368.tmp(68): WARNING: parameter 'Gen_Seed' becomes localparam in 'Data_Path' with formal parameter declaration list (VERI-1199)
C:/Users/USER/AppData/Local/Temp/VivadoEditorAssist886772707342492368.tmp(69): WARNING: parameter 'Gen_A' becomes localparam in 'Data_Path' with formal parameter declaration list (VERI-1199)
C:/Users/USER/AppData/Local/Temp/VivadoEditorAssist886772707342492368.tmp(70): WARNING: parameter 'Gen_s1' becomes localparam in 'Data_Path' with formal parameter declaration list (VERI-1199)
C:/Users/USER/AppData/Local/Temp/VivadoEditorAssist886772707342492368.tmp(71): WARNING: parameter 'Gen_s2' becomes localparam in 'Data_Path' with formal parameter declaration list (VERI-1199)
C:/Users/USER/AppData/Local/Temp/VivadoEditorAssist886772707342492368.tmp(72): WARNING: parameter 'Gen_y' becomes localparam in 'Data_Path' with formal parameter declaration list (VERI-1199)
C:/Users/USER/AppData/Local/Temp/VivadoEditorAssist886772707342492368.tmp(73): WARNING: parameter 'H_u_w1' becomes localparam in 'Data_Path' with formal parameter declaration list (VERI-1199)
C:/Users/USER/AppData/Local/Temp/VivadoEditorAssist886772707342492368.tmp(74): WARNING: parameter 'H_pk_1' becomes localparam in 'Data_Path' with formal parameter declaration list (VERI-1199)
C:/Users/USER/AppData/Local/Temp/VivadoEditorAssist886772707342492368.tmp(75): WARNING: parameter 'H_pk_2' becomes localparam in 'Data_Path' with formal parameter declaration list (VERI-1199)
C:/Users/USER/AppData/Local/Temp/VivadoEditorAssist886772707342492368.tmp(76): WARNING: parameter 'Gen_c_1' becomes localparam in 'Data_Path' with formal parameter declaration list (VERI-1199)
C:/Users/USER/AppData/Local/Temp/VivadoEditorAssist886772707342492368.tmp(77): WARNING: parameter 'Gen_c_2' becomes localparam in 'Data_Path' with formal parameter declaration list (VERI-1199)
C:/Users/USER/AppData/Local/Temp/VivadoEditorAssist886772707342492368.tmp(78): WARNING: parameter 'H_K_rnd_u' becomes localparam in 'Data_Path' with formal parameter declaration list (VERI-1199)
C:/Users/USER/AppData/Local/Temp/VivadoEditorAssist886772707342492368.tmp(79): WARNING: parameter 'H_tr_M_1' becomes localparam in 'Data_Path' with formal parameter declaration list (VERI-1199)
C:/Users/USER/AppData/Local/Temp/VivadoEditorAssist886772707342492368.tmp(80): WARNING: parameter 'H_tr_M_2' becomes localparam in 'Data_Path' with formal parameter declaration list (VERI-1199)
INFO: analyzing module Dual_Port_Ram_Single_clk (VERI-9002)
INFO: analyzing module ExpandA (VERI-9002)
INFO: analyzing module ExpandMASK (VERI-9002)
INFO: analyzing module ExpandS (VERI-9002)
INFO: analyzing module F_Permutation (VERI-9002)
INFO: analyzing module Keccak (VERI-9002)
INFO: analyzing module Keccak_Ctrl (VERI-9002)
INFO: analyzing module Modular_Reduction (VERI-9002)
INFO: analyzing module NTT (VERI-9002)
C:/Users/USER/Desktop/ML_DSA_syn_new/IMP/MLDSA/MLDSA.srcs/sources_1/NTT/NTT.v(155): INFO: undeclared symbol 'NTT_en', assumed default net type 'wire' (VERI-2561)
INFO: analyzing module Padder (VERI-9002)
INFO: analyzing module RU (VERI-9002)
INFO: analyzing module SampleInBall (VERI-9002)
C:/Users/USER/Desktop/ML_DSA_syn_new/IMP/MLDSA/MLDSA.srcs/sources_1/Sampler/SampleInBall.v(72): INFO: undeclared symbol 'last_c', assumed default net type 'wire' (VERI-2561)
INFO: analyzing module Sampler (VERI-9002)
INFO: analyzing module mod_add (VERI-9002)
INFO: analyzing module mod_mul (VERI-9002)
INFO: analyzing module mod_sub (VERI-9002)
INFO: analyzing module mux_gen (VERI-9002)
INFO: analyzing module padder1 (VERI-9002)
INFO: analyzing module rconst (VERI-9002)
INFO: analyzing module rom (VERI-9002)
INFO: analyzing module round (VERI-9002)
INFO: analyzing module MLDSA (VERI-9002)
C:/Users/USER/AppData/Local/Temp/VivadoEditorAssist17378626669124035902.tmp(28): WARNING: redeclaration of ANSI port 'sha_out_ready' is not allowed (VERI-1372)
C:/Users/USER/AppData/Local/Temp/VivadoEditorAssist17378626669124035902.tmp(90): INFO: undeclared symbol 'NTT_mode', assumed default net type 'wire' (VERI-2561)
C:/Users/USER/AppData/Local/Temp/VivadoEditorAssist17378626669124035902.tmp(101): INFO: undeclared symbol 'AG_done', assumed default net type 'wire' (VERI-2561)
INFO: analyzing module encoder (VERI-9002)
INFO: analyzing module uncenter_coeff (VERI-9002)
INFO: analyzing module zero_strip (VERI-9002)
INFO: analyzing module Dual_Port_Ram_Single_clk_3to12 (VERI-9002)
INFO: analyzing module PWM (VERI-9002)
C:/Users/USER/Desktop/ML_DSA_syn_new/IMP/MLDSA/MLDSA.srcs/sources_1/PWM/PWM.v(32): WARNING: redeclaration of ANSI port 'done' is not allowed (VERI-1372)
INFO: analyzing module BRAM (VERI-9002)
srcscan exits with return value 0
