#-----------------------------------------------------------
# Vivado v2023.2 (64-bit)
# SW Build 4029153 on Fri Oct 13 20:14:34 MDT 2023
# IP Build 4028589 on Sat Oct 14 00:45:43 MDT 2023
# SharedData Build 4025554 on Tue Oct 10 17:18:54 MDT 2023
# Start of session at: Fri Jan 10 12:40:10 2025
# Process ID: 20416
# Current directory: C:/Users/fossu/Desktop/ML_DSA_Syn/IMP/SHA3_imp/Keccak_Dilithium
# Command line: vivado.exe -gui_launcher_event rodinguilauncherevent10364 C:\Users\fossu\Desktop\ML_DSA_Syn\IMP\SHA3_imp\Keccak_Dilithium\Keccak_Dilithium.xpr
# Log file: C:/Users/fossu/Desktop/ML_DSA_Syn/IMP/SHA3_imp/Keccak_Dilithium/vivado.log
# Journal file: C:/Users/fossu/Desktop/ML_DSA_Syn/IMP/SHA3_imp/Keccak_Dilithium\vivado.jou
# Running On: DESKTOP-5RUADSS, OS: Windows, CPU Frequency: 3593 MHz, CPU Physical cores: 12, Host memory: 34287 MB
#-----------------------------------------------------------
start_gui
open_project C:/Users/fossu/Desktop/ML_DSA_Syn/IMP/SHA3_imp/Keccak_Dilithium/Keccak_Dilithium.xpr
WARNING: [Board 49-26] cannot add Board Part xilinx.com:kc705:part0:1.6 available at D:/Xilinx/Vivado/2023.2/data/xhub/boards/XilinxBoardStore/boards/Xilinx/kc705/1.6/board.xml as part xc7k325tffg900-2 specified in board_part file is either invalid or not available
WARNING: [Board 49-26] cannot add Board Part xilinx.com:kcu105:part0:1.6 available at D:/Xilinx/Vivado/2023.2/data/xhub/boards/XilinxBoardStore/boards/Xilinx/kcu105/1.6/board.xml as part xcku040-ffva1156-2-e specified in board_part file is either invalid or not available
WARNING: [Board 49-26] cannot add Board Part xilinx.com:kcu105:part0:1.7 available at D:/Xilinx/Vivado/2023.2/data/xhub/boards/XilinxBoardStore/boards/Xilinx/kcu105/1.7/board.xml as part xcku040-ffva1156-2-e specified in board_part file is either invalid or not available
WARNING: [Board 49-26] cannot add Board Part xilinx.com:kcu1500:part0:1.2 available at D:/Xilinx/Vivado/2023.2/data/xhub/boards/XilinxBoardStore/boards/Xilinx/kcu1500/1.2/board.xml as part xcku115-flvb2104-2-e specified in board_part file is either invalid or not available
WARNING: [Board 49-26] cannot add Board Part xilinx.com:vc707:part0:1.4 available at D:/Xilinx/Vivado/2023.2/data/xhub/boards/XilinxBoardStore/boards/Xilinx/vc707/1.4/board.xml as part xc7vx485tffg1761-2 specified in board_part file is either invalid or not available
WARNING: [Board 49-26] cannot add Board Part xilinx.com:vc709:part0:1.8 available at D:/Xilinx/Vivado/2023.2/data/xhub/boards/XilinxBoardStore/boards/Xilinx/vc709/1.8/board.xml as part xc7vx690tffg1761-2 specified in board_part file is either invalid or not available
WARNING: [Board 49-26] cannot add Board Part xilinx.com:vck190:part0:2.2 available at D:/Xilinx/Vivado/2023.2/data/xhub/boards/XilinxBoardStore/boards/Xilinx/vck190/production/2.2/board.xml as part xcvc1902-vsva2197-2mp-e-s specified in board_part file is either invalid or not available
WARNING: [Board 49-26] cannot add Board Part xilinx.com:vck190:part0:3.0 available at D:/Xilinx/Vivado/2023.2/data/xhub/boards/XilinxBoardStore/boards/Xilinx/vck190/production/3.0/board.xml as part xcvc1902-vsva2197-2mp-e-s specified in board_part file is either invalid or not available
WARNING: [Board 49-26] cannot add Board Part xilinx.com:vck190:part0:3.1 available at D:/Xilinx/Vivado/2023.2/data/xhub/boards/XilinxBoardStore/boards/Xilinx/vck190/production/3.1/board.xml as part xcvc1902-vsva2197-2mp-e-s specified in board_part file is either invalid or not available
WARNING: [Board 49-26] cannot add Board Part xilinx.com:vck190:part0:3.2 available at D:/Xilinx/Vivado/2023.2/data/xhub/boards/XilinxBoardStore/boards/Xilinx/vck190/production/3.2/board.xml as part xcvc1902-vsva2197-2mp-e-s specified in board_part file is either invalid or not available
WARNING: [Board 49-26] cannot add Board Part xilinx.com:vck190_newl:part0:1.0 available at D:/Xilinx/Vivado/2023.2/data/xhub/boards/XilinxBoardStore/boards/Xilinx/vck190_newl/production/1.0/board.xml as part xcvc1902-vsva2197-2mp-e-s specified in board_part file is either invalid or not available
WARNING: [Board 49-26] cannot add Board Part xilinx.com:vck190_newl:part0:1.1 available at D:/Xilinx/Vivado/2023.2/data/xhub/boards/XilinxBoardStore/boards/Xilinx/vck190_newl/production/1.1/board.xml as part xcvc1902-vsva2197-2mp-e-s specified in board_part file is either invalid or not available
WARNING: [Board 49-26] cannot add Board Part xilinx.com:vcu108:part0:1.6 available at D:/Xilinx/Vivado/2023.2/data/xhub/boards/XilinxBoardStore/boards/Xilinx/vcu108/1.6/board.xml as part xcvu095-ffva2104-2-e specified in board_part file is either invalid or not available
WARNING: [Board 49-26] cannot add Board Part xilinx.com:vcu108:part0:1.7 available at D:/Xilinx/Vivado/2023.2/data/xhub/boards/XilinxBoardStore/boards/Xilinx/vcu108/1.7/board.xml as part xcvu095-ffva2104-2-e specified in board_part file is either invalid or not available
WARNING: [Board 49-26] cannot add Board Part xilinx.com:vcu110:part0:1.4 available at D:/Xilinx/Vivado/2023.2/data/xhub/boards/XilinxBoardStore/boards/Xilinx/vcu110/1.4/board.xml as part xcvu190-flgc2104-2-e specified in board_part file is either invalid or not available
WARNING: [Board 49-26] cannot add Board Part xilinx.com:vcu118:part0:2.0 available at D:/Xilinx/Vivado/2023.2/data/xhub/boards/XilinxBoardStore/boards/Xilinx/vcu118/2.0/board.xml as part xcvu9p-flga2104-2l-e specified in board_part file is either invalid or not available
WARNING: [Board 49-26] cannot add Board Part xilinx.com:vcu118:part0:2.3 available at D:/Xilinx/Vivado/2023.2/data/xhub/boards/XilinxBoardStore/boards/Xilinx/vcu118/2.3/board.xml as part xcvu9p-flga2104-2l-e specified in board_part file is either invalid or not available
WARNING: [Board 49-26] cannot add Board Part xilinx.com:vcu118:part0:2.4 available at D:/Xilinx/Vivado/2023.2/data/xhub/boards/XilinxBoardStore/boards/Xilinx/vcu118/2.4/board.xml as part xcvu9p-flga2104-2l-e specified in board_part file is either invalid or not available
WARNING: [Board 49-26] cannot add Board Part xilinx.com:vcu129:part0:1.0 available at D:/Xilinx/Vivado/2023.2/data/xhub/boards/XilinxBoardStore/boards/Xilinx/vcu129/production/1.0/board.xml as part xcvu29p-fsga2577-2l-e specified in board_part file is either invalid or not available
WARNING: [Board 49-26] cannot add Board Part xilinx.com:vcu1525:part0:1.3 available at D:/Xilinx/Vivado/2023.2/data/xhub/boards/XilinxBoardStore/boards/Xilinx/vcu1525/1.3/board.xml as part xcvu9p-fsgd2104-2l-e specified in board_part file is either invalid or not available
WARNING: [Board 49-26] cannot add Board Part xilinx.com:vek280:part0:1.0 available at D:/Xilinx/Vivado/2023.2/data/xhub/boards/XilinxBoardStore/boards/Xilinx/vek280/production/1.0/board.xml as part xcve2802-vsvh1760-2mp-e-s specified in board_part file is either invalid or not available
WARNING: [Board 49-26] cannot add Board Part xilinx.com:vek280_es:part0:1.0 available at D:/Xilinx/Vivado/2023.2/data/xhub/boards/XilinxBoardStore/boards/Xilinx/vek280/es/rev_a/1.0/board.xml as part xcve2802-vsvh1760-2lp-e-s-es1 specified in board_part file is either invalid or not available
WARNING: [Board 49-26] cannot add Board Part xilinx.com:vek280_es:part0:1.1 available at D:/Xilinx/Vivado/2023.2/data/xhub/boards/XilinxBoardStore/boards/Xilinx/vek280/es/rev_a/1.1/board.xml as part xcve2802-vsvh1760-2lp-e-s-es1 specified in board_part file is either invalid or not available
WARNING: [Board 49-26] cannot add Board Part xilinx.com:vek280_es_revb:part0:1.0 available at D:/Xilinx/Vivado/2023.2/data/xhub/boards/XilinxBoardStore/boards/Xilinx/vek280/es/rev_b/1.0/board.xml as part xcve2802-vsvh1760-2mp-e-s-es1 specified in board_part file is either invalid or not available
WARNING: [Board 49-26] cannot add Board Part xilinx.com:vek280_es_revb:part0:1.1 available at D:/Xilinx/Vivado/2023.2/data/xhub/boards/XilinxBoardStore/boards/Xilinx/vek280/es/rev_b/1.1/board.xml as part xcve2802-vsvh1760-2mp-e-s-es1 specified in board_part file is either invalid or not available
WARNING: [Board 49-26] cannot add Board Part xilinx.com:vermeo_t1_mpsoc:part0:1.0 available at D:/Xilinx/Vivado/2023.2/data/xhub/boards/XilinxBoardStore/boards/Xilinx/vermeo_t1_mpsoc/1.0/board.xml as part xczu19eg-ffvd1760-2l-e specified in board_part file is either invalid or not available
WARNING: [Board 49-26] cannot add Board Part xilinx.com:vermeo_t1_rfsoc:part0:1.0 available at D:/Xilinx/Vivado/2023.2/data/xhub/boards/XilinxBoardStore/boards/Xilinx/vermeo_t1_rfsoc/1.0/board.xml as part xczu21dr-ffvd1156-2l-e specified in board_part file is either invalid or not available
WARNING: [Board 49-26] cannot add Board Part xilinx.com:vhk158:part0:1.0 available at D:/Xilinx/Vivado/2023.2/data/xhub/boards/XilinxBoardStore/boards/Xilinx/vhk158/production/1.0/board.xml as part xcvh1582-vsva3697-2mp-e-s specified in board_part file is either invalid or not available
WARNING: [Board 49-26] cannot add Board Part xilinx.com:vhk158:part0:1.1 available at D:/Xilinx/Vivado/2023.2/data/xhub/boards/XilinxBoardStore/boards/Xilinx/vhk158/production/1.1/board.xml as part xcvh1582-vsva3697-2mp-e-s specified in board_part file is either invalid or not available
WARNING: [Board 49-26] cannot add Board Part xilinx.com:vhk158_es:part0:1.0 available at D:/Xilinx/Vivado/2023.2/data/xhub/boards/XilinxBoardStore/boards/Xilinx/vhk158/es/1.0/board.xml as part xcvh1582-vsva3697-2mp-e-s-es1 specified in board_part file is either invalid or not available
WARNING: [Board 49-26] cannot add Board Part xilinx.com:vhk158_es:part0:1.1 available at D:/Xilinx/Vivado/2023.2/data/xhub/boards/XilinxBoardStore/boards/Xilinx/vhk158/es/1.1/board.xml as part xcvh1582-vsva3697-2mp-e-s-es1 specified in board_part file is either invalid or not available
WARNING: [Board 49-26] cannot add Board Part xilinx.com:vmk180:part0:2.2 available at D:/Xilinx/Vivado/2023.2/data/xhub/boards/XilinxBoardStore/boards/Xilinx/vmk180/production/2.2/board.xml as part xcvm1802-vsva2197-2mp-e-s specified in board_part file is either invalid or not available
WARNING: [Board 49-26] cannot add Board Part xilinx.com:vmk180:part0:3.0 available at D:/Xilinx/Vivado/2023.2/data/xhub/boards/XilinxBoardStore/boards/Xilinx/vmk180/production/3.0/board.xml as part xcvm1802-vsva2197-2mp-e-s specified in board_part file is either invalid or not available
WARNING: [Board 49-26] cannot add Board Part xilinx.com:vmk180:part0:3.1 available at D:/Xilinx/Vivado/2023.2/data/xhub/boards/XilinxBoardStore/boards/Xilinx/vmk180/production/3.1/board.xml as part xcvm1802-vsva2197-2mp-e-s specified in board_part file is either invalid or not available
WARNING: [Board 49-26] cannot add Board Part xilinx.com:vmk180:part0:3.2 available at D:/Xilinx/Vivado/2023.2/data/xhub/boards/XilinxBoardStore/boards/Xilinx/vmk180/production/3.2/board.xml as part xcvm1802-vsva2197-2mp-e-s specified in board_part file is either invalid or not available
WARNING: [Board 49-26] cannot add Board Part xilinx.com:vmk180_newl:part0:1.0 available at D:/Xilinx/Vivado/2023.2/data/xhub/boards/XilinxBoardStore/boards/Xilinx/vmk180_newl/production/1.0/board.xml as part xcvm1802-vsva2197-2mp-e-s specified in board_part file is either invalid or not available
WARNING: [Board 49-26] cannot add Board Part xilinx.com:vmk180_newl:part0:1.1 available at D:/Xilinx/Vivado/2023.2/data/xhub/boards/XilinxBoardStore/boards/Xilinx/vmk180_newl/production/1.1/board.xml as part xcvm1802-vsva2197-2mp-e-s specified in board_part file is either invalid or not available
WARNING: [Board 49-26] cannot add Board Part xilinx.com:vpk120:part0:1.0 available at D:/Xilinx/Vivado/2023.2/data/xhub/boards/XilinxBoardStore/boards/Xilinx/vpk120/production/1.0/board.xml as part xcvp1202-vsva2785-2mp-e-s specified in board_part file is either invalid or not available
WARNING: [Board 49-26] cannot add Board Part xilinx.com:vpk120:part0:1.1 available at D:/Xilinx/Vivado/2023.2/data/xhub/boards/XilinxBoardStore/boards/Xilinx/vpk120/production/1.1/board.xml as part xcvp1202-vsva2785-2mp-e-s specified in board_part file is either invalid or not available
WARNING: [Board 49-26] cannot add Board Part xilinx.com:vpk120:part0:1.2 available at D:/Xilinx/Vivado/2023.2/data/xhub/boards/XilinxBoardStore/boards/Xilinx/vpk120/production/1.2/board.xml as part xcvp1202-vsva2785-2mp-e-s specified in board_part file is either invalid or not available
WARNING: [Board 49-26] cannot add Board Part xilinx.com:vpk180:part0:1.0 available at D:/Xilinx/Vivado/2023.2/data/xhub/boards/XilinxBoardStore/boards/Xilinx/vpk180/production/1.0/board.xml as part xcvp1802-lsvc4072-2mp-e-s specified in board_part file is either invalid or not available
WARNING: [Board 49-26] cannot add Board Part xilinx.com:vpk180:part0:1.1 available at D:/Xilinx/Vivado/2023.2/data/xhub/boards/XilinxBoardStore/boards/Xilinx/vpk180/production/1.1/board.xml as part xcvp1802-lsvc4072-2mp-e-s specified in board_part file is either invalid or not available
WARNING: [Board 49-26] cannot add Board Part xilinx.com:zc706:part0:1.4 available at D:/Xilinx/Vivado/2023.2/data/xhub/boards/XilinxBoardStore/boards/Xilinx/zc706/1.4/board.xml as part xc7z045ffg900-2 specified in board_part file is either invalid or not available
WARNING: [Board 49-26] cannot add Board Part xilinx.com:zcu102:part0:3.3 available at D:/Xilinx/Vivado/2023.2/data/xhub/boards/XilinxBoardStore/boards/Xilinx/zcu102/3.3/board.xml as part xczu9eg-ffvb1156-2-e specified in board_part file is either invalid or not available
WARNING: [Board 49-26] cannot add Board Part xilinx.com:zcu102:part0:3.4 available at D:/Xilinx/Vivado/2023.2/data/xhub/boards/XilinxBoardStore/boards/Xilinx/zcu102/3.4/board.xml as part xczu9eg-ffvb1156-2-e specified in board_part file is either invalid or not available
WARNING: [Board 49-26] cannot add Board Part xilinx.com:zcu111:part0:1.2 available at D:/Xilinx/Vivado/2023.2/data/xhub/boards/XilinxBoardStore/boards/Xilinx/zcu111/1.2/board.xml as part xczu28dr-ffvg1517-2-e specified in board_part file is either invalid or not available
WARNING: [Board 49-26] cannot add Board Part xilinx.com:zcu111:part0:1.3 available at D:/Xilinx/Vivado/2023.2/data/xhub/boards/XilinxBoardStore/boards/Xilinx/zcu111/1.3/board.xml as part xczu28dr-ffvg1517-2-e specified in board_part file is either invalid or not available
WARNING: [Board 49-26] cannot add Board Part xilinx.com:zcu111:part0:1.4 available at D:/Xilinx/Vivado/2023.2/data/xhub/boards/XilinxBoardStore/boards/Xilinx/zcu111/1.4/board.xml as part xczu28dr-ffvg1517-2-e specified in board_part file is either invalid or not available
WARNING: [Board 49-26] cannot add Board Part xilinx.com:zcu1275:part0:1.0 available at D:/Xilinx/Vivado/2023.2/data/xhub/boards/XilinxBoardStore/boards/Xilinx/zcu1275/1.0/board.xml as part xczu29dr-ffvf1760-2-e specified in board_part file is either invalid or not available
WARNING: [Board 49-26] cannot add Board Part xilinx.com:zcu1285:part0:1.0 available at D:/Xilinx/Vivado/2023.2/data/xhub/boards/XilinxBoardStore/boards/Xilinx/zcu1285/1.0/board.xml as part xczu39dr-ffvf1760-2-i specified in board_part file is either invalid or not available
WARNING: [Board 49-26] cannot add Board Part xilinx.com:zcu208:part0:2.0 available at D:/Xilinx/Vivado/2023.2/data/xhub/boards/XilinxBoardStore/boards/Xilinx/zcu208/production/2.0/board.xml as part xczu48dr-fsvg1517-2-e specified in board_part file is either invalid or not available
WARNING: [Board 49-26] cannot add Board Part xilinx.com:zcu208ld:part0:2.0 available at D:/Xilinx/Vivado/2023.2/data/xhub/boards/XilinxBoardStore/boards/Xilinx/zcu208ld/production/2.0/board.xml as part xczu58dr-fsvg1517-2-i specified in board_part file is either invalid or not available
WARNING: [Board 49-26] cannot add Board Part xilinx.com:zcu216:part0:2.0 available at D:/Xilinx/Vivado/2023.2/data/xhub/boards/XilinxBoardStore/boards/Xilinx/zcu216/production/2.0/board.xml as part xczu49dr-ffvf1760-2-e specified in board_part file is either invalid or not available
WARNING: [Board 49-26] cannot add Board Part xilinx.com:zcu216ld:part0:2.0 available at D:/Xilinx/Vivado/2023.2/data/xhub/boards/XilinxBoardStore/boards/Xilinx/zcu216ld/production/2.0/board.xml as part xczu59dr-ffvf1760-2-i specified in board_part file is either invalid or not available
WARNING: [Board 49-26] cannot add Board Part xilinx.com:zcu670:part0:2.0 available at D:/Xilinx/Vivado/2023.2/data/xhub/boards/XilinxBoardStore/boards/Xilinx/zcu670/2.0/board.xml as part xczu67dr-fsve1156-2-i specified in board_part file is either invalid or not available
WARNING: [Board 49-26] cannot add Board Part xilinx.com:zcu670ld:part0:1.0 available at D:/Xilinx/Vivado/2023.2/data/xhub/boards/XilinxBoardStore/boards/Xilinx/zcu670ld/1.0/board.xml as part xczu57dr-fsve1156-2-i specified in board_part file is either invalid or not available
INFO: [filemgmt 56-3] Default IP Output Path : Could not find the directory 'C:/Users/fossu/Desktop/ML_DSA_Syn/IMP/SHA3_imp/Keccak_Dilithium/Keccak_Dilithium.gen/sources_1'.
Scanning sources...
Finished scanning sources
INFO: [IP_Flow 19-234] Refreshing IP repositories
INFO: [IP_Flow 19-1704] No user IP repositories specified
INFO: [IP_Flow 19-2313] Loaded Vivado IP repository 'D:/Xilinx/Vivado/2023.2/data/ip'.
open_project: Time (s): cpu = 00:00:17 ; elapsed = 00:00:08 . Memory (MB): peak = 1440.016 ; gain = 233.816
update_compile_order -fileset sources_1
launch_simulation
Command: launch_simulation 
INFO: [Vivado 12-12493] Simulation top is 'Keccak_Dilithium_tb'
WARNING: [Vivado 12-13340] Unable to auto find GCC executables from simulator install path! (path not set)
INFO: [Vivado 12-5682] Launching behavioral simulation in 'C:/Users/fossu/Desktop/ML_DSA_Syn/IMP/SHA3_imp/Keccak_Dilithium/Keccak_Dilithium.sim/sim_1/behav/xsim'
INFO: [SIM-utils-51] Simulation object is 'sim_1'
INFO: [SIM-utils-72] Using boost library from 'D:/Xilinx/Vivado/2023.2/tps/boost_1_72_0'
INFO: [SIM-utils-54] Inspecting design source files for 'Keccak_Dilithium_tb' in fileset 'sim_1'...
INFO: [USF-XSim-97] Finding global include files...
INFO: [USF-XSim-98] Fetching design files from 'sim_1'...
INFO: [USF-XSim-2] XSim::Compile design
INFO: [USF-XSim-61] Executing 'COMPILE and ANALYZE' step in 'C:/Users/fossu/Desktop/ML_DSA_Syn/IMP/SHA3_imp/Keccak_Dilithium/Keccak_Dilithium.sim/sim_1/behav/xsim'
"xvlog --incr --relax -prj Keccak_Dilithium_tb_vlog.prj"
ECHO 已關閉。
ECHO 已關閉。
INFO: [USF-XSim-69] 'compile' step finished in '1' seconds
INFO: [USF-XSim-3] XSim::Elaborate design
INFO: [USF-XSim-61] Executing 'ELABORATE' step in 'C:/Users/fossu/Desktop/ML_DSA_Syn/IMP/SHA3_imp/Keccak_Dilithium/Keccak_Dilithium.sim/sim_1/behav/xsim'
"xelab --incr --debug typical --relax --mt 2 -L xil_defaultlib -L unisims_ver -L unimacro_ver -L secureip --snapshot Keccak_Dilithium_tb_behav xil_defaultlib.Keccak_Dilithium_tb xil_defaultlib.glbl -log elaborate.log"
ECHO 已關閉。
ECHO 已關閉。
Vivado Simulator v2023.2
Copyright 1986-2022 Xilinx, Inc. All Rights Reserved.
Copyright 2022-2023 Advanced Micro Devices, Inc. All Rights Reserved.
Running: D:/Xilinx/Vivado/2023.2/bin/unwrapped/win64.o/xelab.exe --incr --debug typical --relax --mt 2 -L xil_defaultlib -L unisims_ver -L unimacro_ver -L secureip --snapshot Keccak_Dilithium_tb_behav xil_defaultlib.Keccak_Dilithium_tb xil_defaultlib.glbl -log elaborate.log 
Using 2 slave threads.
Starting static elaboration
Pass Through NonSizing Optimizer
Completed static elaboration
INFO: [XSIM 43-4323] No Change in HDL. Linking previously generated obj files to create kernel
INFO: [USF-XSim-69] 'elaborate' step finished in '2' seconds
INFO: [USF-XSim-4] XSim::Simulate design
INFO: [USF-XSim-61] Executing 'SIMULATE' step in 'C:/Users/fossu/Desktop/ML_DSA_Syn/IMP/SHA3_imp/Keccak_Dilithium/Keccak_Dilithium.sim/sim_1/behav/xsim'
INFO: [USF-XSim-98] *** Running xsim
   with args "Keccak_Dilithium_tb_behav -key {Behavioral:sim_1:Functional:Keccak_Dilithium_tb} -tclbatch {Keccak_Dilithium_tb.tcl} -view {C:/Users/fossu/Desktop/ML_DSA_Syn/IMP/SHA3_imp/Keccak_Dilithium/Keccak_Dilithium_tb_behav.wcfg} -log {simulate.log}"
INFO: [USF-XSim-8] Loading simulator feature
Time resolution is 1 ps
open_wave_config C:/Users/fossu/Desktop/ML_DSA_Syn/IMP/SHA3_imp/Keccak_Dilithium/Keccak_Dilithium_tb_behav.wcfg
source Keccak_Dilithium_tb.tcl
# set curr_wave [current_wave_config]
# if { [string length $curr_wave] == 0 } {
#   if { [llength [get_objects]] > 0} {
#     add_wave /
#     set_property needs_save false [current_wave_config]
#   } else {
#      send_msg_id Add_Wave-1 WARNING "No top level signals found. Simulator will start without a wave window. If you want to open a wave window go to 'File->New Waveform Configuration' or type 'create_wave_config' in the TCL console."
#   }
# }
# run 1000ns
padder_out: 0000000000000000000000000000000000000000000000000000000000000000ffffffffffffffffffffffffffffffffffffffffffffffffffffffffffffffffffffffffffffffffffffffffffffffffffffffffffffffffffffffffffffffffffffffffffffffffffffffffffffffffffffffffffffffffffffffffffffffffffffffffffffffffffffffffffffffffffffffffffffffffffffffffffffffffffffffffffffffff.
padder_out: 000000000000000000000000000000000000000000000000000000000000000080000000000000000000000000000000000000000000000000000000000000000000000000000000000000000000000000000000000000000000000000000000000000000000000000000000000000000000000000000000000000000000000000000000000000000000000000001fffffffffffffffffffffffffffffffffffffffffffffffffff.
padder_out: 000000000000000000000000000000000000000000000000000000000000000080000000000000000000000000000000000000000000000000000000000000000000000000000000000000000000000000000000000000000000000000000000000000000000000000000000000000000000000000000000000000000000000000000000000000000000000000001fffffffffffffffffffffffffffffffffffffffffffffffffff.
padder_out: 000000000000000000000000000000000000000000000000000000000000000080000000000000000000000000000000000000000000000000000000000000000000000000000000000000000000000000000000000000000000000000000000000000000000000000000000000000000000000000000000000000000000000000000000000000000000000000001fffffffffffffffffffffffffffffffffffffffffffffffffff.
padder_out: 000000000000000000000000000000000000000000000000000000000000000080000000000000000000000000000000000000000000000000000000000000000000000000000000000000000000000000000000000000000000000000000000000000000000000000000000000000000000000000000000000000000000000000000000000000000000000000001fffffffffffffffffffffffffffffffffffffffffffffffffff.
padder_out: 000000000000000000000000000000000000000000000000000000000000000080000000000000000000000000000000000000000000000000000000000000000000000000000000000000000000000000000000000000000000000000000000000000000000000000000000000000000000000000000000000000000000000000000000000000000000000000001fffffffffffffffffffffffffffffffffffffffffffffffffff.
padder_out: 000000000000000000000000000000000000000000000000000000000000000080000000000000000000000000000000000000000000000000000000000000000000000000000000000000000000000000000000000000000000000000000000000000000000000000000000000000000000000000000000000000000000000000000000000000000000000000001fffffffffffffffffffffffffffffffffffffffffffffffffff.
padder_out: 000000000000000000000000000000000000000000000000000000000000000080000000000000000000000000000000000000000000000000000000000000000000000000000000000000000000000000000000000000000000000000000000000000000000000000000000000000000000000000000000000000000000000000000000000000000000000000001fffffffffffffffffffffffffffffffffffffffffffffffffff.
f_out: 4f331239af8ddb602070ae28725dd357dae3ff0148fd98b4f7095ff9d68f863b43f36ea525d5972e7c79e1ccd695e798c0cfeaa266695f32a2c3dd7442e8e2b66c196f00b3f1889fb25e71dcab8b81c37556904cbede57a981ba542cb96244c274b3181bdfb2ca001272d32422363c746a4cc3a1e70fccbaf118edc6b797f57a74eab272461dd5fa87f047884598c686bdc39bc0faf767a470205637bdbd81b9fe0e855c4c4b987ade6137f6465008434280ab6addbb6319b5805c7858ccdad7980b848c76df9961.
padder_out: 000000000000000000000000000000000000000000000000000000000000000080000000000000000000000000000000000000000000000000000000000000000000000000000000000000000000000000000000000000000000000000000000000000000000000000000000000000000000000000000000000000000000000000000000000000000000000000001fffffffffffffffffffffffffffffffffffffffffffffffffff.
f_out: b821d673e817b35e25a67f945cb0a830f69eab36013f7c9ebd092990931e2d2d342078464a2bd6ceda106979191943ebf1370bcf6b597433e41f429d4438d5c9530f05e48f7446209a1a8a034348754ba3dc1c40ece2d15687d1d03f445ab530b05770d7e1d45fac2f5458e2955cc7c20c6a4a7037a3487ec4c6718edc9a5786b294500ea4942a729097dcac3624caf80b11adbae4d6f59f2026674f94c4ee0a1387227065a22e4ede2cd588195c1868b589500417b408dcf1d34559b641919771ea0b0e8355050a.
out: 0000000000000000000000000000000000000000000000000000000000000000530f05e48f7446209a1a8a034348754ba3dc1c40ece2d15687d1d03f445ab530b05770d7e1d45fac2f5458e2955cc7c20c6a4a7037a3487ec4c6718edc9a5786b294500ea4942a729097dcac3624caf80b11adbae4d6f59f2026674f94c4ee0a1387227065a22e4ede2cd588195c1868b589500417b408dcf1d34559b641919771ea0b0e8355050a.
INFO: [USF-XSim-96] XSim completed. Design snapshot 'Keccak_Dilithium_tb_behav' loaded.
INFO: [USF-XSim-97] XSim simulation ran for 1000ns
launch_simulation: Time (s): cpu = 00:00:06 ; elapsed = 00:00:07 . Memory (MB): peak = 1613.668 ; gain = 142.469
run 1 us
padder_out: 0000000000000000000000000000000000000000000000000000000000000000ffffffffffffffffffffffffffffffffffffffffffffffffffffffffffffffffffffffffffffffffffffffffffffffffffffffffffffffffffffffffffffffffffffffffffffffffffffffffffffffffffffffffffffffffffffffffffffffffffffffffffffffffffffffffffffffffffffffffffffffffffffffffffffffffffffffffffffffff.
$finish called at time : 1641 ns : File "C:/Users/fossu/Desktop/ML_DSA_Syn/IMP/SHA3_imp/Keccak_Dilithium/Keccak_Dilithium.srcs/sim_1/new/Keccak_Dilithium_tb.v" Line 118
run 1 us
padder_out: 000000000000000000000000000000000000000000000000000000000000000080000000000000000000000000000000000000000000000000000000000000000000000000000000000000000000000000000000000000000000000000000000000000000000000000000000000000000000000000000000000000000000000000000000000000000000000000001fffffffffffffffffffffffffffffffffffffffffffffffffff.
padder_out: 000000000000000000000000000000000000000000000000000000000000000080000000000000000000000000000000000000000000000000000000000000000000000000000000000000000000000000000000000000000000000000000000000000000000000000000000000000000000000000000000000000000000000000000000000000000000000000001fffffffffffffffffffffffffffffffffffffffffffffffffff.
padder_out: 000000000000000000000000000000000000000000000000000000000000000080000000000000000000000000000000000000000000000000000000000000000000000000000000000000000000000000000000000000000000000000000000000000000000000000000000000000000000000000000000000000000000000000000000000000000000000000001fffffffffffffffffffffffffffffffffffffffffffffffffff.
padder_out: 000000000000000000000000000000000000000000000000000000000000000080000000000000000000000000000000000000000000000000000000000000000000000000000000000000000000000000000000000000000000000000000000000000000000000000000000000000000000000000000000000000000000000000000000000000000000000000001fffffffffffffffffffffffffffffffffffffffffffffffffff.
padder_out: 000000000000000000000000000000000000000000000000000000000000000080000000000000000000000000000000000000000000000000000000000000000000000000000000000000000000000000000000000000000000000000000000000000000000000000000000000000000000000000000000000000000000000000000000000000000000000000001fffffffffffffffffffffffffffffffffffffffffffffffffff.
padder_out: 000000000000000000000000000000000000000000000000000000000000000080000000000000000000000000000000000000000000000000000000000000000000000000000000000000000000000000000000000000000000000000000000000000000000000000000000000000000000000000000000000000000000000000000000000000000000000000001fffffffffffffffffffffffffffffffffffffffffffffffffff.
padder_out: 000000000000000000000000000000000000000000000000000000000000000080000000000000000000000000000000000000000000000000000000000000000000000000000000000000000000000000000000000000000000000000000000000000000000000000000000000000000000000000000000000000000000000000000000000000000000000000001fffffffffffffffffffffffffffffffffffffffffffffffffff.
f_out: 253e663a57f375b80d79f793c822efa038fe9381cccf86bbd97af2103f8b2055184638f0a425c3278a32184382bfc1e17017eb39048f6c5571e462c1513131020e4a2c0f60f37f9634152a7cb105f531761287569eb1aba6ab0df62e073c6a31fc20ddc2c6830229b6bac52a5e14e0ef9f3812f64492e37cd010e4a0fd954bd35cc9205c784967abaa4b5bf5516d33b96f8a948d31a06e9fa907ec3349af72adbe301a2254008ee38c9f4b4dccae070c9c09335e6d2d91afcb2ec3232bb0f8ba8ed4d7093f1dd50f.
padder_out: 000000000000000000000000000000000000000000000000000000000000000080000000000000000000000000000000000000000000000000000000000000000000000000000000000000000000000000000000000000000000000000000000000000000000000000000000000000000000000000000000000000000000000000000000000000000000000000001fffffffffffffffffffffffffffffffffffffffffffffffffff.
f_out: 97e5430020faa4e7624978670a20eaefda9dfcf019727aa82fbb803bbc731919d89ea6cec7b5c4d6540a0f835e3024e96795e731cd23ea8b6e68f9446073a39418fa4be85f490883ca0f7730b0fb054470a58c2845a19ac57c4b8fd10bdb62db96a4a2d1294d614b719f59e8876c8907f75267984438053818124c04b613703999e254693f210e66891c547cc3c8124be0cf35b35d15871fde9d673c429903f0ef4cf7961b88fa17b40ab72f060f81efb11229edc33df810ca2ff49103769367e4c4bef8df0de847.
out: 000000000000000000000000000000000000000000000000000000000000000018fa4be85f490883ca0f7730b0fb054470a58c2845a19ac57c4b8fd10bdb62db96a4a2d1294d614b719f59e8876c8907f75267984438053818124c04b613703999e254693f210e66891c547cc3c8124be0cf35b35d15871fde9d673c429903f0ef4cf7961b88fa17b40ab72f060f81efb11229edc33df810ca2ff49103769367e4c4bef8df0de847.
relaunch_sim
Command: launch_simulation -step compile -simset sim_1 -mode behavioral
INFO: [Vivado 12-12493] Simulation top is 'Keccak_Dilithium_tb'
WARNING: [Vivado 12-13340] Unable to auto find GCC executables from simulator install path! (path not set)
INFO: [Vivado 12-5682] Launching behavioral simulation in 'C:/Users/fossu/Desktop/ML_DSA_Syn/IMP/SHA3_imp/Keccak_Dilithium/Keccak_Dilithium.sim/sim_1/behav/xsim'
INFO: [SIM-utils-51] Simulation object is 'sim_1'
INFO: [SIM-utils-72] Using boost library from 'D:/Xilinx/Vivado/2023.2/tps/boost_1_72_0'
INFO: [SIM-utils-54] Inspecting design source files for 'Keccak_Dilithium_tb' in fileset 'sim_1'...
INFO: [USF-XSim-97] Finding global include files...
INFO: [USF-XSim-98] Fetching design files from 'sim_1'...
INFO: [USF-XSim-2] XSim::Compile design
INFO: [USF-XSim-61] Executing 'COMPILE and ANALYZE' step in 'C:/Users/fossu/Desktop/ML_DSA_Syn/IMP/SHA3_imp/Keccak_Dilithium/Keccak_Dilithium.sim/sim_1/behav/xsim'
"xvlog --incr --relax -prj Keccak_Dilithium_tb_vlog.prj"
ECHO 已關閉。
ECHO 已關閉。
INFO: [VRFC 10-2263] Analyzing Verilog file "C:/Users/fossu/Desktop/ML_DSA_Syn/IMP/SHA3_imp/Keccak_Dilithium/Keccak_Dilithium.srcs/sources_1/imports/Keccak_Dilithium/F_Permutation_Dilithium.v" into library xil_defaultlib
INFO: [VRFC 10-311] analyzing module F_Permutation_Dilithium
INFO: [VRFC 10-2263] Analyzing Verilog file "C:/Users/fossu/Desktop/ML_DSA_Syn/IMP/SHA3_imp/Keccak_Dilithium/Keccak_Dilithium.srcs/sources_1/imports/Keccak_Dilithium/Keccak_dilithium.v" into library xil_defaultlib
INFO: [VRFC 10-311] analyzing module Keccak_Dilithium
INFO: [VRFC 10-2263] Analyzing Verilog file "C:/Users/fossu/Desktop/ML_DSA_Syn/IMP/SHA3_imp/Keccak_Dilithium/Keccak_Dilithium.srcs/sources_1/imports/Keccak_Dilithium/Padder_Dilithium.v" into library xil_defaultlib
INFO: [VRFC 10-311] analyzing module Padder_Dilithium
INFO: [VRFC 10-2263] Analyzing Verilog file "C:/Users/fossu/Desktop/ML_DSA_Syn/IMP/SHA3_imp/Keccak_Dilithium/Keccak_Dilithium.srcs/sources_1/imports/Keccak_Dilithium/padder1.v" into library xil_defaultlib
INFO: [VRFC 10-311] analyzing module padder1
INFO: [VRFC 10-2263] Analyzing Verilog file "C:/Users/fossu/Desktop/ML_DSA_Syn/IMP/SHA3_imp/Keccak_Dilithium/Keccak_Dilithium.srcs/sources_1/imports/Keccak_Dilithium/rconst.v" into library xil_defaultlib
INFO: [VRFC 10-311] analyzing module rconst
INFO: [VRFC 10-2263] Analyzing Verilog file "C:/Users/fossu/Desktop/ML_DSA_Syn/IMP/SHA3_imp/Keccak_Dilithium/Keccak_Dilithium.srcs/sources_1/imports/Keccak_Dilithium/round.v" into library xil_defaultlib
INFO: [VRFC 10-311] analyzing module round
INFO: [VRFC 10-2263] Analyzing Verilog file "C:/Users/fossu/Desktop/ML_DSA_Syn/IMP/SHA3_imp/Keccak_Dilithium/Keccak_Dilithium.srcs/sim_1/new/Keccak_Dilithium_tb.v" into library xil_defaultlib
INFO: [VRFC 10-311] analyzing module Keccak_Dilithium_tb
INFO: [USF-XSim-69] 'compile' step finished in '2' seconds
Command: launch_simulation -step elaborate -simset sim_1 -mode behavioral
INFO: [Vivado 12-12493] Simulation top is 'Keccak_Dilithium_tb'
WARNING: [Vivado 12-13340] Unable to auto find GCC executables from simulator install path! (path not set)
INFO: [Vivado 12-5682] Launching behavioral simulation in 'C:/Users/fossu/Desktop/ML_DSA_Syn/IMP/SHA3_imp/Keccak_Dilithium/Keccak_Dilithium.sim/sim_1/behav/xsim'
INFO: [SIM-utils-51] Simulation object is 'sim_1'
INFO: [USF-XSim-3] XSim::Elaborate design
INFO: [USF-XSim-61] Executing 'ELABORATE' step in 'C:/Users/fossu/Desktop/ML_DSA_Syn/IMP/SHA3_imp/Keccak_Dilithium/Keccak_Dilithium.sim/sim_1/behav/xsim'
"xelab --incr --debug typical --relax --mt 2 -L xil_defaultlib -L unisims_ver -L unimacro_ver -L secureip --snapshot Keccak_Dilithium_tb_behav xil_defaultlib.Keccak_Dilithium_tb xil_defaultlib.glbl -log elaborate.log"
ECHO 已關閉。
ECHO 已關閉。
Vivado Simulator v2023.2
Copyright 1986-2022 Xilinx, Inc. All Rights Reserved.
Copyright 2022-2023 Advanced Micro Devices, Inc. All Rights Reserved.
Running: D:/Xilinx/Vivado/2023.2/bin/unwrapped/win64.o/xelab.exe --incr --debug typical --relax --mt 2 -L xil_defaultlib -L unisims_ver -L unimacro_ver -L secureip --snapshot Keccak_Dilithium_tb_behav xil_defaultlib.Keccak_Dilithium_tb xil_defaultlib.glbl -log elaborate.log 
Using 2 slave threads.
Starting static elaboration
Pass Through NonSizing Optimizer
Completed static elaboration
Starting simulation data flow analysis
WARNING: [XSIM 43-4099] "C:/Users/fossu/Desktop/ML_DSA_Syn/IMP/SHA3_imp/Keccak_Dilithium/Keccak_Dilithium.srcs/sources_1/imports/Keccak_Dilithium/Keccak_dilithium.v" Line 1. Module Keccak_Dilithium doesn't have a timescale but at least one module in design has a timescale.
WARNING: [XSIM 43-4099] "C:/Users/fossu/Desktop/ML_DSA_Syn/IMP/SHA3_imp/Keccak_Dilithium/Keccak_Dilithium.srcs/sources_1/imports/Keccak_Dilithium/Padder_Dilithium.v" Line 1. Module Padder_Dilithium doesn't have a timescale but at least one module in design has a timescale.
WARNING: [XSIM 43-4099] "C:/Users/fossu/Desktop/ML_DSA_Syn/IMP/SHA3_imp/Keccak_Dilithium/Keccak_Dilithium.srcs/sources_1/imports/Keccak_Dilithium/padder1.v" Line 9. Module padder1 doesn't have a timescale but at least one module in design has a timescale.
WARNING: [XSIM 43-4099] "C:/Users/fossu/Desktop/ML_DSA_Syn/IMP/SHA3_imp/Keccak_Dilithium/Keccak_Dilithium.srcs/sources_1/imports/Keccak_Dilithium/F_Permutation_Dilithium.v" Line 1. Module F_Permutation_Dilithium doesn't have a timescale but at least one module in design has a timescale.
WARNING: [XSIM 43-4099] "C:/Users/fossu/Desktop/ML_DSA_Syn/IMP/SHA3_imp/Keccak_Dilithium/Keccak_Dilithium.srcs/sources_1/imports/Keccak_Dilithium/rconst.v" Line 18. Module rconst doesn't have a timescale but at least one module in design has a timescale.
WARNING: [XSIM 43-4099] "C:/Users/fossu/Desktop/ML_DSA_Syn/IMP/SHA3_imp/Keccak_Dilithium/Keccak_Dilithium.srcs/sources_1/imports/Keccak_Dilithium/round.v" Line 10. Module round doesn't have a timescale but at least one module in design has a timescale.
WARNING: [XSIM 43-4099] "C:/Users/fossu/Desktop/ML_DSA_Syn/IMP/SHA3_imp/Keccak_Dilithium/Keccak_Dilithium.srcs/sources_1/imports/Keccak_Dilithium/Keccak_dilithium.v" Line 1. Module Keccak_Dilithium doesn't have a timescale but at least one module in design has a timescale.
WARNING: [XSIM 43-4099] "C:/Users/fossu/Desktop/ML_DSA_Syn/IMP/SHA3_imp/Keccak_Dilithium/Keccak_Dilithium.srcs/sources_1/imports/Keccak_Dilithium/Padder_Dilithium.v" Line 1. Module Padder_Dilithium doesn't have a timescale but at least one module in design has a timescale.
WARNING: [XSIM 43-4099] "C:/Users/fossu/Desktop/ML_DSA_Syn/IMP/SHA3_imp/Keccak_Dilithium/Keccak_Dilithium.srcs/sources_1/imports/Keccak_Dilithium/padder1.v" Line 9. Module padder1 doesn't have a timescale but at least one module in design has a timescale.
WARNING: [XSIM 43-4099] "C:/Users/fossu/Desktop/ML_DSA_Syn/IMP/SHA3_imp/Keccak_Dilithium/Keccak_Dilithium.srcs/sources_1/imports/Keccak_Dilithium/F_Permutation_Dilithium.v" Line 1. Module F_Permutation_Dilithium doesn't have a timescale but at least one module in design has a timescale.
WARNING: [XSIM 43-4099] "C:/Users/fossu/Desktop/ML_DSA_Syn/IMP/SHA3_imp/Keccak_Dilithium/Keccak_Dilithium.srcs/sources_1/imports/Keccak_Dilithium/rconst.v" Line 18. Module rconst doesn't have a timescale but at least one module in design has a timescale.
WARNING: [XSIM 43-4099] "C:/Users/fossu/Desktop/ML_DSA_Syn/IMP/SHA3_imp/Keccak_Dilithium/Keccak_Dilithium.srcs/sources_1/imports/Keccak_Dilithium/round.v" Line 10. Module round doesn't have a timescale but at least one module in design has a timescale.
Completed simulation data flow analysis
Time Resolution for simulation is 1ps
Compiling module xil_defaultlib.padder1
Compiling module xil_defaultlib.Padder_Dilithium
Compiling module xil_defaultlib.rconst
Compiling module xil_defaultlib.round
Compiling module xil_defaultlib.F_Permutation_Dilithium
Compiling module xil_defaultlib.Keccak_Dilithium
Compiling module xil_defaultlib.Keccak_Dilithium_tb
Compiling module xil_defaultlib.glbl
Built simulation snapshot Keccak_Dilithium_tb_behav
run_program: Time (s): cpu = 00:00:00 ; elapsed = 00:00:06 . Memory (MB): peak = 1627.746 ; gain = 0.000
INFO: [USF-XSim-69] 'elaborate' step finished in '6' seconds
launch_simulation: Time (s): cpu = 00:00:00 ; elapsed = 00:00:06 . Memory (MB): peak = 1627.746 ; gain = 0.000
Time resolution is 1 ps
padder_out: 0000000000000000000000000000000000000000000000000000000000000000ffffffffffffffffffffffffffffffffffffffffffffffffffffffffffffffffffffffffffffffffffffffffffffffffffffffffffffffffffffffffffffffffffffffffffffffffffffffffffffffffffffffffffffffffffffffffffffffffffffffffffffffffffffffffffffffffffffffffffffffffffffffffffffffffffffffffffffffff.
padder_out: 000000000000000000000000000000000000000000000000000000000000000080000000000000000000000000000000000000000000000000000000000000000000000000000000000000000000000000000000000000000000000000000000000000000000000000000000000000000000000000000000000000000000000000000000000000000000000000001fffffffffffffffffffffffffffffffffffffffffffffffffff.
padder_out: 000000000000000000000000000000000000000000000000000000000000000080000000000000000000000000000000000000000000000000000000000000000000000000000000000000000000000000000000000000000000000000000000000000000000000000000000000000000000000000000000000000000000000000000000000000000000000000001fffffffffffffffffffffffffffffffffffffffffffffffffff.
padder_out: 000000000000000000000000000000000000000000000000000000000000000080000000000000000000000000000000000000000000000000000000000000000000000000000000000000000000000000000000000000000000000000000000000000000000000000000000000000000000000000000000000000000000000000000000000000000000000000001fffffffffffffffffffffffffffffffffffffffffffffffffff.
padder_out: 000000000000000000000000000000000000000000000000000000000000000080000000000000000000000000000000000000000000000000000000000000000000000000000000000000000000000000000000000000000000000000000000000000000000000000000000000000000000000000000000000000000000000000000000000000000000000000001fffffffffffffffffffffffffffffffffffffffffffffffffff.
padder_out: 000000000000000000000000000000000000000000000000000000000000000080000000000000000000000000000000000000000000000000000000000000000000000000000000000000000000000000000000000000000000000000000000000000000000000000000000000000000000000000000000000000000000000000000000000000000000000000001fffffffffffffffffffffffffffffffffffffffffffffffffff.
padder_out: 000000000000000000000000000000000000000000000000000000000000000080000000000000000000000000000000000000000000000000000000000000000000000000000000000000000000000000000000000000000000000000000000000000000000000000000000000000000000000000000000000000000000000000000000000000000000000000001fffffffffffffffffffffffffffffffffffffffffffffffffff.
padder_out: 000000000000000000000000000000000000000000000000000000000000000080000000000000000000000000000000000000000000000000000000000000000000000000000000000000000000000000000000000000000000000000000000000000000000000000000000000000000000000000000000000000000000000000000000000000000000000000001fffffffffffffffffffffffffffffffffffffffffffffffffff.
f_out: 4f331239af8ddb602070ae28725dd357dae3ff0148fd98b4f7095ff9d68f863b43f36ea525d5972e7c79e1ccd695e798c0cfeaa266695f32a2c3dd7442e8e2b66c196f00b3f1889fb25e71dcab8b81c37556904cbede57a981ba542cb96244c274b3181bdfb2ca001272d32422363c746a4cc3a1e70fccbaf118edc6b797f57a74eab272461dd5fa87f047884598c686bdc39bc0faf767a470205637bdbd81b9fe0e855c4c4b987ade6137f6465008434280ab6addbb6319b5805c7858ccdad7980b848c76df9961.
padder_out: 000000000000000000000000000000000000000000000000000000000000000080000000000000000000000000000000000000000000000000000000000000000000000000000000000000000000000000000000000000000000000000000000000000000000000000000000000000000000000000000000000000000000000000000000000000000000000000001fffffffffffffffffffffffffffffffffffffffffffffffffff.
f_out: b821d673e817b35e25a67f945cb0a830f69eab36013f7c9ebd092990931e2d2d342078464a2bd6ceda106979191943ebf1370bcf6b597433e41f429d4438d5c9530f05e48f7446209a1a8a034348754ba3dc1c40ece2d15687d1d03f445ab530b05770d7e1d45fac2f5458e2955cc7c20c6a4a7037a3487ec4c6718edc9a5786b294500ea4942a729097dcac3624caf80b11adbae4d6f59f2026674f94c4ee0a1387227065a22e4ede2cd588195c1868b589500417b408dcf1d34559b641919771ea0b0e8355050a.
out: 0000000000000000000000000000000000000000000000000000000000000000530f05e48f7446209a1a8a034348754ba3dc1c40ece2d15687d1d03f445ab530b05770d7e1d45fac2f5458e2955cc7c20c6a4a7037a3487ec4c6718edc9a5786b294500ea4942a729097dcac3624caf80b11adbae4d6f59f2026674f94c4ee0a1387227065a22e4ede2cd588195c1868b589500417b408dcf1d34559b641919771ea0b0e8355050a.
relaunch_sim: Time (s): cpu = 00:00:02 ; elapsed = 00:00:10 . Memory (MB): peak = 1627.746 ; gain = 0.000
run 1 us
padder_out: 0000000000000000000000000000000000000000000000000000000000000000ffffffffffffffffffffffffffffffffffffffffffffffffffffffffffffffffffffffffffffffffffffffffffffffffffffffffffffffffffffffffffffffffffffffffffffffffffffffffffffffffffffffffffffffffffffffffffffffffffffffffffffffffffffffffffffffffffffffffffffffffffffffffffffffffffffffffffffffff.
$finish called at time : 1641 ns : File "C:/Users/fossu/Desktop/ML_DSA_Syn/IMP/SHA3_imp/Keccak_Dilithium/Keccak_Dilithium.srcs/sim_1/new/Keccak_Dilithium_tb.v" Line 118
run 1 us
padder_out: 000000000000000000000000000000000000000000000000000000000000000080000000000000000000000000000000000000000000000000000000000000000000000000000000000000000000000000000000000000000000000000000000000000000000000000000000000000000000000000000000000000000000000000000000000000000000000000001fffffffffffffffffffffffffffffffffffffffffffffffffff.
padder_out: 000000000000000000000000000000000000000000000000000000000000000080000000000000000000000000000000000000000000000000000000000000000000000000000000000000000000000000000000000000000000000000000000000000000000000000000000000000000000000000000000000000000000000000000000000000000000000000001fffffffffffffffffffffffffffffffffffffffffffffffffff.
padder_out: 000000000000000000000000000000000000000000000000000000000000000080000000000000000000000000000000000000000000000000000000000000000000000000000000000000000000000000000000000000000000000000000000000000000000000000000000000000000000000000000000000000000000000000000000000000000000000000001fffffffffffffffffffffffffffffffffffffffffffffffffff.
padder_out: 000000000000000000000000000000000000000000000000000000000000000080000000000000000000000000000000000000000000000000000000000000000000000000000000000000000000000000000000000000000000000000000000000000000000000000000000000000000000000000000000000000000000000000000000000000000000000000001fffffffffffffffffffffffffffffffffffffffffffffffffff.
padder_out: 000000000000000000000000000000000000000000000000000000000000000080000000000000000000000000000000000000000000000000000000000000000000000000000000000000000000000000000000000000000000000000000000000000000000000000000000000000000000000000000000000000000000000000000000000000000000000000001fffffffffffffffffffffffffffffffffffffffffffffffffff.
padder_out: 000000000000000000000000000000000000000000000000000000000000000080000000000000000000000000000000000000000000000000000000000000000000000000000000000000000000000000000000000000000000000000000000000000000000000000000000000000000000000000000000000000000000000000000000000000000000000000001fffffffffffffffffffffffffffffffffffffffffffffffffff.
padder_out: 000000000000000000000000000000000000000000000000000000000000000080000000000000000000000000000000000000000000000000000000000000000000000000000000000000000000000000000000000000000000000000000000000000000000000000000000000000000000000000000000000000000000000000000000000000000000000000001fffffffffffffffffffffffffffffffffffffffffffffffffff.
f_out: 253e663a57f375b80d79f793c822efa038fe9381cccf86bbd97af2103f8b2055184638f0a425c3278a32184382bfc1e17017eb39048f6c5571e462c1513131020e4a2c0f60f37f9634152a7cb105f531761287569eb1aba6ab0df62e073c6a31fc20ddc2c6830229b6bac52a5e14e0ef9f3812f64492e37cd010e4a0fd954bd35cc9205c784967abaa4b5bf5516d33b96f8a948d31a06e9fa907ec3349af72adbe301a2254008ee38c9f4b4dccae070c9c09335e6d2d91afcb2ec3232bb0f8ba8ed4d7093f1dd50f.
padder_out: 000000000000000000000000000000000000000000000000000000000000000080000000000000000000000000000000000000000000000000000000000000000000000000000000000000000000000000000000000000000000000000000000000000000000000000000000000000000000000000000000000000000000000000000000000000000000000000001fffffffffffffffffffffffffffffffffffffffffffffffffff.
f_out: 97e5430020faa4e7624978670a20eaefda9dfcf019727aa82fbb803bbc731919d89ea6cec7b5c4d6540a0f835e3024e96795e731cd23ea8b6e68f9446073a39418fa4be85f490883ca0f7730b0fb054470a58c2845a19ac57c4b8fd10bdb62db96a4a2d1294d614b719f59e8876c8907f75267984438053818124c04b613703999e254693f210e66891c547cc3c8124be0cf35b35d15871fde9d673c429903f0ef4cf7961b88fa17b40ab72f060f81efb11229edc33df810ca2ff49103769367e4c4bef8df0de847.
out: 000000000000000000000000000000000000000000000000000000000000000018fa4be85f490883ca0f7730b0fb054470a58c2845a19ac57c4b8fd10bdb62db96a4a2d1294d614b719f59e8876c8907f75267984438053818124c04b613703999e254693f210e66891c547cc3c8124be0cf35b35d15871fde9d673c429903f0ef4cf7961b88fa17b40ab72f060f81efb11229edc33df810ca2ff49103769367e4c4bef8df0de847.
update_compile_order -fileset sources_1
update_compile_order -fileset sources_1
relaunch_sim
Command: launch_simulation -step compile -simset sim_1 -mode behavioral
INFO: [Vivado 12-12493] Simulation top is 'Keccak_Dilithium_tb'
WARNING: [Vivado 12-13340] Unable to auto find GCC executables from simulator install path! (path not set)
INFO: [Vivado 12-5682] Launching behavioral simulation in 'C:/Users/fossu/Desktop/ML_DSA_Syn/IMP/SHA3_imp/Keccak_Dilithium/Keccak_Dilithium.sim/sim_1/behav/xsim'
INFO: [SIM-utils-51] Simulation object is 'sim_1'
INFO: [USF-XSim-2] XSim::Compile design
INFO: [USF-XSim-61] Executing 'COMPILE and ANALYZE' step in 'C:/Users/fossu/Desktop/ML_DSA_Syn/IMP/SHA3_imp/Keccak_Dilithium/Keccak_Dilithium.sim/sim_1/behav/xsim'
"xvlog --incr --relax -prj Keccak_Dilithium_tb_vlog.prj"
ECHO 已關閉。
ECHO 已關閉。
INFO: [VRFC 10-2263] Analyzing Verilog file "C:/Users/fossu/Desktop/ML_DSA_Syn/IMP/SHA3_imp/Keccak_Dilithium/Keccak_Dilithium.srcs/sources_1/imports/Keccak_Dilithium/F_Permutation_Dilithium.v" into library xil_defaultlib
INFO: [VRFC 10-311] analyzing module F_Permutation_Dilithium
INFO: [VRFC 10-2263] Analyzing Verilog file "C:/Users/fossu/Desktop/ML_DSA_Syn/IMP/SHA3_imp/Keccak_Dilithium/Keccak_Dilithium.srcs/sources_1/imports/Keccak_Dilithium/Keccak_dilithium.v" into library xil_defaultlib
INFO: [VRFC 10-311] analyzing module Keccak_Dilithium
ERROR: [VRFC 10-4982] syntax error near 'output' [C:/Users/fossu/Desktop/ML_DSA_Syn/IMP/SHA3_imp/Keccak_Dilithium/Keccak_Dilithium.srcs/sources_1/imports/Keccak_Dilithium/Keccak_dilithium.v:16]
ERROR: [VRFC 10-8549] Verilog 2000 keyword 'output' used in incorrect context [C:/Users/fossu/Desktop/ML_DSA_Syn/IMP/SHA3_imp/Keccak_Dilithium/Keccak_Dilithium.srcs/sources_1/imports/Keccak_Dilithium/Keccak_dilithium.v:16]
INFO: [USF-XSim-69] 'compile' step finished in '2' seconds
INFO: [USF-XSim-99] Step results log file:'C:/Users/fossu/Desktop/ML_DSA_Syn/IMP/SHA3_imp/Keccak_Dilithium/Keccak_Dilithium.sim/sim_1/behav/xsim/xvlog.log'
ERROR: [USF-XSim-62] 'compile' step failed with error(s). Please check the Tcl console output or 'C:/Users/fossu/Desktop/ML_DSA_Syn/IMP/SHA3_imp/Keccak_Dilithium/Keccak_Dilithium.sim/sim_1/behav/xsim/xvlog.log' file for more information.
ERROR: [Vivado 12-4473] Detected error while running simulation. Please correct the issue and retry this operation.
ERROR: [Common 17-39] 'launch_simulation' failed due to earlier errors.
ERROR: [Common 17-69] Command failed: ERROR: [Common 17-39] 'launch_simulation' failed due to earlier errors.

relaunch_sim
Command: launch_simulation -step compile -simset sim_1 -mode behavioral
INFO: [Vivado 12-12493] Simulation top is 'Keccak_Dilithium_tb'
WARNING: [Vivado 12-13340] Unable to auto find GCC executables from simulator install path! (path not set)
INFO: [Vivado 12-5682] Launching behavioral simulation in 'C:/Users/fossu/Desktop/ML_DSA_Syn/IMP/SHA3_imp/Keccak_Dilithium/Keccak_Dilithium.sim/sim_1/behav/xsim'
INFO: [SIM-utils-51] Simulation object is 'sim_1'
INFO: [USF-XSim-2] XSim::Compile design
INFO: [USF-XSim-61] Executing 'COMPILE and ANALYZE' step in 'C:/Users/fossu/Desktop/ML_DSA_Syn/IMP/SHA3_imp/Keccak_Dilithium/Keccak_Dilithium.sim/sim_1/behav/xsim'
"xvlog --incr --relax -prj Keccak_Dilithium_tb_vlog.prj"
ECHO 已關閉。
ECHO 已關閉。
INFO: [VRFC 10-2263] Analyzing Verilog file "C:/Users/fossu/Desktop/ML_DSA_Syn/IMP/SHA3_imp/Keccak_Dilithium/Keccak_Dilithium.srcs/sources_1/imports/Keccak_Dilithium/F_Permutation_Dilithium.v" into library xil_defaultlib
INFO: [VRFC 10-311] analyzing module F_Permutation_Dilithium
INFO: [VRFC 10-2263] Analyzing Verilog file "C:/Users/fossu/Desktop/ML_DSA_Syn/IMP/SHA3_imp/Keccak_Dilithium/Keccak_Dilithium.srcs/sources_1/imports/Keccak_Dilithium/Keccak_dilithium.v" into library xil_defaultlib
INFO: [VRFC 10-311] analyzing module Keccak_Dilithium
INFO: [VRFC 10-2263] Analyzing Verilog file "C:/Users/fossu/Desktop/ML_DSA_Syn/IMP/SHA3_imp/Keccak_Dilithium/Keccak_Dilithium.srcs/sources_1/imports/Keccak_Dilithium/Padder_Dilithium.v" into library xil_defaultlib
INFO: [VRFC 10-311] analyzing module Padder_Dilithium
INFO: [VRFC 10-2263] Analyzing Verilog file "C:/Users/fossu/Desktop/ML_DSA_Syn/IMP/SHA3_imp/Keccak_Dilithium/Keccak_Dilithium.srcs/sources_1/imports/Keccak_Dilithium/padder1.v" into library xil_defaultlib
INFO: [VRFC 10-311] analyzing module padder1
INFO: [VRFC 10-2263] Analyzing Verilog file "C:/Users/fossu/Desktop/ML_DSA_Syn/IMP/SHA3_imp/Keccak_Dilithium/Keccak_Dilithium.srcs/sources_1/imports/Keccak_Dilithium/rconst.v" into library xil_defaultlib
INFO: [VRFC 10-311] analyzing module rconst
INFO: [VRFC 10-2263] Analyzing Verilog file "C:/Users/fossu/Desktop/ML_DSA_Syn/IMP/SHA3_imp/Keccak_Dilithium/Keccak_Dilithium.srcs/sources_1/imports/Keccak_Dilithium/round.v" into library xil_defaultlib
INFO: [VRFC 10-311] analyzing module round
INFO: [VRFC 10-2263] Analyzing Verilog file "C:/Users/fossu/Desktop/ML_DSA_Syn/IMP/SHA3_imp/Keccak_Dilithium/Keccak_Dilithium.srcs/sim_1/new/Keccak_Dilithium_tb.v" into library xil_defaultlib
INFO: [VRFC 10-311] analyzing module Keccak_Dilithium_tb
INFO: [USF-XSim-69] 'compile' step finished in '1' seconds
Command: launch_simulation -step elaborate -simset sim_1 -mode behavioral
INFO: [Vivado 12-12493] Simulation top is 'Keccak_Dilithium_tb'
WARNING: [Vivado 12-13340] Unable to auto find GCC executables from simulator install path! (path not set)
INFO: [Vivado 12-5682] Launching behavioral simulation in 'C:/Users/fossu/Desktop/ML_DSA_Syn/IMP/SHA3_imp/Keccak_Dilithium/Keccak_Dilithium.sim/sim_1/behav/xsim'
INFO: [SIM-utils-51] Simulation object is 'sim_1'
INFO: [USF-XSim-3] XSim::Elaborate design
INFO: [USF-XSim-61] Executing 'ELABORATE' step in 'C:/Users/fossu/Desktop/ML_DSA_Syn/IMP/SHA3_imp/Keccak_Dilithium/Keccak_Dilithium.sim/sim_1/behav/xsim'
"xelab --incr --debug typical --relax --mt 2 -L xil_defaultlib -L unisims_ver -L unimacro_ver -L secureip --snapshot Keccak_Dilithium_tb_behav xil_defaultlib.Keccak_Dilithium_tb xil_defaultlib.glbl -log elaborate.log"
ECHO 已關閉。
ECHO 已關閉。
Vivado Simulator v2023.2
Copyright 1986-2022 Xilinx, Inc. All Rights Reserved.
Copyright 2022-2023 Advanced Micro Devices, Inc. All Rights Reserved.
Running: D:/Xilinx/Vivado/2023.2/bin/unwrapped/win64.o/xelab.exe --incr --debug typical --relax --mt 2 -L xil_defaultlib -L unisims_ver -L unimacro_ver -L secureip --snapshot Keccak_Dilithium_tb_behav xil_defaultlib.Keccak_Dilithium_tb xil_defaultlib.glbl -log elaborate.log 
Using 2 slave threads.
Starting static elaboration
Pass Through NonSizing Optimizer
Completed static elaboration
Starting simulation data flow analysis
WARNING: [XSIM 43-4099] "C:/Users/fossu/Desktop/ML_DSA_Syn/IMP/SHA3_imp/Keccak_Dilithium/Keccak_Dilithium.srcs/sources_1/imports/Keccak_Dilithium/Keccak_dilithium.v" Line 1. Module Keccak_Dilithium doesn't have a timescale but at least one module in design has a timescale.
WARNING: [XSIM 43-4099] "C:/Users/fossu/Desktop/ML_DSA_Syn/IMP/SHA3_imp/Keccak_Dilithium/Keccak_Dilithium.srcs/sources_1/imports/Keccak_Dilithium/Padder_Dilithium.v" Line 1. Module Padder_Dilithium doesn't have a timescale but at least one module in design has a timescale.
WARNING: [XSIM 43-4099] "C:/Users/fossu/Desktop/ML_DSA_Syn/IMP/SHA3_imp/Keccak_Dilithium/Keccak_Dilithium.srcs/sources_1/imports/Keccak_Dilithium/padder1.v" Line 9. Module padder1 doesn't have a timescale but at least one module in design has a timescale.
WARNING: [XSIM 43-4099] "C:/Users/fossu/Desktop/ML_DSA_Syn/IMP/SHA3_imp/Keccak_Dilithium/Keccak_Dilithium.srcs/sources_1/imports/Keccak_Dilithium/F_Permutation_Dilithium.v" Line 1. Module F_Permutation_Dilithium doesn't have a timescale but at least one module in design has a timescale.
WARNING: [XSIM 43-4099] "C:/Users/fossu/Desktop/ML_DSA_Syn/IMP/SHA3_imp/Keccak_Dilithium/Keccak_Dilithium.srcs/sources_1/imports/Keccak_Dilithium/rconst.v" Line 18. Module rconst doesn't have a timescale but at least one module in design has a timescale.
WARNING: [XSIM 43-4099] "C:/Users/fossu/Desktop/ML_DSA_Syn/IMP/SHA3_imp/Keccak_Dilithium/Keccak_Dilithium.srcs/sources_1/imports/Keccak_Dilithium/round.v" Line 10. Module round doesn't have a timescale but at least one module in design has a timescale.
WARNING: [XSIM 43-4099] "C:/Users/fossu/Desktop/ML_DSA_Syn/IMP/SHA3_imp/Keccak_Dilithium/Keccak_Dilithium.srcs/sources_1/imports/Keccak_Dilithium/Keccak_dilithium.v" Line 1. Module Keccak_Dilithium doesn't have a timescale but at least one module in design has a timescale.
WARNING: [XSIM 43-4099] "C:/Users/fossu/Desktop/ML_DSA_Syn/IMP/SHA3_imp/Keccak_Dilithium/Keccak_Dilithium.srcs/sources_1/imports/Keccak_Dilithium/Padder_Dilithium.v" Line 1. Module Padder_Dilithium doesn't have a timescale but at least one module in design has a timescale.
WARNING: [XSIM 43-4099] "C:/Users/fossu/Desktop/ML_DSA_Syn/IMP/SHA3_imp/Keccak_Dilithium/Keccak_Dilithium.srcs/sources_1/imports/Keccak_Dilithium/padder1.v" Line 9. Module padder1 doesn't have a timescale but at least one module in design has a timescale.
WARNING: [XSIM 43-4099] "C:/Users/fossu/Desktop/ML_DSA_Syn/IMP/SHA3_imp/Keccak_Dilithium/Keccak_Dilithium.srcs/sources_1/imports/Keccak_Dilithium/F_Permutation_Dilithium.v" Line 1. Module F_Permutation_Dilithium doesn't have a timescale but at least one module in design has a timescale.
WARNING: [XSIM 43-4099] "C:/Users/fossu/Desktop/ML_DSA_Syn/IMP/SHA3_imp/Keccak_Dilithium/Keccak_Dilithium.srcs/sources_1/imports/Keccak_Dilithium/rconst.v" Line 18. Module rconst doesn't have a timescale but at least one module in design has a timescale.
WARNING: [XSIM 43-4099] "C:/Users/fossu/Desktop/ML_DSA_Syn/IMP/SHA3_imp/Keccak_Dilithium/Keccak_Dilithium.srcs/sources_1/imports/Keccak_Dilithium/round.v" Line 10. Module round doesn't have a timescale but at least one module in design has a timescale.
Completed simulation data flow analysis
Time Resolution for simulation is 1ps
Compiling module xil_defaultlib.padder1
Compiling module xil_defaultlib.Padder_Dilithium
Compiling module xil_defaultlib.rconst
Compiling module xil_defaultlib.round
Compiling module xil_defaultlib.F_Permutation_Dilithium
Compiling module xil_defaultlib.Keccak_Dilithium
Compiling module xil_defaultlib.Keccak_Dilithium_tb
Compiling module xil_defaultlib.glbl
Built simulation snapshot Keccak_Dilithium_tb_behav
run_program: Time (s): cpu = 00:00:01 ; elapsed = 00:00:05 . Memory (MB): peak = 1652.691 ; gain = 0.000
INFO: [USF-XSim-69] 'elaborate' step finished in '6' seconds
launch_simulation: Time (s): cpu = 00:00:01 ; elapsed = 00:00:06 . Memory (MB): peak = 1652.691 ; gain = 0.000
Time resolution is 1 ps
padder_out: 0000000000000000000000000000000000000000000000000000000000000000ffffffffffffffffffffffffffffffffffffffffffffffffffffffffffffffffffffffffffffffffffffffffffffffffffffffffffffffffffffffffffffffffffffffffffffffffffffffffffffffffffffffffffffffffffffffffffffffffffffffffffffffffffffffffffffffffffffffffffffffffffffffffffffffffffffffffffffffff.
padder_out: 000000000000000000000000000000000000000000000000000000000000000080000000000000000000000000000000000000000000000000000000000000000000000000000000000000000000000000000000000000000000000000000000000000000000000000000000000000000000000000000000000000000000000000000000000000000000000000001fffffffffffffffffffffffffffffffffffffffffffffffffff.
padder_out: 000000000000000000000000000000000000000000000000000000000000000080000000000000000000000000000000000000000000000000000000000000000000000000000000000000000000000000000000000000000000000000000000000000000000000000000000000000000000000000000000000000000000000000000000000000000000000000001fffffffffffffffffffffffffffffffffffffffffffffffffff.
padder_out: 000000000000000000000000000000000000000000000000000000000000000080000000000000000000000000000000000000000000000000000000000000000000000000000000000000000000000000000000000000000000000000000000000000000000000000000000000000000000000000000000000000000000000000000000000000000000000000001fffffffffffffffffffffffffffffffffffffffffffffffffff.
padder_out: 000000000000000000000000000000000000000000000000000000000000000080000000000000000000000000000000000000000000000000000000000000000000000000000000000000000000000000000000000000000000000000000000000000000000000000000000000000000000000000000000000000000000000000000000000000000000000000001fffffffffffffffffffffffffffffffffffffffffffffffffff.
padder_out: 000000000000000000000000000000000000000000000000000000000000000080000000000000000000000000000000000000000000000000000000000000000000000000000000000000000000000000000000000000000000000000000000000000000000000000000000000000000000000000000000000000000000000000000000000000000000000000001fffffffffffffffffffffffffffffffffffffffffffffffffff.
padder_out: 000000000000000000000000000000000000000000000000000000000000000080000000000000000000000000000000000000000000000000000000000000000000000000000000000000000000000000000000000000000000000000000000000000000000000000000000000000000000000000000000000000000000000000000000000000000000000000001fffffffffffffffffffffffffffffffffffffffffffffffffff.
padder_out: 000000000000000000000000000000000000000000000000000000000000000080000000000000000000000000000000000000000000000000000000000000000000000000000000000000000000000000000000000000000000000000000000000000000000000000000000000000000000000000000000000000000000000000000000000000000000000000001fffffffffffffffffffffffffffffffffffffffffffffffffff.
f_out: 4f331239af8ddb602070ae28725dd357dae3ff0148fd98b4f7095ff9d68f863b43f36ea525d5972e7c79e1ccd695e798c0cfeaa266695f32a2c3dd7442e8e2b66c196f00b3f1889fb25e71dcab8b81c37556904cbede57a981ba542cb96244c274b3181bdfb2ca001272d32422363c746a4cc3a1e70fccbaf118edc6b797f57a74eab272461dd5fa87f047884598c686bdc39bc0faf767a470205637bdbd81b9fe0e855c4c4b987ade6137f6465008434280ab6addbb6319b5805c7858ccdad7980b848c76df9961.
padder_out: 000000000000000000000000000000000000000000000000000000000000000080000000000000000000000000000000000000000000000000000000000000000000000000000000000000000000000000000000000000000000000000000000000000000000000000000000000000000000000000000000000000000000000000000000000000000000000000001fffffffffffffffffffffffffffffffffffffffffffffffffff.
f_out: b821d673e817b35e25a67f945cb0a830f69eab36013f7c9ebd092990931e2d2d342078464a2bd6ceda106979191943ebf1370bcf6b597433e41f429d4438d5c9530f05e48f7446209a1a8a034348754ba3dc1c40ece2d15687d1d03f445ab530b05770d7e1d45fac2f5458e2955cc7c20c6a4a7037a3487ec4c6718edc9a5786b294500ea4942a729097dcac3624caf80b11adbae4d6f59f2026674f94c4ee0a1387227065a22e4ede2cd588195c1868b589500417b408dcf1d34559b641919771ea0b0e8355050a.
out: 0000000000000000000000000000000000000000000000000000000000000000530f05e48f7446209a1a8a034348754ba3dc1c40ece2d15687d1d03f445ab530b05770d7e1d45fac2f5458e2955cc7c20c6a4a7037a3487ec4c6718edc9a5786b294500ea4942a729097dcac3624caf80b11adbae4d6f59f2026674f94c4ee0a1387227065a22e4ede2cd588195c1868b589500417b408dcf1d34559b641919771ea0b0e8355050a.
relaunch_sim: Time (s): cpu = 00:00:01 ; elapsed = 00:00:11 . Memory (MB): peak = 1652.691 ; gain = 0.000
run 1 us
padder_out: 0000000000000000000000000000000000000000000000000000000000000000ffffffffffffffffffffffffffffffffffffffffffffffffffffffffffffffffffffffffffffffffffffffffffffffffffffffffffffffffffffffffffffffffffffffffffffffffffffffffffffffffffffffffffffffffffffffffffffffffffffffffffffffffffffffffffffffffffffffffffffffffffffffffffffffffffffffffffffffff.
$finish called at time : 1661 ns : File "C:/Users/fossu/Desktop/ML_DSA_Syn/IMP/SHA3_imp/Keccak_Dilithium/Keccak_Dilithium.srcs/sim_1/new/Keccak_Dilithium_tb.v" Line 121
run 1 us
padder_out: 000000000000000000000000000000000000000000000000000000000000000080000000000000000000000000000000000000000000000000000000000000000000000000000000000000000000000000000000000000000000000000000000000000000000000000000000000000000000000000000000000000000000000000000000000000000000000000001fffffffffffffffffffffffffffffffffffffffffffffffffff.
padder_out: 000000000000000000000000000000000000000000000000000000000000000080000000000000000000000000000000000000000000000000000000000000000000000000000000000000000000000000000000000000000000000000000000000000000000000000000000000000000000000000000000000000000000000000000000000000000000000000001fffffffffffffffffffffffffffffffffffffffffffffffffff.
padder_out: 000000000000000000000000000000000000000000000000000000000000000080000000000000000000000000000000000000000000000000000000000000000000000000000000000000000000000000000000000000000000000000000000000000000000000000000000000000000000000000000000000000000000000000000000000000000000000000001fffffffffffffffffffffffffffffffffffffffffffffffffff.
padder_out: 000000000000000000000000000000000000000000000000000000000000000080000000000000000000000000000000000000000000000000000000000000000000000000000000000000000000000000000000000000000000000000000000000000000000000000000000000000000000000000000000000000000000000000000000000000000000000000001fffffffffffffffffffffffffffffffffffffffffffffffffff.
padder_out: 000000000000000000000000000000000000000000000000000000000000000080000000000000000000000000000000000000000000000000000000000000000000000000000000000000000000000000000000000000000000000000000000000000000000000000000000000000000000000000000000000000000000000000000000000000000000000000001fffffffffffffffffffffffffffffffffffffffffffffffffff.
padder_out: 000000000000000000000000000000000000000000000000000000000000000080000000000000000000000000000000000000000000000000000000000000000000000000000000000000000000000000000000000000000000000000000000000000000000000000000000000000000000000000000000000000000000000000000000000000000000000000001fffffffffffffffffffffffffffffffffffffffffffffffffff.
padder_out: 000000000000000000000000000000000000000000000000000000000000000080000000000000000000000000000000000000000000000000000000000000000000000000000000000000000000000000000000000000000000000000000000000000000000000000000000000000000000000000000000000000000000000000000000000000000000000000001fffffffffffffffffffffffffffffffffffffffffffffffffff.
f_out: 4f331239af8ddb602070ae28725dd357dae3ff0148fd98b4f7095ff9d68f863b43f36ea525d5972e7c79e1ccd695e798c0cfeaa266695f32a2c3dd7442e8e2b66c196f00b3f1889fb25e71dcab8b81c37556904cbede57a981ba542cb96244c274b3181bdfb2ca001272d32422363c746a4cc3a1e70fccbaf118edc6b797f57a74eab272461dd5fa87f047884598c686bdc39bc0faf767a470205637bdbd81b9fe0e855c4c4b987ade6137f6465008434280ab6addbb6319b5805c7858ccdad7980b848c76df9961.
padder_out: 000000000000000000000000000000000000000000000000000000000000000080000000000000000000000000000000000000000000000000000000000000000000000000000000000000000000000000000000000000000000000000000000000000000000000000000000000000000000000000000000000000000000000000000000000000000000000000001fffffffffffffffffffffffffffffffffffffffffffffffffff.
f_out: b821d673e817b35e25a67f945cb0a830f69eab36013f7c9ebd092990931e2d2d342078464a2bd6ceda106979191943ebf1370bcf6b597433e41f429d4438d5c9530f05e48f7446209a1a8a034348754ba3dc1c40ece2d15687d1d03f445ab530b05770d7e1d45fac2f5458e2955cc7c20c6a4a7037a3487ec4c6718edc9a5786b294500ea4942a729097dcac3624caf80b11adbae4d6f59f2026674f94c4ee0a1387227065a22e4ede2cd588195c1868b589500417b408dcf1d34559b641919771ea0b0e8355050a.
out: 0000000000000000000000000000000000000000000000000000000000000000530f05e48f7446209a1a8a034348754ba3dc1c40ece2d15687d1d03f445ab530b05770d7e1d45fac2f5458e2955cc7c20c6a4a7037a3487ec4c6718edc9a5786b294500ea4942a729097dcac3624caf80b11adbae4d6f59f2026674f94c4ee0a1387227065a22e4ede2cd588195c1868b589500417b408dcf1d34559b641919771ea0b0e8355050a.
update_compile_order -fileset sources_1
close_sim
INFO: [Simtcl 6-16] Simulation closed
exit
INFO: [Common 17-206] Exiting Vivado at Fri Jan 10 14:34:57 2025...
