#-----------------------------------------------------------
# Vivado v2023.2 (64-bit)
# SW Build 4029153 on Fri Oct 13 20:14:34 MDT 2023
# IP Build 4028589 on Sat Oct 14 00:45:43 MDT 2023
# SharedData Build 4025554 on Tue Oct 10 17:18:54 MDT 2023
# Start of session at: Thu Feb 13 15:46:20 2025
# Process ID: 25476
# Current directory: C:/Users/USER/Desktop/ML_DSA_syn/IMP/NTT/NTT
# Command line: vivado.exe -gui_launcher_event rodinguilauncherevent12484 C:\Users\USER\Desktop\ML_DSA_syn\IMP\NTT\NTT\NTT.xpr
# Log file: C:/Users/USER/Desktop/ML_DSA_syn/IMP/NTT/NTT/vivado.log
# Journal file: C:/Users/USER/Desktop/ML_DSA_syn/IMP/NTT/NTT\vivado.jou
# Running On: LAPTOP-2P71OMBV, OS: Windows, CPU Frequency: 3194 MHz, CPU Physical cores: 16, Host memory: 16542 MB
#-----------------------------------------------------------
start_gui
open_project C:/Users/USER/Desktop/ML_DSA_syn/IMP/NTT/NTT/NTT.xpr
WARNING: [Board 49-26] cannot add Board Part xilinx.com:kc705:part0:1.6 available at C:/Xilinx/Vivado/2023.2/data/xhub/boards/XilinxBoardStore/boards/Xilinx/kc705/1.6/board.xml as part xc7k325tffg900-2 specified in board_part file is either invalid or not available
WARNING: [Board 49-26] cannot add Board Part xilinx.com:kcu105:part0:1.6 available at C:/Xilinx/Vivado/2023.2/data/xhub/boards/XilinxBoardStore/boards/Xilinx/kcu105/1.6/board.xml as part xcku040-ffva1156-2-e specified in board_part file is either invalid or not available
WARNING: [Board 49-26] cannot add Board Part xilinx.com:kcu105:part0:1.7 available at C:/Xilinx/Vivado/2023.2/data/xhub/boards/XilinxBoardStore/boards/Xilinx/kcu105/1.7/board.xml as part xcku040-ffva1156-2-e specified in board_part file is either invalid or not available
WARNING: [Board 49-26] cannot add Board Part xilinx.com:kcu1500:part0:1.2 available at C:/Xilinx/Vivado/2023.2/data/xhub/boards/XilinxBoardStore/boards/Xilinx/kcu1500/1.2/board.xml as part xcku115-flvb2104-2-e specified in board_part file is either invalid or not available
WARNING: [Board 49-26] cannot add Board Part xilinx.com:vc707:part0:1.4 available at C:/Xilinx/Vivado/2023.2/data/xhub/boards/XilinxBoardStore/boards/Xilinx/vc707/1.4/board.xml as part xc7vx485tffg1761-2 specified in board_part file is either invalid or not available
WARNING: [Board 49-26] cannot add Board Part xilinx.com:vc709:part0:1.8 available at C:/Xilinx/Vivado/2023.2/data/xhub/boards/XilinxBoardStore/boards/Xilinx/vc709/1.8/board.xml as part xc7vx690tffg1761-2 specified in board_part file is either invalid or not available
WARNING: [Board 49-26] cannot add Board Part xilinx.com:vck190:part0:2.2 available at C:/Xilinx/Vivado/2023.2/data/xhub/boards/XilinxBoardStore/boards/Xilinx/vck190/production/2.2/board.xml as part xcvc1902-vsva2197-2mp-e-s specified in board_part file is either invalid or not available
WARNING: [Board 49-26] cannot add Board Part xilinx.com:vck190:part0:3.0 available at C:/Xilinx/Vivado/2023.2/data/xhub/boards/XilinxBoardStore/boards/Xilinx/vck190/production/3.0/board.xml as part xcvc1902-vsva2197-2mp-e-s specified in board_part file is either invalid or not available
WARNING: [Board 49-26] cannot add Board Part xilinx.com:vck190:part0:3.1 available at C:/Xilinx/Vivado/2023.2/data/xhub/boards/XilinxBoardStore/boards/Xilinx/vck190/production/3.1/board.xml as part xcvc1902-vsva2197-2mp-e-s specified in board_part file is either invalid or not available
WARNING: [Board 49-26] cannot add Board Part xilinx.com:vck190:part0:3.2 available at C:/Xilinx/Vivado/2023.2/data/xhub/boards/XilinxBoardStore/boards/Xilinx/vck190/production/3.2/board.xml as part xcvc1902-vsva2197-2mp-e-s specified in board_part file is either invalid or not available
WARNING: [Board 49-26] cannot add Board Part xilinx.com:vck190_newl:part0:1.0 available at C:/Xilinx/Vivado/2023.2/data/xhub/boards/XilinxBoardStore/boards/Xilinx/vck190_newl/production/1.0/board.xml as part xcvc1902-vsva2197-2mp-e-s specified in board_part file is either invalid or not available
WARNING: [Board 49-26] cannot add Board Part xilinx.com:vck190_newl:part0:1.1 available at C:/Xilinx/Vivado/2023.2/data/xhub/boards/XilinxBoardStore/boards/Xilinx/vck190_newl/production/1.1/board.xml as part xcvc1902-vsva2197-2mp-e-s specified in board_part file is either invalid or not available
WARNING: [Board 49-26] cannot add Board Part xilinx.com:vcu108:part0:1.6 available at C:/Xilinx/Vivado/2023.2/data/xhub/boards/XilinxBoardStore/boards/Xilinx/vcu108/1.6/board.xml as part xcvu095-ffva2104-2-e specified in board_part file is either invalid or not available
WARNING: [Board 49-26] cannot add Board Part xilinx.com:vcu108:part0:1.7 available at C:/Xilinx/Vivado/2023.2/data/xhub/boards/XilinxBoardStore/boards/Xilinx/vcu108/1.7/board.xml as part xcvu095-ffva2104-2-e specified in board_part file is either invalid or not available
WARNING: [Board 49-26] cannot add Board Part xilinx.com:vcu110:part0:1.4 available at C:/Xilinx/Vivado/2023.2/data/xhub/boards/XilinxBoardStore/boards/Xilinx/vcu110/1.4/board.xml as part xcvu190-flgc2104-2-e specified in board_part file is either invalid or not available
WARNING: [Board 49-26] cannot add Board Part xilinx.com:vcu118:part0:2.0 available at C:/Xilinx/Vivado/2023.2/data/xhub/boards/XilinxBoardStore/boards/Xilinx/vcu118/2.0/board.xml as part xcvu9p-flga2104-2l-e specified in board_part file is either invalid or not available
WARNING: [Board 49-26] cannot add Board Part xilinx.com:vcu118:part0:2.3 available at C:/Xilinx/Vivado/2023.2/data/xhub/boards/XilinxBoardStore/boards/Xilinx/vcu118/2.3/board.xml as part xcvu9p-flga2104-2l-e specified in board_part file is either invalid or not available
WARNING: [Board 49-26] cannot add Board Part xilinx.com:vcu118:part0:2.4 available at C:/Xilinx/Vivado/2023.2/data/xhub/boards/XilinxBoardStore/boards/Xilinx/vcu118/2.4/board.xml as part xcvu9p-flga2104-2l-e specified in board_part file is either invalid or not available
WARNING: [Board 49-26] cannot add Board Part xilinx.com:vcu129:part0:1.0 available at C:/Xilinx/Vivado/2023.2/data/xhub/boards/XilinxBoardStore/boards/Xilinx/vcu129/production/1.0/board.xml as part xcvu29p-fsga2577-2l-e specified in board_part file is either invalid or not available
WARNING: [Board 49-26] cannot add Board Part xilinx.com:vcu1525:part0:1.3 available at C:/Xilinx/Vivado/2023.2/data/xhub/boards/XilinxBoardStore/boards/Xilinx/vcu1525/1.3/board.xml as part xcvu9p-fsgd2104-2l-e specified in board_part file is either invalid or not available
WARNING: [Board 49-26] cannot add Board Part xilinx.com:vek280:part0:1.0 available at C:/Xilinx/Vivado/2023.2/data/xhub/boards/XilinxBoardStore/boards/Xilinx/vek280/production/1.0/board.xml as part xcve2802-vsvh1760-2mp-e-s specified in board_part file is either invalid or not available
WARNING: [Board 49-26] cannot add Board Part xilinx.com:vek280_es:part0:1.0 available at C:/Xilinx/Vivado/2023.2/data/xhub/boards/XilinxBoardStore/boards/Xilinx/vek280/es/rev_a/1.0/board.xml as part xcve2802-vsvh1760-2lp-e-s-es1 specified in board_part file is either invalid or not available
WARNING: [Board 49-26] cannot add Board Part xilinx.com:vek280_es:part0:1.1 available at C:/Xilinx/Vivado/2023.2/data/xhub/boards/XilinxBoardStore/boards/Xilinx/vek280/es/rev_a/1.1/board.xml as part xcve2802-vsvh1760-2lp-e-s-es1 specified in board_part file is either invalid or not available
WARNING: [Board 49-26] cannot add Board Part xilinx.com:vek280_es_revb:part0:1.0 available at C:/Xilinx/Vivado/2023.2/data/xhub/boards/XilinxBoardStore/boards/Xilinx/vek280/es/rev_b/1.0/board.xml as part xcve2802-vsvh1760-2mp-e-s-es1 specified in board_part file is either invalid or not available
WARNING: [Board 49-26] cannot add Board Part xilinx.com:vek280_es_revb:part0:1.1 available at C:/Xilinx/Vivado/2023.2/data/xhub/boards/XilinxBoardStore/boards/Xilinx/vek280/es/rev_b/1.1/board.xml as part xcve2802-vsvh1760-2mp-e-s-es1 specified in board_part file is either invalid or not available
WARNING: [Board 49-26] cannot add Board Part xilinx.com:vermeo_t1_mpsoc:part0:1.0 available at C:/Xilinx/Vivado/2023.2/data/xhub/boards/XilinxBoardStore/boards/Xilinx/vermeo_t1_mpsoc/1.0/board.xml as part xczu19eg-ffvd1760-2l-e specified in board_part file is either invalid or not available
WARNING: [Board 49-26] cannot add Board Part xilinx.com:vermeo_t1_rfsoc:part0:1.0 available at C:/Xilinx/Vivado/2023.2/data/xhub/boards/XilinxBoardStore/boards/Xilinx/vermeo_t1_rfsoc/1.0/board.xml as part xczu21dr-ffvd1156-2l-e specified in board_part file is either invalid or not available
WARNING: [Board 49-26] cannot add Board Part xilinx.com:vhk158:part0:1.0 available at C:/Xilinx/Vivado/2023.2/data/xhub/boards/XilinxBoardStore/boards/Xilinx/vhk158/production/1.0/board.xml as part xcvh1582-vsva3697-2mp-e-s specified in board_part file is either invalid or not available
WARNING: [Board 49-26] cannot add Board Part xilinx.com:vhk158:part0:1.1 available at C:/Xilinx/Vivado/2023.2/data/xhub/boards/XilinxBoardStore/boards/Xilinx/vhk158/production/1.1/board.xml as part xcvh1582-vsva3697-2mp-e-s specified in board_part file is either invalid or not available
WARNING: [Board 49-26] cannot add Board Part xilinx.com:vhk158_es:part0:1.0 available at C:/Xilinx/Vivado/2023.2/data/xhub/boards/XilinxBoardStore/boards/Xilinx/vhk158/es/1.0/board.xml as part xcvh1582-vsva3697-2mp-e-s-es1 specified in board_part file is either invalid or not available
WARNING: [Board 49-26] cannot add Board Part xilinx.com:vhk158_es:part0:1.1 available at C:/Xilinx/Vivado/2023.2/data/xhub/boards/XilinxBoardStore/boards/Xilinx/vhk158/es/1.1/board.xml as part xcvh1582-vsva3697-2mp-e-s-es1 specified in board_part file is either invalid or not available
WARNING: [Board 49-26] cannot add Board Part xilinx.com:vmk180:part0:2.2 available at C:/Xilinx/Vivado/2023.2/data/xhub/boards/XilinxBoardStore/boards/Xilinx/vmk180/production/2.2/board.xml as part xcvm1802-vsva2197-2mp-e-s specified in board_part file is either invalid or not available
WARNING: [Board 49-26] cannot add Board Part xilinx.com:vmk180:part0:3.0 available at C:/Xilinx/Vivado/2023.2/data/xhub/boards/XilinxBoardStore/boards/Xilinx/vmk180/production/3.0/board.xml as part xcvm1802-vsva2197-2mp-e-s specified in board_part file is either invalid or not available
WARNING: [Board 49-26] cannot add Board Part xilinx.com:vmk180:part0:3.1 available at C:/Xilinx/Vivado/2023.2/data/xhub/boards/XilinxBoardStore/boards/Xilinx/vmk180/production/3.1/board.xml as part xcvm1802-vsva2197-2mp-e-s specified in board_part file is either invalid or not available
WARNING: [Board 49-26] cannot add Board Part xilinx.com:vmk180:part0:3.2 available at C:/Xilinx/Vivado/2023.2/data/xhub/boards/XilinxBoardStore/boards/Xilinx/vmk180/production/3.2/board.xml as part xcvm1802-vsva2197-2mp-e-s specified in board_part file is either invalid or not available
WARNING: [Board 49-26] cannot add Board Part xilinx.com:vmk180_newl:part0:1.0 available at C:/Xilinx/Vivado/2023.2/data/xhub/boards/XilinxBoardStore/boards/Xilinx/vmk180_newl/production/1.0/board.xml as part xcvm1802-vsva2197-2mp-e-s specified in board_part file is either invalid or not available
WARNING: [Board 49-26] cannot add Board Part xilinx.com:vmk180_newl:part0:1.1 available at C:/Xilinx/Vivado/2023.2/data/xhub/boards/XilinxBoardStore/boards/Xilinx/vmk180_newl/production/1.1/board.xml as part xcvm1802-vsva2197-2mp-e-s specified in board_part file is either invalid or not available
WARNING: [Board 49-26] cannot add Board Part xilinx.com:vpk120:part0:1.0 available at C:/Xilinx/Vivado/2023.2/data/xhub/boards/XilinxBoardStore/boards/Xilinx/vpk120/production/1.0/board.xml as part xcvp1202-vsva2785-2mp-e-s specified in board_part file is either invalid or not available
WARNING: [Board 49-26] cannot add Board Part xilinx.com:vpk120:part0:1.1 available at C:/Xilinx/Vivado/2023.2/data/xhub/boards/XilinxBoardStore/boards/Xilinx/vpk120/production/1.1/board.xml as part xcvp1202-vsva2785-2mp-e-s specified in board_part file is either invalid or not available
WARNING: [Board 49-26] cannot add Board Part xilinx.com:vpk120:part0:1.2 available at C:/Xilinx/Vivado/2023.2/data/xhub/boards/XilinxBoardStore/boards/Xilinx/vpk120/production/1.2/board.xml as part xcvp1202-vsva2785-2mp-e-s specified in board_part file is either invalid or not available
WARNING: [Board 49-26] cannot add Board Part xilinx.com:vpk180:part0:1.0 available at C:/Xilinx/Vivado/2023.2/data/xhub/boards/XilinxBoardStore/boards/Xilinx/vpk180/production/1.0/board.xml as part xcvp1802-lsvc4072-2mp-e-s specified in board_part file is either invalid or not available
WARNING: [Board 49-26] cannot add Board Part xilinx.com:vpk180:part0:1.1 available at C:/Xilinx/Vivado/2023.2/data/xhub/boards/XilinxBoardStore/boards/Xilinx/vpk180/production/1.1/board.xml as part xcvp1802-lsvc4072-2mp-e-s specified in board_part file is either invalid or not available
WARNING: [Board 49-26] cannot add Board Part xilinx.com:zc706:part0:1.4 available at C:/Xilinx/Vivado/2023.2/data/xhub/boards/XilinxBoardStore/boards/Xilinx/zc706/1.4/board.xml as part xc7z045ffg900-2 specified in board_part file is either invalid or not available
WARNING: [Board 49-26] cannot add Board Part xilinx.com:zcu102:part0:3.3 available at C:/Xilinx/Vivado/2023.2/data/xhub/boards/XilinxBoardStore/boards/Xilinx/zcu102/3.3/board.xml as part xczu9eg-ffvb1156-2-e specified in board_part file is either invalid or not available
WARNING: [Board 49-26] cannot add Board Part xilinx.com:zcu102:part0:3.4 available at C:/Xilinx/Vivado/2023.2/data/xhub/boards/XilinxBoardStore/boards/Xilinx/zcu102/3.4/board.xml as part xczu9eg-ffvb1156-2-e specified in board_part file is either invalid or not available
WARNING: [Board 49-26] cannot add Board Part xilinx.com:zcu111:part0:1.2 available at C:/Xilinx/Vivado/2023.2/data/xhub/boards/XilinxBoardStore/boards/Xilinx/zcu111/1.2/board.xml as part xczu28dr-ffvg1517-2-e specified in board_part file is either invalid or not available
WARNING: [Board 49-26] cannot add Board Part xilinx.com:zcu111:part0:1.3 available at C:/Xilinx/Vivado/2023.2/data/xhub/boards/XilinxBoardStore/boards/Xilinx/zcu111/1.3/board.xml as part xczu28dr-ffvg1517-2-e specified in board_part file is either invalid or not available
WARNING: [Board 49-26] cannot add Board Part xilinx.com:zcu111:part0:1.4 available at C:/Xilinx/Vivado/2023.2/data/xhub/boards/XilinxBoardStore/boards/Xilinx/zcu111/1.4/board.xml as part xczu28dr-ffvg1517-2-e specified in board_part file is either invalid or not available
WARNING: [Board 49-26] cannot add Board Part xilinx.com:zcu1275:part0:1.0 available at C:/Xilinx/Vivado/2023.2/data/xhub/boards/XilinxBoardStore/boards/Xilinx/zcu1275/1.0/board.xml as part xczu29dr-ffvf1760-2-e specified in board_part file is either invalid or not available
WARNING: [Board 49-26] cannot add Board Part xilinx.com:zcu1285:part0:1.0 available at C:/Xilinx/Vivado/2023.2/data/xhub/boards/XilinxBoardStore/boards/Xilinx/zcu1285/1.0/board.xml as part xczu39dr-ffvf1760-2-i specified in board_part file is either invalid or not available
WARNING: [Board 49-26] cannot add Board Part xilinx.com:zcu208:part0:2.0 available at C:/Xilinx/Vivado/2023.2/data/xhub/boards/XilinxBoardStore/boards/Xilinx/zcu208/production/2.0/board.xml as part xczu48dr-fsvg1517-2-e specified in board_part file is either invalid or not available
WARNING: [Board 49-26] cannot add Board Part xilinx.com:zcu208ld:part0:2.0 available at C:/Xilinx/Vivado/2023.2/data/xhub/boards/XilinxBoardStore/boards/Xilinx/zcu208ld/production/2.0/board.xml as part xczu58dr-fsvg1517-2-i specified in board_part file is either invalid or not available
WARNING: [Board 49-26] cannot add Board Part xilinx.com:zcu216:part0:2.0 available at C:/Xilinx/Vivado/2023.2/data/xhub/boards/XilinxBoardStore/boards/Xilinx/zcu216/production/2.0/board.xml as part xczu49dr-ffvf1760-2-e specified in board_part file is either invalid or not available
WARNING: [Board 49-26] cannot add Board Part xilinx.com:zcu216ld:part0:2.0 available at C:/Xilinx/Vivado/2023.2/data/xhub/boards/XilinxBoardStore/boards/Xilinx/zcu216ld/production/2.0/board.xml as part xczu59dr-ffvf1760-2-i specified in board_part file is either invalid or not available
WARNING: [Board 49-26] cannot add Board Part xilinx.com:zcu670:part0:2.0 available at C:/Xilinx/Vivado/2023.2/data/xhub/boards/XilinxBoardStore/boards/Xilinx/zcu670/2.0/board.xml as part xczu67dr-fsve1156-2-i specified in board_part file is either invalid or not available
WARNING: [Board 49-26] cannot add Board Part xilinx.com:zcu670ld:part0:1.0 available at C:/Xilinx/Vivado/2023.2/data/xhub/boards/XilinxBoardStore/boards/Xilinx/zcu670ld/1.0/board.xml as part xczu57dr-fsve1156-2-i specified in board_part file is either invalid or not available
INFO: [filemgmt 56-3] Default IP Output Path : Could not find the directory 'C:/Users/USER/Desktop/ML_DSA_syn/IMP/NTT/NTT/NTT.gen/sources_1'.
Scanning sources...
Finished scanning sources
INFO: [IP_Flow 19-234] Refreshing IP repositories
INFO: [IP_Flow 19-1704] No user IP repositories specified
INFO: [IP_Flow 19-2313] Loaded Vivado IP repository 'C:/Xilinx/Vivado/2023.2/data/ip'.
open_project: Time (s): cpu = 00:00:20 ; elapsed = 00:00:10 . Memory (MB): peak = 1485.414 ; gain = 148.902
launch_simulation
Command: launch_simulation 
INFO: [Vivado 12-12493] Simulation top is 'NTT_tb'
WARNING: [Vivado 12-13340] Unable to auto find GCC executables from simulator install path! (path not set)
INFO: [Vivado 12-5682] Launching behavioral simulation in 'C:/Users/USER/Desktop/ML_DSA_syn/IMP/NTT/NTT/NTT.sim/sim_1/behav/xsim'
INFO: [SIM-utils-51] Simulation object is 'sim_1'
INFO: [SIM-utils-72] Using boost library from 'C:/Xilinx/Vivado/2023.2/tps/boost_1_72_0'
INFO: [SIM-utils-54] Inspecting design source files for 'NTT_tb' in fileset 'sim_1'...
INFO: [USF-XSim-97] Finding global include files...
INFO: [USF-XSim-98] Fetching design files from 'sim_1'...
INFO: [USF-XSim-2] XSim::Compile design
INFO: [USF-XSim-61] Executing 'COMPILE and ANALYZE' step in 'C:/Users/USER/Desktop/ML_DSA_syn/IMP/NTT/NTT/NTT.sim/sim_1/behav/xsim'
"xvlog --incr --relax -prj NTT_tb_vlog.prj"
ECHO 已關閉。
ECHO 已關閉。
INFO: [VRFC 10-2263] Analyzing Verilog file "C:/Users/USER/Desktop/ML_DSA_syn/IMP/NTT/NTT/NTT.srcs/sources_1/imports/NTT/BRAM.v" into library xil_defaultlib
INFO: [VRFC 10-311] analyzing module BRAM
INFO: [VRFC 10-2263] Analyzing Verilog file "C:/Users/USER/Desktop/ML_DSA_syn/IMP/NTT/NTT/NTT.srcs/sources_1/new/BU.v" into library xil_defaultlib
INFO: [VRFC 10-311] analyzing module BU
INFO: [VRFC 10-2263] Analyzing Verilog file "C:/Users/USER/Desktop/ML_DSA_syn/IMP/NTT/NTT/NTT.srcs/sources_1/imports/MLDSA/Dual_Port_Ram_Single_clk.v" into library xil_defaultlib
INFO: [VRFC 10-311] analyzing module Dual_Port_Ram_Single_clk
INFO: [VRFC 10-2263] Analyzing Verilog file "C:/Users/USER/Desktop/ML_DSA_syn/IMP/NTT/NTT/NTT.srcs/sources_1/new/MDCU.v" into library xil_defaultlib
INFO: [VRFC 10-311] analyzing module MDCU
INFO: [VRFC 10-2263] Analyzing Verilog file "C:/Users/USER/Desktop/ML_DSA_syn/IMP/NTT/NTT/NTT.srcs/sources_1/new/Modular_Reduction.v" into library xil_defaultlib
INFO: [VRFC 10-311] analyzing module Modular_Reduction
INFO: [VRFC 10-2263] Analyzing Verilog file "C:/Users/USER/Desktop/ML_DSA_syn/IMP/NTT/NTT/NTT.srcs/sources_1/new/NTT.v" into library xil_defaultlib
INFO: [VRFC 10-311] analyzing module NTT
INFO: [VRFC 10-2263] Analyzing Verilog file "C:/Users/USER/Desktop/ML_DSA_syn/IMP/NTT/NTT/NTT.srcs/sources_1/new/mod_add.v" into library xil_defaultlib
INFO: [VRFC 10-311] analyzing module mod_add
INFO: [VRFC 10-2263] Analyzing Verilog file "C:/Users/USER/Desktop/ML_DSA_syn/IMP/NTT/NTT/NTT.srcs/sources_1/new/mod_mul.v" into library xil_defaultlib
INFO: [VRFC 10-311] analyzing module mod_mul
INFO: [VRFC 10-2263] Analyzing Verilog file "C:/Users/USER/Desktop/ML_DSA_syn/IMP/NTT/NTT/NTT.srcs/sources_1/new/mod_sub.v" into library xil_defaultlib
INFO: [VRFC 10-311] analyzing module mod_sub
INFO: [VRFC 10-2263] Analyzing Verilog file "C:/Users/USER/Desktop/ML_DSA_syn/IMP/NTT/NTT/NTT.srcs/sources_1/new/rom.v" into library xil_defaultlib
INFO: [VRFC 10-311] analyzing module rom
INFO: [VRFC 10-2263] Analyzing Verilog file "C:/Users/USER/Desktop/ML_DSA_syn/IMP/NTT/NTT/NTT.srcs/sources_1/imports/NTT/NTT_tb.v" into library xil_defaultlib
INFO: [VRFC 10-311] analyzing module NTT_tb
INFO: [USF-XSim-69] 'compile' step finished in '2' seconds
INFO: [USF-XSim-3] XSim::Elaborate design
INFO: [USF-XSim-61] Executing 'ELABORATE' step in 'C:/Users/USER/Desktop/ML_DSA_syn/IMP/NTT/NTT/NTT.sim/sim_1/behav/xsim'
"xelab --incr --debug typical --relax --mt 2 -L xil_defaultlib -L unisims_ver -L unimacro_ver -L secureip --snapshot NTT_tb_behav xil_defaultlib.NTT_tb xil_defaultlib.glbl -log elaborate.log"
ECHO 已關閉。
ECHO 已關閉。
Vivado Simulator v2023.2
Copyright 1986-2022 Xilinx, Inc. All Rights Reserved.
Copyright 2022-2023 Advanced Micro Devices, Inc. All Rights Reserved.
Running: C:/Xilinx/Vivado/2023.2/bin/unwrapped/win64.o/xelab.exe --incr --debug typical --relax --mt 2 -L xil_defaultlib -L unisims_ver -L unimacro_ver -L secureip --snapshot NTT_tb_behav xil_defaultlib.NTT_tb xil_defaultlib.glbl -log elaborate.log 
Using 2 slave threads.
Starting static elaboration
Pass Through NonSizing Optimizer
WARNING: [VRFC 10-3091] actual bit length 4 differs from formal bit length 3 for port 'addr' [C:/Users/USER/Desktop/ML_DSA_syn/IMP/NTT/NTT/NTT.srcs/sources_1/new/MDCU.v:60]
WARNING: [VRFC 10-1324] repetition multiplier must be positive [C:/Users/USER/Desktop/ML_DSA_syn/IMP/NTT/NTT/NTT.srcs/sources_1/new/MDCU.v:89]
WARNING: [VRFC 10-1324] repetition multiplier must be positive [C:/Users/USER/Desktop/ML_DSA_syn/IMP/NTT/NTT/NTT.srcs/sources_1/new/MDCU.v:92]
Completed static elaboration
Starting simulation data flow analysis
Completed simulation data flow analysis
Time Resolution for simulation is 1ps
Compiling module xil_defaultlib.Modular_Reduction
Compiling module xil_defaultlib.mod_mul
Compiling module xil_defaultlib.mod_add
Compiling module xil_defaultlib.mod_sub
Compiling module xil_defaultlib.BU
Compiling module xil_defaultlib.BRAM(HLEN=6)
Compiling module xil_defaultlib.rom(LENGTH=2,INIT_FILE="C:/Users...
Compiling module xil_defaultlib.MDCU(INIT_FILE="C:/Users/USER/De...
Compiling module xil_defaultlib.BRAM(HLEN=5)
Compiling module xil_defaultlib.rom(LENGTH=4,INIT_FILE="C:/Users...
Compiling module xil_defaultlib.MDCU(depth=32,INIT_FILE="C:/User...
Compiling module xil_defaultlib.BRAM(HLEN=4)
Compiling module xil_defaultlib.rom(LENGTH=8,INIT_FILE="C:/Users...
Compiling module xil_defaultlib.MDCU(depth=16,INIT_FILE="C:/User...
Compiling module xil_defaultlib.BRAM(HLEN=3)
Compiling module xil_defaultlib.rom(LENGTH=16,INIT_FILE="C:/User...
Compiling module xil_defaultlib.MDCU(depth=8,INIT_FILE="C:/Users...
Compiling module xil_defaultlib.BRAM(HLEN=2)
Compiling module xil_defaultlib.rom(LENGTH=32,INIT_FILE="C:/User...
Compiling module xil_defaultlib.MDCU(depth=4,INIT_FILE="C:/Users...
Compiling module xil_defaultlib.BRAM(HLEN=1)
Compiling module xil_defaultlib.rom(LENGTH=64,INIT_FILE="C:/User...
Compiling module xil_defaultlib.MDCU(depth=2,INIT_FILE="C:/Users...
Compiling module xil_defaultlib.BRAM(HLEN=0)
Compiling module xil_defaultlib.rom(LENGTH=128,INIT_FILE="C:/Use...
Compiling module xil_defaultlib.MDCU(depth=1,INIT_FILE="C:/Users...
Compiling module xil_defaultlib.NTT
Compiling module xil_defaultlib.Dual_Port_Ram_Single_clk(INIT_FI...
Compiling module xil_defaultlib.NTT_tb
Compiling module xil_defaultlib.glbl
Built simulation snapshot NTT_tb_behav
INFO: [USF-XSim-69] 'elaborate' step finished in '5' seconds
INFO: [USF-XSim-4] XSim::Simulate design
INFO: [USF-XSim-61] Executing 'SIMULATE' step in 'C:/Users/USER/Desktop/ML_DSA_syn/IMP/NTT/NTT/NTT.sim/sim_1/behav/xsim'
INFO: [USF-XSim-98] *** Running xsim
   with args "NTT_tb_behav -key {Behavioral:sim_1:Functional:NTT_tb} -tclbatch {NTT_tb.tcl} -view {C:/Users/USER/Desktop/ML_DSA_syn/IMP/NTT/NTT/NTT_tb_behav.wcfg} -log {simulate.log}"
INFO: [USF-XSim-8] Loading simulator feature
Time resolution is 1 ps
open_wave_config C:/Users/USER/Desktop/ML_DSA_syn/IMP/NTT/NTT/NTT_tb_behav.wcfg
source NTT_tb.tcl
# set curr_wave [current_wave_config]
# if { [string length $curr_wave] == 0 } {
#   if { [llength [get_objects]] > 0} {
#     add_wave /
#     set_property needs_save false [current_wave_config]
#   } else {
#      send_msg_id Add_Wave-1 WARNING "No top level signals found. Simulator will start without a wave window. If you want to open a wave window go to 'File->New Waveform Configuration' or type 'create_wave_config' in the TCL console."
#   }
# }
# run 1000ns
                   0 in_ready=0, NTT_in_u=      0, NTT_in_d=      0, NTT_out_u=      z, NTT_out_d=      z, NTT_addr=  z
                 221 in_ready=1, NTT_in_u=      0, NTT_in_d=      0, NTT_out_u=      z, NTT_out_d=      z, NTT_addr=  z
                 231 in_ready=0, NTT_in_u=      0, NTT_in_d=      0, NTT_out_u=      z, NTT_out_d=      z, NTT_addr=  z
INFO: [USF-XSim-96] XSim completed. Design snapshot 'NTT_tb_behav' loaded.
INFO: [USF-XSim-97] XSim simulation ran for 1000ns
launch_simulation: Time (s): cpu = 00:00:07 ; elapsed = 00:00:11 . Memory (MB): peak = 1563.398 ; gain = 52.383
update_compile_order -fileset sources_1
run 10 us
relaunch_sim
Command: launch_simulation -step compile -simset sim_1 -mode behavioral
INFO: [Vivado 12-12493] Simulation top is 'NTT_tb'
WARNING: [Vivado 12-13340] Unable to auto find GCC executables from simulator install path! (path not set)
INFO: [Vivado 12-5682] Launching behavioral simulation in 'C:/Users/USER/Desktop/ML_DSA_syn/IMP/NTT/NTT/NTT.sim/sim_1/behav/xsim'
INFO: [SIM-utils-51] Simulation object is 'sim_1'
INFO: [SIM-utils-72] Using boost library from 'C:/Xilinx/Vivado/2023.2/tps/boost_1_72_0'
INFO: [SIM-utils-54] Inspecting design source files for 'NTT_tb' in fileset 'sim_1'...
INFO: [USF-XSim-97] Finding global include files...
INFO: [USF-XSim-98] Fetching design files from 'sim_1'...
INFO: [USF-XSim-2] XSim::Compile design
INFO: [USF-XSim-61] Executing 'COMPILE and ANALYZE' step in 'C:/Users/USER/Desktop/ML_DSA_syn/IMP/NTT/NTT/NTT.sim/sim_1/behav/xsim'
"xvlog --incr --relax -prj NTT_tb_vlog.prj"
ECHO 已關閉。
ECHO 已關閉。
INFO: [VRFC 10-2263] Analyzing Verilog file "C:/Users/USER/Desktop/ML_DSA_syn/IMP/NTT/NTT/NTT.srcs/sources_1/imports/NTT/BRAM.v" into library xil_defaultlib
INFO: [VRFC 10-311] analyzing module BRAM
INFO: [VRFC 10-2263] Analyzing Verilog file "C:/Users/USER/Desktop/ML_DSA_syn/IMP/NTT/NTT/NTT.srcs/sources_1/new/BU.v" into library xil_defaultlib
INFO: [VRFC 10-311] analyzing module BU
INFO: [VRFC 10-2263] Analyzing Verilog file "C:/Users/USER/Desktop/ML_DSA_syn/IMP/NTT/NTT/NTT.srcs/sources_1/imports/MLDSA/Dual_Port_Ram_Single_clk.v" into library xil_defaultlib
INFO: [VRFC 10-311] analyzing module Dual_Port_Ram_Single_clk
INFO: [VRFC 10-2263] Analyzing Verilog file "C:/Users/USER/Desktop/ML_DSA_syn/IMP/NTT/NTT/NTT.srcs/sources_1/new/MDCU.v" into library xil_defaultlib
INFO: [VRFC 10-311] analyzing module MDCU
INFO: [VRFC 10-2263] Analyzing Verilog file "C:/Users/USER/Desktop/ML_DSA_syn/IMP/NTT/NTT/NTT.srcs/sources_1/new/Modular_Reduction.v" into library xil_defaultlib
INFO: [VRFC 10-311] analyzing module Modular_Reduction
INFO: [VRFC 10-2263] Analyzing Verilog file "C:/Users/USER/Desktop/ML_DSA_syn/IMP/NTT/NTT/NTT.srcs/sources_1/new/NTT.v" into library xil_defaultlib
INFO: [VRFC 10-311] analyzing module NTT
INFO: [VRFC 10-2263] Analyzing Verilog file "C:/Users/USER/Desktop/ML_DSA_syn/IMP/NTT/NTT/NTT.srcs/sources_1/new/mod_add.v" into library xil_defaultlib
INFO: [VRFC 10-311] analyzing module mod_add
INFO: [VRFC 10-2263] Analyzing Verilog file "C:/Users/USER/Desktop/ML_DSA_syn/IMP/NTT/NTT/NTT.srcs/sources_1/new/mod_mul.v" into library xil_defaultlib
INFO: [VRFC 10-311] analyzing module mod_mul
INFO: [VRFC 10-2263] Analyzing Verilog file "C:/Users/USER/Desktop/ML_DSA_syn/IMP/NTT/NTT/NTT.srcs/sources_1/new/mod_sub.v" into library xil_defaultlib
INFO: [VRFC 10-311] analyzing module mod_sub
INFO: [VRFC 10-2263] Analyzing Verilog file "C:/Users/USER/Desktop/ML_DSA_syn/IMP/NTT/NTT/NTT.srcs/sources_1/new/rom.v" into library xil_defaultlib
INFO: [VRFC 10-311] analyzing module rom
INFO: [VRFC 10-2263] Analyzing Verilog file "C:/Users/USER/Desktop/ML_DSA_syn/IMP/NTT/NTT/NTT.srcs/sources_1/imports/NTT/NTT_tb.v" into library xil_defaultlib
INFO: [VRFC 10-311] analyzing module NTT_tb
INFO: [USF-XSim-69] 'compile' step finished in '2' seconds
Command: launch_simulation -step elaborate -simset sim_1 -mode behavioral
INFO: [Vivado 12-12493] Simulation top is 'NTT_tb'
WARNING: [Vivado 12-13340] Unable to auto find GCC executables from simulator install path! (path not set)
INFO: [Vivado 12-5682] Launching behavioral simulation in 'C:/Users/USER/Desktop/ML_DSA_syn/IMP/NTT/NTT/NTT.sim/sim_1/behav/xsim'
INFO: [SIM-utils-51] Simulation object is 'sim_1'
INFO: [USF-XSim-3] XSim::Elaborate design
INFO: [USF-XSim-61] Executing 'ELABORATE' step in 'C:/Users/USER/Desktop/ML_DSA_syn/IMP/NTT/NTT/NTT.sim/sim_1/behav/xsim'
"xelab --incr --debug typical --relax --mt 2 -L xil_defaultlib -L unisims_ver -L unimacro_ver -L secureip --snapshot NTT_tb_behav xil_defaultlib.NTT_tb xil_defaultlib.glbl -log elaborate.log"
ECHO 已關閉。
ECHO 已關閉。
Vivado Simulator v2023.2
Copyright 1986-2022 Xilinx, Inc. All Rights Reserved.
Copyright 2022-2023 Advanced Micro Devices, Inc. All Rights Reserved.
Running: C:/Xilinx/Vivado/2023.2/bin/unwrapped/win64.o/xelab.exe --incr --debug typical --relax --mt 2 -L xil_defaultlib -L unisims_ver -L unimacro_ver -L secureip --snapshot NTT_tb_behav xil_defaultlib.NTT_tb xil_defaultlib.glbl -log elaborate.log 
Using 2 slave threads.
Starting static elaboration
Pass Through NonSizing Optimizer
WARNING: [VRFC 10-3091] actual bit length 4 differs from formal bit length 3 for port 'addr' [C:/Users/USER/Desktop/ML_DSA_syn/IMP/NTT/NTT/NTT.srcs/sources_1/new/MDCU.v:60]
WARNING: [VRFC 10-1324] repetition multiplier must be positive [C:/Users/USER/Desktop/ML_DSA_syn/IMP/NTT/NTT/NTT.srcs/sources_1/new/MDCU.v:89]
WARNING: [VRFC 10-1324] repetition multiplier must be positive [C:/Users/USER/Desktop/ML_DSA_syn/IMP/NTT/NTT/NTT.srcs/sources_1/new/MDCU.v:92]
Completed static elaboration
Starting simulation data flow analysis
Completed simulation data flow analysis
Time Resolution for simulation is 1ps
Compiling module xil_defaultlib.Modular_Reduction
Compiling module xil_defaultlib.mod_mul
Compiling module xil_defaultlib.mod_add
Compiling module xil_defaultlib.mod_sub
Compiling module xil_defaultlib.BU
Compiling module xil_defaultlib.BRAM(HLEN=6)
Compiling module xil_defaultlib.rom(LENGTH=2,INIT_FILE="C:/Users...
Compiling module xil_defaultlib.MDCU(INIT_FILE="C:/Users/USER/De...
Compiling module xil_defaultlib.BRAM(HLEN=5)
Compiling module xil_defaultlib.rom(LENGTH=4,INIT_FILE="C:/Users...
Compiling module xil_defaultlib.MDCU(depth=32,INIT_FILE="C:/User...
Compiling module xil_defaultlib.BRAM(HLEN=4)
Compiling module xil_defaultlib.rom(LENGTH=8,INIT_FILE="C:/Users...
Compiling module xil_defaultlib.MDCU(depth=16,INIT_FILE="C:/User...
Compiling module xil_defaultlib.BRAM(HLEN=3)
Compiling module xil_defaultlib.rom(LENGTH=16,INIT_FILE="C:/User...
Compiling module xil_defaultlib.MDCU(depth=8,INIT_FILE="C:/Users...
Compiling module xil_defaultlib.BRAM(HLEN=2)
Compiling module xil_defaultlib.rom(LENGTH=32,INIT_FILE="C:/User...
Compiling module xil_defaultlib.MDCU(depth=4,INIT_FILE="C:/Users...
Compiling module xil_defaultlib.BRAM(HLEN=1)
Compiling module xil_defaultlib.rom(LENGTH=64,INIT_FILE="C:/User...
Compiling module xil_defaultlib.MDCU(depth=2,INIT_FILE="C:/Users...
Compiling module xil_defaultlib.BRAM(HLEN=0)
Compiling module xil_defaultlib.rom(LENGTH=128,INIT_FILE="C:/Use...
Compiling module xil_defaultlib.MDCU(depth=1,INIT_FILE="C:/Users...
Compiling module xil_defaultlib.NTT
Compiling module xil_defaultlib.Dual_Port_Ram_Single_clk(INIT_FI...
Compiling module xil_defaultlib.NTT_tb
Compiling module xil_defaultlib.glbl
Built simulation snapshot NTT_tb_behav
INFO: [USF-XSim-69] 'elaborate' step finished in '3' seconds
Time resolution is 1 ps
                   0 in_ready=0, NTT_in_u=      0, NTT_in_d=      0, NTT_out_u=      z, NTT_out_d=      z, NTT_addr=  z
                 221 in_ready=1, NTT_in_u=      0, NTT_in_d=      0, NTT_out_u=      z, NTT_out_d=      z, NTT_addr=  z
                 231 in_ready=0, NTT_in_u=      0, NTT_in_d=      0, NTT_out_u=      z, NTT_out_d=      z, NTT_addr=  z
relaunch_sim: Time (s): cpu = 00:00:01 ; elapsed = 00:00:07 . Memory (MB): peak = 1591.801 ; gain = 0.000
run 10 us
relaunch_sim
Command: launch_simulation -step compile -simset sim_1 -mode behavioral
INFO: [Vivado 12-12493] Simulation top is 'NTT_tb'
WARNING: [Vivado 12-13340] Unable to auto find GCC executables from simulator install path! (path not set)
INFO: [Vivado 12-5682] Launching behavioral simulation in 'C:/Users/USER/Desktop/ML_DSA_syn/IMP/NTT/NTT/NTT.sim/sim_1/behav/xsim'
INFO: [SIM-utils-51] Simulation object is 'sim_1'
INFO: [USF-XSim-2] XSim::Compile design
INFO: [USF-XSim-61] Executing 'COMPILE and ANALYZE' step in 'C:/Users/USER/Desktop/ML_DSA_syn/IMP/NTT/NTT/NTT.sim/sim_1/behav/xsim'
"xvlog --incr --relax -prj NTT_tb_vlog.prj"
ECHO 已關閉。
ECHO 已關閉。
INFO: [VRFC 10-2263] Analyzing Verilog file "C:/Users/USER/Desktop/ML_DSA_syn/IMP/NTT/NTT/NTT.srcs/sources_1/imports/NTT/BRAM.v" into library xil_defaultlib
INFO: [VRFC 10-311] analyzing module BRAM
INFO: [VRFC 10-2263] Analyzing Verilog file "C:/Users/USER/Desktop/ML_DSA_syn/IMP/NTT/NTT/NTT.srcs/sources_1/new/BU.v" into library xil_defaultlib
INFO: [VRFC 10-311] analyzing module BU
INFO: [VRFC 10-2263] Analyzing Verilog file "C:/Users/USER/Desktop/ML_DSA_syn/IMP/NTT/NTT/NTT.srcs/sources_1/imports/MLDSA/Dual_Port_Ram_Single_clk.v" into library xil_defaultlib
INFO: [VRFC 10-311] analyzing module Dual_Port_Ram_Single_clk
INFO: [VRFC 10-2263] Analyzing Verilog file "C:/Users/USER/Desktop/ML_DSA_syn/IMP/NTT/NTT/NTT.srcs/sources_1/new/MDCU.v" into library xil_defaultlib
INFO: [VRFC 10-311] analyzing module MDCU
INFO: [VRFC 10-2263] Analyzing Verilog file "C:/Users/USER/Desktop/ML_DSA_syn/IMP/NTT/NTT/NTT.srcs/sources_1/new/Modular_Reduction.v" into library xil_defaultlib
INFO: [VRFC 10-311] analyzing module Modular_Reduction
INFO: [VRFC 10-2263] Analyzing Verilog file "C:/Users/USER/Desktop/ML_DSA_syn/IMP/NTT/NTT/NTT.srcs/sources_1/new/NTT.v" into library xil_defaultlib
INFO: [VRFC 10-311] analyzing module NTT
INFO: [VRFC 10-2263] Analyzing Verilog file "C:/Users/USER/Desktop/ML_DSA_syn/IMP/NTT/NTT/NTT.srcs/sources_1/new/mod_add.v" into library xil_defaultlib
INFO: [VRFC 10-311] analyzing module mod_add
INFO: [VRFC 10-2263] Analyzing Verilog file "C:/Users/USER/Desktop/ML_DSA_syn/IMP/NTT/NTT/NTT.srcs/sources_1/new/mod_mul.v" into library xil_defaultlib
INFO: [VRFC 10-311] analyzing module mod_mul
INFO: [VRFC 10-2263] Analyzing Verilog file "C:/Users/USER/Desktop/ML_DSA_syn/IMP/NTT/NTT/NTT.srcs/sources_1/new/mod_sub.v" into library xil_defaultlib
INFO: [VRFC 10-311] analyzing module mod_sub
INFO: [VRFC 10-2263] Analyzing Verilog file "C:/Users/USER/Desktop/ML_DSA_syn/IMP/NTT/NTT/NTT.srcs/sources_1/new/rom.v" into library xil_defaultlib
INFO: [VRFC 10-311] analyzing module rom
INFO: [VRFC 10-2263] Analyzing Verilog file "C:/Users/USER/Desktop/ML_DSA_syn/IMP/NTT/NTT/NTT.srcs/sources_1/imports/NTT/NTT_tb.v" into library xil_defaultlib
INFO: [VRFC 10-311] analyzing module NTT_tb
INFO: [USF-XSim-69] 'compile' step finished in '2' seconds
Command: launch_simulation -step elaborate -simset sim_1 -mode behavioral
INFO: [Vivado 12-12493] Simulation top is 'NTT_tb'
WARNING: [Vivado 12-13340] Unable to auto find GCC executables from simulator install path! (path not set)
INFO: [Vivado 12-5682] Launching behavioral simulation in 'C:/Users/USER/Desktop/ML_DSA_syn/IMP/NTT/NTT/NTT.sim/sim_1/behav/xsim'
INFO: [SIM-utils-51] Simulation object is 'sim_1'
INFO: [USF-XSim-3] XSim::Elaborate design
INFO: [USF-XSim-61] Executing 'ELABORATE' step in 'C:/Users/USER/Desktop/ML_DSA_syn/IMP/NTT/NTT/NTT.sim/sim_1/behav/xsim'
"xelab --incr --debug typical --relax --mt 2 -L xil_defaultlib -L unisims_ver -L unimacro_ver -L secureip --snapshot NTT_tb_behav xil_defaultlib.NTT_tb xil_defaultlib.glbl -log elaborate.log"
ECHO 已關閉。
ECHO 已關閉。
Vivado Simulator v2023.2
Copyright 1986-2022 Xilinx, Inc. All Rights Reserved.
Copyright 2022-2023 Advanced Micro Devices, Inc. All Rights Reserved.
Running: C:/Xilinx/Vivado/2023.2/bin/unwrapped/win64.o/xelab.exe --incr --debug typical --relax --mt 2 -L xil_defaultlib -L unisims_ver -L unimacro_ver -L secureip --snapshot NTT_tb_behav xil_defaultlib.NTT_tb xil_defaultlib.glbl -log elaborate.log 
Using 2 slave threads.
Starting static elaboration
Pass Through NonSizing Optimizer
WARNING: [VRFC 10-3091] actual bit length 4 differs from formal bit length 3 for port 'addr' [C:/Users/USER/Desktop/ML_DSA_syn/IMP/NTT/NTT/NTT.srcs/sources_1/new/MDCU.v:60]
WARNING: [VRFC 10-1324] repetition multiplier must be positive [C:/Users/USER/Desktop/ML_DSA_syn/IMP/NTT/NTT/NTT.srcs/sources_1/new/MDCU.v:89]
WARNING: [VRFC 10-1324] repetition multiplier must be positive [C:/Users/USER/Desktop/ML_DSA_syn/IMP/NTT/NTT/NTT.srcs/sources_1/new/MDCU.v:92]
Completed static elaboration
Starting simulation data flow analysis
Completed simulation data flow analysis
Time Resolution for simulation is 1ps
Compiling module xil_defaultlib.Modular_Reduction
Compiling module xil_defaultlib.mod_mul
Compiling module xil_defaultlib.mod_add
Compiling module xil_defaultlib.mod_sub
Compiling module xil_defaultlib.BU
Compiling module xil_defaultlib.BRAM(HLEN=6)
Compiling module xil_defaultlib.rom(LENGTH=2,INIT_FILE="C:/Users...
Compiling module xil_defaultlib.MDCU(INIT_FILE="C:/Users/USER/De...
Compiling module xil_defaultlib.BRAM(HLEN=5)
Compiling module xil_defaultlib.rom(LENGTH=4,INIT_FILE="C:/Users...
Compiling module xil_defaultlib.MDCU(depth=32,INIT_FILE="C:/User...
Compiling module xil_defaultlib.BRAM(HLEN=4)
Compiling module xil_defaultlib.rom(LENGTH=8,INIT_FILE="C:/Users...
Compiling module xil_defaultlib.MDCU(depth=16,INIT_FILE="C:/User...
Compiling module xil_defaultlib.BRAM(HLEN=3)
Compiling module xil_defaultlib.rom(LENGTH=16,INIT_FILE="C:/User...
Compiling module xil_defaultlib.MDCU(depth=8,INIT_FILE="C:/Users...
Compiling module xil_defaultlib.BRAM(HLEN=2)
Compiling module xil_defaultlib.rom(LENGTH=32,INIT_FILE="C:/User...
Compiling module xil_defaultlib.MDCU(depth=4,INIT_FILE="C:/Users...
Compiling module xil_defaultlib.BRAM(HLEN=1)
Compiling module xil_defaultlib.rom(LENGTH=64,INIT_FILE="C:/User...
Compiling module xil_defaultlib.MDCU(depth=2,INIT_FILE="C:/Users...
Compiling module xil_defaultlib.BRAM(HLEN=0)
Compiling module xil_defaultlib.rom(LENGTH=128,INIT_FILE="C:/Use...
Compiling module xil_defaultlib.MDCU(depth=1,INIT_FILE="C:/Users...
Compiling module xil_defaultlib.NTT
Compiling module xil_defaultlib.Dual_Port_Ram_Single_clk(INIT_FI...
Compiling module xil_defaultlib.NTT_tb
Compiling module xil_defaultlib.glbl
Built simulation snapshot NTT_tb_behav
INFO: [USF-XSim-69] 'elaborate' step finished in '3' seconds
Time resolution is 1 ps
                   0 in_ready=0, NTT_in_u=      0, NTT_in_d=      0, NTT_out_u=      z, NTT_out_d=      z, NTT_addr=  z
                 221 in_ready=1, NTT_in_u=      0, NTT_in_d=      0, NTT_out_u=      z, NTT_out_d=      z, NTT_addr=  z
                 231 in_ready=0, NTT_in_u=      0, NTT_in_d=      0, NTT_out_u=      z, NTT_out_d=      z, NTT_addr=  z
relaunch_sim: Time (s): cpu = 00:00:01 ; elapsed = 00:00:07 . Memory (MB): peak = 1591.801 ; gain = 0.000
run 10 us
close_sim
INFO: [Simtcl 6-16] Simulation closed
exit
INFO: [Common 17-206] Exiting Vivado at Thu Feb 13 15:50:42 2025...
