INFO: [VRFC 10-2263] Analyzing Verilog file "C:/Users/USER/Desktop/ML_DSA_syn_new/IMP4/MLDSA/MLDSA.sim/sim_1/synth/timing/xsim/MLDSA_AXI_Top_tb_time_synth.v" into library xil_defaultlib
INFO: [VRFC 10-311] analyzing module AXI4_Lite_Slave
INFO: [VRFC 10-311] analyzing module Address_generate
INFO: [VRFC 10-311] analyzing module Address_generate_0
INFO: [VRFC 10-311] analyzing module Address_generate_1
INFO: [VRFC 10-311] analyzing module Address_generate_2
INFO: [VRFC 10-311] analyzing module BU
INFO: [VRFC 10-311] analyzing module BU_10
INFO: [VRFC 10-311] analyzing module BU_11
INFO: [VRFC 10-311] analyzing module BU_5
INFO: [VRFC 10-311] analyzing module BU_6
INFO: [VRFC 10-311] analyzing module BU_7
INFO: [VRFC 10-311] analyzing module BU_8
INFO: [VRFC 10-311] analyzing module BU_9
INFO: [VRFC 10-311] analyzing module CONTR
INFO: [VRFC 10-311] analyzing module CONTR__parameterized0
INFO: [VRFC 10-311] analyzing module CONTR__parameterized1
INFO: [VRFC 10-311] analyzing module CONTR__parameterized2
INFO: [VRFC 10-311] analyzing module CONTR__parameterized3
INFO: [VRFC 10-311] analyzing module CONTR__parameterized4
INFO: [VRFC 10-311] analyzing module CONTR__parameterized5
INFO: [VRFC 10-311] analyzing module Controller
INFO: [VRFC 10-311] analyzing module Data_Mem
INFO: [VRFC 10-311] analyzing module Data_Path
INFO: [VRFC 10-311] analyzing module Decoder
INFO: [VRFC 10-311] analyzing module Decomposer
INFO: [VRFC 10-311] analyzing module Encoder
INFO: [VRFC 10-311] analyzing module F_Permutation
INFO: [VRFC 10-311] analyzing module Keccak
INFO: [VRFC 10-311] analyzing module Keccak_Ctrl
INFO: [VRFC 10-311] analyzing module MLDSA
INFO: [VRFC 10-311] analyzing module MLDSA_AXI_Top
INFO: [VRFC 10-311] analyzing module Modular_Reduction
INFO: [VRFC 10-311] analyzing module Modular_Reduction_12
INFO: [VRFC 10-311] analyzing module Modular_Reduction_13
INFO: [VRFC 10-311] analyzing module Modular_Reduction_15
INFO: [VRFC 10-311] analyzing module Modular_Reduction_19
INFO: [VRFC 10-311] analyzing module Modular_Reduction_23
INFO: [VRFC 10-311] analyzing module Modular_Reduction_27
INFO: [VRFC 10-311] analyzing module Modular_Reduction_3
INFO: [VRFC 10-311] analyzing module Modular_Reduction_31
INFO: [VRFC 10-311] analyzing module Modular_Reduction_35
INFO: [VRFC 10-311] analyzing module Modular_Reduction_39
INFO: [VRFC 10-311] analyzing module Modular_Reduction_43
INFO: [VRFC 10-311] analyzing module NTT
INFO: [VRFC 10-311] analyzing module PWM
INFO: [VRFC 10-311] analyzing module Padder
INFO: [VRFC 10-311] analyzing module RU
INFO: [VRFC 10-311] analyzing module RU__parameterized0
INFO: [VRFC 10-311] analyzing module RU__parameterized1
INFO: [VRFC 10-311] analyzing module RU__parameterized2
INFO: [VRFC 10-311] analyzing module RU__parameterized3
INFO: [VRFC 10-311] analyzing module RU__parameterized4
INFO: [VRFC 10-311] analyzing module RU__parameterized5
INFO: [VRFC 10-311] analyzing module SampleInBall
INFO: [VRFC 10-311] analyzing module Sampler
INFO: [VRFC 10-311] analyzing module Ture_Dual_Port_RAM_23x1024
INFO: [VRFC 10-311] analyzing module Ture_Dual_Port_RAM_23x1024_HD11
INFO: [VRFC 10-311] analyzing module Ture_Dual_Port_RAM_23x1024_HD18
INFO: [VRFC 10-311] analyzing module Ture_Dual_Port_RAM_23x1024_HD25
INFO: [VRFC 10-311] analyzing module Ture_Dual_Port_RAM_23x1024_HD32
INFO: [VRFC 10-311] analyzing module Ture_Dual_Port_RAM_23x1024_HD39
INFO: [VRFC 10-311] analyzing module Ture_Dual_Port_RAM_23x1024_HD46
INFO: [VRFC 10-311] analyzing module Ture_Dual_Port_RAM_23x1024_HD53
INFO: [VRFC 10-311] analyzing module Ture_Dual_Port_RAM_23x1024_HD60
INFO: [VRFC 10-311] analyzing module Ture_Dual_Port_RAM_23x1024_HD67
INFO: [VRFC 10-311] analyzing module Ture_Dual_Port_RAM_23x1024_HD74
INFO: [VRFC 10-311] analyzing module Ture_Dual_Port_RAM_23x4096
INFO: [VRFC 10-311] analyzing module Ture_Dual_Port_RAM_64x16
INFO: [VRFC 10-311] analyzing module Ture_Dual_Port_RAM_64x16_HD82
INFO: [VRFC 10-311] analyzing module coeff_decomposer
INFO: [VRFC 10-311] analyzing module coeff_decomposer_45
INFO: [VRFC 10-311] analyzing module makehint
INFO: [VRFC 10-311] analyzing module mod_add
INFO: [VRFC 10-311] analyzing module mod_add_14
INFO: [VRFC 10-311] analyzing module mod_add_16
INFO: [VRFC 10-311] analyzing module mod_add_20
INFO: [VRFC 10-311] analyzing module mod_add_24
INFO: [VRFC 10-311] analyzing module mod_add_28
INFO: [VRFC 10-311] analyzing module mod_add_32
INFO: [VRFC 10-311] analyzing module mod_add_36
INFO: [VRFC 10-311] analyzing module mod_add_4
INFO: [VRFC 10-311] analyzing module mod_add_40
INFO: [VRFC 10-311] analyzing module mod_mul
INFO: [VRFC 10-311] analyzing module mod_mul_17
INFO: [VRFC 10-311] analyzing module mod_mul_21
INFO: [VRFC 10-311] analyzing module mod_mul_25
INFO: [VRFC 10-311] analyzing module mod_mul_29
INFO: [VRFC 10-311] analyzing module mod_mul_33
INFO: [VRFC 10-311] analyzing module mod_mul_37
INFO: [VRFC 10-311] analyzing module mod_mul_41
INFO: [VRFC 10-311] analyzing module mod_sub
INFO: [VRFC 10-311] analyzing module mod_sub_18
INFO: [VRFC 10-311] analyzing module mod_sub_22
INFO: [VRFC 10-311] analyzing module mod_sub_26
INFO: [VRFC 10-311] analyzing module mod_sub_30
INFO: [VRFC 10-311] analyzing module mod_sub_34
INFO: [VRFC 10-311] analyzing module mod_sub_38
INFO: [VRFC 10-311] analyzing module mod_sub_42
INFO: [VRFC 10-311] analyzing module round_A
INFO: [VRFC 10-311] analyzing module uncenter_coeff
INFO: [VRFC 10-311] analyzing module uncenter_coeff_44
INFO: [VRFC 10-311] analyzing module usehint
INFO: [VRFC 10-311] analyzing module Ture_Dual_Port_RAM_23x1024_blk_mem_gen_generic_cstr
INFO: [VRFC 10-311] analyzing module Ture_Dual_Port_RAM_23x1024_blk_mem_gen_generic_cstr_HD15
INFO: [VRFC 10-311] analyzing module Ture_Dual_Port_RAM_23x1024_blk_mem_gen_generic_cstr_HD22
INFO: [VRFC 10-311] analyzing module Ture_Dual_Port_RAM_23x1024_blk_mem_gen_generic_cstr_HD29
INFO: [VRFC 10-311] analyzing module Ture_Dual_Port_RAM_23x1024_blk_mem_gen_generic_cstr_HD36
INFO: [VRFC 10-311] analyzing module Ture_Dual_Port_RAM_23x1024_blk_mem_gen_generic_cstr_HD43
INFO: [VRFC 10-311] analyzing module Ture_Dual_Port_RAM_23x1024_blk_mem_gen_generic_cstr_HD50
INFO: [VRFC 10-311] analyzing module Ture_Dual_Port_RAM_23x1024_blk_mem_gen_generic_cstr_HD57
INFO: [VRFC 10-311] analyzing module Ture_Dual_Port_RAM_23x1024_blk_mem_gen_generic_cstr_HD64
INFO: [VRFC 10-311] analyzing module Ture_Dual_Port_RAM_23x1024_blk_mem_gen_generic_cstr_HD71
INFO: [VRFC 10-311] analyzing module Ture_Dual_Port_RAM_23x1024_blk_mem_gen_generic_cstr_HD78
INFO: [VRFC 10-311] analyzing module Ture_Dual_Port_RAM_23x1024_blk_mem_gen_prim_width
INFO: [VRFC 10-311] analyzing module Ture_Dual_Port_RAM_23x1024_blk_mem_gen_prim_width_HD16
INFO: [VRFC 10-311] analyzing module Ture_Dual_Port_RAM_23x1024_blk_mem_gen_prim_width_HD23
INFO: [VRFC 10-311] analyzing module Ture_Dual_Port_RAM_23x1024_blk_mem_gen_prim_width_HD30
INFO: [VRFC 10-311] analyzing module Ture_Dual_Port_RAM_23x1024_blk_mem_gen_prim_width_HD37
INFO: [VRFC 10-311] analyzing module Ture_Dual_Port_RAM_23x1024_blk_mem_gen_prim_width_HD44
INFO: [VRFC 10-311] analyzing module Ture_Dual_Port_RAM_23x1024_blk_mem_gen_prim_width_HD51
INFO: [VRFC 10-311] analyzing module Ture_Dual_Port_RAM_23x1024_blk_mem_gen_prim_width_HD58
INFO: [VRFC 10-311] analyzing module Ture_Dual_Port_RAM_23x1024_blk_mem_gen_prim_width_HD65
INFO: [VRFC 10-311] analyzing module Ture_Dual_Port_RAM_23x1024_blk_mem_gen_prim_width_HD72
INFO: [VRFC 10-311] analyzing module Ture_Dual_Port_RAM_23x1024_blk_mem_gen_prim_width_HD79
INFO: [VRFC 10-311] analyzing module Ture_Dual_Port_RAM_23x1024_blk_mem_gen_prim_wrapper_init
INFO: [VRFC 10-311] analyzing module Ture_Dual_Port_RAM_23x1024_blk_mem_gen_prim_wrapper_init_HD17
INFO: [VRFC 10-311] analyzing module Ture_Dual_Port_RAM_23x1024_blk_mem_gen_prim_wrapper_init_HD24
INFO: [VRFC 10-311] analyzing module Ture_Dual_Port_RAM_23x1024_blk_mem_gen_prim_wrapper_init_HD31
INFO: [VRFC 10-311] analyzing module Ture_Dual_Port_RAM_23x1024_blk_mem_gen_prim_wrapper_init_HD38
INFO: [VRFC 10-311] analyzing module Ture_Dual_Port_RAM_23x1024_blk_mem_gen_prim_wrapper_init_HD45
INFO: [VRFC 10-311] analyzing module Ture_Dual_Port_RAM_23x1024_blk_mem_gen_prim_wrapper_init_HD52
INFO: [VRFC 10-311] analyzing module Ture_Dual_Port_RAM_23x1024_blk_mem_gen_prim_wrapper_init_HD59
INFO: [VRFC 10-311] analyzing module Ture_Dual_Port_RAM_23x1024_blk_mem_gen_prim_wrapper_init_HD66
INFO: [VRFC 10-311] analyzing module Ture_Dual_Port_RAM_23x1024_blk_mem_gen_prim_wrapper_init_HD73
INFO: [VRFC 10-311] analyzing module Ture_Dual_Port_RAM_23x1024_blk_mem_gen_prim_wrapper_init_HD80
INFO: [VRFC 10-311] analyzing module Ture_Dual_Port_RAM_23x1024_blk_mem_gen_top
INFO: [VRFC 10-311] analyzing module Ture_Dual_Port_RAM_23x1024_blk_mem_gen_top_HD14
INFO: [VRFC 10-311] analyzing module Ture_Dual_Port_RAM_23x1024_blk_mem_gen_top_HD21
INFO: [VRFC 10-311] analyzing module Ture_Dual_Port_RAM_23x1024_blk_mem_gen_top_HD28
INFO: [VRFC 10-311] analyzing module Ture_Dual_Port_RAM_23x1024_blk_mem_gen_top_HD35
INFO: [VRFC 10-311] analyzing module Ture_Dual_Port_RAM_23x1024_blk_mem_gen_top_HD42
INFO: [VRFC 10-311] analyzing module Ture_Dual_Port_RAM_23x1024_blk_mem_gen_top_HD49
INFO: [VRFC 10-311] analyzing module Ture_Dual_Port_RAM_23x1024_blk_mem_gen_top_HD56
INFO: [VRFC 10-311] analyzing module Ture_Dual_Port_RAM_23x1024_blk_mem_gen_top_HD63
INFO: [VRFC 10-311] analyzing module Ture_Dual_Port_RAM_23x1024_blk_mem_gen_top_HD70
INFO: [VRFC 10-311] analyzing module Ture_Dual_Port_RAM_23x1024_blk_mem_gen_top_HD77
INFO: [VRFC 10-311] analyzing module Ture_Dual_Port_RAM_23x1024_blk_mem_gen_v8_4_7
INFO: [VRFC 10-311] analyzing module Ture_Dual_Port_RAM_23x1024_blk_mem_gen_v8_4_7_HD12
INFO: [VRFC 10-311] analyzing module Ture_Dual_Port_RAM_23x1024_blk_mem_gen_v8_4_7_HD19
INFO: [VRFC 10-311] analyzing module Ture_Dual_Port_RAM_23x1024_blk_mem_gen_v8_4_7_HD26
INFO: [VRFC 10-311] analyzing module Ture_Dual_Port_RAM_23x1024_blk_mem_gen_v8_4_7_HD33
INFO: [VRFC 10-311] analyzing module Ture_Dual_Port_RAM_23x1024_blk_mem_gen_v8_4_7_HD40
INFO: [VRFC 10-311] analyzing module Ture_Dual_Port_RAM_23x1024_blk_mem_gen_v8_4_7_HD47
INFO: [VRFC 10-311] analyzing module Ture_Dual_Port_RAM_23x1024_blk_mem_gen_v8_4_7_HD54
INFO: [VRFC 10-311] analyzing module Ture_Dual_Port_RAM_23x1024_blk_mem_gen_v8_4_7_HD61
INFO: [VRFC 10-311] analyzing module Ture_Dual_Port_RAM_23x1024_blk_mem_gen_v8_4_7_HD68
INFO: [VRFC 10-311] analyzing module Ture_Dual_Port_RAM_23x1024_blk_mem_gen_v8_4_7_HD75
INFO: [VRFC 10-311] analyzing module Ture_Dual_Port_RAM_23x1024_blk_mem_gen_v8_4_7_synth
INFO: [VRFC 10-311] analyzing module Ture_Dual_Port_RAM_23x1024_blk_mem_gen_v8_4_7_synth_HD13
INFO: [VRFC 10-311] analyzing module Ture_Dual_Port_RAM_23x1024_blk_mem_gen_v8_4_7_synth_HD20
INFO: [VRFC 10-311] analyzing module Ture_Dual_Port_RAM_23x1024_blk_mem_gen_v8_4_7_synth_HD27
INFO: [VRFC 10-311] analyzing module Ture_Dual_Port_RAM_23x1024_blk_mem_gen_v8_4_7_synth_HD34
INFO: [VRFC 10-311] analyzing module Ture_Dual_Port_RAM_23x1024_blk_mem_gen_v8_4_7_synth_HD41
INFO: [VRFC 10-311] analyzing module Ture_Dual_Port_RAM_23x1024_blk_mem_gen_v8_4_7_synth_HD48
INFO: [VRFC 10-311] analyzing module Ture_Dual_Port_RAM_23x1024_blk_mem_gen_v8_4_7_synth_HD55
INFO: [VRFC 10-311] analyzing module Ture_Dual_Port_RAM_23x1024_blk_mem_gen_v8_4_7_synth_HD62
INFO: [VRFC 10-311] analyzing module Ture_Dual_Port_RAM_23x1024_blk_mem_gen_v8_4_7_synth_HD69
INFO: [VRFC 10-311] analyzing module Ture_Dual_Port_RAM_23x1024_blk_mem_gen_v8_4_7_synth_HD76
INFO: [VRFC 10-311] analyzing module Ture_Dual_Port_RAM_23x4096_blk_mem_gen_generic_cstr
INFO: [VRFC 10-311] analyzing module Ture_Dual_Port_RAM_23x4096_blk_mem_gen_prim_width
INFO: [VRFC 10-311] analyzing module Ture_Dual_Port_RAM_23x4096_blk_mem_gen_prim_width__parameterized0
INFO: [VRFC 10-311] analyzing module Ture_Dual_Port_RAM_23x4096_blk_mem_gen_prim_width__parameterized1
INFO: [VRFC 10-311] analyzing module Ture_Dual_Port_RAM_23x4096_blk_mem_gen_prim_wrapper_init
INFO: [VRFC 10-311] analyzing module Ture_Dual_Port_RAM_23x4096_blk_mem_gen_prim_wrapper_init__parameterized0
INFO: [VRFC 10-311] analyzing module Ture_Dual_Port_RAM_23x4096_blk_mem_gen_prim_wrapper_init__parameterized1
INFO: [VRFC 10-311] analyzing module Ture_Dual_Port_RAM_23x4096_blk_mem_gen_top
INFO: [VRFC 10-311] analyzing module Ture_Dual_Port_RAM_23x4096_blk_mem_gen_v8_4_7
INFO: [VRFC 10-311] analyzing module Ture_Dual_Port_RAM_23x4096_blk_mem_gen_v8_4_7_synth
INFO: [VRFC 10-311] analyzing module Ture_Dual_Port_RAM_64x16_blk_mem_gen_generic_cstr
INFO: [VRFC 10-311] analyzing module Ture_Dual_Port_RAM_64x16_blk_mem_gen_generic_cstr_HD86
INFO: [VRFC 10-311] analyzing module Ture_Dual_Port_RAM_64x16_blk_mem_gen_prim_width
INFO: [VRFC 10-311] analyzing module Ture_Dual_Port_RAM_64x16_blk_mem_gen_prim_width_HD87
INFO: [VRFC 10-311] analyzing module Ture_Dual_Port_RAM_64x16_blk_mem_gen_prim_width__parameterized0
INFO: [VRFC 10-311] analyzing module Ture_Dual_Port_RAM_64x16_blk_mem_gen_prim_width__parameterized0_HD89
INFO: [VRFC 10-311] analyzing module Ture_Dual_Port_RAM_64x16_blk_mem_gen_prim_wrapper_init
INFO: [VRFC 10-311] analyzing module Ture_Dual_Port_RAM_64x16_blk_mem_gen_prim_wrapper_init_HD88
INFO: [VRFC 10-311] analyzing module Ture_Dual_Port_RAM_64x16_blk_mem_gen_prim_wrapper_init__parameterized0
INFO: [VRFC 10-311] analyzing module Ture_Dual_Port_RAM_64x16_blk_mem_gen_prim_wrapper_init__parameterized0_HD90
INFO: [VRFC 10-311] analyzing module Ture_Dual_Port_RAM_64x16_blk_mem_gen_top
INFO: [VRFC 10-311] analyzing module Ture_Dual_Port_RAM_64x16_blk_mem_gen_top_HD85
INFO: [VRFC 10-311] analyzing module Ture_Dual_Port_RAM_64x16_blk_mem_gen_v8_4_7
INFO: [VRFC 10-311] analyzing module Ture_Dual_Port_RAM_64x16_blk_mem_gen_v8_4_7_HD83
INFO: [VRFC 10-311] analyzing module Ture_Dual_Port_RAM_64x16_blk_mem_gen_v8_4_7_synth
INFO: [VRFC 10-311] analyzing module Ture_Dual_Port_RAM_64x16_blk_mem_gen_v8_4_7_synth_HD84
INFO: [VRFC 10-311] analyzing module glbl
INFO: [VRFC 10-2263] Analyzing Verilog file "C:/Users/USER/Desktop/ML_DSA_syn_new/IMP4/MLDSA/MLDSA.srcs/sim_1/imports/MLDSA/MLDSA_tb.v" into library xil_defaultlib
INFO: [VRFC 10-311] analyzing module MLDSA_AXI_Top_tb
