ISim log file
Running: C:\Users\fossu\Desktop\ML_DSA_Syn\NTT\NTT\NTT_tb_isim_beh.exe -intstyle ise -gui -tclbatch isim.cmd -wdb C:/Users/fossu/Desktop/ML_DSA_Syn/NTT/NTT/NTT_tb_isim_beh.wdb 
ISim P.20131013 (signature 0x7708f090)
WARNING: A WEBPACK license was found.
WARNING: Please use Xilinx License Configuration Manager to check out a full ISim license.
WARNING: ISim will run in Lite mode. Please refer to the ISim documentation for more information on the differences between the Lite and the Full version.
This is a Lite version of ISim.
Time resolution is 1 ps
# onerror resume
# wave add /
# run 1000 ns
Simulator is doing circuit initialization process.
Finished circuit initialization process.
ISim P.20131013 (signature 0x7708f090)
WARNING: A WEBPACK license was found.
WARNING: Please use Xilinx License Configuration Manager to check out a full ISim license.
WARNING: ISim will run in Lite mode. Please refer to the ISim documentation for more information on the differences between the Lite and the Full version.
This is a Lite version of ISim.
WARNING: File "C:/Users/fossu/Desktop/ML_DSA_Syn/NTT/NTT/NTT_tb.v" Line 30.  For instance NTT_tb/uut/, width 23 of formal port in0 is not equal to width 24 of actual variable in0. 
WARNING: File "C:/Users/fossu/Desktop/ML_DSA_Syn/NTT/NTT/NTT_tb.v" Line 31.  For instance NTT_tb/uut/, width 23 of formal port in1 is not equal to width 24 of actual variable in1. 
WARNING: File "C:/Users/fossu/Desktop/ML_DSA_Syn/NTT/NTT/NTT_tb.v" Line 32.  For instance NTT_tb/uut/, width 23 of formal port phi is not equal to width 24 of actual variable phi. 
WARNING: File "C:/Users/fossu/Desktop/ML_DSA_Syn/NTT/NTT/NTT_tb.v" Line 35.  For instance NTT_tb/uut/, width 23 of formal port out0 is not equal to width 24 of actual signal out0.
WARNING: File "C:/Users/fossu/Desktop/ML_DSA_Syn/NTT/NTT/NTT_tb.v" Line 36.  For instance NTT_tb/uut/, width 23 of formal port out1 is not equal to width 24 of actual signal out1.
# run 1000 ns
Simulator is doing circuit initialization process.
Finished circuit initialization process.
ISim P.20131013 (signature 0x7708f090)
WARNING: A WEBPACK license was found.
WARNING: Please use Xilinx License Configuration Manager to check out a full ISim license.
WARNING: ISim will run in Lite mode. Please refer to the ISim documentation for more information on the differences between the Lite and the Full version.
This is a Lite version of ISim.
# run 1000 ns
Simulator is doing circuit initialization process.
Finished circuit initialization process.
# restart
# run 1.00us
Simulator is doing circuit initialization process.
Finished circuit initialization process.
ISim P.20131013 (signature 0x7708f090)
WARNING: A WEBPACK license was found.
WARNING: Please use Xilinx License Configuration Manager to check out a full ISim license.
WARNING: ISim will run in Lite mode. Please refer to the ISim documentation for more information on the differences between the Lite and the Full version.
This is a Lite version of ISim.
# run 1000 ns
Simulator is doing circuit initialization process.
Finished circuit initialization process.
ISim P.20131013 (signature 0x7708f090)
WARNING: A WEBPACK license was found.
WARNING: Please use Xilinx License Configuration Manager to check out a full ISim license.
WARNING: ISim will run in Lite mode. Please refer to the ISim documentation for more information on the differences between the Lite and the Full version.
This is a Lite version of ISim.
# run 1000 ns
Simulator is doing circuit initialization process.
Finished circuit initialization process.
ISim P.20131013 (signature 0x7708f090)
WARNING: A WEBPACK license was found.
WARNING: Please use Xilinx License Configuration Manager to check out a full ISim license.
WARNING: ISim will run in Lite mode. Please refer to the ISim documentation for more information on the differences between the Lite and the Full version.
This is a Lite version of ISim.
# run 1000 ns
Simulator is doing circuit initialization process.
Finished circuit initialization process.
ISim P.20131013 (signature 0x7708f090)
WARNING: A WEBPACK license was found.
WARNING: Please use Xilinx License Configuration Manager to check out a full ISim license.
WARNING: ISim will run in Lite mode. Please refer to the ISim documentation for more information on the differences between the Lite and the Full version.
This is a Lite version of ISim.
# run 1000 ns
Simulator is doing circuit initialization process.
Finished circuit initialization process.
