#-----------------------------------------------------------
# Vivado v2023.2 (64-bit)
# SW Build 4029153 on Fri Oct 13 20:14:34 MDT 2023
# IP Build 4028589 on Sat Oct 14 00:45:43 MDT 2023
# SharedData Build 4025554 on Tue Oct 10 17:18:54 MDT 2023
# Start of session at: Wed Apr  2 02:53:24 2025
# Process ID: 23192
# Current directory: C:/Users/USER/Desktop/ML_DSA_syn_new/IMP/MLDSA - 複製
# Command line: vivado.exe -gui_launcher_event rodinguilauncherevent1692 C:\Users\USER\Desktop\ML_DSA_syn_new\IMP\MLDSA - 複製\MLDSA.xpr
# Log file: C:/Users/USER/Desktop/ML_DSA_syn_new/IMP/MLDSA - 複製/vivado.log
# Journal file: C:/Users/USER/Desktop/ML_DSA_syn_new/IMP/MLDSA - 複製\vivado.jou
# Running On: LAPTOP-2P71OMBV, OS: Windows, CPU Frequency: 3194 MHz, CPU Physical cores: 16, Host memory: 16542 MB
#-----------------------------------------------------------
start_gui
open_project {C:/Users/USER/Desktop/ML_DSA_syn_new/IMP/MLDSA - 複製/MLDSA.xpr}
WARNING: [Board 49-26] cannot add Board Part xilinx.com:kc705:part0:1.6 available at C:/Xilinx/Vivado/2023.2/data/xhub/boards/XilinxBoardStore/boards/Xilinx/kc705/1.6/board.xml as part xc7k325tffg900-2 specified in board_part file is either invalid or not available
WARNING: [Board 49-26] cannot add Board Part xilinx.com:kcu105:part0:1.6 available at C:/Xilinx/Vivado/2023.2/data/xhub/boards/XilinxBoardStore/boards/Xilinx/kcu105/1.6/board.xml as part xcku040-ffva1156-2-e specified in board_part file is either invalid or not available
WARNING: [Board 49-26] cannot add Board Part xilinx.com:kcu105:part0:1.7 available at C:/Xilinx/Vivado/2023.2/data/xhub/boards/XilinxBoardStore/boards/Xilinx/kcu105/1.7/board.xml as part xcku040-ffva1156-2-e specified in board_part file is either invalid or not available
WARNING: [Board 49-26] cannot add Board Part xilinx.com:kcu1500:part0:1.2 available at C:/Xilinx/Vivado/2023.2/data/xhub/boards/XilinxBoardStore/boards/Xilinx/kcu1500/1.2/board.xml as part xcku115-flvb2104-2-e specified in board_part file is either invalid or not available
WARNING: [Board 49-26] cannot add Board Part xilinx.com:vc707:part0:1.4 available at C:/Xilinx/Vivado/2023.2/data/xhub/boards/XilinxBoardStore/boards/Xilinx/vc707/1.4/board.xml as part xc7vx485tffg1761-2 specified in board_part file is either invalid or not available
WARNING: [Board 49-26] cannot add Board Part xilinx.com:vc709:part0:1.8 available at C:/Xilinx/Vivado/2023.2/data/xhub/boards/XilinxBoardStore/boards/Xilinx/vc709/1.8/board.xml as part xc7vx690tffg1761-2 specified in board_part file is either invalid or not available
WARNING: [Board 49-26] cannot add Board Part xilinx.com:vck190:part0:2.2 available at C:/Xilinx/Vivado/2023.2/data/xhub/boards/XilinxBoardStore/boards/Xilinx/vck190/production/2.2/board.xml as part xcvc1902-vsva2197-2mp-e-s specified in board_part file is either invalid or not available
WARNING: [Board 49-26] cannot add Board Part xilinx.com:vck190:part0:3.0 available at C:/Xilinx/Vivado/2023.2/data/xhub/boards/XilinxBoardStore/boards/Xilinx/vck190/production/3.0/board.xml as part xcvc1902-vsva2197-2mp-e-s specified in board_part file is either invalid or not available
WARNING: [Board 49-26] cannot add Board Part xilinx.com:vck190:part0:3.1 available at C:/Xilinx/Vivado/2023.2/data/xhub/boards/XilinxBoardStore/boards/Xilinx/vck190/production/3.1/board.xml as part xcvc1902-vsva2197-2mp-e-s specified in board_part file is either invalid or not available
WARNING: [Board 49-26] cannot add Board Part xilinx.com:vck190:part0:3.2 available at C:/Xilinx/Vivado/2023.2/data/xhub/boards/XilinxBoardStore/boards/Xilinx/vck190/production/3.2/board.xml as part xcvc1902-vsva2197-2mp-e-s specified in board_part file is either invalid or not available
WARNING: [Board 49-26] cannot add Board Part xilinx.com:vck190_newl:part0:1.0 available at C:/Xilinx/Vivado/2023.2/data/xhub/boards/XilinxBoardStore/boards/Xilinx/vck190_newl/production/1.0/board.xml as part xcvc1902-vsva2197-2mp-e-s specified in board_part file is either invalid or not available
WARNING: [Board 49-26] cannot add Board Part xilinx.com:vck190_newl:part0:1.1 available at C:/Xilinx/Vivado/2023.2/data/xhub/boards/XilinxBoardStore/boards/Xilinx/vck190_newl/production/1.1/board.xml as part xcvc1902-vsva2197-2mp-e-s specified in board_part file is either invalid or not available
WARNING: [Board 49-26] cannot add Board Part xilinx.com:vcu108:part0:1.6 available at C:/Xilinx/Vivado/2023.2/data/xhub/boards/XilinxBoardStore/boards/Xilinx/vcu108/1.6/board.xml as part xcvu095-ffva2104-2-e specified in board_part file is either invalid or not available
WARNING: [Board 49-26] cannot add Board Part xilinx.com:vcu108:part0:1.7 available at C:/Xilinx/Vivado/2023.2/data/xhub/boards/XilinxBoardStore/boards/Xilinx/vcu108/1.7/board.xml as part xcvu095-ffva2104-2-e specified in board_part file is either invalid or not available
WARNING: [Board 49-26] cannot add Board Part xilinx.com:vcu110:part0:1.4 available at C:/Xilinx/Vivado/2023.2/data/xhub/boards/XilinxBoardStore/boards/Xilinx/vcu110/1.4/board.xml as part xcvu190-flgc2104-2-e specified in board_part file is either invalid or not available
WARNING: [Board 49-26] cannot add Board Part xilinx.com:vcu118:part0:2.0 available at C:/Xilinx/Vivado/2023.2/data/xhub/boards/XilinxBoardStore/boards/Xilinx/vcu118/2.0/board.xml as part xcvu9p-flga2104-2l-e specified in board_part file is either invalid or not available
WARNING: [Board 49-26] cannot add Board Part xilinx.com:vcu118:part0:2.3 available at C:/Xilinx/Vivado/2023.2/data/xhub/boards/XilinxBoardStore/boards/Xilinx/vcu118/2.3/board.xml as part xcvu9p-flga2104-2l-e specified in board_part file is either invalid or not available
WARNING: [Board 49-26] cannot add Board Part xilinx.com:vcu118:part0:2.4 available at C:/Xilinx/Vivado/2023.2/data/xhub/boards/XilinxBoardStore/boards/Xilinx/vcu118/2.4/board.xml as part xcvu9p-flga2104-2l-e specified in board_part file is either invalid or not available
WARNING: [Board 49-26] cannot add Board Part xilinx.com:vcu129:part0:1.0 available at C:/Xilinx/Vivado/2023.2/data/xhub/boards/XilinxBoardStore/boards/Xilinx/vcu129/production/1.0/board.xml as part xcvu29p-fsga2577-2l-e specified in board_part file is either invalid or not available
WARNING: [Board 49-26] cannot add Board Part xilinx.com:vcu1525:part0:1.3 available at C:/Xilinx/Vivado/2023.2/data/xhub/boards/XilinxBoardStore/boards/Xilinx/vcu1525/1.3/board.xml as part xcvu9p-fsgd2104-2l-e specified in board_part file is either invalid or not available
WARNING: [Board 49-26] cannot add Board Part xilinx.com:vek280:part0:1.0 available at C:/Xilinx/Vivado/2023.2/data/xhub/boards/XilinxBoardStore/boards/Xilinx/vek280/production/1.0/board.xml as part xcve2802-vsvh1760-2mp-e-s specified in board_part file is either invalid or not available
WARNING: [Board 49-26] cannot add Board Part xilinx.com:vek280_es:part0:1.0 available at C:/Xilinx/Vivado/2023.2/data/xhub/boards/XilinxBoardStore/boards/Xilinx/vek280/es/rev_a/1.0/board.xml as part xcve2802-vsvh1760-2lp-e-s-es1 specified in board_part file is either invalid or not available
WARNING: [Board 49-26] cannot add Board Part xilinx.com:vek280_es:part0:1.1 available at C:/Xilinx/Vivado/2023.2/data/xhub/boards/XilinxBoardStore/boards/Xilinx/vek280/es/rev_a/1.1/board.xml as part xcve2802-vsvh1760-2lp-e-s-es1 specified in board_part file is either invalid or not available
WARNING: [Board 49-26] cannot add Board Part xilinx.com:vek280_es_revb:part0:1.0 available at C:/Xilinx/Vivado/2023.2/data/xhub/boards/XilinxBoardStore/boards/Xilinx/vek280/es/rev_b/1.0/board.xml as part xcve2802-vsvh1760-2mp-e-s-es1 specified in board_part file is either invalid or not available
WARNING: [Board 49-26] cannot add Board Part xilinx.com:vek280_es_revb:part0:1.1 available at C:/Xilinx/Vivado/2023.2/data/xhub/boards/XilinxBoardStore/boards/Xilinx/vek280/es/rev_b/1.1/board.xml as part xcve2802-vsvh1760-2mp-e-s-es1 specified in board_part file is either invalid or not available
WARNING: [Board 49-26] cannot add Board Part xilinx.com:vermeo_t1_mpsoc:part0:1.0 available at C:/Xilinx/Vivado/2023.2/data/xhub/boards/XilinxBoardStore/boards/Xilinx/vermeo_t1_mpsoc/1.0/board.xml as part xczu19eg-ffvd1760-2l-e specified in board_part file is either invalid or not available
WARNING: [Board 49-26] cannot add Board Part xilinx.com:vermeo_t1_rfsoc:part0:1.0 available at C:/Xilinx/Vivado/2023.2/data/xhub/boards/XilinxBoardStore/boards/Xilinx/vermeo_t1_rfsoc/1.0/board.xml as part xczu21dr-ffvd1156-2l-e specified in board_part file is either invalid or not available
WARNING: [Board 49-26] cannot add Board Part xilinx.com:vhk158:part0:1.0 available at C:/Xilinx/Vivado/2023.2/data/xhub/boards/XilinxBoardStore/boards/Xilinx/vhk158/production/1.0/board.xml as part xcvh1582-vsva3697-2mp-e-s specified in board_part file is either invalid or not available
WARNING: [Board 49-26] cannot add Board Part xilinx.com:vhk158:part0:1.1 available at C:/Xilinx/Vivado/2023.2/data/xhub/boards/XilinxBoardStore/boards/Xilinx/vhk158/production/1.1/board.xml as part xcvh1582-vsva3697-2mp-e-s specified in board_part file is either invalid or not available
WARNING: [Board 49-26] cannot add Board Part xilinx.com:vhk158_es:part0:1.0 available at C:/Xilinx/Vivado/2023.2/data/xhub/boards/XilinxBoardStore/boards/Xilinx/vhk158/es/1.0/board.xml as part xcvh1582-vsva3697-2mp-e-s-es1 specified in board_part file is either invalid or not available
WARNING: [Board 49-26] cannot add Board Part xilinx.com:vhk158_es:part0:1.1 available at C:/Xilinx/Vivado/2023.2/data/xhub/boards/XilinxBoardStore/boards/Xilinx/vhk158/es/1.1/board.xml as part xcvh1582-vsva3697-2mp-e-s-es1 specified in board_part file is either invalid or not available
WARNING: [Board 49-26] cannot add Board Part xilinx.com:vmk180:part0:2.2 available at C:/Xilinx/Vivado/2023.2/data/xhub/boards/XilinxBoardStore/boards/Xilinx/vmk180/production/2.2/board.xml as part xcvm1802-vsva2197-2mp-e-s specified in board_part file is either invalid or not available
WARNING: [Board 49-26] cannot add Board Part xilinx.com:vmk180:part0:3.0 available at C:/Xilinx/Vivado/2023.2/data/xhub/boards/XilinxBoardStore/boards/Xilinx/vmk180/production/3.0/board.xml as part xcvm1802-vsva2197-2mp-e-s specified in board_part file is either invalid or not available
WARNING: [Board 49-26] cannot add Board Part xilinx.com:vmk180:part0:3.1 available at C:/Xilinx/Vivado/2023.2/data/xhub/boards/XilinxBoardStore/boards/Xilinx/vmk180/production/3.1/board.xml as part xcvm1802-vsva2197-2mp-e-s specified in board_part file is either invalid or not available
WARNING: [Board 49-26] cannot add Board Part xilinx.com:vmk180:part0:3.2 available at C:/Xilinx/Vivado/2023.2/data/xhub/boards/XilinxBoardStore/boards/Xilinx/vmk180/production/3.2/board.xml as part xcvm1802-vsva2197-2mp-e-s specified in board_part file is either invalid or not available
WARNING: [Board 49-26] cannot add Board Part xilinx.com:vmk180_newl:part0:1.0 available at C:/Xilinx/Vivado/2023.2/data/xhub/boards/XilinxBoardStore/boards/Xilinx/vmk180_newl/production/1.0/board.xml as part xcvm1802-vsva2197-2mp-e-s specified in board_part file is either invalid or not available
WARNING: [Board 49-26] cannot add Board Part xilinx.com:vmk180_newl:part0:1.1 available at C:/Xilinx/Vivado/2023.2/data/xhub/boards/XilinxBoardStore/boards/Xilinx/vmk180_newl/production/1.1/board.xml as part xcvm1802-vsva2197-2mp-e-s specified in board_part file is either invalid or not available
WARNING: [Board 49-26] cannot add Board Part xilinx.com:vpk120:part0:1.0 available at C:/Xilinx/Vivado/2023.2/data/xhub/boards/XilinxBoardStore/boards/Xilinx/vpk120/production/1.0/board.xml as part xcvp1202-vsva2785-2mp-e-s specified in board_part file is either invalid or not available
WARNING: [Board 49-26] cannot add Board Part xilinx.com:vpk120:part0:1.1 available at C:/Xilinx/Vivado/2023.2/data/xhub/boards/XilinxBoardStore/boards/Xilinx/vpk120/production/1.1/board.xml as part xcvp1202-vsva2785-2mp-e-s specified in board_part file is either invalid or not available
WARNING: [Board 49-26] cannot add Board Part xilinx.com:vpk120:part0:1.2 available at C:/Xilinx/Vivado/2023.2/data/xhub/boards/XilinxBoardStore/boards/Xilinx/vpk120/production/1.2/board.xml as part xcvp1202-vsva2785-2mp-e-s specified in board_part file is either invalid or not available
WARNING: [Board 49-26] cannot add Board Part xilinx.com:vpk180:part0:1.0 available at C:/Xilinx/Vivado/2023.2/data/xhub/boards/XilinxBoardStore/boards/Xilinx/vpk180/production/1.0/board.xml as part xcvp1802-lsvc4072-2mp-e-s specified in board_part file is either invalid or not available
WARNING: [Board 49-26] cannot add Board Part xilinx.com:vpk180:part0:1.1 available at C:/Xilinx/Vivado/2023.2/data/xhub/boards/XilinxBoardStore/boards/Xilinx/vpk180/production/1.1/board.xml as part xcvp1802-lsvc4072-2mp-e-s specified in board_part file is either invalid or not available
WARNING: [Board 49-26] cannot add Board Part xilinx.com:zc706:part0:1.4 available at C:/Xilinx/Vivado/2023.2/data/xhub/boards/XilinxBoardStore/boards/Xilinx/zc706/1.4/board.xml as part xc7z045ffg900-2 specified in board_part file is either invalid or not available
WARNING: [Board 49-26] cannot add Board Part xilinx.com:zcu102:part0:3.3 available at C:/Xilinx/Vivado/2023.2/data/xhub/boards/XilinxBoardStore/boards/Xilinx/zcu102/3.3/board.xml as part xczu9eg-ffvb1156-2-e specified in board_part file is either invalid or not available
WARNING: [Board 49-26] cannot add Board Part xilinx.com:zcu102:part0:3.4 available at C:/Xilinx/Vivado/2023.2/data/xhub/boards/XilinxBoardStore/boards/Xilinx/zcu102/3.4/board.xml as part xczu9eg-ffvb1156-2-e specified in board_part file is either invalid or not available
WARNING: [Board 49-26] cannot add Board Part xilinx.com:zcu111:part0:1.2 available at C:/Xilinx/Vivado/2023.2/data/xhub/boards/XilinxBoardStore/boards/Xilinx/zcu111/1.2/board.xml as part xczu28dr-ffvg1517-2-e specified in board_part file is either invalid or not available
WARNING: [Board 49-26] cannot add Board Part xilinx.com:zcu111:part0:1.3 available at C:/Xilinx/Vivado/2023.2/data/xhub/boards/XilinxBoardStore/boards/Xilinx/zcu111/1.3/board.xml as part xczu28dr-ffvg1517-2-e specified in board_part file is either invalid or not available
WARNING: [Board 49-26] cannot add Board Part xilinx.com:zcu111:part0:1.4 available at C:/Xilinx/Vivado/2023.2/data/xhub/boards/XilinxBoardStore/boards/Xilinx/zcu111/1.4/board.xml as part xczu28dr-ffvg1517-2-e specified in board_part file is either invalid or not available
WARNING: [Board 49-26] cannot add Board Part xilinx.com:zcu1275:part0:1.0 available at C:/Xilinx/Vivado/2023.2/data/xhub/boards/XilinxBoardStore/boards/Xilinx/zcu1275/1.0/board.xml as part xczu29dr-ffvf1760-2-e specified in board_part file is either invalid or not available
WARNING: [Board 49-26] cannot add Board Part xilinx.com:zcu1285:part0:1.0 available at C:/Xilinx/Vivado/2023.2/data/xhub/boards/XilinxBoardStore/boards/Xilinx/zcu1285/1.0/board.xml as part xczu39dr-ffvf1760-2-i specified in board_part file is either invalid or not available
WARNING: [Board 49-26] cannot add Board Part xilinx.com:zcu208:part0:2.0 available at C:/Xilinx/Vivado/2023.2/data/xhub/boards/XilinxBoardStore/boards/Xilinx/zcu208/production/2.0/board.xml as part xczu48dr-fsvg1517-2-e specified in board_part file is either invalid or not available
WARNING: [Board 49-26] cannot add Board Part xilinx.com:zcu208ld:part0:2.0 available at C:/Xilinx/Vivado/2023.2/data/xhub/boards/XilinxBoardStore/boards/Xilinx/zcu208ld/production/2.0/board.xml as part xczu58dr-fsvg1517-2-i specified in board_part file is either invalid or not available
WARNING: [Board 49-26] cannot add Board Part xilinx.com:zcu216:part0:2.0 available at C:/Xilinx/Vivado/2023.2/data/xhub/boards/XilinxBoardStore/boards/Xilinx/zcu216/production/2.0/board.xml as part xczu49dr-ffvf1760-2-e specified in board_part file is either invalid or not available
WARNING: [Board 49-26] cannot add Board Part xilinx.com:zcu216ld:part0:2.0 available at C:/Xilinx/Vivado/2023.2/data/xhub/boards/XilinxBoardStore/boards/Xilinx/zcu216ld/production/2.0/board.xml as part xczu59dr-ffvf1760-2-i specified in board_part file is either invalid or not available
WARNING: [Board 49-26] cannot add Board Part xilinx.com:zcu670:part0:2.0 available at C:/Xilinx/Vivado/2023.2/data/xhub/boards/XilinxBoardStore/boards/Xilinx/zcu670/2.0/board.xml as part xczu67dr-fsve1156-2-i specified in board_part file is either invalid or not available
WARNING: [Board 49-26] cannot add Board Part xilinx.com:zcu670ld:part0:1.0 available at C:/Xilinx/Vivado/2023.2/data/xhub/boards/XilinxBoardStore/boards/Xilinx/zcu670ld/1.0/board.xml as part xczu57dr-fsve1156-2-i specified in board_part file is either invalid or not available
INFO: [Project 1-313] Project file moved from 'C:/Users/fossu/Desktop/ML_DSA_Syn/IMP/MLDSA' since last save.
INFO: [filemgmt 56-3] Default IP Output Path : Could not find the directory 'C:/Users/USER/Desktop/ML_DSA_syn_new/IMP/MLDSA - 複製/MLDSA.gen/sources_1'.
Scanning sources...
Finished scanning sources
INFO: [IP_Flow 19-234] Refreshing IP repositories
INFO: [IP_Flow 19-1704] No user IP repositories specified
INFO: [IP_Flow 19-2313] Loaded Vivado IP repository 'C:/Xilinx/Vivado/2023.2/data/ip'.
open_project: Time (s): cpu = 00:00:24 ; elapsed = 00:00:09 . Memory (MB): peak = 1522.863 ; gain = 283.875
update_compile_order -fileset sources_1
launch_simulation
Command: launch_simulation 
INFO: [Vivado 12-12493] Simulation top is 'MLDSA_tb'
WARNING: [Vivado 12-13340] Unable to auto find GCC executables from simulator install path! (path not set)
INFO: [Vivado 12-5682] Launching behavioral simulation in 'C:/Users/USER/Desktop/ML_DSA_syn_new/IMP/MLDSA - 複製/MLDSA.sim/sim_1/behav/xsim'
INFO: [SIM-utils-51] Simulation object is 'sim_1'
INFO: [SIM-utils-72] Using boost library from 'C:/Xilinx/Vivado/2023.2/tps/boost_1_72_0'
INFO: [SIM-utils-54] Inspecting design source files for 'MLDSA_tb' in fileset 'sim_1'...
INFO: [USF-XSim-97] Finding global include files...
INFO: [USF-XSim-98] Fetching design files from 'sim_1'...
INFO: [USF-XSim-2] XSim::Compile design
INFO: [USF-XSim-61] Executing 'COMPILE and ANALYZE' step in 'C:/Users/USER/Desktop/ML_DSA_syn_new/IMP/MLDSA - 複製/MLDSA.sim/sim_1/behav/xsim'
"xvlog --incr --relax -prj MLDSA_tb_vlog.prj"
ECHO 已關閉。
ECHO 已關閉。
INFO: [VRFC 10-2263] Analyzing Verilog file "C:/Users/USER/Desktop/ML_DSA_syn_new/IMP/MLDSA - 複製/MLDSA.srcs/sources_1/Sampler/CoeffFromHalfByte.v" into library xil_defaultlib
INFO: [VRFC 10-311] analyzing module CoeffFromHalfByte
INFO: [VRFC 10-2263] Analyzing Verilog file "C:/Users/USER/Desktop/ML_DSA_syn_new/IMP/MLDSA - 複製/MLDSA.srcs/sources_1/imports/MLDSA/Controller.v" into library xil_defaultlib
INFO: [VRFC 10-311] analyzing module Controller
INFO: [VRFC 10-2263] Analyzing Verilog file "C:/Users/USER/Desktop/ML_DSA_syn_new/IMP/MLDSA - 複製/MLDSA.srcs/sources_1/imports/MLDSA/Data_Mem.v" into library xil_defaultlib
INFO: [VRFC 10-311] analyzing module Data_Mem
INFO: [VRFC 10-2263] Analyzing Verilog file "C:/Users/USER/Desktop/ML_DSA_syn_new/IMP/MLDSA - 複製/MLDSA.srcs/sources_1/imports/MLDSA/Data_Path.v" into library xil_defaultlib
INFO: [VRFC 10-311] analyzing module Data_Path
INFO: [VRFC 10-2263] Analyzing Verilog file "C:/Users/USER/Desktop/ML_DSA_syn_new/IMP/MLDSA - 複製/MLDSA.srcs/sources_1/imports/MLDSA/Dual_Port_Ram_Single_clk.v" into library xil_defaultlib
INFO: [VRFC 10-311] analyzing module Dual_Port_Ram_Single_clk
INFO: [VRFC 10-2263] Analyzing Verilog file "C:/Users/USER/Desktop/ML_DSA_syn_new/IMP/MLDSA - 複製/MLDSA.srcs/sources_1/Sampler/ExpandA.v" into library xil_defaultlib
INFO: [VRFC 10-311] analyzing module ExpandA
INFO: [VRFC 10-2263] Analyzing Verilog file "C:/Users/USER/Desktop/ML_DSA_syn_new/IMP/MLDSA - 複製/MLDSA.srcs/sources_1/Sampler/ExpandMASK.v" into library xil_defaultlib
INFO: [VRFC 10-311] analyzing module ExpandMASK
INFO: [VRFC 10-2263] Analyzing Verilog file "C:/Users/USER/Desktop/ML_DSA_syn_new/IMP/MLDSA - 複製/MLDSA.srcs/sources_1/Sampler/ExpandS.v" into library xil_defaultlib
INFO: [VRFC 10-311] analyzing module ExpandS
INFO: [VRFC 10-2263] Analyzing Verilog file "C:/Users/USER/Desktop/ML_DSA_syn_new/IMP/MLDSA - 複製/MLDSA.srcs/sources_1/imports/MLDSA/F_Permutation.v" into library xil_defaultlib
INFO: [VRFC 10-311] analyzing module F_Permutation
INFO: [VRFC 10-2263] Analyzing Verilog file "C:/Users/USER/Desktop/ML_DSA_syn_new/IMP/MLDSA - 複製/MLDSA.srcs/sources_1/imports/MLDSA/Keccak.v" into library xil_defaultlib
INFO: [VRFC 10-311] analyzing module Keccak
INFO: [VRFC 10-2263] Analyzing Verilog file "C:/Users/USER/Desktop/ML_DSA_syn_new/IMP/MLDSA - 複製/MLDSA.srcs/sources_1/imports/MLDSA/MLDSA.v" into library xil_defaultlib
INFO: [VRFC 10-311] analyzing module MLDSA
INFO: [VRFC 10-2263] Analyzing Verilog file "C:/Users/USER/Desktop/ML_DSA_syn_new/IMP/MLDSA - 複製/MLDSA.srcs/sources_1/imports/MLDSA/Padder.v" into library xil_defaultlib
INFO: [VRFC 10-311] analyzing module Padder
INFO: [VRFC 10-2263] Analyzing Verilog file "C:/Users/USER/Desktop/ML_DSA_syn_new/IMP/MLDSA - 複製/MLDSA.srcs/sources_1/Sampler/SampleInBall.v" into library xil_defaultlib
INFO: [VRFC 10-311] analyzing module SampleInBall
INFO: [VRFC 10-2263] Analyzing Verilog file "C:/Users/USER/Desktop/ML_DSA_syn_new/IMP/MLDSA - 複製/MLDSA.srcs/sources_1/Sampler/Sampler.v" into library xil_defaultlib
INFO: [VRFC 10-311] analyzing module Sampler
INFO: [VRFC 10-2263] Analyzing Verilog file "C:/Users/USER/Desktop/ML_DSA_syn_new/IMP/MLDSA - 複製/MLDSA.srcs/sources_1/imports/MLDSA/mux_generate.v" into library xil_defaultlib
INFO: [VRFC 10-311] analyzing module mux_gen
INFO: [VRFC 10-2263] Analyzing Verilog file "C:/Users/USER/Desktop/ML_DSA_syn_new/IMP/MLDSA - 複製/MLDSA.srcs/sources_1/imports/MLDSA/padder1.v" into library xil_defaultlib
INFO: [VRFC 10-311] analyzing module padder1
INFO: [VRFC 10-2263] Analyzing Verilog file "C:/Users/USER/Desktop/ML_DSA_syn_new/IMP/MLDSA - 複製/MLDSA.srcs/sources_1/imports/MLDSA/rconst.v" into library xil_defaultlib
INFO: [VRFC 10-311] analyzing module rconst
INFO: [VRFC 10-2263] Analyzing Verilog file "C:/Users/USER/Desktop/ML_DSA_syn_new/IMP/MLDSA - 複製/MLDSA.srcs/sources_1/imports/MLDSA/round.v" into library xil_defaultlib
INFO: [VRFC 10-311] analyzing module round
INFO: [VRFC 10-2263] Analyzing Verilog file "C:/Users/USER/Desktop/ML_DSA_syn_new/IMP/MLDSA - 複製/MLDSA.srcs/sim_1/imports/MLDSA/MLDSA_tb.v" into library xil_defaultlib
INFO: [VRFC 10-311] analyzing module MLDSA_tb
INFO: [VRFC 10-2263] Analyzing Verilog file "C:/Users/USER/Desktop/ML_DSA_syn_new/IMP/MLDSA - 複製/MLDSA.sim/sim_1/behav/xsim/glbl.v" into library xil_defaultlib
INFO: [VRFC 10-311] analyzing module glbl
INFO: [USF-XSim-69] 'compile' step finished in '3' seconds
INFO: [USF-XSim-3] XSim::Elaborate design
INFO: [USF-XSim-61] Executing 'ELABORATE' step in 'C:/Users/USER/Desktop/ML_DSA_syn_new/IMP/MLDSA - 複製/MLDSA.sim/sim_1/behav/xsim'
"xelab --incr --debug typical --relax --mt 2 -L xil_defaultlib -L unisims_ver -L unimacro_ver -L secureip --snapshot MLDSA_tb_behav xil_defaultlib.MLDSA_tb xil_defaultlib.glbl -log elaborate.log"
ECHO 已關閉。
ECHO 已關閉。
Vivado Simulator v2023.2
Copyright 1986-2022 Xilinx, Inc. All Rights Reserved.
Copyright 2022-2023 Advanced Micro Devices, Inc. All Rights Reserved.
Running: C:/Xilinx/Vivado/2023.2/bin/unwrapped/win64.o/xelab.exe --incr --debug typical --relax --mt 2 -L xil_defaultlib -L unisims_ver -L unimacro_ver -L secureip --snapshot MLDSA_tb_behav xil_defaultlib.MLDSA_tb xil_defaultlib.glbl -log elaborate.log 
Using 2 slave threads.
Starting static elaboration
Pass Through NonSizing Optimizer
WARNING: [VRFC 10-3091] actual bit length 1 differs from formal bit length 23 for port 'y_q_a' [C:/Users/USER/Desktop/ML_DSA_syn_new/IMP/MLDSA - 複製/MLDSA.srcs/sources_1/imports/MLDSA/Data_Path.v:265]
WARNING: [VRFC 10-3091] actual bit length 1 differs from formal bit length 23 for port 'y_q_b' [C:/Users/USER/Desktop/ML_DSA_syn_new/IMP/MLDSA - 複製/MLDSA.srcs/sources_1/imports/MLDSA/Data_Path.v:266]
WARNING: [VRFC 10-3091] actual bit length 8 differs from formal bit length 5 for port 'sel' [C:/Users/USER/Desktop/ML_DSA_syn_new/IMP/MLDSA - 複製/MLDSA.srcs/sources_1/Sampler/ExpandA.v:47]
WARNING: [VRFC 10-3091] actual bit length 8 differs from formal bit length 5 for port 'sel' [C:/Users/USER/Desktop/ML_DSA_syn_new/IMP/MLDSA - 複製/MLDSA.srcs/sources_1/Sampler/ExpandMASK.v:70]
Completed static elaboration
Starting simulation data flow analysis
WARNING: [XSIM 43-4099] "C:/Users/USER/Desktop/ML_DSA_syn_new/IMP/MLDSA - 複製/MLDSA.srcs/sources_1/imports/MLDSA/MLDSA.v" Line 1. Module MLDSA doesn't have a timescale but at least one module in design has a timescale.
WARNING: [XSIM 43-4099] "C:/Users/USER/Desktop/ML_DSA_syn_new/IMP/MLDSA - 複製/MLDSA.srcs/sources_1/imports/MLDSA/Controller.v" Line 3. Module Controller doesn't have a timescale but at least one module in design has a timescale.
WARNING: [XSIM 43-4099] "C:/Users/USER/Desktop/ML_DSA_syn_new/IMP/MLDSA - 複製/MLDSA.srcs/sources_1/imports/MLDSA/Data_Path.v" Line 1. Module Data_Path doesn't have a timescale but at least one module in design has a timescale.
WARNING: [XSIM 43-4099] "C:/Users/USER/Desktop/ML_DSA_syn_new/IMP/MLDSA - 複製/MLDSA.srcs/sources_1/imports/MLDSA/Keccak.v" Line 1. Module Keccak doesn't have a timescale but at least one module in design has a timescale.
WARNING: [XSIM 43-4099] "C:/Users/USER/Desktop/ML_DSA_syn_new/IMP/MLDSA - 複製/MLDSA.srcs/sources_1/imports/MLDSA/Padder.v" Line 1. Module Padder doesn't have a timescale but at least one module in design has a timescale.
WARNING: [XSIM 43-4099] "C:/Users/USER/Desktop/ML_DSA_syn_new/IMP/MLDSA - 複製/MLDSA.srcs/sources_1/imports/MLDSA/padder1.v" Line 1. Module padder1 doesn't have a timescale but at least one module in design has a timescale.
WARNING: [XSIM 43-4099] "C:/Users/USER/Desktop/ML_DSA_syn_new/IMP/MLDSA - 複製/MLDSA.srcs/sources_1/imports/MLDSA/F_Permutation.v" Line 1. Module F_Permutation doesn't have a timescale but at least one module in design has a timescale.
WARNING: [XSIM 43-4099] "C:/Users/USER/Desktop/ML_DSA_syn_new/IMP/MLDSA - 複製/MLDSA.srcs/sources_1/imports/MLDSA/rconst.v" Line 1. Module rconst doesn't have a timescale but at least one module in design has a timescale.
WARNING: [XSIM 43-4099] "C:/Users/USER/Desktop/ML_DSA_syn_new/IMP/MLDSA - 複製/MLDSA.srcs/sources_1/imports/MLDSA/round.v" Line 10. Module round doesn't have a timescale but at least one module in design has a timescale.
WARNING: [XSIM 43-4099] "C:/Users/USER/Desktop/ML_DSA_syn_new/IMP/MLDSA - 複製/MLDSA.srcs/sources_1/imports/MLDSA/Data_Mem.v" Line 1. Module Data_Mem doesn't have a timescale but at least one module in design has a timescale.
WARNING: [XSIM 43-4099] "C:/Users/USER/Desktop/ML_DSA_syn_new/IMP/MLDSA - 複製/MLDSA.srcs/sources_1/imports/MLDSA/Dual_Port_Ram_Single_clk.v" Line 1. Module Dual_Port_Ram_Single_clk doesn't have a timescale but at least one module in design has a timescale.
WARNING: [XSIM 43-4099] "C:/Users/USER/Desktop/ML_DSA_syn_new/IMP/MLDSA - 複製/MLDSA.srcs/sources_1/imports/MLDSA/Dual_Port_Ram_Single_clk.v" Line 1. Module Dual_Port_Ram_Single_clk doesn't have a timescale but at least one module in design has a timescale.
WARNING: [XSIM 43-4099] "C:/Users/USER/Desktop/ML_DSA_syn_new/IMP/MLDSA - 複製/MLDSA.srcs/sources_1/imports/MLDSA/Dual_Port_Ram_Single_clk.v" Line 1. Module Dual_Port_Ram_Single_clk(HLEN=12) doesn't have a timescale but at least one module in design has a timescale.
WARNING: [XSIM 43-4099] "C:/Users/USER/Desktop/ML_DSA_syn_new/IMP/MLDSA - 複製/MLDSA.srcs/sources_1/imports/MLDSA/Dual_Port_Ram_Single_clk.v" Line 1. Module Dual_Port_Ram_Single_clk doesn't have a timescale but at least one module in design has a timescale.
WARNING: [XSIM 43-4099] "C:/Users/USER/Desktop/ML_DSA_syn_new/IMP/MLDSA - 複製/MLDSA.srcs/sources_1/imports/MLDSA/Dual_Port_Ram_Single_clk.v" Line 1. Module Dual_Port_Ram_Single_clk(HLEN=8) doesn't have a timescale but at least one module in design has a timescale.
WARNING: [XSIM 43-4099] "C:/Users/USER/Desktop/ML_DSA_syn_new/IMP/MLDSA - 複製/MLDSA.srcs/sources_1/Sampler/Sampler.v" Line 1. Module Sampler doesn't have a timescale but at least one module in design has a timescale.
WARNING: [XSIM 43-4099] "C:/Users/USER/Desktop/ML_DSA_syn_new/IMP/MLDSA - 複製/MLDSA.srcs/sources_1/Sampler/ExpandS.v" Line 1. Module ExpandS doesn't have a timescale but at least one module in design has a timescale.
WARNING: [XSIM 43-4099] "C:/Users/USER/Desktop/ML_DSA_syn_new/IMP/MLDSA - 複製/MLDSA.srcs/sources_1/imports/MLDSA/mux_generate.v" Line 3. Module mux_gen(param_in=1088) doesn't have a timescale but at least one module in design has a timescale.
WARNING: [XSIM 43-4099] "C:/Users/USER/Desktop/ML_DSA_syn_new/IMP/MLDSA - 複製/MLDSA.srcs/sources_1/Sampler/CoeffFromHalfByte.v" Line 1. Module CoeffFromHalfByte doesn't have a timescale but at least one module in design has a timescale.
WARNING: [XSIM 43-4099] "C:/Users/USER/Desktop/ML_DSA_syn_new/IMP/MLDSA - 複製/MLDSA.srcs/sources_1/Sampler/CoeffFromHalfByte.v" Line 1. Module CoeffFromHalfByte doesn't have a timescale but at least one module in design has a timescale.
WARNING: [XSIM 43-4099] "C:/Users/USER/Desktop/ML_DSA_syn_new/IMP/MLDSA - 複製/MLDSA.srcs/sources_1/Sampler/ExpandA.v" Line 1. Module ExpandA doesn't have a timescale but at least one module in design has a timescale.
WARNING: [XSIM 43-4099] "C:/Users/USER/Desktop/ML_DSA_syn_new/IMP/MLDSA - 複製/MLDSA.srcs/sources_1/imports/MLDSA/mux_generate.v" Line 3. Module mux_gen(param_m=48) doesn't have a timescale but at least one module in design has a timescale.
WARNING: [XSIM 43-4099] "C:/Users/USER/Desktop/ML_DSA_syn_new/IMP/MLDSA - 複製/MLDSA.srcs/sources_1/Sampler/ExpandMASK.v" Line 1. Module ExpandMASK doesn't have a timescale but at least one module in design has a timescale.
WARNING: [XSIM 43-4099] "C:/Users/USER/Desktop/ML_DSA_syn_new/IMP/MLDSA - 複製/MLDSA.srcs/sources_1/imports/MLDSA/mux_generate.v" Line 3. Module mux_gen(param_in=1080,param_m=36) doesn't have a timescale but at least one module in design has a timescale.
WARNING: [XSIM 43-4099] "C:/Users/USER/Desktop/ML_DSA_syn_new/IMP/MLDSA - 複製/MLDSA.srcs/sources_1/Sampler/SampleInBall.v" Line 1. Module SampleInBall doesn't have a timescale but at least one module in design has a timescale.
WARNING: [XSIM 43-4099] "C:/Users/USER/Desktop/ML_DSA_syn_new/IMP/MLDSA - 複製/MLDSA.srcs/sources_1/imports/MLDSA/mux_generate.v" Line 3. Module mux_gen(param_in=1088) doesn't have a timescale but at least one module in design has a timescale.
WARNING: [XSIM 43-4099] "C:/Users/USER/Desktop/ML_DSA_syn_new/IMP/MLDSA - 複製/MLDSA.srcs/sources_1/imports/MLDSA/MLDSA.v" Line 1. Module MLDSA doesn't have a timescale but at least one module in design has a timescale.
WARNING: [XSIM 43-4099] "C:/Users/USER/Desktop/ML_DSA_syn_new/IMP/MLDSA - 複製/MLDSA.srcs/sources_1/imports/MLDSA/Controller.v" Line 3. Module Controller doesn't have a timescale but at least one module in design has a timescale.
WARNING: [XSIM 43-4099] "C:/Users/USER/Desktop/ML_DSA_syn_new/IMP/MLDSA - 複製/MLDSA.srcs/sources_1/imports/MLDSA/Data_Path.v" Line 1. Module Data_Path doesn't have a timescale but at least one module in design has a timescale.
WARNING: [XSIM 43-4099] "C:/Users/USER/Desktop/ML_DSA_syn_new/IMP/MLDSA - 複製/MLDSA.srcs/sources_1/imports/MLDSA/Keccak.v" Line 1. Module Keccak doesn't have a timescale but at least one module in design has a timescale.
WARNING: [XSIM 43-4099] "C:/Users/USER/Desktop/ML_DSA_syn_new/IMP/MLDSA - 複製/MLDSA.srcs/sources_1/imports/MLDSA/Padder.v" Line 1. Module Padder doesn't have a timescale but at least one module in design has a timescale.
WARNING: [XSIM 43-4099] "C:/Users/USER/Desktop/ML_DSA_syn_new/IMP/MLDSA - 複製/MLDSA.srcs/sources_1/imports/MLDSA/padder1.v" Line 1. Module padder1 doesn't have a timescale but at least one module in design has a timescale.
WARNING: [XSIM 43-4099] "C:/Users/USER/Desktop/ML_DSA_syn_new/IMP/MLDSA - 複製/MLDSA.srcs/sources_1/imports/MLDSA/F_Permutation.v" Line 1. Module F_Permutation doesn't have a timescale but at least one module in design has a timescale.
WARNING: [XSIM 43-4099] "C:/Users/USER/Desktop/ML_DSA_syn_new/IMP/MLDSA - 複製/MLDSA.srcs/sources_1/imports/MLDSA/rconst.v" Line 1. Module rconst doesn't have a timescale but at least one module in design has a timescale.
WARNING: [XSIM 43-4099] "C:/Users/USER/Desktop/ML_DSA_syn_new/IMP/MLDSA - 複製/MLDSA.srcs/sources_1/imports/MLDSA/round.v" Line 10. Module round doesn't have a timescale but at least one module in design has a timescale.
WARNING: [XSIM 43-4099] "C:/Users/USER/Desktop/ML_DSA_syn_new/IMP/MLDSA - 複製/MLDSA.srcs/sources_1/imports/MLDSA/Data_Mem.v" Line 1. Module Data_Mem doesn't have a timescale but at least one module in design has a timescale.
WARNING: [XSIM 43-4099] "C:/Users/USER/Desktop/ML_DSA_syn_new/IMP/MLDSA - 複製/MLDSA.srcs/sources_1/imports/MLDSA/Dual_Port_Ram_Single_clk.v" Line 1. Module Dual_Port_Ram_Single_clk doesn't have a timescale but at least one module in design has a timescale.
WARNING: [XSIM 43-4099] "C:/Users/USER/Desktop/ML_DSA_syn_new/IMP/MLDSA - 複製/MLDSA.srcs/sources_1/imports/MLDSA/Dual_Port_Ram_Single_clk.v" Line 1. Module Dual_Port_Ram_Single_clk doesn't have a timescale but at least one module in design has a timescale.
WARNING: [XSIM 43-4099] "C:/Users/USER/Desktop/ML_DSA_syn_new/IMP/MLDSA - 複製/MLDSA.srcs/sources_1/imports/MLDSA/Dual_Port_Ram_Single_clk.v" Line 1. Module Dual_Port_Ram_Single_clk(HLEN=12) doesn't have a timescale but at least one module in design has a timescale.
WARNING: [XSIM 43-4099] "C:/Users/USER/Desktop/ML_DSA_syn_new/IMP/MLDSA - 複製/MLDSA.srcs/sources_1/imports/MLDSA/Dual_Port_Ram_Single_clk.v" Line 1. Module Dual_Port_Ram_Single_clk doesn't have a timescale but at least one module in design has a timescale.
WARNING: [XSIM 43-4099] "C:/Users/USER/Desktop/ML_DSA_syn_new/IMP/MLDSA - 複製/MLDSA.srcs/sources_1/imports/MLDSA/Dual_Port_Ram_Single_clk.v" Line 1. Module Dual_Port_Ram_Single_clk(HLEN=8) doesn't have a timescale but at least one module in design has a timescale.
WARNING: [XSIM 43-4099] "C:/Users/USER/Desktop/ML_DSA_syn_new/IMP/MLDSA - 複製/MLDSA.srcs/sources_1/Sampler/Sampler.v" Line 1. Module Sampler doesn't have a timescale but at least one module in design has a timescale.
WARNING: [XSIM 43-4099] "C:/Users/USER/Desktop/ML_DSA_syn_new/IMP/MLDSA - 複製/MLDSA.srcs/sources_1/Sampler/ExpandS.v" Line 1. Module ExpandS doesn't have a timescale but at least one module in design has a timescale.
WARNING: [XSIM 43-4099] "C:/Users/USER/Desktop/ML_DSA_syn_new/IMP/MLDSA - 複製/MLDSA.srcs/sources_1/imports/MLDSA/mux_generate.v" Line 3. Module mux_gen(param_in=1088) doesn't have a timescale but at least one module in design has a timescale.
WARNING: [XSIM 43-4099] "C:/Users/USER/Desktop/ML_DSA_syn_new/IMP/MLDSA - 複製/MLDSA.srcs/sources_1/Sampler/CoeffFromHalfByte.v" Line 1. Module CoeffFromHalfByte doesn't have a timescale but at least one module in design has a timescale.
WARNING: [XSIM 43-4099] "C:/Users/USER/Desktop/ML_DSA_syn_new/IMP/MLDSA - 複製/MLDSA.srcs/sources_1/Sampler/CoeffFromHalfByte.v" Line 1. Module CoeffFromHalfByte doesn't have a timescale but at least one module in design has a timescale.
WARNING: [XSIM 43-4099] "C:/Users/USER/Desktop/ML_DSA_syn_new/IMP/MLDSA - 複製/MLDSA.srcs/sources_1/Sampler/ExpandA.v" Line 1. Module ExpandA doesn't have a timescale but at least one module in design has a timescale.
WARNING: [XSIM 43-4099] "C:/Users/USER/Desktop/ML_DSA_syn_new/IMP/MLDSA - 複製/MLDSA.srcs/sources_1/imports/MLDSA/mux_generate.v" Line 3. Module mux_gen(param_m=48) doesn't have a timescale but at least one module in design has a timescale.
WARNING: [XSIM 43-4099] "C:/Users/USER/Desktop/ML_DSA_syn_new/IMP/MLDSA - 複製/MLDSA.srcs/sources_1/Sampler/ExpandMASK.v" Line 1. Module ExpandMASK doesn't have a timescale but at least one module in design has a timescale.
WARNING: [XSIM 43-4099] "C:/Users/USER/Desktop/ML_DSA_syn_new/IMP/MLDSA - 複製/MLDSA.srcs/sources_1/imports/MLDSA/mux_generate.v" Line 3. Module mux_gen(param_in=1080,param_m=36) doesn't have a timescale but at least one module in design has a timescale.
WARNING: [XSIM 43-4099] "C:/Users/USER/Desktop/ML_DSA_syn_new/IMP/MLDSA - 複製/MLDSA.srcs/sources_1/Sampler/SampleInBall.v" Line 1. Module SampleInBall doesn't have a timescale but at least one module in design has a timescale.
WARNING: [XSIM 43-4099] "C:/Users/USER/Desktop/ML_DSA_syn_new/IMP/MLDSA - 複製/MLDSA.srcs/sources_1/imports/MLDSA/mux_generate.v" Line 3. Module mux_gen(param_in=1088) doesn't have a timescale but at least one module in design has a timescale.
Completed simulation data flow analysis
Time Resolution for simulation is 1ps
Compiling module xil_defaultlib.Controller
Compiling module xil_defaultlib.padder1
Compiling module xil_defaultlib.Padder
Compiling module xil_defaultlib.rconst
Compiling module xil_defaultlib.round
Compiling module xil_defaultlib.F_Permutation
Compiling module xil_defaultlib.Keccak
Compiling module xil_defaultlib.Dual_Port_Ram_Single_clk
Compiling module xil_defaultlib.Dual_Port_Ram_Single_clk(HLEN=12...
Compiling module xil_defaultlib.Dual_Port_Ram_Single_clk(HLEN=8)
Compiling module xil_defaultlib.Data_Mem
Compiling module xil_defaultlib.mux_gen(param_in=1088)
Compiling module xil_defaultlib.CoeffFromHalfByte
Compiling module xil_defaultlib.ExpandS
Compiling module xil_defaultlib.mux_gen(param_m=48)
Compiling module xil_defaultlib.ExpandA
Compiling module xil_defaultlib.mux_gen(param_in=1080,param_m=36...
Compiling module xil_defaultlib.ExpandMASK
Compiling module xil_defaultlib.SampleInBall
Compiling module xil_defaultlib.Sampler
Compiling module xil_defaultlib.Data_Path
Compiling module xil_defaultlib.MLDSA
Compiling module xil_defaultlib.MLDSA_tb
Compiling module xil_defaultlib.glbl
Built simulation snapshot MLDSA_tb_behav
run_program: Time (s): cpu = 00:00:01 ; elapsed = 00:00:10 . Memory (MB): peak = 1541.832 ; gain = 0.000
INFO: [USF-XSim-69] 'elaborate' step finished in '10' seconds
INFO: [USF-XSim-4] XSim::Simulate design
INFO: [USF-XSim-61] Executing 'SIMULATE' step in 'C:/Users/USER/Desktop/ML_DSA_syn_new/IMP/MLDSA - 複製/MLDSA.sim/sim_1/behav/xsim'
INFO: [USF-XSim-98] *** Running xsim
   with args "MLDSA_tb_behav -key {Behavioral:sim_1:Functional:MLDSA_tb} -tclbatch {MLDSA_tb.tcl} -view {{C:/Users/USER/Desktop/ML_DSA_syn_new/IMP/MLDSA - 複製/MLDSA_tb_behav.wcfg}} -log {simulate.log}"
INFO: [USF-XSim-8] Loading simulator feature
Time resolution is 1 ps
open_wave_config {C:/Users/USER/Desktop/ML_DSA_syn_new/IMP/MLDSA - 複製/MLDSA_tb_behav.wcfg}
source MLDSA_tb.tcl
# set curr_wave [current_wave_config]
# if { [string length $curr_wave] == 0 } {
#   if { [llength [get_objects]] > 0} {
#     add_wave /
#     set_property needs_save false [current_wave_config]
#   } else {
#      send_msg_id Add_Wave-1 WARNING "No top level signals found. Simulator will start without a wave window. If you want to open a wave window go to 'File->New Waveform Configuration' or type 'create_wave_config' in the TCL console."
#   }
# }
# run 1000ns
padder_out: 000000000000000000000000000000000000000000000000000000000000000080000000000000000000000000000000000000000000000000000000000000000000000000000000000000000000000000000000000000000000000000000000000000000000000000000000000000000000000000000000000000000000000000000000001f0404ffffffffffffffffffffffffffffffffffffffffffffffffffffffffffffffff.
$stop called at time : 361 ns : File "C:/Users/USER/Desktop/ML_DSA_syn_new/IMP/MLDSA - 複製/MLDSA.srcs/sim_1/imports/MLDSA/MLDSA_tb.v" Line 81
INFO: [USF-XSim-96] XSim completed. Design snapshot 'MLDSA_tb_behav' loaded.
INFO: [USF-XSim-97] XSim simulation ran for 1000ns
launch_simulation: Time (s): cpu = 00:00:09 ; elapsed = 00:00:17 . Memory (MB): peak = 1612.988 ; gain = 71.156
run 10 us
fout: 2f587e31480709f8f4b33bfa685b6ba6451dddd6c78aca30eec07dd2a4d7d9ed838f748707fcda3ab36f459650f3d76dc28b89956f813eb5ce450e97106526b6acc0939dfaae297e681f5698cb063b05315b2b374af88efd9c089fe793fc67e2420b4dd30138f14fa4970fd23a3bb9400920bce83750376e81f8ababf200c27668aa7ae7d3f52fddccf36c0e578001f3667b89b30401f98fbb5b52697c268809d4ac993d6fa5d4eb20869b196b33729e0724c632ec0ea29e4c2f93a312620c25de72acb56bfd0434.
sha_out: 0000000000000000000000000000000000000000000000000000000000000000acc0939dfaae297e681f5698cb063b05315b2b374af88efd9c089fe793fc67e2420b4dd30138f14fa4970fd23a3bb9400920bce83750376e81f8ababf200c27668aa7ae7d3f52fddccf36c0e578001f3667b89b30401f98fbb5b52697c268809d4ac993d6fa5d4eb20869b196b33729e0724c632ec0ea29e4c2f93a312620c25de72acb56bfd0434.
padder_out: 00000000000000000000000000000000000000000000000000000000000000008000000000000000000000000000000000000000000000000000000000000000000000000000000000000000000000000000000000000000000000000000000000000000001f0000a4970fd23a3bb9400920bce83750376e81f8ababf200c27668aa7ae7d3f52fddccf36c0e578001f3667b89b30401f98fbb5b52697c268809d4ac993d6fa5d4eb.
fout: 4a1ac7aad920e645ddd6ffdd6a6155e1ef1397468d0ef2e80a71dcd7c238d48d6390de43017fa467bcadf1e8a75fc1df377768e0546f66658223582dface1c5d53bf73fc45a768c77aec54b96d65da20d0baa970640f7410232c5a64d84f854642ff782c849957e7502cb0b9e3acd41c2e6ce9e4a5dc9f3d5eb2339d8c0f34e08a145d5283f326a24c1d6b055c1d0e0a34e522cefc25564a38822716f4c02c55d5f79dce56aa7e0b264321aeaec2b2c7893195347e542e9da95168d4442c7de17c675b5d66a51bdf.
sha_out: 000000000000000000000000000000000000000000000000000000000000000053bf73fc45a768c77aec54b96d65da20d0baa970640f7410232c5a64d84f854642ff782c849957e7502cb0b9e3acd41c2e6ce9e4a5dc9f3d5eb2339d8c0f34e08a145d5283f326a24c1d6b055c1d0e0a34e522cefc25564a38822716f4c02c55d5f79dce56aa7e0b264321aeaec2b2c7893195347e542e9da95168d4442c7de17c675b5d66a51bdf.
padder_out: 00000000000000000000000000000000000000000000000000000000000000008000000000000000000000000000000000000000000000000000000000000000000000000000000000000000000000000000000000000000000000000000000000000000001f0001a4970fd23a3bb9400920bce83750376e81f8ababf200c27668aa7ae7d3f52fddccf36c0e578001f3667b89b30401f98fbb5b52697c268809d4ac993d6fa5d4eb.
fout: 45a658d8a7d3b8a50a5bf579b842cbed3c7d143d82e4a24a1de2a1bc604b7564457bcf024f9736c9d4c57e7d0ca9a403e115ae7665fb9c2d1663f398d6d59471b309152850755750f2e2d78843731b5eb023180b0d89a8d36bd77e0b7d659babcfd1a34f1e86eec81b838d39c5299d9303e472fb77e7154282e9d7e431ed93044920d1307c642bfd3a03d6dcff9fd907f4e2a9c514331b385bd8997cce3c8511c547ee886cc79fadf2457e466ed2857c8e02cd04320b9744a49f40501c1a2804439d6b07fe06f9f5.
sha_out: 0000000000000000000000000000000000000000000000000000000000000000b309152850755750f2e2d78843731b5eb023180b0d89a8d36bd77e0b7d659babcfd1a34f1e86eec81b838d39c5299d9303e472fb77e7154282e9d7e431ed93044920d1307c642bfd3a03d6dcff9fd907f4e2a9c514331b385bd8997cce3c8511c547ee886cc79fadf2457e466ed2857c8e02cd04320b9744a49f40501c1a2804439d6b07fe06f9f5.
padder_out: 00000000000000000000000000000000000000000000000000000000000000008000000000000000000000000000000000000000000000000000000000000000000000000000000000000000000000000000000000000000000000000000000000000000001f0002a4970fd23a3bb9400920bce83750376e81f8ababf200c27668aa7ae7d3f52fddccf36c0e578001f3667b89b30401f98fbb5b52697c268809d4ac993d6fa5d4eb.
fout: 729a8753f3abf3f482005c0925b2ac20261f7cf1bd32a213b00a75aadfbe97ec17d4e07370662538b4848face253b5fc742e22d14607283486d7cdd66b57360be0218aa63a8d55e8c73e8806f1f0b46beb012e869fe38398a897a2bf4f3f45790275f275506a4f9c3f8cb944de59a8eb12ff1d4637e35d306a485f486c707148fb29ec61733ef9ccac3c74bd364df7ca9fe80b418626d2a09eaa7895fcadea693ddb067241160c4aea28e6261caafd9a9b6d87384e11f919b63bfa7dd30512f6188bd98dc6f556dd.
sha_out: 0000000000000000000000000000000000000000000000000000000000000000e0218aa63a8d55e8c73e8806f1f0b46beb012e869fe38398a897a2bf4f3f45790275f275506a4f9c3f8cb944de59a8eb12ff1d4637e35d306a485f486c707148fb29ec61733ef9ccac3c74bd364df7ca9fe80b418626d2a09eaa7895fcadea693ddb067241160c4aea28e6261caafd9a9b6d87384e11f919b63bfa7dd30512f6188bd98dc6f556dd.
padder_out: 00000000000000000000000000000000000000000000000000000000000000008000000000000000000000000000000000000000000000000000000000000000000000000000000000000000000000000000000000000000000000000000000000000000001f0003a4970fd23a3bb9400920bce83750376e81f8ababf200c27668aa7ae7d3f52fddccf36c0e578001f3667b89b30401f98fbb5b52697c268809d4ac993d6fa5d4eb.
fout: 4e1fdedcc6965566944d95c2bed5f08247d06e302101ea43ee1cc4592095fc7d1279961a64a9da2c2a81ba452c38002b98c4c8dbe5e098bbd8e81bae00c6cf7f5d912bd7a4b6d1cb506f98cfe6b51ba4ab5b0832ccdb9ae56ce3445981a4ebbc53e4ab79a60619df990362c81b1591ec9db689a20515e274d07e3ea83f813c6cabdbdef882ee1adbada4fb4d3e448d5eb73c4453a770d6e7e62af3a9a006c228c3bc35f57a1547bd6ede81e0a6343dde50e0fb91fc0dd8915e2ba4e2668494440ec528f992db76a2.
sha_out: 00000000000000000000000000000000000000000000000000000000000000005d912bd7a4b6d1cb506f98cfe6b51ba4ab5b0832ccdb9ae56ce3445981a4ebbc53e4ab79a60619df990362c81b1591ec9db689a20515e274d07e3ea83f813c6cabdbdef882ee1adbada4fb4d3e448d5eb73c4453a770d6e7e62af3a9a006c228c3bc35f57a1547bd6ede81e0a6343dde50e0fb91fc0dd8915e2ba4e2668494440ec528f992db76a2.
relaunch_sim
Command: launch_simulation -step compile -simset sim_1 -mode behavioral
INFO: [Vivado 12-12493] Simulation top is 'MLDSA_tb'
WARNING: [Vivado 12-13340] Unable to auto find GCC executables from simulator install path! (path not set)
INFO: [Vivado 12-5682] Launching behavioral simulation in 'C:/Users/USER/Desktop/ML_DSA_syn_new/IMP/MLDSA - 複製/MLDSA.sim/sim_1/behav/xsim'
INFO: [SIM-utils-51] Simulation object is 'sim_1'
INFO: [SIM-utils-72] Using boost library from 'C:/Xilinx/Vivado/2023.2/tps/boost_1_72_0'
INFO: [SIM-utils-54] Inspecting design source files for 'MLDSA_tb' in fileset 'sim_1'...
INFO: [USF-XSim-97] Finding global include files...
INFO: [USF-XSim-98] Fetching design files from 'sim_1'...
INFO: [USF-XSim-2] XSim::Compile design
INFO: [USF-XSim-61] Executing 'COMPILE and ANALYZE' step in 'C:/Users/USER/Desktop/ML_DSA_syn_new/IMP/MLDSA - 複製/MLDSA.sim/sim_1/behav/xsim'
"xvlog --incr --relax -prj MLDSA_tb_vlog.prj"
ECHO 已關閉。
ECHO 已關閉。
INFO: [USF-XSim-69] 'compile' step finished in '2' seconds
Command: launch_simulation -step elaborate -simset sim_1 -mode behavioral
INFO: [Vivado 12-12493] Simulation top is 'MLDSA_tb'
WARNING: [Vivado 12-13340] Unable to auto find GCC executables from simulator install path! (path not set)
INFO: [Vivado 12-5682] Launching behavioral simulation in 'C:/Users/USER/Desktop/ML_DSA_syn_new/IMP/MLDSA - 複製/MLDSA.sim/sim_1/behav/xsim'
INFO: [SIM-utils-51] Simulation object is 'sim_1'
INFO: [USF-XSim-3] XSim::Elaborate design
INFO: [USF-XSim-61] Executing 'ELABORATE' step in 'C:/Users/USER/Desktop/ML_DSA_syn_new/IMP/MLDSA - 複製/MLDSA.sim/sim_1/behav/xsim'
"xelab --incr --debug typical --relax --mt 2 -L xil_defaultlib -L unisims_ver -L unimacro_ver -L secureip --snapshot MLDSA_tb_behav xil_defaultlib.MLDSA_tb xil_defaultlib.glbl -log elaborate.log"
ECHO 已關閉。
ECHO 已關閉。
Vivado Simulator v2023.2
Copyright 1986-2022 Xilinx, Inc. All Rights Reserved.
Copyright 2022-2023 Advanced Micro Devices, Inc. All Rights Reserved.
Running: C:/Xilinx/Vivado/2023.2/bin/unwrapped/win64.o/xelab.exe --incr --debug typical --relax --mt 2 -L xil_defaultlib -L unisims_ver -L unimacro_ver -L secureip --snapshot MLDSA_tb_behav xil_defaultlib.MLDSA_tb xil_defaultlib.glbl -log elaborate.log 
Using 2 slave threads.
Starting static elaboration
Pass Through NonSizing Optimizer
WARNING: [VRFC 10-3091] actual bit length 1 differs from formal bit length 23 for port 'y_q_a' [C:/Users/USER/Desktop/ML_DSA_syn_new/IMP/MLDSA - 複製/MLDSA.srcs/sources_1/imports/MLDSA/Data_Path.v:265]
WARNING: [VRFC 10-3091] actual bit length 1 differs from formal bit length 23 for port 'y_q_b' [C:/Users/USER/Desktop/ML_DSA_syn_new/IMP/MLDSA - 複製/MLDSA.srcs/sources_1/imports/MLDSA/Data_Path.v:266]
WARNING: [VRFC 10-3091] actual bit length 8 differs from formal bit length 5 for port 'sel' [C:/Users/USER/Desktop/ML_DSA_syn_new/IMP/MLDSA - 複製/MLDSA.srcs/sources_1/Sampler/ExpandA.v:47]
WARNING: [VRFC 10-3091] actual bit length 8 differs from formal bit length 5 for port 'sel' [C:/Users/USER/Desktop/ML_DSA_syn_new/IMP/MLDSA - 複製/MLDSA.srcs/sources_1/Sampler/ExpandMASK.v:70]
Completed static elaboration
INFO: [XSIM 43-4323] No Change in HDL. Linking previously generated obj files to create kernel
INFO: [USF-XSim-69] 'elaborate' step finished in '2' seconds
Time resolution is 1 ps
padder_out: 000000000000000000000000000000000000000000000000000000000000000080000000000000000000000000000000000000000000000000000000000000000000000000000000000000000000000000000000000000000000000000000000000000000000000000000000000000000000000000000000000000000000000000000000001f0404ffffffffffffffffffffffffffffffffffffffffffffffffffffffffffffffff.
$stop called at time : 361 ns : File "C:/Users/USER/Desktop/ML_DSA_syn_new/IMP/MLDSA - 複製/MLDSA.srcs/sim_1/imports/MLDSA/MLDSA_tb.v" Line 81
relaunch_sim: Time (s): cpu = 00:00:01 ; elapsed = 00:00:06 . Memory (MB): peak = 1624.473 ; gain = 0.000
current_wave_config {MLDSA_tb_behav.wcfg}
MLDSA_tb_behav.wcfg
add_wave {{/MLDSA_tb/uut/data_path_inst/Sampler_/mode}} {{/MLDSA_tb/uut/data_path_inst/Sampler_/sampler_in_ready}} {{/MLDSA_tb/uut/data_path_inst/Sampler_/sampler_in}} 
current_wave_config {MLDSA_tb_behav.wcfg}
MLDSA_tb_behav.wcfg
add_wave {{/MLDSA_tb/uut/data_path_inst/Sampler_/sampler_squeeze}} {{/MLDSA_tb/uut/data_path_inst/Sampler_/next_element}} {{/MLDSA_tb/uut/data_path_inst/Sampler_/z0}} {{/MLDSA_tb/uut/data_path_inst/Sampler_/z1}} {{/MLDSA_tb/uut/data_path_inst/Sampler_/addr_z0}} {{/MLDSA_tb/uut/data_path_inst/Sampler_/addr_z1}} {{/MLDSA_tb/uut/data_path_inst/Sampler_/en_z0}} {{/MLDSA_tb/uut/data_path_inst/Sampler_/we_z0}} {{/MLDSA_tb/uut/data_path_inst/Sampler_/en_z1}} {{/MLDSA_tb/uut/data_path_inst/Sampler_/we_z1}} 
restart
INFO: [Wavedata 42-604] Simulation restarted
run 10 us
padder_out: 000000000000000000000000000000000000000000000000000000000000000080000000000000000000000000000000000000000000000000000000000000000000000000000000000000000000000000000000000000000000000000000000000000000000000000000000000000000000000000000000000000000000000000000000001f0404ffffffffffffffffffffffffffffffffffffffffffffffffffffffffffffffff.
$stop called at time : 361 ns : File "C:/Users/USER/Desktop/ML_DSA_syn_new/IMP/MLDSA - 複製/MLDSA.srcs/sim_1/imports/MLDSA/MLDSA_tb.v" Line 81
run 10 us
fout: 2f587e31480709f8f4b33bfa685b6ba6451dddd6c78aca30eec07dd2a4d7d9ed838f748707fcda3ab36f459650f3d76dc28b89956f813eb5ce450e97106526b6acc0939dfaae297e681f5698cb063b05315b2b374af88efd9c089fe793fc67e2420b4dd30138f14fa4970fd23a3bb9400920bce83750376e81f8ababf200c27668aa7ae7d3f52fddccf36c0e578001f3667b89b30401f98fbb5b52697c268809d4ac993d6fa5d4eb20869b196b33729e0724c632ec0ea29e4c2f93a312620c25de72acb56bfd0434.
sha_out: 0000000000000000000000000000000000000000000000000000000000000000acc0939dfaae297e681f5698cb063b05315b2b374af88efd9c089fe793fc67e2420b4dd30138f14fa4970fd23a3bb9400920bce83750376e81f8ababf200c27668aa7ae7d3f52fddccf36c0e578001f3667b89b30401f98fbb5b52697c268809d4ac993d6fa5d4eb20869b196b33729e0724c632ec0ea29e4c2f93a312620c25de72acb56bfd0434.
padder_out: 00000000000000000000000000000000000000000000000000000000000000008000000000000000000000000000000000000000000000000000000000000000000000000000000000000000000000000000000000000000000000000000000000000000001f0000a4970fd23a3bb9400920bce83750376e81f8ababf200c27668aa7ae7d3f52fddccf36c0e578001f3667b89b30401f98fbb5b52697c268809d4ac993d6fa5d4eb.
fout: 4a1ac7aad920e645ddd6ffdd6a6155e1ef1397468d0ef2e80a71dcd7c238d48d6390de43017fa467bcadf1e8a75fc1df377768e0546f66658223582dface1c5d53bf73fc45a768c77aec54b96d65da20d0baa970640f7410232c5a64d84f854642ff782c849957e7502cb0b9e3acd41c2e6ce9e4a5dc9f3d5eb2339d8c0f34e08a145d5283f326a24c1d6b055c1d0e0a34e522cefc25564a38822716f4c02c55d5f79dce56aa7e0b264321aeaec2b2c7893195347e542e9da95168d4442c7de17c675b5d66a51bdf.
sha_out: 000000000000000000000000000000000000000000000000000000000000000053bf73fc45a768c77aec54b96d65da20d0baa970640f7410232c5a64d84f854642ff782c849957e7502cb0b9e3acd41c2e6ce9e4a5dc9f3d5eb2339d8c0f34e08a145d5283f326a24c1d6b055c1d0e0a34e522cefc25564a38822716f4c02c55d5f79dce56aa7e0b264321aeaec2b2c7893195347e542e9da95168d4442c7de17c675b5d66a51bdf.
padder_out: 00000000000000000000000000000000000000000000000000000000000000008000000000000000000000000000000000000000000000000000000000000000000000000000000000000000000000000000000000000000000000000000000000000000001f0001a4970fd23a3bb9400920bce83750376e81f8ababf200c27668aa7ae7d3f52fddccf36c0e578001f3667b89b30401f98fbb5b52697c268809d4ac993d6fa5d4eb.
fout: 45a658d8a7d3b8a50a5bf579b842cbed3c7d143d82e4a24a1de2a1bc604b7564457bcf024f9736c9d4c57e7d0ca9a403e115ae7665fb9c2d1663f398d6d59471b309152850755750f2e2d78843731b5eb023180b0d89a8d36bd77e0b7d659babcfd1a34f1e86eec81b838d39c5299d9303e472fb77e7154282e9d7e431ed93044920d1307c642bfd3a03d6dcff9fd907f4e2a9c514331b385bd8997cce3c8511c547ee886cc79fadf2457e466ed2857c8e02cd04320b9744a49f40501c1a2804439d6b07fe06f9f5.
sha_out: 0000000000000000000000000000000000000000000000000000000000000000b309152850755750f2e2d78843731b5eb023180b0d89a8d36bd77e0b7d659babcfd1a34f1e86eec81b838d39c5299d9303e472fb77e7154282e9d7e431ed93044920d1307c642bfd3a03d6dcff9fd907f4e2a9c514331b385bd8997cce3c8511c547ee886cc79fadf2457e466ed2857c8e02cd04320b9744a49f40501c1a2804439d6b07fe06f9f5.
padder_out: 00000000000000000000000000000000000000000000000000000000000000008000000000000000000000000000000000000000000000000000000000000000000000000000000000000000000000000000000000000000000000000000000000000000001f0002a4970fd23a3bb9400920bce83750376e81f8ababf200c27668aa7ae7d3f52fddccf36c0e578001f3667b89b30401f98fbb5b52697c268809d4ac993d6fa5d4eb.
fout: 729a8753f3abf3f482005c0925b2ac20261f7cf1bd32a213b00a75aadfbe97ec17d4e07370662538b4848face253b5fc742e22d14607283486d7cdd66b57360be0218aa63a8d55e8c73e8806f1f0b46beb012e869fe38398a897a2bf4f3f45790275f275506a4f9c3f8cb944de59a8eb12ff1d4637e35d306a485f486c707148fb29ec61733ef9ccac3c74bd364df7ca9fe80b418626d2a09eaa7895fcadea693ddb067241160c4aea28e6261caafd9a9b6d87384e11f919b63bfa7dd30512f6188bd98dc6f556dd.
sha_out: 0000000000000000000000000000000000000000000000000000000000000000e0218aa63a8d55e8c73e8806f1f0b46beb012e869fe38398a897a2bf4f3f45790275f275506a4f9c3f8cb944de59a8eb12ff1d4637e35d306a485f486c707148fb29ec61733ef9ccac3c74bd364df7ca9fe80b418626d2a09eaa7895fcadea693ddb067241160c4aea28e6261caafd9a9b6d87384e11f919b63bfa7dd30512f6188bd98dc6f556dd.
padder_out: 00000000000000000000000000000000000000000000000000000000000000008000000000000000000000000000000000000000000000000000000000000000000000000000000000000000000000000000000000000000000000000000000000000000001f0003a4970fd23a3bb9400920bce83750376e81f8ababf200c27668aa7ae7d3f52fddccf36c0e578001f3667b89b30401f98fbb5b52697c268809d4ac993d6fa5d4eb.
fout: 4e1fdedcc6965566944d95c2bed5f08247d06e302101ea43ee1cc4592095fc7d1279961a64a9da2c2a81ba452c38002b98c4c8dbe5e098bbd8e81bae00c6cf7f5d912bd7a4b6d1cb506f98cfe6b51ba4ab5b0832ccdb9ae56ce3445981a4ebbc53e4ab79a60619df990362c81b1591ec9db689a20515e274d07e3ea83f813c6cabdbdef882ee1adbada4fb4d3e448d5eb73c4453a770d6e7e62af3a9a006c228c3bc35f57a1547bd6ede81e0a6343dde50e0fb91fc0dd8915e2ba4e2668494440ec528f992db76a2.
sha_out: 00000000000000000000000000000000000000000000000000000000000000005d912bd7a4b6d1cb506f98cfe6b51ba4ab5b0832ccdb9ae56ce3445981a4ebbc53e4ab79a60619df990362c81b1591ec9db689a20515e274d07e3ea83f813c6cabdbdef882ee1adbada4fb4d3e448d5eb73c4453a770d6e7e62af3a9a006c228c3bc35f57a1547bd6ede81e0a6343dde50e0fb91fc0dd8915e2ba4e2668494440ec528f992db76a2.
close_sim
INFO: [Simtcl 6-16] Simulation closed
exit
INFO: [Common 17-206] Exiting Vivado at Wed Apr  2 14:07:01 2025...
