
*** Running vivado
    with args -log MLDSA.vds -m64 -product Vivado -mode batch -messageDb vivado.pb -notrace -source MLDSA.tcl


ECHO 已關閉。
ECHO 已關閉。

****** Vivado v2023.2 (64-bit)
  **** SW Build 4029153 on Fri Oct 13 20:14:34 MDT 2023
  **** IP Build 4028589 on Sat Oct 14 00:45:43 MDT 2023
  **** SharedData Build 4025554 on Tue Oct 10 17:18:54 MDT 2023
    ** Copyright 1986-2022 Xilinx, Inc. All Rights Reserved.
    ** Copyright 2022-2023 Advanced Micro Devices, Inc. All Rights Reserved.

source MLDSA.tcl -notrace
create_project: Time (s): cpu = 00:00:06 ; elapsed = 00:00:06 . Memory (MB): peak = 472.691 ; gain = 177.363
Command: synth_design -top MLDSA -part xc7k70tfbv676-1
Starting synth_design
Attempting to get a license for feature 'Synthesis' and/or device 'xc7k70t'
INFO: [Common 17-349] Got license for feature 'Synthesis' and/or device 'xc7k70t'
INFO: [Synth 8-7079] Multithreading enabled for synth_design using a maximum of 2 processes.
INFO: [Synth 8-7078] Launching helper process for spawning children vivado processes
INFO: [Synth 8-7075] Helper process launched with PID 21420
---------------------------------------------------------------------------------
Starting Synthesize : Time (s): cpu = 00:00:06 ; elapsed = 00:00:08 . Memory (MB): peak = 921.910 ; gain = 445.254
---------------------------------------------------------------------------------
CRITICAL WARNING: [Synth 8-9339] data object 'c_q_a' is already declared [C:/Users/fossu/Desktop/ML_DSA_Syn_new/IMP2/MLDSA/MLDSA.srcs/sources_1/imports/MLDSA/Data_Path.v:381]
INFO: [Synth 8-6826] previous declaration of 'c_q_a' is from here [C:/Users/fossu/Desktop/ML_DSA_Syn_new/IMP2/MLDSA/MLDSA.srcs/sources_1/imports/MLDSA/Data_Path.v:228]
CRITICAL WARNING: [Synth 8-11152] second declaration of 'c_q_a' is ignored [C:/Users/fossu/Desktop/ML_DSA_Syn_new/IMP2/MLDSA/MLDSA.srcs/sources_1/imports/MLDSA/Data_Path.v:381]
CRITICAL WARNING: [Synth 8-9339] data object 'c_q_b' is already declared [C:/Users/fossu/Desktop/ML_DSA_Syn_new/IMP2/MLDSA/MLDSA.srcs/sources_1/imports/MLDSA/Data_Path.v:382]
INFO: [Synth 8-6826] previous declaration of 'c_q_b' is from here [C:/Users/fossu/Desktop/ML_DSA_Syn_new/IMP2/MLDSA/MLDSA.srcs/sources_1/imports/MLDSA/Data_Path.v:229]
CRITICAL WARNING: [Synth 8-11152] second declaration of 'c_q_b' is ignored [C:/Users/fossu/Desktop/ML_DSA_Syn_new/IMP2/MLDSA/MLDSA.srcs/sources_1/imports/MLDSA/Data_Path.v:382]
INFO: [Synth 8-11241] undeclared symbol 'sha_reset', assumed default net type 'wire' [C:/Users/fossu/Desktop/ML_DSA_Syn_new/IMP2/MLDSA/MLDSA.srcs/sources_1/imports/MLDSA/Data_Path.v:707]
CRITICAL WARNING: [Synth 8-9339] data object 'ct0_a' is already declared [C:/Users/fossu/Desktop/ML_DSA_Syn_new/IMP2/MLDSA/MLDSA.srcs/sources_1/imports/MLDSA/Data_Path.v:3123]
INFO: [Synth 8-6826] previous declaration of 'ct0_a' is from here [C:/Users/fossu/Desktop/ML_DSA_Syn_new/IMP2/MLDSA/MLDSA.srcs/sources_1/imports/MLDSA/Data_Path.v:3120]
CRITICAL WARNING: [Synth 8-11152] second declaration of 'ct0_a' is ignored [C:/Users/fossu/Desktop/ML_DSA_Syn_new/IMP2/MLDSA/MLDSA.srcs/sources_1/imports/MLDSA/Data_Path.v:3123]
CRITICAL WARNING: [Synth 8-9339] data object 'ct0_b' is already declared [C:/Users/fossu/Desktop/ML_DSA_Syn_new/IMP2/MLDSA/MLDSA.srcs/sources_1/imports/MLDSA/Data_Path.v:3124]
INFO: [Synth 8-6826] previous declaration of 'ct0_b' is from here [C:/Users/fossu/Desktop/ML_DSA_Syn_new/IMP2/MLDSA/MLDSA.srcs/sources_1/imports/MLDSA/Data_Path.v:3121]
CRITICAL WARNING: [Synth 8-11152] second declaration of 'ct0_b' is ignored [C:/Users/fossu/Desktop/ML_DSA_Syn_new/IMP2/MLDSA/MLDSA.srcs/sources_1/imports/MLDSA/Data_Path.v:3124]
WARNING: [Synth 8-11065] parameter 'Beta' becomes localparam in 'Data_Path' with formal parameter declaration list [C:/Users/fossu/Desktop/ML_DSA_Syn_new/IMP2/MLDSA/MLDSA.srcs/sources_1/imports/MLDSA/Data_Path.v:102]
WARNING: [Synth 8-11065] parameter 'GAMMA1' becomes localparam in 'Data_Path' with formal parameter declaration list [C:/Users/fossu/Desktop/ML_DSA_Syn_new/IMP2/MLDSA/MLDSA.srcs/sources_1/imports/MLDSA/Data_Path.v:103]
WARNING: [Synth 8-11065] parameter 'GAMMA2' becomes localparam in 'Data_Path' with formal parameter declaration list [C:/Users/fossu/Desktop/ML_DSA_Syn_new/IMP2/MLDSA/MLDSA.srcs/sources_1/imports/MLDSA/Data_Path.v:104]
WARNING: [Synth 8-11065] parameter 'ALPHA' becomes localparam in 'Data_Path' with formal parameter declaration list [C:/Users/fossu/Desktop/ML_DSA_Syn_new/IMP2/MLDSA/MLDSA.srcs/sources_1/imports/MLDSA/Data_Path.v:105]
WARNING: [Synth 8-11065] parameter 'Gen_Seed' becomes localparam in 'Data_Path' with formal parameter declaration list [C:/Users/fossu/Desktop/ML_DSA_Syn_new/IMP2/MLDSA/MLDSA.srcs/sources_1/imports/MLDSA/Data_Path.v:109]
WARNING: [Synth 8-11065] parameter 'Gen_A' becomes localparam in 'Data_Path' with formal parameter declaration list [C:/Users/fossu/Desktop/ML_DSA_Syn_new/IMP2/MLDSA/MLDSA.srcs/sources_1/imports/MLDSA/Data_Path.v:110]
WARNING: [Synth 8-11065] parameter 'Gen_s1' becomes localparam in 'Data_Path' with formal parameter declaration list [C:/Users/fossu/Desktop/ML_DSA_Syn_new/IMP2/MLDSA/MLDSA.srcs/sources_1/imports/MLDSA/Data_Path.v:111]
WARNING: [Synth 8-11065] parameter 'Gen_s2' becomes localparam in 'Data_Path' with formal parameter declaration list [C:/Users/fossu/Desktop/ML_DSA_Syn_new/IMP2/MLDSA/MLDSA.srcs/sources_1/imports/MLDSA/Data_Path.v:112]
WARNING: [Synth 8-11065] parameter 'Gen_y' becomes localparam in 'Data_Path' with formal parameter declaration list [C:/Users/fossu/Desktop/ML_DSA_Syn_new/IMP2/MLDSA/MLDSA.srcs/sources_1/imports/MLDSA/Data_Path.v:113]
WARNING: [Synth 8-11065] parameter 'H_u_w1' becomes localparam in 'Data_Path' with formal parameter declaration list [C:/Users/fossu/Desktop/ML_DSA_Syn_new/IMP2/MLDSA/MLDSA.srcs/sources_1/imports/MLDSA/Data_Path.v:114]
WARNING: [Synth 8-11065] parameter 'H_pk_1' becomes localparam in 'Data_Path' with formal parameter declaration list [C:/Users/fossu/Desktop/ML_DSA_Syn_new/IMP2/MLDSA/MLDSA.srcs/sources_1/imports/MLDSA/Data_Path.v:115]
WARNING: [Synth 8-11065] parameter 'H_pk_2' becomes localparam in 'Data_Path' with formal parameter declaration list [C:/Users/fossu/Desktop/ML_DSA_Syn_new/IMP2/MLDSA/MLDSA.srcs/sources_1/imports/MLDSA/Data_Path.v:116]
WARNING: [Synth 8-11065] parameter 'Gen_c_1' becomes localparam in 'Data_Path' with formal parameter declaration list [C:/Users/fossu/Desktop/ML_DSA_Syn_new/IMP2/MLDSA/MLDSA.srcs/sources_1/imports/MLDSA/Data_Path.v:117]
WARNING: [Synth 8-11065] parameter 'Gen_c_2' becomes localparam in 'Data_Path' with formal parameter declaration list [C:/Users/fossu/Desktop/ML_DSA_Syn_new/IMP2/MLDSA/MLDSA.srcs/sources_1/imports/MLDSA/Data_Path.v:118]
WARNING: [Synth 8-11065] parameter 'H_K_rnd_u' becomes localparam in 'Data_Path' with formal parameter declaration list [C:/Users/fossu/Desktop/ML_DSA_Syn_new/IMP2/MLDSA/MLDSA.srcs/sources_1/imports/MLDSA/Data_Path.v:119]
WARNING: [Synth 8-11065] parameter 'H_tr_M_1' becomes localparam in 'Data_Path' with formal parameter declaration list [C:/Users/fossu/Desktop/ML_DSA_Syn_new/IMP2/MLDSA/MLDSA.srcs/sources_1/imports/MLDSA/Data_Path.v:120]
WARNING: [Synth 8-11065] parameter 'H_tr_M_2' becomes localparam in 'Data_Path' with formal parameter declaration list [C:/Users/fossu/Desktop/ML_DSA_Syn_new/IMP2/MLDSA/MLDSA.srcs/sources_1/imports/MLDSA/Data_Path.v:121]
WARNING: [Synth 8-6901] identifier 'Decomposer_w1_a' is used before its declaration [C:/Users/fossu/Desktop/ML_DSA_Syn_new/IMP2/MLDSA/MLDSA.srcs/sources_1/imports/MLDSA/Data_Path.v:1536]
WARNING: [Synth 8-6901] identifier 'Decomposer_w1_b' is used before its declaration [C:/Users/fossu/Desktop/ML_DSA_Syn_new/IMP2/MLDSA/MLDSA.srcs/sources_1/imports/MLDSA/Data_Path.v:1537]
WARNING: [Synth 8-6901] identifier 'MH_hint_o' is used before its declaration [C:/Users/fossu/Desktop/ML_DSA_Syn_new/IMP2/MLDSA/MLDSA.srcs/sources_1/imports/MLDSA/Data_Path.v:1666]
WARNING: [Synth 8-6901] identifier 'MH_hint_valid_o' is used before its declaration [C:/Users/fossu/Desktop/ML_DSA_Syn_new/IMP2/MLDSA/MLDSA.srcs/sources_1/imports/MLDSA/Data_Path.v:1668]
WARNING: [Synth 8-6901] identifier 'MH_hint_valid_o' is used before its declaration [C:/Users/fossu/Desktop/ML_DSA_Syn_new/IMP2/MLDSA/MLDSA.srcs/sources_1/imports/MLDSA/Data_Path.v:1669]
WARNING: [Synth 8-6901] identifier 'MH_hint_valid_o' is used before its declaration [C:/Users/fossu/Desktop/ML_DSA_Syn_new/IMP2/MLDSA/MLDSA.srcs/sources_1/imports/MLDSA/Data_Path.v:2589]
WARNING: [Synth 8-6901] identifier 'Decomposer_w1_b' is used before its declaration [C:/Users/fossu/Desktop/ML_DSA_Syn_new/IMP2/MLDSA/MLDSA.srcs/sources_1/imports/MLDSA/Data_Path.v:2863]
WARNING: [Synth 8-6901] identifier 'Decomposer_w1_a' is used before its declaration [C:/Users/fossu/Desktop/ML_DSA_Syn_new/IMP2/MLDSA/MLDSA.srcs/sources_1/imports/MLDSA/Data_Path.v:2863]
INFO: [Synth 8-11241] undeclared symbol 'NTT_en', assumed default net type 'wire' [C:/Users/fossu/Desktop/ML_DSA_Syn_new/IMP2/MLDSA/MLDSA.srcs/sources_1/NTT/NTT.v:159]
INFO: [Synth 8-11241] undeclared symbol 'last_c', assumed default net type 'wire' [C:/Users/fossu/Desktop/ML_DSA_Syn_new/IMP2/MLDSA/MLDSA.srcs/sources_1/Sampler/SampleInBall.v:73]
INFO: [Synth 8-11241] undeclared symbol 'NTT_mode', assumed default net type 'wire' [C:/Users/fossu/Desktop/ML_DSA_Syn_new/IMP2/MLDSA/MLDSA.srcs/sources_1/imports/MLDSA/MLDSA.v:141]
INFO: [Synth 8-6157] synthesizing module 'MLDSA' [C:/Users/fossu/Desktop/ML_DSA_Syn_new/IMP2/MLDSA/MLDSA.srcs/sources_1/imports/MLDSA/MLDSA.v:1]
INFO: [Synth 8-6157] synthesizing module 'Controller' [C:/Users/fossu/Desktop/ML_DSA_Syn_new/IMP2/MLDSA/MLDSA.srcs/sources_1/imports/MLDSA/Controller.v:1]
INFO: [Synth 8-155] case statement is not full and has no default [C:/Users/fossu/Desktop/ML_DSA_Syn_new/IMP2/MLDSA/MLDSA.srcs/sources_1/imports/MLDSA/Controller.v:425]
WARNING: [Synth 8-151] case item 9'b000000110 is unreachable [C:/Users/fossu/Desktop/ML_DSA_Syn_new/IMP2/MLDSA/MLDSA.srcs/sources_1/imports/MLDSA/Controller.v:638]
INFO: [Synth 8-155] case statement is not full and has no default [C:/Users/fossu/Desktop/ML_DSA_Syn_new/IMP2/MLDSA/MLDSA.srcs/sources_1/imports/MLDSA/Controller.v:727]
INFO: [Synth 8-155] case statement is not full and has no default [C:/Users/fossu/Desktop/ML_DSA_Syn_new/IMP2/MLDSA/MLDSA.srcs/sources_1/imports/MLDSA/Controller.v:770]
INFO: [Synth 8-155] case statement is not full and has no default [C:/Users/fossu/Desktop/ML_DSA_Syn_new/IMP2/MLDSA/MLDSA.srcs/sources_1/imports/MLDSA/Controller.v:809]
INFO: [Synth 8-155] case statement is not full and has no default [C:/Users/fossu/Desktop/ML_DSA_Syn_new/IMP2/MLDSA/MLDSA.srcs/sources_1/imports/MLDSA/Controller.v:835]
INFO: [Synth 8-155] case statement is not full and has no default [C:/Users/fossu/Desktop/ML_DSA_Syn_new/IMP2/MLDSA/MLDSA.srcs/sources_1/imports/MLDSA/Controller.v:857]
INFO: [Synth 8-155] case statement is not full and has no default [C:/Users/fossu/Desktop/ML_DSA_Syn_new/IMP2/MLDSA/MLDSA.srcs/sources_1/imports/MLDSA/Controller.v:888]
INFO: [Synth 8-155] case statement is not full and has no default [C:/Users/fossu/Desktop/ML_DSA_Syn_new/IMP2/MLDSA/MLDSA.srcs/sources_1/imports/MLDSA/Controller.v:954]
INFO: [Synth 8-155] case statement is not full and has no default [C:/Users/fossu/Desktop/ML_DSA_Syn_new/IMP2/MLDSA/MLDSA.srcs/sources_1/imports/MLDSA/Controller.v:1033]
INFO: [Synth 8-155] case statement is not full and has no default [C:/Users/fossu/Desktop/ML_DSA_Syn_new/IMP2/MLDSA/MLDSA.srcs/sources_1/imports/MLDSA/Controller.v:1080]
INFO: [Synth 8-155] case statement is not full and has no default [C:/Users/fossu/Desktop/ML_DSA_Syn_new/IMP2/MLDSA/MLDSA.srcs/sources_1/imports/MLDSA/Controller.v:1149]
INFO: [Synth 8-155] case statement is not full and has no default [C:/Users/fossu/Desktop/ML_DSA_Syn_new/IMP2/MLDSA/MLDSA.srcs/sources_1/imports/MLDSA/Controller.v:1244]
INFO: [Synth 8-155] case statement is not full and has no default [C:/Users/fossu/Desktop/ML_DSA_Syn_new/IMP2/MLDSA/MLDSA.srcs/sources_1/imports/MLDSA/Controller.v:1282]
INFO: [Synth 8-6155] done synthesizing module 'Controller' (0#1) [C:/Users/fossu/Desktop/ML_DSA_Syn_new/IMP2/MLDSA/MLDSA.srcs/sources_1/imports/MLDSA/Controller.v:1]
WARNING: [Synth 8-7071] port 'sha_in_sel' of module 'Controller' is unconnected for instance 'controller_inst' [C:/Users/fossu/Desktop/ML_DSA_Syn_new/IMP2/MLDSA/MLDSA.srcs/sources_1/imports/MLDSA/MLDSA.v:101]
WARNING: [Synth 8-7071] port 'seed_in_sel' of module 'Controller' is unconnected for instance 'controller_inst' [C:/Users/fossu/Desktop/ML_DSA_Syn_new/IMP2/MLDSA/MLDSA.srcs/sources_1/imports/MLDSA/MLDSA.v:101]
WARNING: [Synth 8-7023] instance 'controller_inst' of module 'Controller' has 50 connections declared, but only 48 given [C:/Users/fossu/Desktop/ML_DSA_Syn_new/IMP2/MLDSA/MLDSA.srcs/sources_1/imports/MLDSA/MLDSA.v:101]
INFO: [Synth 8-6157] synthesizing module 'Data_Path' [C:/Users/fossu/Desktop/ML_DSA_Syn_new/IMP2/MLDSA/MLDSA.srcs/sources_1/imports/MLDSA/Data_Path.v:1]
INFO: [Synth 8-155] case statement is not full and has no default [C:/Users/fossu/Desktop/ML_DSA_Syn_new/IMP2/MLDSA/MLDSA.srcs/sources_1/imports/MLDSA/Data_Path.v:641]
INFO: [Synth 8-6157] synthesizing module 'Keccak_Ctrl' [C:/Users/fossu/Desktop/ML_DSA_Syn_new/IMP2/MLDSA/MLDSA.srcs/sources_1/imports/MLDSA/Keccak_Ctrl.v:1]
INFO: [Synth 8-155] case statement is not full and has no default [C:/Users/fossu/Desktop/ML_DSA_Syn_new/IMP2/MLDSA/MLDSA.srcs/sources_1/imports/MLDSA/Keccak_Ctrl.v:79]
INFO: [Synth 8-155] case statement is not full and has no default [C:/Users/fossu/Desktop/ML_DSA_Syn_new/IMP2/MLDSA/MLDSA.srcs/sources_1/imports/MLDSA/Keccak_Ctrl.v:113]
INFO: [Synth 8-155] case statement is not full and has no default [C:/Users/fossu/Desktop/ML_DSA_Syn_new/IMP2/MLDSA/MLDSA.srcs/sources_1/imports/MLDSA/Keccak_Ctrl.v:156]
INFO: [Synth 8-155] case statement is not full and has no default [C:/Users/fossu/Desktop/ML_DSA_Syn_new/IMP2/MLDSA/MLDSA.srcs/sources_1/imports/MLDSA/Keccak_Ctrl.v:263]
INFO: [Synth 8-6155] done synthesizing module 'Keccak_Ctrl' (0#1) [C:/Users/fossu/Desktop/ML_DSA_Syn_new/IMP2/MLDSA/MLDSA.srcs/sources_1/imports/MLDSA/Keccak_Ctrl.v:1]
INFO: [Synth 8-6157] synthesizing module 'Keccak' [C:/Users/fossu/Desktop/ML_DSA_Syn_new/IMP2/MLDSA/MLDSA.srcs/sources_1/Keccak/Keccak.v:1]
INFO: [Synth 8-6157] synthesizing module 'Padder' [C:/Users/fossu/Desktop/ML_DSA_Syn_new/IMP2/MLDSA/MLDSA.srcs/sources_1/Keccak/Padder.v:1]
INFO: [Synth 8-6157] synthesizing module 'padder1' [C:/Users/fossu/Desktop/ML_DSA_Syn_new/IMP2/MLDSA/MLDSA.srcs/sources_1/Keccak/padder1.v:1]
INFO: [Synth 8-6155] done synthesizing module 'padder1' (0#1) [C:/Users/fossu/Desktop/ML_DSA_Syn_new/IMP2/MLDSA/MLDSA.srcs/sources_1/Keccak/padder1.v:1]
INFO: [Synth 8-6155] done synthesizing module 'Padder' (0#1) [C:/Users/fossu/Desktop/ML_DSA_Syn_new/IMP2/MLDSA/MLDSA.srcs/sources_1/Keccak/Padder.v:1]
INFO: [Synth 8-6157] synthesizing module 'F_Permutation' [C:/Users/fossu/Desktop/ML_DSA_Syn_new/IMP2/MLDSA/MLDSA.srcs/sources_1/Keccak/F_Permutation.v:1]
INFO: [Synth 8-6157] synthesizing module 'rconst' [C:/Users/fossu/Desktop/ML_DSA_Syn_new/IMP2/MLDSA/MLDSA.srcs/sources_1/Keccak/rconst.v:1]
INFO: [Synth 8-6155] done synthesizing module 'rconst' (0#1) [C:/Users/fossu/Desktop/ML_DSA_Syn_new/IMP2/MLDSA/MLDSA.srcs/sources_1/Keccak/rconst.v:1]
INFO: [Synth 8-6157] synthesizing module 'round' [C:/Users/fossu/Desktop/ML_DSA_Syn_new/IMP2/MLDSA/MLDSA.srcs/sources_1/Keccak/round.v:10]
INFO: [Synth 8-6155] done synthesizing module 'round' (0#1) [C:/Users/fossu/Desktop/ML_DSA_Syn_new/IMP2/MLDSA/MLDSA.srcs/sources_1/Keccak/round.v:10]
INFO: [Synth 8-6155] done synthesizing module 'F_Permutation' (0#1) [C:/Users/fossu/Desktop/ML_DSA_Syn_new/IMP2/MLDSA/MLDSA.srcs/sources_1/Keccak/F_Permutation.v:1]
INFO: [Synth 8-6155] done synthesizing module 'Keccak' (0#1) [C:/Users/fossu/Desktop/ML_DSA_Syn_new/IMP2/MLDSA/MLDSA.srcs/sources_1/Keccak/Keccak.v:1]
WARNING: [Synth 8-7071] port 'buffer_last' of module 'Keccak' is unconnected for instance 'KK' [C:/Users/fossu/Desktop/ML_DSA_Syn_new/IMP2/MLDSA/MLDSA.srcs/sources_1/imports/MLDSA/Data_Path.v:705]
WARNING: [Synth 8-7023] instance 'KK' of module 'Keccak' has 17 connections declared, but only 16 given [C:/Users/fossu/Desktop/ML_DSA_Syn_new/IMP2/MLDSA/MLDSA.srcs/sources_1/imports/MLDSA/Data_Path.v:705]
INFO: [Synth 8-226] default block is never used [C:/Users/fossu/Desktop/ML_DSA_Syn_new/IMP2/MLDSA/MLDSA.srcs/sources_1/imports/MLDSA/Data_Path.v:748]
INFO: [Synth 8-6157] synthesizing module 'Data_Mem' [C:/Users/fossu/Desktop/ML_DSA_Syn_new/IMP2/MLDSA/MLDSA.srcs/sources_1/Data_Mem/Data_Mem.v:1]
INFO: [Synth 8-6157] synthesizing module 'Dual_Port_Ram_Single_clk' [C:/Users/fossu/Desktop/ML_DSA_Syn_new/IMP2/MLDSA/MLDSA.srcs/sources_1/Data_Mem/Dual_Port_Ram_Single_clk.v:1]
	Parameter DLEN bound to: 64 - type: integer 
	Parameter HLEN bound to: 4 - type: integer 
INFO: [Synth 8-6155] done synthesizing module 'Dual_Port_Ram_Single_clk' (0#1) [C:/Users/fossu/Desktop/ML_DSA_Syn_new/IMP2/MLDSA/MLDSA.srcs/sources_1/Data_Mem/Dual_Port_Ram_Single_clk.v:1]
INFO: [Synth 8-6157] synthesizing module 'Dual_Port_Ram_Single_clk__parameterized0' [C:/Users/fossu/Desktop/ML_DSA_Syn_new/IMP2/MLDSA/MLDSA.srcs/sources_1/Data_Mem/Dual_Port_Ram_Single_clk.v:1]
	Parameter DLEN bound to: 3 - type: integer 
	Parameter HLEN bound to: 10 - type: integer 
INFO: [Synth 8-6155] done synthesizing module 'Dual_Port_Ram_Single_clk__parameterized0' (0#1) [C:/Users/fossu/Desktop/ML_DSA_Syn_new/IMP2/MLDSA/MLDSA.srcs/sources_1/Data_Mem/Dual_Port_Ram_Single_clk.v:1]
INFO: [Synth 8-6157] synthesizing module 'Dual_Port_Ram_Single_clk__parameterized1' [C:/Users/fossu/Desktop/ML_DSA_Syn_new/IMP2/MLDSA/MLDSA.srcs/sources_1/Data_Mem/Dual_Port_Ram_Single_clk.v:1]
	Parameter DLEN bound to: 23 - type: integer 
	Parameter HLEN bound to: 12 - type: integer 
INFO: [Synth 8-6155] done synthesizing module 'Dual_Port_Ram_Single_clk__parameterized1' (0#1) [C:/Users/fossu/Desktop/ML_DSA_Syn_new/IMP2/MLDSA/MLDSA.srcs/sources_1/Data_Mem/Dual_Port_Ram_Single_clk.v:1]
INFO: [Synth 8-6157] synthesizing module 'Dual_Port_Ram_Single_clk__parameterized2' [C:/Users/fossu/Desktop/ML_DSA_Syn_new/IMP2/MLDSA/MLDSA.srcs/sources_1/Data_Mem/Dual_Port_Ram_Single_clk.v:1]
	Parameter DLEN bound to: 23 - type: integer 
	Parameter HLEN bound to: 10 - type: integer 
INFO: [Synth 8-6155] done synthesizing module 'Dual_Port_Ram_Single_clk__parameterized2' (0#1) [C:/Users/fossu/Desktop/ML_DSA_Syn_new/IMP2/MLDSA/MLDSA.srcs/sources_1/Data_Mem/Dual_Port_Ram_Single_clk.v:1]
INFO: [Synth 8-6157] synthesizing module 'Dual_Port_Ram_Single_clk__parameterized3' [C:/Users/fossu/Desktop/ML_DSA_Syn_new/IMP2/MLDSA/MLDSA.srcs/sources_1/Data_Mem/Dual_Port_Ram_Single_clk.v:1]
	Parameter DLEN bound to: 23 - type: integer 
	Parameter HLEN bound to: 8 - type: integer 
INFO: [Synth 8-6155] done synthesizing module 'Dual_Port_Ram_Single_clk__parameterized3' (0#1) [C:/Users/fossu/Desktop/ML_DSA_Syn_new/IMP2/MLDSA/MLDSA.srcs/sources_1/Data_Mem/Dual_Port_Ram_Single_clk.v:1]
INFO: [Synth 8-6157] synthesizing module 'Dual_Port_Ram_Single_clk__parameterized4' [C:/Users/fossu/Desktop/ML_DSA_Syn_new/IMP2/MLDSA/MLDSA.srcs/sources_1/Data_Mem/Dual_Port_Ram_Single_clk.v:1]
	Parameter DLEN bound to: 64 - type: integer 
	Parameter HLEN bound to: 3 - type: integer 
INFO: [Synth 8-6155] done synthesizing module 'Dual_Port_Ram_Single_clk__parameterized4' (0#1) [C:/Users/fossu/Desktop/ML_DSA_Syn_new/IMP2/MLDSA/MLDSA.srcs/sources_1/Data_Mem/Dual_Port_Ram_Single_clk.v:1]
INFO: [Synth 8-6157] synthesizing module 'Dual_Port_Ram_Single_clk__parameterized5' [C:/Users/fossu/Desktop/ML_DSA_Syn_new/IMP2/MLDSA/MLDSA.srcs/sources_1/Data_Mem/Dual_Port_Ram_Single_clk.v:1]
	Parameter DLEN bound to: 64 - type: integer 
	Parameter HLEN bound to: 2 - type: integer 
INFO: [Synth 8-6155] done synthesizing module 'Dual_Port_Ram_Single_clk__parameterized5' (0#1) [C:/Users/fossu/Desktop/ML_DSA_Syn_new/IMP2/MLDSA/MLDSA.srcs/sources_1/Data_Mem/Dual_Port_Ram_Single_clk.v:1]
INFO: [Synth 8-6157] synthesizing module 'Dual_Port_Ram_Single_clk__parameterized6' [C:/Users/fossu/Desktop/ML_DSA_Syn_new/IMP2/MLDSA/MLDSA.srcs/sources_1/Data_Mem/Dual_Port_Ram_Single_clk.v:1]
	Parameter DLEN bound to: 64 - type: integer 
	Parameter HLEN bound to: 6 - type: integer 
INFO: [Synth 8-6155] done synthesizing module 'Dual_Port_Ram_Single_clk__parameterized6' (0#1) [C:/Users/fossu/Desktop/ML_DSA_Syn_new/IMP2/MLDSA/MLDSA.srcs/sources_1/Data_Mem/Dual_Port_Ram_Single_clk.v:1]
INFO: [Synth 8-6157] synthesizing module 'Dual_Port_Ram_Single_clk__parameterized7' [C:/Users/fossu/Desktop/ML_DSA_Syn_new/IMP2/MLDSA/MLDSA.srcs/sources_1/Data_Mem/Dual_Port_Ram_Single_clk.v:1]
	Parameter DLEN bound to: 64 - type: integer 
	Parameter HLEN bound to: 8 - type: integer 
INFO: [Synth 8-6155] done synthesizing module 'Dual_Port_Ram_Single_clk__parameterized7' (0#1) [C:/Users/fossu/Desktop/ML_DSA_Syn_new/IMP2/MLDSA/MLDSA.srcs/sources_1/Data_Mem/Dual_Port_Ram_Single_clk.v:1]
INFO: [Synth 8-6157] synthesizing module 'Dual_Port_Ram_Single_clk__parameterized8' [C:/Users/fossu/Desktop/ML_DSA_Syn_new/IMP2/MLDSA/MLDSA.srcs/sources_1/Data_Mem/Dual_Port_Ram_Single_clk.v:1]
	Parameter DLEN bound to: 64 - type: integer 
	Parameter HLEN bound to: 7 - type: integer 
INFO: [Synth 8-6155] done synthesizing module 'Dual_Port_Ram_Single_clk__parameterized8' (0#1) [C:/Users/fossu/Desktop/ML_DSA_Syn_new/IMP2/MLDSA/MLDSA.srcs/sources_1/Data_Mem/Dual_Port_Ram_Single_clk.v:1]
INFO: [Synth 8-6155] done synthesizing module 'Data_Mem' (0#1) [C:/Users/fossu/Desktop/ML_DSA_Syn_new/IMP2/MLDSA/MLDSA.srcs/sources_1/Data_Mem/Data_Mem.v:1]
WARNING: [Synth 8-689] width (10) of port connection 'c_tilde_addr_a' does not match port width (2) of module 'Data_Mem' [C:/Users/fossu/Desktop/ML_DSA_Syn_new/IMP2/MLDSA/MLDSA.srcs/sources_1/imports/MLDSA/Data_Path.v:852]
WARNING: [Synth 8-689] width (10) of port connection 'c_tilde_addr_b' does not match port width (2) of module 'Data_Mem' [C:/Users/fossu/Desktop/ML_DSA_Syn_new/IMP2/MLDSA/MLDSA.srcs/sources_1/imports/MLDSA/Data_Path.v:853]
WARNING: [Synth 8-689] width (10) of port connection 'c_hat_addr_a' does not match port width (8) of module 'Data_Mem' [C:/Users/fossu/Desktop/ML_DSA_Syn_new/IMP2/MLDSA/MLDSA.srcs/sources_1/imports/MLDSA/Data_Path.v:864]
WARNING: [Synth 8-689] width (10) of port connection 'c_hat_addr_b' does not match port width (8) of module 'Data_Mem' [C:/Users/fossu/Desktop/ML_DSA_Syn_new/IMP2/MLDSA/MLDSA.srcs/sources_1/imports/MLDSA/Data_Path.v:865]
INFO: [Synth 8-6157] synthesizing module 'mux_gen' [C:/Users/fossu/Desktop/ML_DSA_Syn_new/IMP2/MLDSA/MLDSA.srcs/sources_1/Sampler/mux_generate.v:2]
	Parameter param_in bound to: 1024 - type: integer 
	Parameter param_m bound to: 128 - type: integer 
INFO: [Synth 8-6155] done synthesizing module 'mux_gen' (0#1) [C:/Users/fossu/Desktop/ML_DSA_Syn_new/IMP2/MLDSA/MLDSA.srcs/sources_1/Sampler/mux_generate.v:2]
WARNING: [Synth 8-689] width (12) of port connection 'sel' does not match port width (3) of module 'mux_gen' [C:/Users/fossu/Desktop/ML_DSA_Syn_new/IMP2/MLDSA/MLDSA.srcs/sources_1/imports/MLDSA/Data_Path.v:1095]
INFO: [Synth 8-155] case statement is not full and has no default [C:/Users/fossu/Desktop/ML_DSA_Syn_new/IMP2/MLDSA/MLDSA.srcs/sources_1/imports/MLDSA/Data_Path.v:1108]
INFO: [Synth 8-155] case statement is not full and has no default [C:/Users/fossu/Desktop/ML_DSA_Syn_new/IMP2/MLDSA/MLDSA.srcs/sources_1/imports/MLDSA/Data_Path.v:1185]
INFO: [Synth 8-155] case statement is not full and has no default [C:/Users/fossu/Desktop/ML_DSA_Syn_new/IMP2/MLDSA/MLDSA.srcs/sources_1/imports/MLDSA/Data_Path.v:1237]
INFO: [Synth 8-155] case statement is not full and has no default [C:/Users/fossu/Desktop/ML_DSA_Syn_new/IMP2/MLDSA/MLDSA.srcs/sources_1/imports/MLDSA/Data_Path.v:1289]
INFO: [Synth 8-155] case statement is not full and has no default [C:/Users/fossu/Desktop/ML_DSA_Syn_new/IMP2/MLDSA/MLDSA.srcs/sources_1/imports/MLDSA/Data_Path.v:1336]
INFO: [Synth 8-155] case statement is not full and has no default [C:/Users/fossu/Desktop/ML_DSA_Syn_new/IMP2/MLDSA/MLDSA.srcs/sources_1/imports/MLDSA/Data_Path.v:1388]
INFO: [Synth 8-155] case statement is not full and has no default [C:/Users/fossu/Desktop/ML_DSA_Syn_new/IMP2/MLDSA/MLDSA.srcs/sources_1/imports/MLDSA/Data_Path.v:1424]
INFO: [Synth 8-155] case statement is not full and has no default [C:/Users/fossu/Desktop/ML_DSA_Syn_new/IMP2/MLDSA/MLDSA.srcs/sources_1/imports/MLDSA/Data_Path.v:1518]
INFO: [Synth 8-155] case statement is not full and has no default [C:/Users/fossu/Desktop/ML_DSA_Syn_new/IMP2/MLDSA/MLDSA.srcs/sources_1/imports/MLDSA/Data_Path.v:1564]
INFO: [Synth 8-155] case statement is not full and has no default [C:/Users/fossu/Desktop/ML_DSA_Syn_new/IMP2/MLDSA/MLDSA.srcs/sources_1/imports/MLDSA/Data_Path.v:1594]
INFO: [Synth 8-155] case statement is not full and has no default [C:/Users/fossu/Desktop/ML_DSA_Syn_new/IMP2/MLDSA/MLDSA.srcs/sources_1/imports/MLDSA/Data_Path.v:1652]
INFO: [Synth 8-155] case statement is not full and has no default [C:/Users/fossu/Desktop/ML_DSA_Syn_new/IMP2/MLDSA/MLDSA.srcs/sources_1/imports/MLDSA/Data_Path.v:1689]
INFO: [Synth 8-155] case statement is not full and has no default [C:/Users/fossu/Desktop/ML_DSA_Syn_new/IMP2/MLDSA/MLDSA.srcs/sources_1/imports/MLDSA/Data_Path.v:1715]
INFO: [Synth 8-155] case statement is not full and has no default [C:/Users/fossu/Desktop/ML_DSA_Syn_new/IMP2/MLDSA/MLDSA.srcs/sources_1/imports/MLDSA/Data_Path.v:1743]
INFO: [Synth 8-155] case statement is not full and has no default [C:/Users/fossu/Desktop/ML_DSA_Syn_new/IMP2/MLDSA/MLDSA.srcs/sources_1/imports/MLDSA/Data_Path.v:1769]
INFO: [Synth 8-155] case statement is not full and has no default [C:/Users/fossu/Desktop/ML_DSA_Syn_new/IMP2/MLDSA/MLDSA.srcs/sources_1/imports/MLDSA/Data_Path.v:1795]
INFO: [Synth 8-155] case statement is not full and has no default [C:/Users/fossu/Desktop/ML_DSA_Syn_new/IMP2/MLDSA/MLDSA.srcs/sources_1/imports/MLDSA/Data_Path.v:1837]
INFO: [Synth 8-155] case statement is not full and has no default [C:/Users/fossu/Desktop/ML_DSA_Syn_new/IMP2/MLDSA/MLDSA.srcs/sources_1/imports/MLDSA/Data_Path.v:1869]
INFO: [Synth 8-155] case statement is not full and has no default [C:/Users/fossu/Desktop/ML_DSA_Syn_new/IMP2/MLDSA/MLDSA.srcs/sources_1/imports/MLDSA/Data_Path.v:1931]
INFO: [Synth 8-155] case statement is not full and has no default [C:/Users/fossu/Desktop/ML_DSA_Syn_new/IMP2/MLDSA/MLDSA.srcs/sources_1/imports/MLDSA/Data_Path.v:1961]
INFO: [Synth 8-155] case statement is not full and has no default [C:/Users/fossu/Desktop/ML_DSA_Syn_new/IMP2/MLDSA/MLDSA.srcs/sources_1/imports/MLDSA/Data_Path.v:1991]
INFO: [Synth 8-155] case statement is not full and has no default [C:/Users/fossu/Desktop/ML_DSA_Syn_new/IMP2/MLDSA/MLDSA.srcs/sources_1/imports/MLDSA/Data_Path.v:2053]
INFO: [Synth 8-155] case statement is not full and has no default [C:/Users/fossu/Desktop/ML_DSA_Syn_new/IMP2/MLDSA/MLDSA.srcs/sources_1/imports/MLDSA/Data_Path.v:2083]
INFO: [Synth 8-155] case statement is not full and has no default [C:/Users/fossu/Desktop/ML_DSA_Syn_new/IMP2/MLDSA/MLDSA.srcs/sources_1/imports/MLDSA/Data_Path.v:2129]
INFO: [Synth 8-155] case statement is not full and has no default [C:/Users/fossu/Desktop/ML_DSA_Syn_new/IMP2/MLDSA/MLDSA.srcs/sources_1/imports/MLDSA/Data_Path.v:2175]
INFO: [Synth 8-6157] synthesizing module 'Address_generate' [C:/Users/fossu/Desktop/ML_DSA_Syn_new/IMP2/MLDSA/MLDSA.srcs/sources_1/Address_generate/Address_generate.v:215]
INFO: [Synth 8-6155] done synthesizing module 'Address_generate' (0#1) [C:/Users/fossu/Desktop/ML_DSA_Syn_new/IMP2/MLDSA/MLDSA.srcs/sources_1/Address_generate/Address_generate.v:215]
INFO: [Synth 8-155] case statement is not full and has no default [C:/Users/fossu/Desktop/ML_DSA_Syn_new/IMP2/MLDSA/MLDSA.srcs/sources_1/imports/MLDSA/Data_Path.v:2364]
INFO: [Synth 8-155] case statement is not full and has no default [C:/Users/fossu/Desktop/ML_DSA_Syn_new/IMP2/MLDSA/MLDSA.srcs/sources_1/imports/MLDSA/Data_Path.v:2325]
INFO: [Synth 8-155] case statement is not full and has no default [C:/Users/fossu/Desktop/ML_DSA_Syn_new/IMP2/MLDSA/MLDSA.srcs/sources_1/imports/MLDSA/Data_Path.v:2453]
INFO: [Synth 8-155] case statement is not full and has no default [C:/Users/fossu/Desktop/ML_DSA_Syn_new/IMP2/MLDSA/MLDSA.srcs/sources_1/imports/MLDSA/Data_Path.v:2547]
INFO: [Synth 8-155] case statement is not full and has no default [C:/Users/fossu/Desktop/ML_DSA_Syn_new/IMP2/MLDSA/MLDSA.srcs/sources_1/imports/MLDSA/Data_Path.v:2606]
INFO: [Synth 8-6157] synthesizing module 'Sampler' [C:/Users/fossu/Desktop/ML_DSA_Syn_new/IMP2/MLDSA/MLDSA.srcs/sources_1/Sampler/Sampler.v:1]
INFO: [Synth 8-6157] synthesizing module 'ExpandS' [C:/Users/fossu/Desktop/ML_DSA_Syn_new/IMP2/MLDSA/MLDSA.srcs/sources_1/Sampler/ExpandS.v:1]
INFO: [Synth 8-6157] synthesizing module 'mux_gen__parameterized0' [C:/Users/fossu/Desktop/ML_DSA_Syn_new/IMP2/MLDSA/MLDSA.srcs/sources_1/Sampler/mux_generate.v:2]
	Parameter param_in bound to: 1088 - type: integer 
	Parameter param_m bound to: 8 - type: integer 
INFO: [Synth 8-6155] done synthesizing module 'mux_gen__parameterized0' (0#1) [C:/Users/fossu/Desktop/ML_DSA_Syn_new/IMP2/MLDSA/MLDSA.srcs/sources_1/Sampler/mux_generate.v:2]
INFO: [Synth 8-6157] synthesizing module 'CoeffFromHalfByte' [C:/Users/fossu/Desktop/ML_DSA_Syn_new/IMP2/MLDSA/MLDSA.srcs/sources_1/Sampler/CoeffFromHalfByte.v:1]
INFO: [Synth 8-226] default block is never used [C:/Users/fossu/Desktop/ML_DSA_Syn_new/IMP2/MLDSA/MLDSA.srcs/sources_1/Sampler/CoeffFromHalfByte.v:33]
INFO: [Synth 8-226] default block is never used [C:/Users/fossu/Desktop/ML_DSA_Syn_new/IMP2/MLDSA/MLDSA.srcs/sources_1/Sampler/CoeffFromHalfByte.v:35]
INFO: [Synth 8-226] default block is never used [C:/Users/fossu/Desktop/ML_DSA_Syn_new/IMP2/MLDSA/MLDSA.srcs/sources_1/Sampler/CoeffFromHalfByte.v:44]
INFO: [Synth 8-226] default block is never used [C:/Users/fossu/Desktop/ML_DSA_Syn_new/IMP2/MLDSA/MLDSA.srcs/sources_1/Sampler/CoeffFromHalfByte.v:53]
INFO: [Synth 8-226] default block is never used [C:/Users/fossu/Desktop/ML_DSA_Syn_new/IMP2/MLDSA/MLDSA.srcs/sources_1/Sampler/CoeffFromHalfByte.v:62]
INFO: [Synth 8-6155] done synthesizing module 'CoeffFromHalfByte' (0#1) [C:/Users/fossu/Desktop/ML_DSA_Syn_new/IMP2/MLDSA/MLDSA.srcs/sources_1/Sampler/CoeffFromHalfByte.v:1]
INFO: [Synth 8-226] default block is never used [C:/Users/fossu/Desktop/ML_DSA_Syn_new/IMP2/MLDSA/MLDSA.srcs/sources_1/Sampler/ExpandS.v:116]
INFO: [Synth 8-6155] done synthesizing module 'ExpandS' (0#1) [C:/Users/fossu/Desktop/ML_DSA_Syn_new/IMP2/MLDSA/MLDSA.srcs/sources_1/Sampler/ExpandS.v:1]
INFO: [Synth 8-6157] synthesizing module 'ExpandA' [C:/Users/fossu/Desktop/ML_DSA_Syn_new/IMP2/MLDSA/MLDSA.srcs/sources_1/Sampler/ExpandA.v:1]
INFO: [Synth 8-6157] synthesizing module 'mux_gen__parameterized1' [C:/Users/fossu/Desktop/ML_DSA_Syn_new/IMP2/MLDSA/MLDSA.srcs/sources_1/Sampler/mux_generate.v:2]
	Parameter param_in bound to: 1344 - type: integer 
	Parameter param_m bound to: 48 - type: integer 
INFO: [Synth 8-6155] done synthesizing module 'mux_gen__parameterized1' (0#1) [C:/Users/fossu/Desktop/ML_DSA_Syn_new/IMP2/MLDSA/MLDSA.srcs/sources_1/Sampler/mux_generate.v:2]
WARNING: [Synth 8-689] width (8) of port connection 'sel' does not match port width (5) of module 'mux_gen__parameterized1' [C:/Users/fossu/Desktop/ML_DSA_Syn_new/IMP2/MLDSA/MLDSA.srcs/sources_1/Sampler/ExpandA.v:47]
INFO: [Synth 8-226] default block is never used [C:/Users/fossu/Desktop/ML_DSA_Syn_new/IMP2/MLDSA/MLDSA.srcs/sources_1/Sampler/ExpandA.v:102]
INFO: [Synth 8-6155] done synthesizing module 'ExpandA' (0#1) [C:/Users/fossu/Desktop/ML_DSA_Syn_new/IMP2/MLDSA/MLDSA.srcs/sources_1/Sampler/ExpandA.v:1]
INFO: [Synth 8-6157] synthesizing module 'ExpandMASK' [C:/Users/fossu/Desktop/ML_DSA_Syn_new/IMP2/MLDSA/MLDSA.srcs/sources_1/Sampler/ExpandMASK.v:1]
INFO: [Synth 8-6157] synthesizing module 'mux_gen__parameterized2' [C:/Users/fossu/Desktop/ML_DSA_Syn_new/IMP2/MLDSA/MLDSA.srcs/sources_1/Sampler/mux_generate.v:2]
	Parameter param_in bound to: 1080 - type: integer 
	Parameter param_m bound to: 36 - type: integer 
INFO: [Synth 8-6155] done synthesizing module 'mux_gen__parameterized2' (0#1) [C:/Users/fossu/Desktop/ML_DSA_Syn_new/IMP2/MLDSA/MLDSA.srcs/sources_1/Sampler/mux_generate.v:2]
WARNING: [Synth 8-689] width (8) of port connection 'sel' does not match port width (5) of module 'mux_gen__parameterized2' [C:/Users/fossu/Desktop/ML_DSA_Syn_new/IMP2/MLDSA/MLDSA.srcs/sources_1/Sampler/ExpandMASK.v:70]
WARNING: [Synth 8-693] zero replication count - replication ignored [C:/Users/fossu/Desktop/ML_DSA_Syn_new/IMP2/MLDSA/MLDSA.srcs/sources_1/Sampler/ExpandMASK.v:114]
INFO: [Synth 8-6155] done synthesizing module 'ExpandMASK' (0#1) [C:/Users/fossu/Desktop/ML_DSA_Syn_new/IMP2/MLDSA/MLDSA.srcs/sources_1/Sampler/ExpandMASK.v:1]
INFO: [Synth 8-6157] synthesizing module 'SampleInBall' [C:/Users/fossu/Desktop/ML_DSA_Syn_new/IMP2/MLDSA/MLDSA.srcs/sources_1/Sampler/SampleInBall.v:1]
INFO: [Synth 8-226] default block is never used [C:/Users/fossu/Desktop/ML_DSA_Syn_new/IMP2/MLDSA/MLDSA.srcs/sources_1/Sampler/SampleInBall.v:140]
INFO: [Synth 8-6155] done synthesizing module 'SampleInBall' (0#1) [C:/Users/fossu/Desktop/ML_DSA_Syn_new/IMP2/MLDSA/MLDSA.srcs/sources_1/Sampler/SampleInBall.v:1]
INFO: [Synth 8-6155] done synthesizing module 'Sampler' (0#1) [C:/Users/fossu/Desktop/ML_DSA_Syn_new/IMP2/MLDSA/MLDSA.srcs/sources_1/Sampler/Sampler.v:1]
WARNING: [Synth 8-7071] port 'sampler_squeeze' of module 'Sampler' is unconnected for instance 'Sampler_' [C:/Users/fossu/Desktop/ML_DSA_Syn_new/IMP2/MLDSA/MLDSA.srcs/sources_1/imports/MLDSA/Data_Path.v:2686]
WARNING: [Synth 8-7071] port 'next_element' of module 'Sampler' is unconnected for instance 'Sampler_' [C:/Users/fossu/Desktop/ML_DSA_Syn_new/IMP2/MLDSA/MLDSA.srcs/sources_1/imports/MLDSA/Data_Path.v:2686]
WARNING: [Synth 8-7023] instance 'Sampler_' of module 'Sampler' has 36 connections declared, but only 34 given [C:/Users/fossu/Desktop/ML_DSA_Syn_new/IMP2/MLDSA/MLDSA.srcs/sources_1/imports/MLDSA/Data_Path.v:2686]
INFO: [Synth 8-6157] synthesizing module 'NTT' [C:/Users/fossu/Desktop/ML_DSA_Syn_new/IMP2/MLDSA/MLDSA.srcs/sources_1/NTT/NTT.v:1]
	Parameter BIT_LEN bound to: 23 - type: integer 
INFO: [Synth 8-6157] synthesizing module 'Modular_Reduction' [C:/Users/fossu/Desktop/ML_DSA_Syn_new/IMP2/MLDSA/MLDSA.srcs/sources_1/NTT/Modular_Reduction.v:1]
INFO: [Synth 8-6155] done synthesizing module 'Modular_Reduction' (0#1) [C:/Users/fossu/Desktop/ML_DSA_Syn_new/IMP2/MLDSA/MLDSA.srcs/sources_1/NTT/Modular_Reduction.v:1]
INFO: [Synth 8-6157] synthesizing module 'BU' [C:/Users/fossu/Desktop/ML_DSA_Syn_new/IMP2/MLDSA/MLDSA.srcs/sources_1/NTT/BU.v:1]
INFO: [Synth 8-6157] synthesizing module 'mod_add' [C:/Users/fossu/Desktop/ML_DSA_Syn_new/IMP2/MLDSA/MLDSA.srcs/sources_1/NTT/mod_add.v:1]
INFO: [Synth 8-6155] done synthesizing module 'mod_add' (0#1) [C:/Users/fossu/Desktop/ML_DSA_Syn_new/IMP2/MLDSA/MLDSA.srcs/sources_1/NTT/mod_add.v:1]
INFO: [Synth 8-6157] synthesizing module 'mod_sub' [C:/Users/fossu/Desktop/ML_DSA_Syn_new/IMP2/MLDSA/MLDSA.srcs/sources_1/NTT/mod_sub.v:1]
INFO: [Synth 8-6155] done synthesizing module 'mod_sub' (0#1) [C:/Users/fossu/Desktop/ML_DSA_Syn_new/IMP2/MLDSA/MLDSA.srcs/sources_1/NTT/mod_sub.v:1]
INFO: [Synth 8-6157] synthesizing module 'mod_mul' [C:/Users/fossu/Desktop/ML_DSA_Syn_new/IMP2/MLDSA/MLDSA.srcs/sources_1/NTT/mod_mul.v:1]
INFO: [Synth 8-6155] done synthesizing module 'mod_mul' (0#1) [C:/Users/fossu/Desktop/ML_DSA_Syn_new/IMP2/MLDSA/MLDSA.srcs/sources_1/NTT/mod_mul.v:1]
INFO: [Synth 8-6155] done synthesizing module 'BU' (0#1) [C:/Users/fossu/Desktop/ML_DSA_Syn_new/IMP2/MLDSA/MLDSA.srcs/sources_1/NTT/BU.v:1]
INFO: [Synth 8-6157] synthesizing module 'CONTR' [C:/Users/fossu/Desktop/ML_DSA_Syn_new/IMP2/MLDSA/MLDSA.srcs/sources_1/NTT/CONTR.v:1]
	Parameter BIT_LEN bound to: 23 - type: integer 
	Parameter depth bound to: 64 - type: integer 
INFO: [Synth 8-6155] done synthesizing module 'CONTR' (0#1) [C:/Users/fossu/Desktop/ML_DSA_Syn_new/IMP2/MLDSA/MLDSA.srcs/sources_1/NTT/CONTR.v:1]
INFO: [Synth 8-6157] synthesizing module 'rom' [C:/Users/fossu/Desktop/ML_DSA_Syn_new/IMP2/MLDSA/MLDSA.srcs/sources_1/NTT/rom.v:1]
	Parameter WIDTH bound to: 23 - type: integer 
	Parameter LENGTH bound to: 2 - type: integer 
	Parameter INIT_FILE bound to: ../../../../MLDSA.srcs/sources_1/NTT/MEM_zeta/MEM_zeta_1.txt - type: string 
CRITICAL WARNING: [Synth 8-4445] could not open $readmem data file '../../../../MLDSA.srcs/sources_1/NTT/MEM_zeta/MEM_zeta_1.txt'; please make sure the file is added to project and has read permission, ignoring [C:/Users/fossu/Desktop/ML_DSA_Syn_new/IMP2/MLDSA/MLDSA.srcs/sources_1/NTT/rom.v:25]
INFO: [Synth 8-6155] done synthesizing module 'rom' (0#1) [C:/Users/fossu/Desktop/ML_DSA_Syn_new/IMP2/MLDSA/MLDSA.srcs/sources_1/NTT/rom.v:1]
INFO: [Synth 8-6157] synthesizing module 'RU' [C:/Users/fossu/Desktop/ML_DSA_Syn_new/IMP2/MLDSA/MLDSA.srcs/sources_1/NTT/RU.v:51]
	Parameter BIT_LEN bound to: 23 - type: integer 
	Parameter depth bound to: 64 - type: integer 
INFO: [Synth 8-6155] done synthesizing module 'RU' (0#1) [C:/Users/fossu/Desktop/ML_DSA_Syn_new/IMP2/MLDSA/MLDSA.srcs/sources_1/NTT/RU.v:51]
INFO: [Synth 8-6157] synthesizing module 'CONTR__parameterized0' [C:/Users/fossu/Desktop/ML_DSA_Syn_new/IMP2/MLDSA/MLDSA.srcs/sources_1/NTT/CONTR.v:1]
	Parameter BIT_LEN bound to: 23 - type: integer 
	Parameter depth bound to: 32 - type: integer 
INFO: [Synth 8-6155] done synthesizing module 'CONTR__parameterized0' (0#1) [C:/Users/fossu/Desktop/ML_DSA_Syn_new/IMP2/MLDSA/MLDSA.srcs/sources_1/NTT/CONTR.v:1]
INFO: [Synth 8-6157] synthesizing module 'rom__parameterized0' [C:/Users/fossu/Desktop/ML_DSA_Syn_new/IMP2/MLDSA/MLDSA.srcs/sources_1/NTT/rom.v:1]
	Parameter WIDTH bound to: 23 - type: integer 
	Parameter LENGTH bound to: 4 - type: integer 
	Parameter INIT_FILE bound to: ../../../../MLDSA.srcs/sources_1/NTT/MEM_zeta/MEM_zeta_2.txt - type: string 
CRITICAL WARNING: [Synth 8-4445] could not open $readmem data file '../../../../MLDSA.srcs/sources_1/NTT/MEM_zeta/MEM_zeta_2.txt'; please make sure the file is added to project and has read permission, ignoring [C:/Users/fossu/Desktop/ML_DSA_Syn_new/IMP2/MLDSA/MLDSA.srcs/sources_1/NTT/rom.v:25]
INFO: [Synth 8-6155] done synthesizing module 'rom__parameterized0' (0#1) [C:/Users/fossu/Desktop/ML_DSA_Syn_new/IMP2/MLDSA/MLDSA.srcs/sources_1/NTT/rom.v:1]
INFO: [Synth 8-6157] synthesizing module 'RU__parameterized0' [C:/Users/fossu/Desktop/ML_DSA_Syn_new/IMP2/MLDSA/MLDSA.srcs/sources_1/NTT/RU.v:51]
	Parameter BIT_LEN bound to: 23 - type: integer 
	Parameter depth bound to: 32 - type: integer 
INFO: [Synth 8-6155] done synthesizing module 'RU__parameterized0' (0#1) [C:/Users/fossu/Desktop/ML_DSA_Syn_new/IMP2/MLDSA/MLDSA.srcs/sources_1/NTT/RU.v:51]
INFO: [Synth 8-6157] synthesizing module 'CONTR__parameterized1' [C:/Users/fossu/Desktop/ML_DSA_Syn_new/IMP2/MLDSA/MLDSA.srcs/sources_1/NTT/CONTR.v:1]
	Parameter BIT_LEN bound to: 23 - type: integer 
	Parameter depth bound to: 16 - type: integer 
INFO: [Synth 8-6155] done synthesizing module 'CONTR__parameterized1' (0#1) [C:/Users/fossu/Desktop/ML_DSA_Syn_new/IMP2/MLDSA/MLDSA.srcs/sources_1/NTT/CONTR.v:1]
INFO: [Synth 8-6157] synthesizing module 'rom__parameterized1' [C:/Users/fossu/Desktop/ML_DSA_Syn_new/IMP2/MLDSA/MLDSA.srcs/sources_1/NTT/rom.v:1]
	Parameter WIDTH bound to: 23 - type: integer 
	Parameter LENGTH bound to: 8 - type: integer 
	Parameter INIT_FILE bound to: ../../../../MLDSA.srcs/sources_1/NTT/MEM_zeta/MEM_zeta_3.txt - type: string 
CRITICAL WARNING: [Synth 8-4445] could not open $readmem data file '../../../../MLDSA.srcs/sources_1/NTT/MEM_zeta/MEM_zeta_3.txt'; please make sure the file is added to project and has read permission, ignoring [C:/Users/fossu/Desktop/ML_DSA_Syn_new/IMP2/MLDSA/MLDSA.srcs/sources_1/NTT/rom.v:25]
INFO: [Synth 8-6155] done synthesizing module 'rom__parameterized1' (0#1) [C:/Users/fossu/Desktop/ML_DSA_Syn_new/IMP2/MLDSA/MLDSA.srcs/sources_1/NTT/rom.v:1]
WARNING: [Synth 8-689] width (4) of port connection 'addr' does not match port width (3) of module 'rom__parameterized1' [C:/Users/fossu/Desktop/ML_DSA_Syn_new/IMP2/MLDSA/MLDSA.srcs/sources_1/NTT/NTT.v:364]
INFO: [Synth 8-6157] synthesizing module 'RU__parameterized1' [C:/Users/fossu/Desktop/ML_DSA_Syn_new/IMP2/MLDSA/MLDSA.srcs/sources_1/NTT/RU.v:51]
	Parameter BIT_LEN bound to: 23 - type: integer 
	Parameter depth bound to: 16 - type: integer 
INFO: [Synth 8-6155] done synthesizing module 'RU__parameterized1' (0#1) [C:/Users/fossu/Desktop/ML_DSA_Syn_new/IMP2/MLDSA/MLDSA.srcs/sources_1/NTT/RU.v:51]
INFO: [Synth 8-6157] synthesizing module 'CONTR__parameterized2' [C:/Users/fossu/Desktop/ML_DSA_Syn_new/IMP2/MLDSA/MLDSA.srcs/sources_1/NTT/CONTR.v:1]
	Parameter BIT_LEN bound to: 23 - type: integer 
	Parameter depth bound to: 8 - type: integer 
INFO: [Synth 8-6155] done synthesizing module 'CONTR__parameterized2' (0#1) [C:/Users/fossu/Desktop/ML_DSA_Syn_new/IMP2/MLDSA/MLDSA.srcs/sources_1/NTT/CONTR.v:1]
INFO: [Synth 8-6157] synthesizing module 'rom__parameterized2' [C:/Users/fossu/Desktop/ML_DSA_Syn_new/IMP2/MLDSA/MLDSA.srcs/sources_1/NTT/rom.v:1]
	Parameter WIDTH bound to: 23 - type: integer 
	Parameter LENGTH bound to: 16 - type: integer 
	Parameter INIT_FILE bound to: ../../../../MLDSA.srcs/sources_1/NTT/MEM_zeta/MEM_zeta_4.txt - type: string 
CRITICAL WARNING: [Synth 8-4445] could not open $readmem data file '../../../../MLDSA.srcs/sources_1/NTT/MEM_zeta/MEM_zeta_4.txt'; please make sure the file is added to project and has read permission, ignoring [C:/Users/fossu/Desktop/ML_DSA_Syn_new/IMP2/MLDSA/MLDSA.srcs/sources_1/NTT/rom.v:25]
INFO: [Synth 8-6155] done synthesizing module 'rom__parameterized2' (0#1) [C:/Users/fossu/Desktop/ML_DSA_Syn_new/IMP2/MLDSA/MLDSA.srcs/sources_1/NTT/rom.v:1]
WARNING: [Synth 8-689] width (8) of port connection 'addr' does not match port width (4) of module 'rom__parameterized2' [C:/Users/fossu/Desktop/ML_DSA_Syn_new/IMP2/MLDSA/MLDSA.srcs/sources_1/NTT/NTT.v:413]
INFO: [Synth 8-6157] synthesizing module 'RU__parameterized2' [C:/Users/fossu/Desktop/ML_DSA_Syn_new/IMP2/MLDSA/MLDSA.srcs/sources_1/NTT/RU.v:51]
	Parameter BIT_LEN bound to: 23 - type: integer 
	Parameter depth bound to: 8 - type: integer 
INFO: [Synth 8-6155] done synthesizing module 'RU__parameterized2' (0#1) [C:/Users/fossu/Desktop/ML_DSA_Syn_new/IMP2/MLDSA/MLDSA.srcs/sources_1/NTT/RU.v:51]
INFO: [Synth 8-6157] synthesizing module 'CONTR__parameterized3' [C:/Users/fossu/Desktop/ML_DSA_Syn_new/IMP2/MLDSA/MLDSA.srcs/sources_1/NTT/CONTR.v:1]
	Parameter BIT_LEN bound to: 23 - type: integer 
	Parameter depth bound to: 4 - type: integer 
INFO: [Synth 8-6155] done synthesizing module 'CONTR__parameterized3' (0#1) [C:/Users/fossu/Desktop/ML_DSA_Syn_new/IMP2/MLDSA/MLDSA.srcs/sources_1/NTT/CONTR.v:1]
INFO: [Synth 8-6157] synthesizing module 'rom__parameterized3' [C:/Users/fossu/Desktop/ML_DSA_Syn_new/IMP2/MLDSA/MLDSA.srcs/sources_1/NTT/rom.v:1]
	Parameter WIDTH bound to: 23 - type: integer 
	Parameter LENGTH bound to: 32 - type: integer 
	Parameter INIT_FILE bound to: ../../../../MLDSA.srcs/sources_1/NTT/MEM_zeta/MEM_zeta_5.txt - type: string 
CRITICAL WARNING: [Synth 8-4445] could not open $readmem data file '../../../../MLDSA.srcs/sources_1/NTT/MEM_zeta/MEM_zeta_5.txt'; please make sure the file is added to project and has read permission, ignoring [C:/Users/fossu/Desktop/ML_DSA_Syn_new/IMP2/MLDSA/MLDSA.srcs/sources_1/NTT/rom.v:25]
INFO: [Synth 8-6155] done synthesizing module 'rom__parameterized3' (0#1) [C:/Users/fossu/Desktop/ML_DSA_Syn_new/IMP2/MLDSA/MLDSA.srcs/sources_1/NTT/rom.v:1]
WARNING: [Synth 8-689] width (16) of port connection 'addr' does not match port width (5) of module 'rom__parameterized3' [C:/Users/fossu/Desktop/ML_DSA_Syn_new/IMP2/MLDSA/MLDSA.srcs/sources_1/NTT/NTT.v:461]
INFO: [Synth 8-6157] synthesizing module 'RU__parameterized3' [C:/Users/fossu/Desktop/ML_DSA_Syn_new/IMP2/MLDSA/MLDSA.srcs/sources_1/NTT/RU.v:51]
	Parameter BIT_LEN bound to: 23 - type: integer 
	Parameter depth bound to: 4 - type: integer 
INFO: [Synth 8-6155] done synthesizing module 'RU__parameterized3' (0#1) [C:/Users/fossu/Desktop/ML_DSA_Syn_new/IMP2/MLDSA/MLDSA.srcs/sources_1/NTT/RU.v:51]
INFO: [Synth 8-6157] synthesizing module 'CONTR__parameterized4' [C:/Users/fossu/Desktop/ML_DSA_Syn_new/IMP2/MLDSA/MLDSA.srcs/sources_1/NTT/CONTR.v:1]
	Parameter BIT_LEN bound to: 23 - type: integer 
	Parameter depth bound to: 2 - type: integer 
INFO: [Synth 8-6155] done synthesizing module 'CONTR__parameterized4' (0#1) [C:/Users/fossu/Desktop/ML_DSA_Syn_new/IMP2/MLDSA/MLDSA.srcs/sources_1/NTT/CONTR.v:1]
INFO: [Synth 8-6157] synthesizing module 'rom__parameterized4' [C:/Users/fossu/Desktop/ML_DSA_Syn_new/IMP2/MLDSA/MLDSA.srcs/sources_1/NTT/rom.v:1]
	Parameter WIDTH bound to: 23 - type: integer 
	Parameter LENGTH bound to: 64 - type: integer 
	Parameter INIT_FILE bound to: ../../../../MLDSA.srcs/sources_1/NTT/MEM_zeta/MEM_zeta_6.txt - type: string 
CRITICAL WARNING: [Synth 8-4445] could not open $readmem data file '../../../../MLDSA.srcs/sources_1/NTT/MEM_zeta/MEM_zeta_6.txt'; please make sure the file is added to project and has read permission, ignoring [C:/Users/fossu/Desktop/ML_DSA_Syn_new/IMP2/MLDSA/MLDSA.srcs/sources_1/NTT/rom.v:25]
INFO: [Synth 8-6155] done synthesizing module 'rom__parameterized4' (0#1) [C:/Users/fossu/Desktop/ML_DSA_Syn_new/IMP2/MLDSA/MLDSA.srcs/sources_1/NTT/rom.v:1]
WARNING: [Synth 8-689] width (32) of port connection 'addr' does not match port width (6) of module 'rom__parameterized4' [C:/Users/fossu/Desktop/ML_DSA_Syn_new/IMP2/MLDSA/MLDSA.srcs/sources_1/NTT/NTT.v:509]
INFO: [Synth 8-6157] synthesizing module 'RU__parameterized4' [C:/Users/fossu/Desktop/ML_DSA_Syn_new/IMP2/MLDSA/MLDSA.srcs/sources_1/NTT/RU.v:51]
	Parameter BIT_LEN bound to: 23 - type: integer 
	Parameter depth bound to: 2 - type: integer 
INFO: [Synth 8-6155] done synthesizing module 'RU__parameterized4' (0#1) [C:/Users/fossu/Desktop/ML_DSA_Syn_new/IMP2/MLDSA/MLDSA.srcs/sources_1/NTT/RU.v:51]
INFO: [Synth 8-6157] synthesizing module 'CONTR__parameterized5' [C:/Users/fossu/Desktop/ML_DSA_Syn_new/IMP2/MLDSA/MLDSA.srcs/sources_1/NTT/CONTR.v:1]
	Parameter BIT_LEN bound to: 23 - type: integer 
	Parameter depth bound to: 1 - type: integer 
WARNING: [Synth 8-693] zero replication count - replication ignored [C:/Users/fossu/Desktop/ML_DSA_Syn_new/IMP2/MLDSA/MLDSA.srcs/sources_1/NTT/CONTR.v:35]
WARNING: [Synth 8-693] zero replication count - replication ignored [C:/Users/fossu/Desktop/ML_DSA_Syn_new/IMP2/MLDSA/MLDSA.srcs/sources_1/NTT/CONTR.v:38]
INFO: [Synth 8-6155] done synthesizing module 'CONTR__parameterized5' (0#1) [C:/Users/fossu/Desktop/ML_DSA_Syn_new/IMP2/MLDSA/MLDSA.srcs/sources_1/NTT/CONTR.v:1]
INFO: [Synth 8-6157] synthesizing module 'rom__parameterized5' [C:/Users/fossu/Desktop/ML_DSA_Syn_new/IMP2/MLDSA/MLDSA.srcs/sources_1/NTT/rom.v:1]
	Parameter WIDTH bound to: 23 - type: integer 
	Parameter LENGTH bound to: 128 - type: integer 
	Parameter INIT_FILE bound to: ../../../../MLDSA.srcs/sources_1/NTT/MEM_zeta/MEM_zeta_7.txt - type: string 
CRITICAL WARNING: [Synth 8-4445] could not open $readmem data file '../../../../MLDSA.srcs/sources_1/NTT/MEM_zeta/MEM_zeta_7.txt'; please make sure the file is added to project and has read permission, ignoring [C:/Users/fossu/Desktop/ML_DSA_Syn_new/IMP2/MLDSA/MLDSA.srcs/sources_1/NTT/rom.v:25]
INFO: [Synth 8-6155] done synthesizing module 'rom__parameterized5' (0#1) [C:/Users/fossu/Desktop/ML_DSA_Syn_new/IMP2/MLDSA/MLDSA.srcs/sources_1/NTT/rom.v:1]
WARNING: [Synth 8-689] width (64) of port connection 'addr' does not match port width (7) of module 'rom__parameterized5' [C:/Users/fossu/Desktop/ML_DSA_Syn_new/IMP2/MLDSA/MLDSA.srcs/sources_1/NTT/NTT.v:557]
INFO: [Synth 8-6157] synthesizing module 'RU__parameterized5' [C:/Users/fossu/Desktop/ML_DSA_Syn_new/IMP2/MLDSA/MLDSA.srcs/sources_1/NTT/RU.v:51]
	Parameter BIT_LEN bound to: 23 - type: integer 
	Parameter depth bound to: 1 - type: integer 
INFO: [Synth 8-6155] done synthesizing module 'RU__parameterized5' (0#1) [C:/Users/fossu/Desktop/ML_DSA_Syn_new/IMP2/MLDSA/MLDSA.srcs/sources_1/NTT/RU.v:51]
INFO: [Synth 8-6155] done synthesizing module 'NTT' (0#1) [C:/Users/fossu/Desktop/ML_DSA_Syn_new/IMP2/MLDSA/MLDSA.srcs/sources_1/NTT/NTT.v:1]
INFO: [Synth 8-6157] synthesizing module 'encoder' [C:/Users/fossu/Desktop/ML_DSA_Syn_new/IMP2/MLDSA/MLDSA.srcs/sources_1/Encoder/encoder.v:1]
INFO: [Synth 8-6157] synthesizing module 'uncenter_coeff' [C:/Users/fossu/Desktop/ML_DSA_Syn_new/IMP2/MLDSA/MLDSA.srcs/sources_1/Encoder/uncenter_coeff.v:1]
INFO: [Synth 8-6155] done synthesizing module 'uncenter_coeff' (0#1) [C:/Users/fossu/Desktop/ML_DSA_Syn_new/IMP2/MLDSA/MLDSA.srcs/sources_1/Encoder/uncenter_coeff.v:1]
INFO: [Synth 8-6157] synthesizing module 'zero_strip' [C:/Users/fossu/Desktop/ML_DSA_Syn_new/IMP2/MLDSA/MLDSA.srcs/sources_1/Encoder/zero_strip.v:1]
INFO: [Synth 8-6155] done synthesizing module 'zero_strip' (0#1) [C:/Users/fossu/Desktop/ML_DSA_Syn_new/IMP2/MLDSA/MLDSA.srcs/sources_1/Encoder/zero_strip.v:1]
INFO: [Synth 8-155] case statement is not full and has no default [C:/Users/fossu/Desktop/ML_DSA_Syn_new/IMP2/MLDSA/MLDSA.srcs/sources_1/Encoder/encoder.v:65]
INFO: [Synth 8-6155] done synthesizing module 'encoder' (0#1) [C:/Users/fossu/Desktop/ML_DSA_Syn_new/IMP2/MLDSA/MLDSA.srcs/sources_1/Encoder/encoder.v:1]
INFO: [Synth 8-155] case statement is not full and has no default [C:/Users/fossu/Desktop/ML_DSA_Syn_new/IMP2/MLDSA/MLDSA.srcs/sources_1/imports/MLDSA/Data_Path.v:2831]
INFO: [Synth 8-6157] synthesizing module 'decoder' [C:/Users/fossu/Desktop/ML_DSA_Syn_new/IMP2/MLDSA/MLDSA.srcs/sources_1/Decoder/decoder.v:1]
ERROR: [Synth 8-524] part-select [68:46] out of range of prefix 'sipo_out_in' [C:/Users/fossu/Desktop/ML_DSA_Syn_new/IMP2/MLDSA/MLDSA.srcs/sources_1/Decoder/decoder.v:51]
ERROR: [Synth 8-6156] failed synthesizing module 'decoder' [C:/Users/fossu/Desktop/ML_DSA_Syn_new/IMP2/MLDSA/MLDSA.srcs/sources_1/Decoder/decoder.v:1]
ERROR: [Synth 8-6156] failed synthesizing module 'Data_Path' [C:/Users/fossu/Desktop/ML_DSA_Syn_new/IMP2/MLDSA/MLDSA.srcs/sources_1/imports/MLDSA/Data_Path.v:1]
ERROR: [Synth 8-6156] failed synthesizing module 'MLDSA' [C:/Users/fossu/Desktop/ML_DSA_Syn_new/IMP2/MLDSA/MLDSA.srcs/sources_1/imports/MLDSA/MLDSA.v:1]
---------------------------------------------------------------------------------
Finished Synthesize : Time (s): cpu = 00:00:08 ; elapsed = 00:00:11 . Memory (MB): peak = 1048.219 ; gain = 571.562
---------------------------------------------------------------------------------
synthesize failed
INFO: [Common 17-83] Releasing license: Synthesis
195 Infos, 49 Warnings, 15 Critical Warnings and 5 Errors encountered.
synth_design failed
ERROR: [Common 17-69] Command failed: Vivado Synthesis failed
INFO: [Common 17-206] Exiting Vivado at Sun Jun  8 23:31:39 2025...
