#-----------------------------------------------------------
# Vivado v2023.2 (64-bit)
# SW Build 4029153 on Fri Oct 13 20:14:34 MDT 2023
# IP Build 4028589 on Sat Oct 14 00:45:43 MDT 2023
# SharedData Build 4025554 on Tue Oct 10 17:18:54 MDT 2023
# Start of session at: Sat Jan 25 20:09:06 2025
# Process ID: 1924
# Current directory: C:/Users/USER/Desktop/ML_DSA_syn/IMP/SHA3_imp/Sampler
# Command line: vivado.exe -gui_launcher_event rodinguilauncherevent13656 C:\Users\USER\Desktop\ML_DSA_syn\IMP\SHA3_imp\Sampler\Sampler.xpr
# Log file: C:/Users/USER/Desktop/ML_DSA_syn/IMP/SHA3_imp/Sampler/vivado.log
# Journal file: C:/Users/USER/Desktop/ML_DSA_syn/IMP/SHA3_imp/Sampler\vivado.jou
# Running On: LAPTOP-2P71OMBV, OS: Windows, CPU Frequency: 3194 MHz, CPU Physical cores: 16, Host memory: 16542 MB
#-----------------------------------------------------------
start_gui
open_project C:/Users/USER/Desktop/ML_DSA_syn/IMP/SHA3_imp/Sampler/Sampler.xpr
WARNING: [Board 49-26] cannot add Board Part xilinx.com:kc705:part0:1.6 available at C:/Xilinx/Vivado/2023.2/data/xhub/boards/XilinxBoardStore/boards/Xilinx/kc705/1.6/board.xml as part xc7k325tffg900-2 specified in board_part file is either invalid or not available
WARNING: [Board 49-26] cannot add Board Part xilinx.com:kcu105:part0:1.6 available at C:/Xilinx/Vivado/2023.2/data/xhub/boards/XilinxBoardStore/boards/Xilinx/kcu105/1.6/board.xml as part xcku040-ffva1156-2-e specified in board_part file is either invalid or not available
WARNING: [Board 49-26] cannot add Board Part xilinx.com:kcu105:part0:1.7 available at C:/Xilinx/Vivado/2023.2/data/xhub/boards/XilinxBoardStore/boards/Xilinx/kcu105/1.7/board.xml as part xcku040-ffva1156-2-e specified in board_part file is either invalid or not available
WARNING: [Board 49-26] cannot add Board Part xilinx.com:kcu1500:part0:1.2 available at C:/Xilinx/Vivado/2023.2/data/xhub/boards/XilinxBoardStore/boards/Xilinx/kcu1500/1.2/board.xml as part xcku115-flvb2104-2-e specified in board_part file is either invalid or not available
WARNING: [Board 49-26] cannot add Board Part xilinx.com:vc707:part0:1.4 available at C:/Xilinx/Vivado/2023.2/data/xhub/boards/XilinxBoardStore/boards/Xilinx/vc707/1.4/board.xml as part xc7vx485tffg1761-2 specified in board_part file is either invalid or not available
WARNING: [Board 49-26] cannot add Board Part xilinx.com:vc709:part0:1.8 available at C:/Xilinx/Vivado/2023.2/data/xhub/boards/XilinxBoardStore/boards/Xilinx/vc709/1.8/board.xml as part xc7vx690tffg1761-2 specified in board_part file is either invalid or not available
WARNING: [Board 49-26] cannot add Board Part xilinx.com:vck190:part0:2.2 available at C:/Xilinx/Vivado/2023.2/data/xhub/boards/XilinxBoardStore/boards/Xilinx/vck190/production/2.2/board.xml as part xcvc1902-vsva2197-2mp-e-s specified in board_part file is either invalid or not available
WARNING: [Board 49-26] cannot add Board Part xilinx.com:vck190:part0:3.0 available at C:/Xilinx/Vivado/2023.2/data/xhub/boards/XilinxBoardStore/boards/Xilinx/vck190/production/3.0/board.xml as part xcvc1902-vsva2197-2mp-e-s specified in board_part file is either invalid or not available
WARNING: [Board 49-26] cannot add Board Part xilinx.com:vck190:part0:3.1 available at C:/Xilinx/Vivado/2023.2/data/xhub/boards/XilinxBoardStore/boards/Xilinx/vck190/production/3.1/board.xml as part xcvc1902-vsva2197-2mp-e-s specified in board_part file is either invalid or not available
WARNING: [Board 49-26] cannot add Board Part xilinx.com:vck190:part0:3.2 available at C:/Xilinx/Vivado/2023.2/data/xhub/boards/XilinxBoardStore/boards/Xilinx/vck190/production/3.2/board.xml as part xcvc1902-vsva2197-2mp-e-s specified in board_part file is either invalid or not available
WARNING: [Board 49-26] cannot add Board Part xilinx.com:vck190_newl:part0:1.0 available at C:/Xilinx/Vivado/2023.2/data/xhub/boards/XilinxBoardStore/boards/Xilinx/vck190_newl/production/1.0/board.xml as part xcvc1902-vsva2197-2mp-e-s specified in board_part file is either invalid or not available
WARNING: [Board 49-26] cannot add Board Part xilinx.com:vck190_newl:part0:1.1 available at C:/Xilinx/Vivado/2023.2/data/xhub/boards/XilinxBoardStore/boards/Xilinx/vck190_newl/production/1.1/board.xml as part xcvc1902-vsva2197-2mp-e-s specified in board_part file is either invalid or not available
WARNING: [Board 49-26] cannot add Board Part xilinx.com:vcu108:part0:1.6 available at C:/Xilinx/Vivado/2023.2/data/xhub/boards/XilinxBoardStore/boards/Xilinx/vcu108/1.6/board.xml as part xcvu095-ffva2104-2-e specified in board_part file is either invalid or not available
WARNING: [Board 49-26] cannot add Board Part xilinx.com:vcu108:part0:1.7 available at C:/Xilinx/Vivado/2023.2/data/xhub/boards/XilinxBoardStore/boards/Xilinx/vcu108/1.7/board.xml as part xcvu095-ffva2104-2-e specified in board_part file is either invalid or not available
WARNING: [Board 49-26] cannot add Board Part xilinx.com:vcu110:part0:1.4 available at C:/Xilinx/Vivado/2023.2/data/xhub/boards/XilinxBoardStore/boards/Xilinx/vcu110/1.4/board.xml as part xcvu190-flgc2104-2-e specified in board_part file is either invalid or not available
WARNING: [Board 49-26] cannot add Board Part xilinx.com:vcu118:part0:2.0 available at C:/Xilinx/Vivado/2023.2/data/xhub/boards/XilinxBoardStore/boards/Xilinx/vcu118/2.0/board.xml as part xcvu9p-flga2104-2l-e specified in board_part file is either invalid or not available
WARNING: [Board 49-26] cannot add Board Part xilinx.com:vcu118:part0:2.3 available at C:/Xilinx/Vivado/2023.2/data/xhub/boards/XilinxBoardStore/boards/Xilinx/vcu118/2.3/board.xml as part xcvu9p-flga2104-2l-e specified in board_part file is either invalid or not available
WARNING: [Board 49-26] cannot add Board Part xilinx.com:vcu118:part0:2.4 available at C:/Xilinx/Vivado/2023.2/data/xhub/boards/XilinxBoardStore/boards/Xilinx/vcu118/2.4/board.xml as part xcvu9p-flga2104-2l-e specified in board_part file is either invalid or not available
WARNING: [Board 49-26] cannot add Board Part xilinx.com:vcu129:part0:1.0 available at C:/Xilinx/Vivado/2023.2/data/xhub/boards/XilinxBoardStore/boards/Xilinx/vcu129/production/1.0/board.xml as part xcvu29p-fsga2577-2l-e specified in board_part file is either invalid or not available
WARNING: [Board 49-26] cannot add Board Part xilinx.com:vcu1525:part0:1.3 available at C:/Xilinx/Vivado/2023.2/data/xhub/boards/XilinxBoardStore/boards/Xilinx/vcu1525/1.3/board.xml as part xcvu9p-fsgd2104-2l-e specified in board_part file is either invalid or not available
WARNING: [Board 49-26] cannot add Board Part xilinx.com:vek280:part0:1.0 available at C:/Xilinx/Vivado/2023.2/data/xhub/boards/XilinxBoardStore/boards/Xilinx/vek280/production/1.0/board.xml as part xcve2802-vsvh1760-2mp-e-s specified in board_part file is either invalid or not available
WARNING: [Board 49-26] cannot add Board Part xilinx.com:vek280_es:part0:1.0 available at C:/Xilinx/Vivado/2023.2/data/xhub/boards/XilinxBoardStore/boards/Xilinx/vek280/es/rev_a/1.0/board.xml as part xcve2802-vsvh1760-2lp-e-s-es1 specified in board_part file is either invalid or not available
WARNING: [Board 49-26] cannot add Board Part xilinx.com:vek280_es:part0:1.1 available at C:/Xilinx/Vivado/2023.2/data/xhub/boards/XilinxBoardStore/boards/Xilinx/vek280/es/rev_a/1.1/board.xml as part xcve2802-vsvh1760-2lp-e-s-es1 specified in board_part file is either invalid or not available
WARNING: [Board 49-26] cannot add Board Part xilinx.com:vek280_es_revb:part0:1.0 available at C:/Xilinx/Vivado/2023.2/data/xhub/boards/XilinxBoardStore/boards/Xilinx/vek280/es/rev_b/1.0/board.xml as part xcve2802-vsvh1760-2mp-e-s-es1 specified in board_part file is either invalid or not available
WARNING: [Board 49-26] cannot add Board Part xilinx.com:vek280_es_revb:part0:1.1 available at C:/Xilinx/Vivado/2023.2/data/xhub/boards/XilinxBoardStore/boards/Xilinx/vek280/es/rev_b/1.1/board.xml as part xcve2802-vsvh1760-2mp-e-s-es1 specified in board_part file is either invalid or not available
WARNING: [Board 49-26] cannot add Board Part xilinx.com:vermeo_t1_mpsoc:part0:1.0 available at C:/Xilinx/Vivado/2023.2/data/xhub/boards/XilinxBoardStore/boards/Xilinx/vermeo_t1_mpsoc/1.0/board.xml as part xczu19eg-ffvd1760-2l-e specified in board_part file is either invalid or not available
WARNING: [Board 49-26] cannot add Board Part xilinx.com:vermeo_t1_rfsoc:part0:1.0 available at C:/Xilinx/Vivado/2023.2/data/xhub/boards/XilinxBoardStore/boards/Xilinx/vermeo_t1_rfsoc/1.0/board.xml as part xczu21dr-ffvd1156-2l-e specified in board_part file is either invalid or not available
WARNING: [Board 49-26] cannot add Board Part xilinx.com:vhk158:part0:1.0 available at C:/Xilinx/Vivado/2023.2/data/xhub/boards/XilinxBoardStore/boards/Xilinx/vhk158/production/1.0/board.xml as part xcvh1582-vsva3697-2mp-e-s specified in board_part file is either invalid or not available
WARNING: [Board 49-26] cannot add Board Part xilinx.com:vhk158:part0:1.1 available at C:/Xilinx/Vivado/2023.2/data/xhub/boards/XilinxBoardStore/boards/Xilinx/vhk158/production/1.1/board.xml as part xcvh1582-vsva3697-2mp-e-s specified in board_part file is either invalid or not available
WARNING: [Board 49-26] cannot add Board Part xilinx.com:vhk158_es:part0:1.0 available at C:/Xilinx/Vivado/2023.2/data/xhub/boards/XilinxBoardStore/boards/Xilinx/vhk158/es/1.0/board.xml as part xcvh1582-vsva3697-2mp-e-s-es1 specified in board_part file is either invalid or not available
WARNING: [Board 49-26] cannot add Board Part xilinx.com:vhk158_es:part0:1.1 available at C:/Xilinx/Vivado/2023.2/data/xhub/boards/XilinxBoardStore/boards/Xilinx/vhk158/es/1.1/board.xml as part xcvh1582-vsva3697-2mp-e-s-es1 specified in board_part file is either invalid or not available
WARNING: [Board 49-26] cannot add Board Part xilinx.com:vmk180:part0:2.2 available at C:/Xilinx/Vivado/2023.2/data/xhub/boards/XilinxBoardStore/boards/Xilinx/vmk180/production/2.2/board.xml as part xcvm1802-vsva2197-2mp-e-s specified in board_part file is either invalid or not available
WARNING: [Board 49-26] cannot add Board Part xilinx.com:vmk180:part0:3.0 available at C:/Xilinx/Vivado/2023.2/data/xhub/boards/XilinxBoardStore/boards/Xilinx/vmk180/production/3.0/board.xml as part xcvm1802-vsva2197-2mp-e-s specified in board_part file is either invalid or not available
WARNING: [Board 49-26] cannot add Board Part xilinx.com:vmk180:part0:3.1 available at C:/Xilinx/Vivado/2023.2/data/xhub/boards/XilinxBoardStore/boards/Xilinx/vmk180/production/3.1/board.xml as part xcvm1802-vsva2197-2mp-e-s specified in board_part file is either invalid or not available
WARNING: [Board 49-26] cannot add Board Part xilinx.com:vmk180:part0:3.2 available at C:/Xilinx/Vivado/2023.2/data/xhub/boards/XilinxBoardStore/boards/Xilinx/vmk180/production/3.2/board.xml as part xcvm1802-vsva2197-2mp-e-s specified in board_part file is either invalid or not available
WARNING: [Board 49-26] cannot add Board Part xilinx.com:vmk180_newl:part0:1.0 available at C:/Xilinx/Vivado/2023.2/data/xhub/boards/XilinxBoardStore/boards/Xilinx/vmk180_newl/production/1.0/board.xml as part xcvm1802-vsva2197-2mp-e-s specified in board_part file is either invalid or not available
WARNING: [Board 49-26] cannot add Board Part xilinx.com:vmk180_newl:part0:1.1 available at C:/Xilinx/Vivado/2023.2/data/xhub/boards/XilinxBoardStore/boards/Xilinx/vmk180_newl/production/1.1/board.xml as part xcvm1802-vsva2197-2mp-e-s specified in board_part file is either invalid or not available
WARNING: [Board 49-26] cannot add Board Part xilinx.com:vpk120:part0:1.0 available at C:/Xilinx/Vivado/2023.2/data/xhub/boards/XilinxBoardStore/boards/Xilinx/vpk120/production/1.0/board.xml as part xcvp1202-vsva2785-2mp-e-s specified in board_part file is either invalid or not available
WARNING: [Board 49-26] cannot add Board Part xilinx.com:vpk120:part0:1.1 available at C:/Xilinx/Vivado/2023.2/data/xhub/boards/XilinxBoardStore/boards/Xilinx/vpk120/production/1.1/board.xml as part xcvp1202-vsva2785-2mp-e-s specified in board_part file is either invalid or not available
WARNING: [Board 49-26] cannot add Board Part xilinx.com:vpk120:part0:1.2 available at C:/Xilinx/Vivado/2023.2/data/xhub/boards/XilinxBoardStore/boards/Xilinx/vpk120/production/1.2/board.xml as part xcvp1202-vsva2785-2mp-e-s specified in board_part file is either invalid or not available
WARNING: [Board 49-26] cannot add Board Part xilinx.com:vpk180:part0:1.0 available at C:/Xilinx/Vivado/2023.2/data/xhub/boards/XilinxBoardStore/boards/Xilinx/vpk180/production/1.0/board.xml as part xcvp1802-lsvc4072-2mp-e-s specified in board_part file is either invalid or not available
WARNING: [Board 49-26] cannot add Board Part xilinx.com:vpk180:part0:1.1 available at C:/Xilinx/Vivado/2023.2/data/xhub/boards/XilinxBoardStore/boards/Xilinx/vpk180/production/1.1/board.xml as part xcvp1802-lsvc4072-2mp-e-s specified in board_part file is either invalid or not available
WARNING: [Board 49-26] cannot add Board Part xilinx.com:zc706:part0:1.4 available at C:/Xilinx/Vivado/2023.2/data/xhub/boards/XilinxBoardStore/boards/Xilinx/zc706/1.4/board.xml as part xc7z045ffg900-2 specified in board_part file is either invalid or not available
WARNING: [Board 49-26] cannot add Board Part xilinx.com:zcu102:part0:3.3 available at C:/Xilinx/Vivado/2023.2/data/xhub/boards/XilinxBoardStore/boards/Xilinx/zcu102/3.3/board.xml as part xczu9eg-ffvb1156-2-e specified in board_part file is either invalid or not available
WARNING: [Board 49-26] cannot add Board Part xilinx.com:zcu102:part0:3.4 available at C:/Xilinx/Vivado/2023.2/data/xhub/boards/XilinxBoardStore/boards/Xilinx/zcu102/3.4/board.xml as part xczu9eg-ffvb1156-2-e specified in board_part file is either invalid or not available
WARNING: [Board 49-26] cannot add Board Part xilinx.com:zcu111:part0:1.2 available at C:/Xilinx/Vivado/2023.2/data/xhub/boards/XilinxBoardStore/boards/Xilinx/zcu111/1.2/board.xml as part xczu28dr-ffvg1517-2-e specified in board_part file is either invalid or not available
WARNING: [Board 49-26] cannot add Board Part xilinx.com:zcu111:part0:1.3 available at C:/Xilinx/Vivado/2023.2/data/xhub/boards/XilinxBoardStore/boards/Xilinx/zcu111/1.3/board.xml as part xczu28dr-ffvg1517-2-e specified in board_part file is either invalid or not available
WARNING: [Board 49-26] cannot add Board Part xilinx.com:zcu111:part0:1.4 available at C:/Xilinx/Vivado/2023.2/data/xhub/boards/XilinxBoardStore/boards/Xilinx/zcu111/1.4/board.xml as part xczu28dr-ffvg1517-2-e specified in board_part file is either invalid or not available
WARNING: [Board 49-26] cannot add Board Part xilinx.com:zcu1275:part0:1.0 available at C:/Xilinx/Vivado/2023.2/data/xhub/boards/XilinxBoardStore/boards/Xilinx/zcu1275/1.0/board.xml as part xczu29dr-ffvf1760-2-e specified in board_part file is either invalid or not available
WARNING: [Board 49-26] cannot add Board Part xilinx.com:zcu1285:part0:1.0 available at C:/Xilinx/Vivado/2023.2/data/xhub/boards/XilinxBoardStore/boards/Xilinx/zcu1285/1.0/board.xml as part xczu39dr-ffvf1760-2-i specified in board_part file is either invalid or not available
WARNING: [Board 49-26] cannot add Board Part xilinx.com:zcu208:part0:2.0 available at C:/Xilinx/Vivado/2023.2/data/xhub/boards/XilinxBoardStore/boards/Xilinx/zcu208/production/2.0/board.xml as part xczu48dr-fsvg1517-2-e specified in board_part file is either invalid or not available
WARNING: [Board 49-26] cannot add Board Part xilinx.com:zcu208ld:part0:2.0 available at C:/Xilinx/Vivado/2023.2/data/xhub/boards/XilinxBoardStore/boards/Xilinx/zcu208ld/production/2.0/board.xml as part xczu58dr-fsvg1517-2-i specified in board_part file is either invalid or not available
WARNING: [Board 49-26] cannot add Board Part xilinx.com:zcu216:part0:2.0 available at C:/Xilinx/Vivado/2023.2/data/xhub/boards/XilinxBoardStore/boards/Xilinx/zcu216/production/2.0/board.xml as part xczu49dr-ffvf1760-2-e specified in board_part file is either invalid or not available
WARNING: [Board 49-26] cannot add Board Part xilinx.com:zcu216ld:part0:2.0 available at C:/Xilinx/Vivado/2023.2/data/xhub/boards/XilinxBoardStore/boards/Xilinx/zcu216ld/production/2.0/board.xml as part xczu59dr-ffvf1760-2-i specified in board_part file is either invalid or not available
WARNING: [Board 49-26] cannot add Board Part xilinx.com:zcu670:part0:2.0 available at C:/Xilinx/Vivado/2023.2/data/xhub/boards/XilinxBoardStore/boards/Xilinx/zcu670/2.0/board.xml as part xczu67dr-fsve1156-2-i specified in board_part file is either invalid or not available
WARNING: [Board 49-26] cannot add Board Part xilinx.com:zcu670ld:part0:1.0 available at C:/Xilinx/Vivado/2023.2/data/xhub/boards/XilinxBoardStore/boards/Xilinx/zcu670ld/1.0/board.xml as part xczu57dr-fsve1156-2-i specified in board_part file is either invalid or not available
INFO: [filemgmt 56-3] Default IP Output Path : Could not find the directory 'C:/Users/USER/Desktop/ML_DSA_syn/IMP/SHA3_imp/Sampler/Sampler.gen/sources_1'.
Scanning sources...
Finished scanning sources
INFO: [IP_Flow 19-234] Refreshing IP repositories
INFO: [IP_Flow 19-1704] No user IP repositories specified
INFO: [IP_Flow 19-2313] Loaded Vivado IP repository 'C:/Xilinx/Vivado/2023.2/data/ip'.
open_project: Time (s): cpu = 00:00:19 ; elapsed = 00:00:08 . Memory (MB): peak = 1511.418 ; gain = 274.609
update_compile_order -fileset sources_1
launch_simulation
Command: launch_simulation 
INFO: [Vivado 12-12493] Simulation top is 'Sampler_tb'
WARNING: [Vivado 12-13340] Unable to auto find GCC executables from simulator install path! (path not set)
INFO: [Vivado 12-5682] Launching behavioral simulation in 'C:/Users/USER/Desktop/ML_DSA_syn/IMP/SHA3_imp/Sampler/Sampler.sim/sim_1/behav/xsim'
INFO: [SIM-utils-51] Simulation object is 'sim_1'
INFO: [SIM-utils-72] Using boost library from 'C:/Xilinx/Vivado/2023.2/tps/boost_1_72_0'
INFO: [SIM-utils-54] Inspecting design source files for 'Sampler_tb' in fileset 'sim_1'...
INFO: [USF-XSim-97] Finding global include files...
INFO: [USF-XSim-98] Fetching design files from 'sim_1'...
INFO: [USF-XSim-2] XSim::Compile design
INFO: [USF-XSim-61] Executing 'COMPILE and ANALYZE' step in 'C:/Users/USER/Desktop/ML_DSA_syn/IMP/SHA3_imp/Sampler/Sampler.sim/sim_1/behav/xsim'
"xvlog --incr --relax -prj Sampler_tb_vlog.prj"
ECHO 已關閉。
ECHO 已關閉。
INFO: [VRFC 10-2263] Analyzing Verilog file "C:/Users/USER/Desktop/ML_DSA_syn/IMP/SHA3_imp/Sampler/Sampler.srcs/sources_1/imports/MLDSA/CoeffFromHalfByte.v" into library xil_defaultlib
INFO: [VRFC 10-311] analyzing module CoeffFromHalfByte
INFO: [VRFC 10-2263] Analyzing Verilog file "C:/Users/USER/Desktop/ML_DSA_syn/IMP/SHA3_imp/Sampler/Sampler.srcs/sim_1/imports/MLDSA/Data_Mem.v" into library xil_defaultlib
INFO: [VRFC 10-311] analyzing module Data_Mem
INFO: [VRFC 10-2263] Analyzing Verilog file "C:/Users/USER/Desktop/ML_DSA_syn/IMP/SHA3_imp/Sampler/Sampler.srcs/sim_1/imports/MLDSA/Dual_Port_Ram_Single_clk.v" into library xil_defaultlib
INFO: [VRFC 10-311] analyzing module Dual_Port_Ram_Single_clk
INFO: [VRFC 10-2263] Analyzing Verilog file "C:/Users/USER/Desktop/ML_DSA_syn/IMP/SHA3_imp/Sampler/Sampler.srcs/sources_1/imports/MLDSA/ExpandA.v" into library xil_defaultlib
INFO: [VRFC 10-311] analyzing module ExpandA
INFO: [VRFC 10-2263] Analyzing Verilog file "C:/Users/USER/Desktop/ML_DSA_syn/IMP/SHA3_imp/Sampler/Sampler.srcs/sources_1/imports/MLDSA/ExpandMASK.v" into library xil_defaultlib
INFO: [VRFC 10-311] analyzing module ExpandMASK
INFO: [VRFC 10-2263] Analyzing Verilog file "C:/Users/USER/Desktop/ML_DSA_syn/IMP/SHA3_imp/Sampler/Sampler.srcs/sources_1/imports/MLDSA/ExpandS.v" into library xil_defaultlib
INFO: [VRFC 10-311] analyzing module ExpandS
INFO: [VRFC 10-2263] Analyzing Verilog file "C:/Users/USER/Desktop/ML_DSA_syn/IMP/SHA3_imp/Sampler/Sampler.srcs/sources_1/imports/MLDSA/SampleInBall.v" into library xil_defaultlib
INFO: [VRFC 10-311] analyzing module SampleInBall
INFO: [VRFC 10-2263] Analyzing Verilog file "C:/Users/USER/Desktop/ML_DSA_syn/IMP/SHA3_imp/Sampler/Sampler.srcs/sources_1/imports/MLDSA/Sampler.v" into library xil_defaultlib
INFO: [VRFC 10-311] analyzing module Sampler
INFO: [VRFC 10-2263] Analyzing Verilog file "C:/Users/USER/Desktop/ML_DSA_syn/IMP/SHA3_imp/Sampler/Sampler.srcs/sources_1/imports/MLDSA/mux_generate.v" into library xil_defaultlib
INFO: [VRFC 10-311] analyzing module mux_gen
INFO: [VRFC 10-2263] Analyzing Verilog file "C:/Users/USER/Desktop/ML_DSA_syn/IMP/SHA3_imp/Sampler/Sampler.srcs/sim_1/new/Sampler_tb.v" into library xil_defaultlib
INFO: [VRFC 10-311] analyzing module Sampler_tb
INFO: [USF-XSim-69] 'compile' step finished in '2' seconds
INFO: [USF-XSim-3] XSim::Elaborate design
INFO: [USF-XSim-61] Executing 'ELABORATE' step in 'C:/Users/USER/Desktop/ML_DSA_syn/IMP/SHA3_imp/Sampler/Sampler.sim/sim_1/behav/xsim'
"xelab --incr --debug typical --relax --mt 2 -L xil_defaultlib -L unisims_ver -L unimacro_ver -L secureip --snapshot Sampler_tb_behav xil_defaultlib.Sampler_tb xil_defaultlib.glbl -log elaborate.log"
ECHO 已關閉。
ECHO 已關閉。
Vivado Simulator v2023.2
Copyright 1986-2022 Xilinx, Inc. All Rights Reserved.
Copyright 2022-2023 Advanced Micro Devices, Inc. All Rights Reserved.
Running: C:/Xilinx/Vivado/2023.2/bin/unwrapped/win64.o/xelab.exe --incr --debug typical --relax --mt 2 -L xil_defaultlib -L unisims_ver -L unimacro_ver -L secureip --snapshot Sampler_tb_behav xil_defaultlib.Sampler_tb xil_defaultlib.glbl -log elaborate.log 
Using 2 slave threads.
Starting static elaboration
Pass Through NonSizing Optimizer
WARNING: [VRFC 10-3091] actual bit length 8 differs from formal bit length 5 for port 'sel' [C:/Users/USER/Desktop/ML_DSA_syn/IMP/SHA3_imp/Sampler/Sampler.srcs/sources_1/imports/MLDSA/ExpandA.v:46]
WARNING: [VRFC 10-3091] actual bit length 8 differs from formal bit length 5 for port 'sel' [C:/Users/USER/Desktop/ML_DSA_syn/IMP/SHA3_imp/Sampler/Sampler.srcs/sources_1/imports/MLDSA/ExpandMASK.v:70]
WARNING: [VRFC 10-3091] actual bit length 1 differs from formal bit length 23 for port 'y_q_a' [C:/Users/USER/Desktop/ML_DSA_syn/IMP/SHA3_imp/Sampler/Sampler.srcs/sim_1/new/Sampler_tb.v:187]
WARNING: [VRFC 10-3091] actual bit length 1 differs from formal bit length 23 for port 'y_q_b' [C:/Users/USER/Desktop/ML_DSA_syn/IMP/SHA3_imp/Sampler/Sampler.srcs/sim_1/new/Sampler_tb.v:188]
Completed static elaboration
Starting simulation data flow analysis
WARNING: [XSIM 43-4099] "C:/Users/USER/Desktop/ML_DSA_syn/IMP/SHA3_imp/Sampler/Sampler.srcs/sources_1/imports/MLDSA/Sampler.v" Line 1. Module Sampler doesn't have a timescale but at least one module in design has a timescale.
WARNING: [XSIM 43-4099] "C:/Users/USER/Desktop/ML_DSA_syn/IMP/SHA3_imp/Sampler/Sampler.srcs/sources_1/imports/MLDSA/ExpandS.v" Line 1. Module ExpandS doesn't have a timescale but at least one module in design has a timescale.
WARNING: [XSIM 43-4099] "C:/Users/USER/Desktop/ML_DSA_syn/IMP/SHA3_imp/Sampler/Sampler.srcs/sources_1/imports/MLDSA/mux_generate.v" Line 2. Module mux_gen(param_in=1088) doesn't have a timescale but at least one module in design has a timescale.
WARNING: [XSIM 43-4099] "C:/Users/USER/Desktop/ML_DSA_syn/IMP/SHA3_imp/Sampler/Sampler.srcs/sources_1/imports/MLDSA/CoeffFromHalfByte.v" Line 1. Module CoeffFromHalfByte doesn't have a timescale but at least one module in design has a timescale.
WARNING: [XSIM 43-4099] "C:/Users/USER/Desktop/ML_DSA_syn/IMP/SHA3_imp/Sampler/Sampler.srcs/sources_1/imports/MLDSA/CoeffFromHalfByte.v" Line 1. Module CoeffFromHalfByte doesn't have a timescale but at least one module in design has a timescale.
WARNING: [XSIM 43-4099] "C:/Users/USER/Desktop/ML_DSA_syn/IMP/SHA3_imp/Sampler/Sampler.srcs/sources_1/imports/MLDSA/ExpandA.v" Line 1. Module ExpandA doesn't have a timescale but at least one module in design has a timescale.
WARNING: [XSIM 43-4099] "C:/Users/USER/Desktop/ML_DSA_syn/IMP/SHA3_imp/Sampler/Sampler.srcs/sources_1/imports/MLDSA/mux_generate.v" Line 2. Module mux_gen(param_m=48) doesn't have a timescale but at least one module in design has a timescale.
WARNING: [XSIM 43-4099] "C:/Users/USER/Desktop/ML_DSA_syn/IMP/SHA3_imp/Sampler/Sampler.srcs/sources_1/imports/MLDSA/ExpandMASK.v" Line 1. Module ExpandMASK doesn't have a timescale but at least one module in design has a timescale.
WARNING: [XSIM 43-4099] "C:/Users/USER/Desktop/ML_DSA_syn/IMP/SHA3_imp/Sampler/Sampler.srcs/sources_1/imports/MLDSA/mux_generate.v" Line 2. Module mux_gen(param_in=1080,param_m=36) doesn't have a timescale but at least one module in design has a timescale.
WARNING: [XSIM 43-4099] "C:/Users/USER/Desktop/ML_DSA_syn/IMP/SHA3_imp/Sampler/Sampler.srcs/sources_1/imports/MLDSA/SampleInBall.v" Line 1. Module SampleInBall doesn't have a timescale but at least one module in design has a timescale.
WARNING: [XSIM 43-4099] "C:/Users/USER/Desktop/ML_DSA_syn/IMP/SHA3_imp/Sampler/Sampler.srcs/sources_1/imports/MLDSA/mux_generate.v" Line 2. Module mux_gen(param_in=1088) doesn't have a timescale but at least one module in design has a timescale.
WARNING: [XSIM 43-4099] "C:/Users/USER/Desktop/ML_DSA_syn/IMP/SHA3_imp/Sampler/Sampler.srcs/sim_1/imports/MLDSA/Data_Mem.v" Line 1. Module Data_Mem doesn't have a timescale but at least one module in design has a timescale.
WARNING: [XSIM 43-4099] "C:/Users/USER/Desktop/ML_DSA_syn/IMP/SHA3_imp/Sampler/Sampler.srcs/sim_1/imports/MLDSA/Dual_Port_Ram_Single_clk.v" Line 1. Module Dual_Port_Ram_Single_clk doesn't have a timescale but at least one module in design has a timescale.
WARNING: [XSIM 43-4099] "C:/Users/USER/Desktop/ML_DSA_syn/IMP/SHA3_imp/Sampler/Sampler.srcs/sim_1/imports/MLDSA/Dual_Port_Ram_Single_clk.v" Line 1. Module Dual_Port_Ram_Single_clk doesn't have a timescale but at least one module in design has a timescale.
WARNING: [XSIM 43-4099] "C:/Users/USER/Desktop/ML_DSA_syn/IMP/SHA3_imp/Sampler/Sampler.srcs/sim_1/imports/MLDSA/Dual_Port_Ram_Single_clk.v" Line 1. Module Dual_Port_Ram_Single_clk(HLEN=12) doesn't have a timescale but at least one module in design has a timescale.
WARNING: [XSIM 43-4099] "C:/Users/USER/Desktop/ML_DSA_syn/IMP/SHA3_imp/Sampler/Sampler.srcs/sim_1/imports/MLDSA/Dual_Port_Ram_Single_clk.v" Line 1. Module Dual_Port_Ram_Single_clk doesn't have a timescale but at least one module in design has a timescale.
WARNING: [XSIM 43-4099] "C:/Users/USER/Desktop/ML_DSA_syn/IMP/SHA3_imp/Sampler/Sampler.srcs/sim_1/imports/MLDSA/Dual_Port_Ram_Single_clk.v" Line 1. Module Dual_Port_Ram_Single_clk(HLEN=8) doesn't have a timescale but at least one module in design has a timescale.
WARNING: [XSIM 43-4099] "C:/Users/USER/Desktop/ML_DSA_syn/IMP/SHA3_imp/Sampler/Sampler.srcs/sources_1/imports/MLDSA/Sampler.v" Line 1. Module Sampler doesn't have a timescale but at least one module in design has a timescale.
WARNING: [XSIM 43-4099] "C:/Users/USER/Desktop/ML_DSA_syn/IMP/SHA3_imp/Sampler/Sampler.srcs/sources_1/imports/MLDSA/ExpandS.v" Line 1. Module ExpandS doesn't have a timescale but at least one module in design has a timescale.
WARNING: [XSIM 43-4099] "C:/Users/USER/Desktop/ML_DSA_syn/IMP/SHA3_imp/Sampler/Sampler.srcs/sources_1/imports/MLDSA/mux_generate.v" Line 2. Module mux_gen(param_in=1088) doesn't have a timescale but at least one module in design has a timescale.
WARNING: [XSIM 43-4099] "C:/Users/USER/Desktop/ML_DSA_syn/IMP/SHA3_imp/Sampler/Sampler.srcs/sources_1/imports/MLDSA/CoeffFromHalfByte.v" Line 1. Module CoeffFromHalfByte doesn't have a timescale but at least one module in design has a timescale.
WARNING: [XSIM 43-4099] "C:/Users/USER/Desktop/ML_DSA_syn/IMP/SHA3_imp/Sampler/Sampler.srcs/sources_1/imports/MLDSA/CoeffFromHalfByte.v" Line 1. Module CoeffFromHalfByte doesn't have a timescale but at least one module in design has a timescale.
WARNING: [XSIM 43-4099] "C:/Users/USER/Desktop/ML_DSA_syn/IMP/SHA3_imp/Sampler/Sampler.srcs/sources_1/imports/MLDSA/ExpandA.v" Line 1. Module ExpandA doesn't have a timescale but at least one module in design has a timescale.
WARNING: [XSIM 43-4099] "C:/Users/USER/Desktop/ML_DSA_syn/IMP/SHA3_imp/Sampler/Sampler.srcs/sources_1/imports/MLDSA/mux_generate.v" Line 2. Module mux_gen(param_m=48) doesn't have a timescale but at least one module in design has a timescale.
WARNING: [XSIM 43-4099] "C:/Users/USER/Desktop/ML_DSA_syn/IMP/SHA3_imp/Sampler/Sampler.srcs/sources_1/imports/MLDSA/ExpandMASK.v" Line 1. Module ExpandMASK doesn't have a timescale but at least one module in design has a timescale.
WARNING: [XSIM 43-4099] "C:/Users/USER/Desktop/ML_DSA_syn/IMP/SHA3_imp/Sampler/Sampler.srcs/sources_1/imports/MLDSA/mux_generate.v" Line 2. Module mux_gen(param_in=1080,param_m=36) doesn't have a timescale but at least one module in design has a timescale.
WARNING: [XSIM 43-4099] "C:/Users/USER/Desktop/ML_DSA_syn/IMP/SHA3_imp/Sampler/Sampler.srcs/sources_1/imports/MLDSA/SampleInBall.v" Line 1. Module SampleInBall doesn't have a timescale but at least one module in design has a timescale.
WARNING: [XSIM 43-4099] "C:/Users/USER/Desktop/ML_DSA_syn/IMP/SHA3_imp/Sampler/Sampler.srcs/sources_1/imports/MLDSA/mux_generate.v" Line 2. Module mux_gen(param_in=1088) doesn't have a timescale but at least one module in design has a timescale.
WARNING: [XSIM 43-4099] "C:/Users/USER/Desktop/ML_DSA_syn/IMP/SHA3_imp/Sampler/Sampler.srcs/sim_1/imports/MLDSA/Data_Mem.v" Line 1. Module Data_Mem doesn't have a timescale but at least one module in design has a timescale.
WARNING: [XSIM 43-4099] "C:/Users/USER/Desktop/ML_DSA_syn/IMP/SHA3_imp/Sampler/Sampler.srcs/sim_1/imports/MLDSA/Dual_Port_Ram_Single_clk.v" Line 1. Module Dual_Port_Ram_Single_clk doesn't have a timescale but at least one module in design has a timescale.
WARNING: [XSIM 43-4099] "C:/Users/USER/Desktop/ML_DSA_syn/IMP/SHA3_imp/Sampler/Sampler.srcs/sim_1/imports/MLDSA/Dual_Port_Ram_Single_clk.v" Line 1. Module Dual_Port_Ram_Single_clk doesn't have a timescale but at least one module in design has a timescale.
WARNING: [XSIM 43-4099] "C:/Users/USER/Desktop/ML_DSA_syn/IMP/SHA3_imp/Sampler/Sampler.srcs/sim_1/imports/MLDSA/Dual_Port_Ram_Single_clk.v" Line 1. Module Dual_Port_Ram_Single_clk(HLEN=12) doesn't have a timescale but at least one module in design has a timescale.
WARNING: [XSIM 43-4099] "C:/Users/USER/Desktop/ML_DSA_syn/IMP/SHA3_imp/Sampler/Sampler.srcs/sim_1/imports/MLDSA/Dual_Port_Ram_Single_clk.v" Line 1. Module Dual_Port_Ram_Single_clk doesn't have a timescale but at least one module in design has a timescale.
WARNING: [XSIM 43-4099] "C:/Users/USER/Desktop/ML_DSA_syn/IMP/SHA3_imp/Sampler/Sampler.srcs/sim_1/imports/MLDSA/Dual_Port_Ram_Single_clk.v" Line 1. Module Dual_Port_Ram_Single_clk(HLEN=8) doesn't have a timescale but at least one module in design has a timescale.
Completed simulation data flow analysis
Time Resolution for simulation is 1ps
Compiling module xil_defaultlib.mux_gen(param_in=1088)
Compiling module xil_defaultlib.CoeffFromHalfByte
Compiling module xil_defaultlib.ExpandS
Compiling module xil_defaultlib.mux_gen(param_m=48)
Compiling module xil_defaultlib.ExpandA
Compiling module xil_defaultlib.mux_gen(param_in=1080,param_m=36...
Compiling module xil_defaultlib.ExpandMASK
Compiling module xil_defaultlib.SampleInBall
Compiling module xil_defaultlib.Sampler
Compiling module xil_defaultlib.Dual_Port_Ram_Single_clk
Compiling module xil_defaultlib.Dual_Port_Ram_Single_clk(HLEN=12...
Compiling module xil_defaultlib.Dual_Port_Ram_Single_clk(HLEN=8)
Compiling module xil_defaultlib.Data_Mem
Compiling module xil_defaultlib.Sampler_tb
Compiling module xil_defaultlib.glbl
Built simulation snapshot Sampler_tb_behav
run_program: Time (s): cpu = 00:00:00 ; elapsed = 00:00:09 . Memory (MB): peak = 1542.590 ; gain = 0.000
INFO: [USF-XSim-69] 'elaborate' step finished in '9' seconds
INFO: [USF-XSim-4] XSim::Simulate design
INFO: [USF-XSim-61] Executing 'SIMULATE' step in 'C:/Users/USER/Desktop/ML_DSA_syn/IMP/SHA3_imp/Sampler/Sampler.sim/sim_1/behav/xsim'
INFO: [USF-XSim-98] *** Running xsim
   with args "Sampler_tb_behav -key {Behavioral:sim_1:Functional:Sampler_tb} -tclbatch {Sampler_tb.tcl} -view {C:/Users/USER/Desktop/ML_DSA_syn/IMP/SHA3_imp/Sampler/tb_Sampler_behav.wcfg} -log {simulate.log}"
INFO: [USF-XSim-8] Loading simulator feature
Time resolution is 1 ps
open_wave_config C:/Users/USER/Desktop/ML_DSA_syn/IMP/SHA3_imp/Sampler/tb_Sampler_behav.wcfg
source Sampler_tb.tcl
# set curr_wave [current_wave_config]
# if { [string length $curr_wave] == 0 } {
#   if { [llength [get_objects]] > 0} {
#     add_wave /
#     set_property needs_save false [current_wave_config]
#   } else {
#      send_msg_id Add_Wave-1 WARNING "No top level signals found. Simulator will start without a wave window. If you want to open a wave window go to 'File->New Waveform Configuration' or type 'create_wave_config' in the TCL console."
#   }
# }
# run 1000ns
INFO: [USF-XSim-96] XSim completed. Design snapshot 'Sampler_tb_behav' loaded.
INFO: [USF-XSim-97] XSim simulation ran for 1000ns
launch_simulation: Time (s): cpu = 00:00:08 ; elapsed = 00:00:15 . Memory (MB): peak = 1639.488 ; gain = 96.898
run 10 us
run 10 us
run 10 us
run 10 us
run 10 us
run 10 us
$finish called at time : 54485 ns : File "C:/Users/USER/Desktop/ML_DSA_syn/IMP/SHA3_imp/Sampler/Sampler.srcs/sim_1/new/Sampler_tb.v" Line 932
run 10 us
relaunch_sim
Command: launch_simulation -step compile -simset sim_1 -mode behavioral
INFO: [Vivado 12-12493] Simulation top is 'Sampler_tb'
WARNING: [Vivado 12-13340] Unable to auto find GCC executables from simulator install path! (path not set)
INFO: [Vivado 12-5682] Launching behavioral simulation in 'C:/Users/USER/Desktop/ML_DSA_syn/IMP/SHA3_imp/Sampler/Sampler.sim/sim_1/behav/xsim'
INFO: [SIM-utils-51] Simulation object is 'sim_1'
INFO: [SIM-utils-72] Using boost library from 'C:/Xilinx/Vivado/2023.2/tps/boost_1_72_0'
INFO: [SIM-utils-54] Inspecting design source files for 'Sampler_tb' in fileset 'sim_1'...
INFO: [USF-XSim-97] Finding global include files...
INFO: [USF-XSim-98] Fetching design files from 'sim_1'...
INFO: [USF-XSim-2] XSim::Compile design
INFO: [USF-XSim-61] Executing 'COMPILE and ANALYZE' step in 'C:/Users/USER/Desktop/ML_DSA_syn/IMP/SHA3_imp/Sampler/Sampler.sim/sim_1/behav/xsim'
"xvlog --incr --relax -prj Sampler_tb_vlog.prj"
ECHO 已關閉。
ECHO 已關閉。
INFO: [VRFC 10-2263] Analyzing Verilog file "C:/Users/USER/Desktop/ML_DSA_syn/IMP/SHA3_imp/Sampler/Sampler.srcs/sources_1/imports/MLDSA/CoeffFromHalfByte.v" into library xil_defaultlib
INFO: [VRFC 10-311] analyzing module CoeffFromHalfByte
INFO: [VRFC 10-2263] Analyzing Verilog file "C:/Users/USER/Desktop/ML_DSA_syn/IMP/SHA3_imp/Sampler/Sampler.srcs/sim_1/imports/MLDSA/Data_Mem.v" into library xil_defaultlib
INFO: [VRFC 10-311] analyzing module Data_Mem
INFO: [VRFC 10-2263] Analyzing Verilog file "C:/Users/USER/Desktop/ML_DSA_syn/IMP/SHA3_imp/Sampler/Sampler.srcs/sim_1/imports/MLDSA/Dual_Port_Ram_Single_clk.v" into library xil_defaultlib
INFO: [VRFC 10-311] analyzing module Dual_Port_Ram_Single_clk
INFO: [VRFC 10-2263] Analyzing Verilog file "C:/Users/USER/Desktop/ML_DSA_syn/IMP/SHA3_imp/Sampler/Sampler.srcs/sources_1/imports/MLDSA/ExpandA.v" into library xil_defaultlib
INFO: [VRFC 10-311] analyzing module ExpandA
INFO: [VRFC 10-2263] Analyzing Verilog file "C:/Users/USER/Desktop/ML_DSA_syn/IMP/SHA3_imp/Sampler/Sampler.srcs/sources_1/imports/MLDSA/ExpandMASK.v" into library xil_defaultlib
INFO: [VRFC 10-311] analyzing module ExpandMASK
INFO: [VRFC 10-2263] Analyzing Verilog file "C:/Users/USER/Desktop/ML_DSA_syn/IMP/SHA3_imp/Sampler/Sampler.srcs/sources_1/imports/MLDSA/ExpandS.v" into library xil_defaultlib
INFO: [VRFC 10-311] analyzing module ExpandS
INFO: [VRFC 10-2263] Analyzing Verilog file "C:/Users/USER/Desktop/ML_DSA_syn/IMP/SHA3_imp/Sampler/Sampler.srcs/sources_1/imports/MLDSA/SampleInBall.v" into library xil_defaultlib
INFO: [VRFC 10-311] analyzing module SampleInBall
INFO: [VRFC 10-2263] Analyzing Verilog file "C:/Users/USER/Desktop/ML_DSA_syn/IMP/SHA3_imp/Sampler/Sampler.srcs/sources_1/imports/MLDSA/Sampler.v" into library xil_defaultlib
INFO: [VRFC 10-311] analyzing module Sampler
INFO: [VRFC 10-2263] Analyzing Verilog file "C:/Users/USER/Desktop/ML_DSA_syn/IMP/SHA3_imp/Sampler/Sampler.srcs/sources_1/imports/MLDSA/mux_generate.v" into library xil_defaultlib
INFO: [VRFC 10-311] analyzing module mux_gen
INFO: [VRFC 10-2263] Analyzing Verilog file "C:/Users/USER/Desktop/ML_DSA_syn/IMP/SHA3_imp/Sampler/Sampler.srcs/sim_1/new/Sampler_tb.v" into library xil_defaultlib
INFO: [VRFC 10-311] analyzing module Sampler_tb
INFO: [USF-XSim-69] 'compile' step finished in '2' seconds
Command: launch_simulation -step elaborate -simset sim_1 -mode behavioral
INFO: [Vivado 12-12493] Simulation top is 'Sampler_tb'
WARNING: [Vivado 12-13340] Unable to auto find GCC executables from simulator install path! (path not set)
INFO: [Vivado 12-5682] Launching behavioral simulation in 'C:/Users/USER/Desktop/ML_DSA_syn/IMP/SHA3_imp/Sampler/Sampler.sim/sim_1/behav/xsim'
INFO: [SIM-utils-51] Simulation object is 'sim_1'
INFO: [USF-XSim-3] XSim::Elaborate design
INFO: [USF-XSim-61] Executing 'ELABORATE' step in 'C:/Users/USER/Desktop/ML_DSA_syn/IMP/SHA3_imp/Sampler/Sampler.sim/sim_1/behav/xsim'
"xelab --incr --debug typical --relax --mt 2 -L xil_defaultlib -L unisims_ver -L unimacro_ver -L secureip --snapshot Sampler_tb_behav xil_defaultlib.Sampler_tb xil_defaultlib.glbl -log elaborate.log"
ECHO 已關閉。
ECHO 已關閉。
Vivado Simulator v2023.2
Copyright 1986-2022 Xilinx, Inc. All Rights Reserved.
Copyright 2022-2023 Advanced Micro Devices, Inc. All Rights Reserved.
Running: C:/Xilinx/Vivado/2023.2/bin/unwrapped/win64.o/xelab.exe --incr --debug typical --relax --mt 2 -L xil_defaultlib -L unisims_ver -L unimacro_ver -L secureip --snapshot Sampler_tb_behav xil_defaultlib.Sampler_tb xil_defaultlib.glbl -log elaborate.log 
Using 2 slave threads.
Starting static elaboration
Pass Through NonSizing Optimizer
WARNING: [VRFC 10-3091] actual bit length 8 differs from formal bit length 5 for port 'sel' [C:/Users/USER/Desktop/ML_DSA_syn/IMP/SHA3_imp/Sampler/Sampler.srcs/sources_1/imports/MLDSA/ExpandA.v:47]
WARNING: [VRFC 10-3091] actual bit length 8 differs from formal bit length 5 for port 'sel' [C:/Users/USER/Desktop/ML_DSA_syn/IMP/SHA3_imp/Sampler/Sampler.srcs/sources_1/imports/MLDSA/ExpandMASK.v:70]
WARNING: [VRFC 10-3091] actual bit length 1 differs from formal bit length 23 for port 'y_q_a' [C:/Users/USER/Desktop/ML_DSA_syn/IMP/SHA3_imp/Sampler/Sampler.srcs/sim_1/new/Sampler_tb.v:187]
WARNING: [VRFC 10-3091] actual bit length 1 differs from formal bit length 23 for port 'y_q_b' [C:/Users/USER/Desktop/ML_DSA_syn/IMP/SHA3_imp/Sampler/Sampler.srcs/sim_1/new/Sampler_tb.v:188]
Completed static elaboration
Starting simulation data flow analysis
WARNING: [XSIM 43-4099] "C:/Users/USER/Desktop/ML_DSA_syn/IMP/SHA3_imp/Sampler/Sampler.srcs/sources_1/imports/MLDSA/Sampler.v" Line 1. Module Sampler doesn't have a timescale but at least one module in design has a timescale.
WARNING: [XSIM 43-4099] "C:/Users/USER/Desktop/ML_DSA_syn/IMP/SHA3_imp/Sampler/Sampler.srcs/sources_1/imports/MLDSA/ExpandS.v" Line 1. Module ExpandS doesn't have a timescale but at least one module in design has a timescale.
WARNING: [XSIM 43-4099] "C:/Users/USER/Desktop/ML_DSA_syn/IMP/SHA3_imp/Sampler/Sampler.srcs/sources_1/imports/MLDSA/mux_generate.v" Line 2. Module mux_gen(param_in=1088) doesn't have a timescale but at least one module in design has a timescale.
WARNING: [XSIM 43-4099] "C:/Users/USER/Desktop/ML_DSA_syn/IMP/SHA3_imp/Sampler/Sampler.srcs/sources_1/imports/MLDSA/CoeffFromHalfByte.v" Line 1. Module CoeffFromHalfByte doesn't have a timescale but at least one module in design has a timescale.
WARNING: [XSIM 43-4099] "C:/Users/USER/Desktop/ML_DSA_syn/IMP/SHA3_imp/Sampler/Sampler.srcs/sources_1/imports/MLDSA/CoeffFromHalfByte.v" Line 1. Module CoeffFromHalfByte doesn't have a timescale but at least one module in design has a timescale.
WARNING: [XSIM 43-4099] "C:/Users/USER/Desktop/ML_DSA_syn/IMP/SHA3_imp/Sampler/Sampler.srcs/sources_1/imports/MLDSA/ExpandA.v" Line 1. Module ExpandA doesn't have a timescale but at least one module in design has a timescale.
WARNING: [XSIM 43-4099] "C:/Users/USER/Desktop/ML_DSA_syn/IMP/SHA3_imp/Sampler/Sampler.srcs/sources_1/imports/MLDSA/mux_generate.v" Line 2. Module mux_gen(param_m=48) doesn't have a timescale but at least one module in design has a timescale.
WARNING: [XSIM 43-4099] "C:/Users/USER/Desktop/ML_DSA_syn/IMP/SHA3_imp/Sampler/Sampler.srcs/sources_1/imports/MLDSA/ExpandMASK.v" Line 1. Module ExpandMASK doesn't have a timescale but at least one module in design has a timescale.
WARNING: [XSIM 43-4099] "C:/Users/USER/Desktop/ML_DSA_syn/IMP/SHA3_imp/Sampler/Sampler.srcs/sources_1/imports/MLDSA/mux_generate.v" Line 2. Module mux_gen(param_in=1080,param_m=36) doesn't have a timescale but at least one module in design has a timescale.
WARNING: [XSIM 43-4099] "C:/Users/USER/Desktop/ML_DSA_syn/IMP/SHA3_imp/Sampler/Sampler.srcs/sources_1/imports/MLDSA/SampleInBall.v" Line 1. Module SampleInBall doesn't have a timescale but at least one module in design has a timescale.
WARNING: [XSIM 43-4099] "C:/Users/USER/Desktop/ML_DSA_syn/IMP/SHA3_imp/Sampler/Sampler.srcs/sources_1/imports/MLDSA/mux_generate.v" Line 2. Module mux_gen(param_in=1088) doesn't have a timescale but at least one module in design has a timescale.
WARNING: [XSIM 43-4099] "C:/Users/USER/Desktop/ML_DSA_syn/IMP/SHA3_imp/Sampler/Sampler.srcs/sim_1/imports/MLDSA/Data_Mem.v" Line 1. Module Data_Mem doesn't have a timescale but at least one module in design has a timescale.
WARNING: [XSIM 43-4099] "C:/Users/USER/Desktop/ML_DSA_syn/IMP/SHA3_imp/Sampler/Sampler.srcs/sim_1/imports/MLDSA/Dual_Port_Ram_Single_clk.v" Line 1. Module Dual_Port_Ram_Single_clk doesn't have a timescale but at least one module in design has a timescale.
WARNING: [XSIM 43-4099] "C:/Users/USER/Desktop/ML_DSA_syn/IMP/SHA3_imp/Sampler/Sampler.srcs/sim_1/imports/MLDSA/Dual_Port_Ram_Single_clk.v" Line 1. Module Dual_Port_Ram_Single_clk doesn't have a timescale but at least one module in design has a timescale.
WARNING: [XSIM 43-4099] "C:/Users/USER/Desktop/ML_DSA_syn/IMP/SHA3_imp/Sampler/Sampler.srcs/sim_1/imports/MLDSA/Dual_Port_Ram_Single_clk.v" Line 1. Module Dual_Port_Ram_Single_clk(HLEN=12) doesn't have a timescale but at least one module in design has a timescale.
WARNING: [XSIM 43-4099] "C:/Users/USER/Desktop/ML_DSA_syn/IMP/SHA3_imp/Sampler/Sampler.srcs/sim_1/imports/MLDSA/Dual_Port_Ram_Single_clk.v" Line 1. Module Dual_Port_Ram_Single_clk doesn't have a timescale but at least one module in design has a timescale.
WARNING: [XSIM 43-4099] "C:/Users/USER/Desktop/ML_DSA_syn/IMP/SHA3_imp/Sampler/Sampler.srcs/sim_1/imports/MLDSA/Dual_Port_Ram_Single_clk.v" Line 1. Module Dual_Port_Ram_Single_clk(HLEN=8) doesn't have a timescale but at least one module in design has a timescale.
WARNING: [XSIM 43-4099] "C:/Users/USER/Desktop/ML_DSA_syn/IMP/SHA3_imp/Sampler/Sampler.srcs/sources_1/imports/MLDSA/Sampler.v" Line 1. Module Sampler doesn't have a timescale but at least one module in design has a timescale.
WARNING: [XSIM 43-4099] "C:/Users/USER/Desktop/ML_DSA_syn/IMP/SHA3_imp/Sampler/Sampler.srcs/sources_1/imports/MLDSA/ExpandS.v" Line 1. Module ExpandS doesn't have a timescale but at least one module in design has a timescale.
WARNING: [XSIM 43-4099] "C:/Users/USER/Desktop/ML_DSA_syn/IMP/SHA3_imp/Sampler/Sampler.srcs/sources_1/imports/MLDSA/mux_generate.v" Line 2. Module mux_gen(param_in=1088) doesn't have a timescale but at least one module in design has a timescale.
WARNING: [XSIM 43-4099] "C:/Users/USER/Desktop/ML_DSA_syn/IMP/SHA3_imp/Sampler/Sampler.srcs/sources_1/imports/MLDSA/CoeffFromHalfByte.v" Line 1. Module CoeffFromHalfByte doesn't have a timescale but at least one module in design has a timescale.
WARNING: [XSIM 43-4099] "C:/Users/USER/Desktop/ML_DSA_syn/IMP/SHA3_imp/Sampler/Sampler.srcs/sources_1/imports/MLDSA/CoeffFromHalfByte.v" Line 1. Module CoeffFromHalfByte doesn't have a timescale but at least one module in design has a timescale.
WARNING: [XSIM 43-4099] "C:/Users/USER/Desktop/ML_DSA_syn/IMP/SHA3_imp/Sampler/Sampler.srcs/sources_1/imports/MLDSA/ExpandA.v" Line 1. Module ExpandA doesn't have a timescale but at least one module in design has a timescale.
WARNING: [XSIM 43-4099] "C:/Users/USER/Desktop/ML_DSA_syn/IMP/SHA3_imp/Sampler/Sampler.srcs/sources_1/imports/MLDSA/mux_generate.v" Line 2. Module mux_gen(param_m=48) doesn't have a timescale but at least one module in design has a timescale.
WARNING: [XSIM 43-4099] "C:/Users/USER/Desktop/ML_DSA_syn/IMP/SHA3_imp/Sampler/Sampler.srcs/sources_1/imports/MLDSA/ExpandMASK.v" Line 1. Module ExpandMASK doesn't have a timescale but at least one module in design has a timescale.
WARNING: [XSIM 43-4099] "C:/Users/USER/Desktop/ML_DSA_syn/IMP/SHA3_imp/Sampler/Sampler.srcs/sources_1/imports/MLDSA/mux_generate.v" Line 2. Module mux_gen(param_in=1080,param_m=36) doesn't have a timescale but at least one module in design has a timescale.
WARNING: [XSIM 43-4099] "C:/Users/USER/Desktop/ML_DSA_syn/IMP/SHA3_imp/Sampler/Sampler.srcs/sources_1/imports/MLDSA/SampleInBall.v" Line 1. Module SampleInBall doesn't have a timescale but at least one module in design has a timescale.
WARNING: [XSIM 43-4099] "C:/Users/USER/Desktop/ML_DSA_syn/IMP/SHA3_imp/Sampler/Sampler.srcs/sources_1/imports/MLDSA/mux_generate.v" Line 2. Module mux_gen(param_in=1088) doesn't have a timescale but at least one module in design has a timescale.
WARNING: [XSIM 43-4099] "C:/Users/USER/Desktop/ML_DSA_syn/IMP/SHA3_imp/Sampler/Sampler.srcs/sim_1/imports/MLDSA/Data_Mem.v" Line 1. Module Data_Mem doesn't have a timescale but at least one module in design has a timescale.
WARNING: [XSIM 43-4099] "C:/Users/USER/Desktop/ML_DSA_syn/IMP/SHA3_imp/Sampler/Sampler.srcs/sim_1/imports/MLDSA/Dual_Port_Ram_Single_clk.v" Line 1. Module Dual_Port_Ram_Single_clk doesn't have a timescale but at least one module in design has a timescale.
WARNING: [XSIM 43-4099] "C:/Users/USER/Desktop/ML_DSA_syn/IMP/SHA3_imp/Sampler/Sampler.srcs/sim_1/imports/MLDSA/Dual_Port_Ram_Single_clk.v" Line 1. Module Dual_Port_Ram_Single_clk doesn't have a timescale but at least one module in design has a timescale.
WARNING: [XSIM 43-4099] "C:/Users/USER/Desktop/ML_DSA_syn/IMP/SHA3_imp/Sampler/Sampler.srcs/sim_1/imports/MLDSA/Dual_Port_Ram_Single_clk.v" Line 1. Module Dual_Port_Ram_Single_clk(HLEN=12) doesn't have a timescale but at least one module in design has a timescale.
WARNING: [XSIM 43-4099] "C:/Users/USER/Desktop/ML_DSA_syn/IMP/SHA3_imp/Sampler/Sampler.srcs/sim_1/imports/MLDSA/Dual_Port_Ram_Single_clk.v" Line 1. Module Dual_Port_Ram_Single_clk doesn't have a timescale but at least one module in design has a timescale.
WARNING: [XSIM 43-4099] "C:/Users/USER/Desktop/ML_DSA_syn/IMP/SHA3_imp/Sampler/Sampler.srcs/sim_1/imports/MLDSA/Dual_Port_Ram_Single_clk.v" Line 1. Module Dual_Port_Ram_Single_clk(HLEN=8) doesn't have a timescale but at least one module in design has a timescale.
Completed simulation data flow analysis
Time Resolution for simulation is 1ps
Compiling module xil_defaultlib.mux_gen(param_in=1088)
Compiling module xil_defaultlib.CoeffFromHalfByte
Compiling module xil_defaultlib.ExpandS
Compiling module xil_defaultlib.mux_gen(param_m=48)
Compiling module xil_defaultlib.ExpandA
Compiling module xil_defaultlib.mux_gen(param_in=1080,param_m=36...
Compiling module xil_defaultlib.ExpandMASK
Compiling module xil_defaultlib.SampleInBall
Compiling module xil_defaultlib.Sampler
Compiling module xil_defaultlib.Dual_Port_Ram_Single_clk
Compiling module xil_defaultlib.Dual_Port_Ram_Single_clk(HLEN=12...
Compiling module xil_defaultlib.Dual_Port_Ram_Single_clk(HLEN=8)
Compiling module xil_defaultlib.Data_Mem
Compiling module xil_defaultlib.Sampler_tb
Compiling module xil_defaultlib.glbl
Built simulation snapshot Sampler_tb_behav
run_program: Time (s): cpu = 00:00:00 ; elapsed = 00:00:09 . Memory (MB): peak = 1639.488 ; gain = 0.000
INFO: [USF-XSim-69] 'elaborate' step finished in '9' seconds
launch_simulation: Time (s): cpu = 00:00:00 ; elapsed = 00:00:09 . Memory (MB): peak = 1639.488 ; gain = 0.000
Time resolution is 1 ps
relaunch_sim: Time (s): cpu = 00:00:03 ; elapsed = 00:00:15 . Memory (MB): peak = 1639.488 ; gain = 0.000
run 10 us
WARNING: [filemgmt 56-199] Attempt to get parsing info during refresh. "On-the-fly" syntax checking information may be incorrect. [C:\Users\USER\Desktop\ML_DSA_syn\IMP\SHA3_imp\Sampler\Sampler.srcs\sim_1\new\Sampler_tb.v:]
WARNING: [filemgmt 56-199] Attempt to get parsing info during refresh. "On-the-fly" syntax checking information may be incorrect. [C:\Users\USER\Desktop\ML_DSA_syn\IMP\SHA3_imp\Sampler\Sampler.srcs\sources_1\imports\MLDSA\ExpandA.v:]
ERROR: [Common 17-180] Spawn failed: No error
WARNING: [filemgmt 56-199] Attempt to get parsing info during refresh. "On-the-fly" syntax checking information may be incorrect. [C:\Users\USER\Desktop\ML_DSA_syn\IMP\SHA3_imp\Sampler\Sampler.srcs\sim_1\new\Sampler_tb.v:]
WARNING: [filemgmt 56-199] Attempt to get parsing info during refresh. "On-the-fly" syntax checking information may be incorrect. [C:\Users\USER\Desktop\ML_DSA_syn\IMP\SHA3_imp\Sampler\Sampler.srcs\sources_1\imports\MLDSA\ExpandA.v:]
ERROR: [Common 17-180] Spawn failed: No error
relaunch_sim
Command: launch_simulation -step compile -simset sim_1 -mode behavioral
INFO: [Vivado 12-12493] Simulation top is 'Sampler_tb'
WARNING: [Vivado 12-13340] Unable to auto find GCC executables from simulator install path! (path not set)
INFO: [Vivado 12-5682] Launching behavioral simulation in 'C:/Users/USER/Desktop/ML_DSA_syn/IMP/SHA3_imp/Sampler/Sampler.sim/sim_1/behav/xsim'
INFO: [SIM-utils-51] Simulation object is 'sim_1'
INFO: [USF-XSim-2] XSim::Compile design
INFO: [USF-XSim-61] Executing 'COMPILE and ANALYZE' step in 'C:/Users/USER/Desktop/ML_DSA_syn/IMP/SHA3_imp/Sampler/Sampler.sim/sim_1/behav/xsim'
"xvlog --incr --relax -prj Sampler_tb_vlog.prj"
ECHO 已關閉。
ECHO 已關閉。
INFO: [VRFC 10-2263] Analyzing Verilog file "C:/Users/USER/Desktop/ML_DSA_syn/IMP/SHA3_imp/Sampler/Sampler.srcs/sources_1/imports/MLDSA/CoeffFromHalfByte.v" into library xil_defaultlib
INFO: [VRFC 10-311] analyzing module CoeffFromHalfByte
INFO: [VRFC 10-2263] Analyzing Verilog file "C:/Users/USER/Desktop/ML_DSA_syn/IMP/SHA3_imp/Sampler/Sampler.srcs/sim_1/imports/MLDSA/Data_Mem.v" into library xil_defaultlib
INFO: [VRFC 10-311] analyzing module Data_Mem
INFO: [VRFC 10-2263] Analyzing Verilog file "C:/Users/USER/Desktop/ML_DSA_syn/IMP/SHA3_imp/Sampler/Sampler.srcs/sim_1/imports/MLDSA/Dual_Port_Ram_Single_clk.v" into library xil_defaultlib
INFO: [VRFC 10-311] analyzing module Dual_Port_Ram_Single_clk
INFO: [VRFC 10-2263] Analyzing Verilog file "C:/Users/USER/Desktop/ML_DSA_syn/IMP/SHA3_imp/Sampler/Sampler.srcs/sources_1/imports/MLDSA/ExpandA.v" into library xil_defaultlib
INFO: [VRFC 10-311] analyzing module ExpandA
INFO: [VRFC 10-2263] Analyzing Verilog file "C:/Users/USER/Desktop/ML_DSA_syn/IMP/SHA3_imp/Sampler/Sampler.srcs/sources_1/imports/MLDSA/ExpandMASK.v" into library xil_defaultlib
INFO: [VRFC 10-311] analyzing module ExpandMASK
INFO: [VRFC 10-2263] Analyzing Verilog file "C:/Users/USER/Desktop/ML_DSA_syn/IMP/SHA3_imp/Sampler/Sampler.srcs/sources_1/imports/MLDSA/ExpandS.v" into library xil_defaultlib
INFO: [VRFC 10-311] analyzing module ExpandS
INFO: [VRFC 10-2263] Analyzing Verilog file "C:/Users/USER/Desktop/ML_DSA_syn/IMP/SHA3_imp/Sampler/Sampler.srcs/sources_1/imports/MLDSA/SampleInBall.v" into library xil_defaultlib
INFO: [VRFC 10-311] analyzing module SampleInBall
INFO: [VRFC 10-2263] Analyzing Verilog file "C:/Users/USER/Desktop/ML_DSA_syn/IMP/SHA3_imp/Sampler/Sampler.srcs/sources_1/imports/MLDSA/Sampler.v" into library xil_defaultlib
INFO: [VRFC 10-311] analyzing module Sampler
INFO: [VRFC 10-2263] Analyzing Verilog file "C:/Users/USER/Desktop/ML_DSA_syn/IMP/SHA3_imp/Sampler/Sampler.srcs/sources_1/imports/MLDSA/mux_generate.v" into library xil_defaultlib
INFO: [VRFC 10-311] analyzing module mux_gen
INFO: [VRFC 10-2263] Analyzing Verilog file "C:/Users/USER/Desktop/ML_DSA_syn/IMP/SHA3_imp/Sampler/Sampler.srcs/sim_1/new/Sampler_tb.v" into library xil_defaultlib
INFO: [VRFC 10-311] analyzing module Sampler_tb
INFO: [USF-XSim-69] 'compile' step finished in '2' seconds
Command: launch_simulation -step elaborate -simset sim_1 -mode behavioral
INFO: [Vivado 12-12493] Simulation top is 'Sampler_tb'
WARNING: [Vivado 12-13340] Unable to auto find GCC executables from simulator install path! (path not set)
INFO: [Vivado 12-5682] Launching behavioral simulation in 'C:/Users/USER/Desktop/ML_DSA_syn/IMP/SHA3_imp/Sampler/Sampler.sim/sim_1/behav/xsim'
INFO: [SIM-utils-51] Simulation object is 'sim_1'
INFO: [USF-XSim-3] XSim::Elaborate design
INFO: [USF-XSim-61] Executing 'ELABORATE' step in 'C:/Users/USER/Desktop/ML_DSA_syn/IMP/SHA3_imp/Sampler/Sampler.sim/sim_1/behav/xsim'
"xelab --incr --debug typical --relax --mt 2 -L xil_defaultlib -L unisims_ver -L unimacro_ver -L secureip --snapshot Sampler_tb_behav xil_defaultlib.Sampler_tb xil_defaultlib.glbl -log elaborate.log"
ECHO 已關閉。
ECHO 已關閉。
Vivado Simulator v2023.2
Copyright 1986-2022 Xilinx, Inc. All Rights Reserved.
Copyright 2022-2023 Advanced Micro Devices, Inc. All Rights Reserved.
Running: C:/Xilinx/Vivado/2023.2/bin/unwrapped/win64.o/xelab.exe --incr --debug typical --relax --mt 2 -L xil_defaultlib -L unisims_ver -L unimacro_ver -L secureip --snapshot Sampler_tb_behav xil_defaultlib.Sampler_tb xil_defaultlib.glbl -log elaborate.log 
Using 2 slave threads.
Starting static elaboration
Pass Through NonSizing Optimizer
WARNING: [VRFC 10-3091] actual bit length 8 differs from formal bit length 5 for port 'sel' [C:/Users/USER/Desktop/ML_DSA_syn/IMP/SHA3_imp/Sampler/Sampler.srcs/sources_1/imports/MLDSA/ExpandA.v:47]
WARNING: [VRFC 10-3091] actual bit length 8 differs from formal bit length 5 for port 'sel' [C:/Users/USER/Desktop/ML_DSA_syn/IMP/SHA3_imp/Sampler/Sampler.srcs/sources_1/imports/MLDSA/ExpandMASK.v:70]
WARNING: [VRFC 10-3091] actual bit length 1 differs from formal bit length 23 for port 'y_q_a' [C:/Users/USER/Desktop/ML_DSA_syn/IMP/SHA3_imp/Sampler/Sampler.srcs/sim_1/new/Sampler_tb.v:187]
WARNING: [VRFC 10-3091] actual bit length 1 differs from formal bit length 23 for port 'y_q_b' [C:/Users/USER/Desktop/ML_DSA_syn/IMP/SHA3_imp/Sampler/Sampler.srcs/sim_1/new/Sampler_tb.v:188]
Completed static elaboration
Starting simulation data flow analysis
WARNING: [XSIM 43-4099] "C:/Users/USER/Desktop/ML_DSA_syn/IMP/SHA3_imp/Sampler/Sampler.srcs/sources_1/imports/MLDSA/Sampler.v" Line 1. Module Sampler doesn't have a timescale but at least one module in design has a timescale.
WARNING: [XSIM 43-4099] "C:/Users/USER/Desktop/ML_DSA_syn/IMP/SHA3_imp/Sampler/Sampler.srcs/sources_1/imports/MLDSA/ExpandS.v" Line 1. Module ExpandS doesn't have a timescale but at least one module in design has a timescale.
WARNING: [XSIM 43-4099] "C:/Users/USER/Desktop/ML_DSA_syn/IMP/SHA3_imp/Sampler/Sampler.srcs/sources_1/imports/MLDSA/mux_generate.v" Line 2. Module mux_gen(param_in=1088) doesn't have a timescale but at least one module in design has a timescale.
WARNING: [XSIM 43-4099] "C:/Users/USER/Desktop/ML_DSA_syn/IMP/SHA3_imp/Sampler/Sampler.srcs/sources_1/imports/MLDSA/CoeffFromHalfByte.v" Line 1. Module CoeffFromHalfByte doesn't have a timescale but at least one module in design has a timescale.
WARNING: [XSIM 43-4099] "C:/Users/USER/Desktop/ML_DSA_syn/IMP/SHA3_imp/Sampler/Sampler.srcs/sources_1/imports/MLDSA/CoeffFromHalfByte.v" Line 1. Module CoeffFromHalfByte doesn't have a timescale but at least one module in design has a timescale.
WARNING: [XSIM 43-4099] "C:/Users/USER/Desktop/ML_DSA_syn/IMP/SHA3_imp/Sampler/Sampler.srcs/sources_1/imports/MLDSA/ExpandA.v" Line 1. Module ExpandA doesn't have a timescale but at least one module in design has a timescale.
WARNING: [XSIM 43-4099] "C:/Users/USER/Desktop/ML_DSA_syn/IMP/SHA3_imp/Sampler/Sampler.srcs/sources_1/imports/MLDSA/mux_generate.v" Line 2. Module mux_gen(param_m=48) doesn't have a timescale but at least one module in design has a timescale.
WARNING: [XSIM 43-4099] "C:/Users/USER/Desktop/ML_DSA_syn/IMP/SHA3_imp/Sampler/Sampler.srcs/sources_1/imports/MLDSA/ExpandMASK.v" Line 1. Module ExpandMASK doesn't have a timescale but at least one module in design has a timescale.
WARNING: [XSIM 43-4099] "C:/Users/USER/Desktop/ML_DSA_syn/IMP/SHA3_imp/Sampler/Sampler.srcs/sources_1/imports/MLDSA/mux_generate.v" Line 2. Module mux_gen(param_in=1080,param_m=36) doesn't have a timescale but at least one module in design has a timescale.
WARNING: [XSIM 43-4099] "C:/Users/USER/Desktop/ML_DSA_syn/IMP/SHA3_imp/Sampler/Sampler.srcs/sources_1/imports/MLDSA/SampleInBall.v" Line 1. Module SampleInBall doesn't have a timescale but at least one module in design has a timescale.
WARNING: [XSIM 43-4099] "C:/Users/USER/Desktop/ML_DSA_syn/IMP/SHA3_imp/Sampler/Sampler.srcs/sources_1/imports/MLDSA/mux_generate.v" Line 2. Module mux_gen(param_in=1088) doesn't have a timescale but at least one module in design has a timescale.
WARNING: [XSIM 43-4099] "C:/Users/USER/Desktop/ML_DSA_syn/IMP/SHA3_imp/Sampler/Sampler.srcs/sim_1/imports/MLDSA/Data_Mem.v" Line 1. Module Data_Mem doesn't have a timescale but at least one module in design has a timescale.
WARNING: [XSIM 43-4099] "C:/Users/USER/Desktop/ML_DSA_syn/IMP/SHA3_imp/Sampler/Sampler.srcs/sim_1/imports/MLDSA/Dual_Port_Ram_Single_clk.v" Line 1. Module Dual_Port_Ram_Single_clk doesn't have a timescale but at least one module in design has a timescale.
WARNING: [XSIM 43-4099] "C:/Users/USER/Desktop/ML_DSA_syn/IMP/SHA3_imp/Sampler/Sampler.srcs/sim_1/imports/MLDSA/Dual_Port_Ram_Single_clk.v" Line 1. Module Dual_Port_Ram_Single_clk doesn't have a timescale but at least one module in design has a timescale.
WARNING: [XSIM 43-4099] "C:/Users/USER/Desktop/ML_DSA_syn/IMP/SHA3_imp/Sampler/Sampler.srcs/sim_1/imports/MLDSA/Dual_Port_Ram_Single_clk.v" Line 1. Module Dual_Port_Ram_Single_clk(HLEN=12) doesn't have a timescale but at least one module in design has a timescale.
WARNING: [XSIM 43-4099] "C:/Users/USER/Desktop/ML_DSA_syn/IMP/SHA3_imp/Sampler/Sampler.srcs/sim_1/imports/MLDSA/Dual_Port_Ram_Single_clk.v" Line 1. Module Dual_Port_Ram_Single_clk doesn't have a timescale but at least one module in design has a timescale.
WARNING: [XSIM 43-4099] "C:/Users/USER/Desktop/ML_DSA_syn/IMP/SHA3_imp/Sampler/Sampler.srcs/sim_1/imports/MLDSA/Dual_Port_Ram_Single_clk.v" Line 1. Module Dual_Port_Ram_Single_clk(HLEN=8) doesn't have a timescale but at least one module in design has a timescale.
WARNING: [XSIM 43-4099] "C:/Users/USER/Desktop/ML_DSA_syn/IMP/SHA3_imp/Sampler/Sampler.srcs/sources_1/imports/MLDSA/Sampler.v" Line 1. Module Sampler doesn't have a timescale but at least one module in design has a timescale.
WARNING: [XSIM 43-4099] "C:/Users/USER/Desktop/ML_DSA_syn/IMP/SHA3_imp/Sampler/Sampler.srcs/sources_1/imports/MLDSA/ExpandS.v" Line 1. Module ExpandS doesn't have a timescale but at least one module in design has a timescale.
WARNING: [XSIM 43-4099] "C:/Users/USER/Desktop/ML_DSA_syn/IMP/SHA3_imp/Sampler/Sampler.srcs/sources_1/imports/MLDSA/mux_generate.v" Line 2. Module mux_gen(param_in=1088) doesn't have a timescale but at least one module in design has a timescale.
WARNING: [XSIM 43-4099] "C:/Users/USER/Desktop/ML_DSA_syn/IMP/SHA3_imp/Sampler/Sampler.srcs/sources_1/imports/MLDSA/CoeffFromHalfByte.v" Line 1. Module CoeffFromHalfByte doesn't have a timescale but at least one module in design has a timescale.
WARNING: [XSIM 43-4099] "C:/Users/USER/Desktop/ML_DSA_syn/IMP/SHA3_imp/Sampler/Sampler.srcs/sources_1/imports/MLDSA/CoeffFromHalfByte.v" Line 1. Module CoeffFromHalfByte doesn't have a timescale but at least one module in design has a timescale.
WARNING: [XSIM 43-4099] "C:/Users/USER/Desktop/ML_DSA_syn/IMP/SHA3_imp/Sampler/Sampler.srcs/sources_1/imports/MLDSA/ExpandA.v" Line 1. Module ExpandA doesn't have a timescale but at least one module in design has a timescale.
WARNING: [XSIM 43-4099] "C:/Users/USER/Desktop/ML_DSA_syn/IMP/SHA3_imp/Sampler/Sampler.srcs/sources_1/imports/MLDSA/mux_generate.v" Line 2. Module mux_gen(param_m=48) doesn't have a timescale but at least one module in design has a timescale.
WARNING: [XSIM 43-4099] "C:/Users/USER/Desktop/ML_DSA_syn/IMP/SHA3_imp/Sampler/Sampler.srcs/sources_1/imports/MLDSA/ExpandMASK.v" Line 1. Module ExpandMASK doesn't have a timescale but at least one module in design has a timescale.
WARNING: [XSIM 43-4099] "C:/Users/USER/Desktop/ML_DSA_syn/IMP/SHA3_imp/Sampler/Sampler.srcs/sources_1/imports/MLDSA/mux_generate.v" Line 2. Module mux_gen(param_in=1080,param_m=36) doesn't have a timescale but at least one module in design has a timescale.
WARNING: [XSIM 43-4099] "C:/Users/USER/Desktop/ML_DSA_syn/IMP/SHA3_imp/Sampler/Sampler.srcs/sources_1/imports/MLDSA/SampleInBall.v" Line 1. Module SampleInBall doesn't have a timescale but at least one module in design has a timescale.
WARNING: [XSIM 43-4099] "C:/Users/USER/Desktop/ML_DSA_syn/IMP/SHA3_imp/Sampler/Sampler.srcs/sources_1/imports/MLDSA/mux_generate.v" Line 2. Module mux_gen(param_in=1088) doesn't have a timescale but at least one module in design has a timescale.
WARNING: [XSIM 43-4099] "C:/Users/USER/Desktop/ML_DSA_syn/IMP/SHA3_imp/Sampler/Sampler.srcs/sim_1/imports/MLDSA/Data_Mem.v" Line 1. Module Data_Mem doesn't have a timescale but at least one module in design has a timescale.
WARNING: [XSIM 43-4099] "C:/Users/USER/Desktop/ML_DSA_syn/IMP/SHA3_imp/Sampler/Sampler.srcs/sim_1/imports/MLDSA/Dual_Port_Ram_Single_clk.v" Line 1. Module Dual_Port_Ram_Single_clk doesn't have a timescale but at least one module in design has a timescale.
WARNING: [XSIM 43-4099] "C:/Users/USER/Desktop/ML_DSA_syn/IMP/SHA3_imp/Sampler/Sampler.srcs/sim_1/imports/MLDSA/Dual_Port_Ram_Single_clk.v" Line 1. Module Dual_Port_Ram_Single_clk doesn't have a timescale but at least one module in design has a timescale.
WARNING: [XSIM 43-4099] "C:/Users/USER/Desktop/ML_DSA_syn/IMP/SHA3_imp/Sampler/Sampler.srcs/sim_1/imports/MLDSA/Dual_Port_Ram_Single_clk.v" Line 1. Module Dual_Port_Ram_Single_clk(HLEN=12) doesn't have a timescale but at least one module in design has a timescale.
WARNING: [XSIM 43-4099] "C:/Users/USER/Desktop/ML_DSA_syn/IMP/SHA3_imp/Sampler/Sampler.srcs/sim_1/imports/MLDSA/Dual_Port_Ram_Single_clk.v" Line 1. Module Dual_Port_Ram_Single_clk doesn't have a timescale but at least one module in design has a timescale.
WARNING: [XSIM 43-4099] "C:/Users/USER/Desktop/ML_DSA_syn/IMP/SHA3_imp/Sampler/Sampler.srcs/sim_1/imports/MLDSA/Dual_Port_Ram_Single_clk.v" Line 1. Module Dual_Port_Ram_Single_clk(HLEN=8) doesn't have a timescale but at least one module in design has a timescale.
Completed simulation data flow analysis
Time Resolution for simulation is 1ps
Compiling module xil_defaultlib.mux_gen(param_in=1088)
Compiling module xil_defaultlib.CoeffFromHalfByte
Compiling module xil_defaultlib.ExpandS
Compiling module xil_defaultlib.mux_gen(param_m=48)
Compiling module xil_defaultlib.ExpandA
Compiling module xil_defaultlib.mux_gen(param_in=1080,param_m=36...
Compiling module xil_defaultlib.ExpandMASK
Compiling module xil_defaultlib.SampleInBall
Compiling module xil_defaultlib.Sampler
Compiling module xil_defaultlib.Dual_Port_Ram_Single_clk
Compiling module xil_defaultlib.Dual_Port_Ram_Single_clk(HLEN=12...
Compiling module xil_defaultlib.Dual_Port_Ram_Single_clk(HLEN=8)
Compiling module xil_defaultlib.Data_Mem
Compiling module xil_defaultlib.Sampler_tb
Compiling module xil_defaultlib.glbl
Built simulation snapshot Sampler_tb_behav
run_program: Time (s): cpu = 00:00:00 ; elapsed = 00:00:09 . Memory (MB): peak = 1639.488 ; gain = 0.000
INFO: [USF-XSim-69] 'elaborate' step finished in '9' seconds
launch_simulation: Time (s): cpu = 00:00:00 ; elapsed = 00:00:09 . Memory (MB): peak = 1639.488 ; gain = 0.000
Time resolution is 1 ps
relaunch_sim: Time (s): cpu = 00:00:01 ; elapsed = 00:00:13 . Memory (MB): peak = 1639.488 ; gain = 0.000
WARNING: [filemgmt 56-199] Attempt to get parsing info during refresh. "On-the-fly" syntax checking information may be incorrect. [C:\Users\USER\Desktop\ML_DSA_syn\IMP\SHA3_imp\Sampler\Sampler.srcs\sim_1\new\Sampler_tb.v:]
WARNING: [filemgmt 56-199] Attempt to get parsing info during refresh. "On-the-fly" syntax checking information may be incorrect. [C:\Users\USER\Desktop\ML_DSA_syn\IMP\SHA3_imp\Sampler\Sampler.srcs\sources_1\imports\MLDSA\ExpandA.v:]
ERROR: [Common 17-180] Spawn failed: No error
run 10 us
run 10 us
run 10 us
run 10 us
run 10 us
run 10 us
$finish called at time : 54465 ns : File "C:/Users/USER/Desktop/ML_DSA_syn/IMP/SHA3_imp/Sampler/Sampler.srcs/sim_1/new/Sampler_tb.v" Line 932
run 10 us
WARNING: [filemgmt 56-199] Attempt to get parsing info during refresh. "On-the-fly" syntax checking information may be incorrect. [C:\Users\USER\Desktop\ML_DSA_syn\IMP\SHA3_imp\Sampler\Sampler.srcs\sim_1\new\Sampler_tb.v:]
WARNING: [filemgmt 56-199] Attempt to get parsing info during refresh. "On-the-fly" syntax checking information may be incorrect. [C:\Users\USER\Desktop\ML_DSA_syn\IMP\SHA3_imp\Sampler\Sampler.srcs\sources_1\imports\MLDSA\ExpandA.v:]
ERROR: [Common 17-180] Spawn failed: No error
current_wave_config {tb_Sampler_behav.wcfg}
tb_Sampler_behav.wcfg
add_wave {{/Sampler_tb/uut/ExpandA_/rej0}} 
WARNING: [filemgmt 56-199] Attempt to get parsing info during refresh. "On-the-fly" syntax checking information may be incorrect. [C:\Users\USER\Desktop\ML_DSA_syn\IMP\SHA3_imp\Sampler\Sampler.srcs\sim_1\new\Sampler_tb.v:]
WARNING: [filemgmt 56-199] Attempt to get parsing info during refresh. "On-the-fly" syntax checking information may be incorrect. [C:\Users\USER\Desktop\ML_DSA_syn\IMP\SHA3_imp\Sampler\Sampler.srcs\sources_1\imports\MLDSA\ExpandA.v:]
ERROR: [Common 17-180] Spawn failed: No error
WARNING: [filemgmt 56-199] Attempt to get parsing info during refresh. "On-the-fly" syntax checking information may be incorrect. [C:\Users\USER\Desktop\ML_DSA_syn\IMP\SHA3_imp\Sampler\Sampler.srcs\sim_1\new\Sampler_tb.v:]
WARNING: [filemgmt 56-199] Attempt to get parsing info during refresh. "On-the-fly" syntax checking information may be incorrect. [C:\Users\USER\Desktop\ML_DSA_syn\IMP\SHA3_imp\Sampler\Sampler.srcs\sources_1\imports\MLDSA\ExpandA.v:]
relaunch_sim
Command: launch_simulation -step compile -simset sim_1 -mode behavioral
INFO: [Vivado 12-12493] Simulation top is 'Sampler_tb'
WARNING: [Vivado 12-13340] Unable to auto find GCC executables from simulator install path! (path not set)
INFO: [Vivado 12-5682] Launching behavioral simulation in 'C:/Users/USER/Desktop/ML_DSA_syn/IMP/SHA3_imp/Sampler/Sampler.sim/sim_1/behav/xsim'
INFO: [SIM-utils-51] Simulation object is 'sim_1'
INFO: [USF-XSim-2] XSim::Compile design
ERROR: [Common 17-180] Spawn failed: No error
INFO: [USF-XSim-61] Executing 'COMPILE and ANALYZE' step in 'C:/Users/USER/Desktop/ML_DSA_syn/IMP/SHA3_imp/Sampler/Sampler.sim/sim_1/behav/xsim'
"xvlog --incr --relax -prj Sampler_tb_vlog.prj"
ECHO 已關閉。
ECHO 已關閉。
INFO: [VRFC 10-2263] Analyzing Verilog file "C:/Users/USER/Desktop/ML_DSA_syn/IMP/SHA3_imp/Sampler/Sampler.srcs/sources_1/imports/MLDSA/CoeffFromHalfByte.v" into library xil_defaultlib
INFO: [VRFC 10-311] analyzing module CoeffFromHalfByte
INFO: [VRFC 10-2263] Analyzing Verilog file "C:/Users/USER/Desktop/ML_DSA_syn/IMP/SHA3_imp/Sampler/Sampler.srcs/sim_1/imports/MLDSA/Data_Mem.v" into library xil_defaultlib
INFO: [VRFC 10-311] analyzing module Data_Mem
INFO: [VRFC 10-2263] Analyzing Verilog file "C:/Users/USER/Desktop/ML_DSA_syn/IMP/SHA3_imp/Sampler/Sampler.srcs/sim_1/imports/MLDSA/Dual_Port_Ram_Single_clk.v" into library xil_defaultlib
INFO: [VRFC 10-311] analyzing module Dual_Port_Ram_Single_clk
INFO: [VRFC 10-2263] Analyzing Verilog file "C:/Users/USER/Desktop/ML_DSA_syn/IMP/SHA3_imp/Sampler/Sampler.srcs/sources_1/imports/MLDSA/ExpandA.v" into library xil_defaultlib
INFO: [VRFC 10-311] analyzing module ExpandA
INFO: [VRFC 10-2263] Analyzing Verilog file "C:/Users/USER/Desktop/ML_DSA_syn/IMP/SHA3_imp/Sampler/Sampler.srcs/sources_1/imports/MLDSA/ExpandMASK.v" into library xil_defaultlib
INFO: [VRFC 10-311] analyzing module ExpandMASK
INFO: [VRFC 10-2263] Analyzing Verilog file "C:/Users/USER/Desktop/ML_DSA_syn/IMP/SHA3_imp/Sampler/Sampler.srcs/sources_1/imports/MLDSA/ExpandS.v" into library xil_defaultlib
INFO: [VRFC 10-311] analyzing module ExpandS
INFO: [VRFC 10-2263] Analyzing Verilog file "C:/Users/USER/Desktop/ML_DSA_syn/IMP/SHA3_imp/Sampler/Sampler.srcs/sources_1/imports/MLDSA/SampleInBall.v" into library xil_defaultlib
INFO: [VRFC 10-311] analyzing module SampleInBall
INFO: [VRFC 10-2263] Analyzing Verilog file "C:/Users/USER/Desktop/ML_DSA_syn/IMP/SHA3_imp/Sampler/Sampler.srcs/sources_1/imports/MLDSA/Sampler.v" into library xil_defaultlib
INFO: [VRFC 10-311] analyzing module Sampler
INFO: [VRFC 10-2263] Analyzing Verilog file "C:/Users/USER/Desktop/ML_DSA_syn/IMP/SHA3_imp/Sampler/Sampler.srcs/sources_1/imports/MLDSA/mux_generate.v" into library xil_defaultlib
INFO: [VRFC 10-311] analyzing module mux_gen
INFO: [VRFC 10-2263] Analyzing Verilog file "C:/Users/USER/Desktop/ML_DSA_syn/IMP/SHA3_imp/Sampler/Sampler.srcs/sim_1/new/Sampler_tb.v" into library xil_defaultlib
INFO: [VRFC 10-311] analyzing module Sampler_tb
INFO: [USF-XSim-69] 'compile' step finished in '1' seconds
ERROR: [Common 17-39] 'launch_simulation' failed due to earlier errors.
ERROR: [Common 17-69] Command failed: ERROR: [Common 17-39] 'launch_simulation' failed due to earlier errors.

relaunch_sim
Command: launch_simulation -step compile -simset sim_1 -mode behavioral
INFO: [Vivado 12-12493] Simulation top is 'Sampler_tb'
WARNING: [Vivado 12-13340] Unable to auto find GCC executables from simulator install path! (path not set)
INFO: [Vivado 12-5682] Launching behavioral simulation in 'C:/Users/USER/Desktop/ML_DSA_syn/IMP/SHA3_imp/Sampler/Sampler.sim/sim_1/behav/xsim'
INFO: [SIM-utils-51] Simulation object is 'sim_1'
INFO: [USF-XSim-2] XSim::Compile design
INFO: [USF-XSim-61] Executing 'COMPILE and ANALYZE' step in 'C:/Users/USER/Desktop/ML_DSA_syn/IMP/SHA3_imp/Sampler/Sampler.sim/sim_1/behav/xsim'
"xvlog --incr --relax -prj Sampler_tb_vlog.prj"
ECHO 已關閉。
ECHO 已關閉。
INFO: [USF-XSim-69] 'compile' step finished in '2' seconds
Command: launch_simulation -step elaborate -simset sim_1 -mode behavioral
INFO: [Vivado 12-12493] Simulation top is 'Sampler_tb'
WARNING: [Vivado 12-13340] Unable to auto find GCC executables from simulator install path! (path not set)
INFO: [Vivado 12-5682] Launching behavioral simulation in 'C:/Users/USER/Desktop/ML_DSA_syn/IMP/SHA3_imp/Sampler/Sampler.sim/sim_1/behav/xsim'
INFO: [SIM-utils-51] Simulation object is 'sim_1'
INFO: [USF-XSim-3] XSim::Elaborate design
INFO: [USF-XSim-61] Executing 'ELABORATE' step in 'C:/Users/USER/Desktop/ML_DSA_syn/IMP/SHA3_imp/Sampler/Sampler.sim/sim_1/behav/xsim'
"xelab --incr --debug typical --relax --mt 2 -L xil_defaultlib -L unisims_ver -L unimacro_ver -L secureip --snapshot Sampler_tb_behav xil_defaultlib.Sampler_tb xil_defaultlib.glbl -log elaborate.log"
ECHO 已關閉。
ECHO 已關閉。
Vivado Simulator v2023.2
Copyright 1986-2022 Xilinx, Inc. All Rights Reserved.
Copyright 2022-2023 Advanced Micro Devices, Inc. All Rights Reserved.
Running: C:/Xilinx/Vivado/2023.2/bin/unwrapped/win64.o/xelab.exe --incr --debug typical --relax --mt 2 -L xil_defaultlib -L unisims_ver -L unimacro_ver -L secureip --snapshot Sampler_tb_behav xil_defaultlib.Sampler_tb xil_defaultlib.glbl -log elaborate.log 
Using 2 slave threads.
Starting static elaboration
Pass Through NonSizing Optimizer
WARNING: [VRFC 10-3091] actual bit length 8 differs from formal bit length 5 for port 'sel' [C:/Users/USER/Desktop/ML_DSA_syn/IMP/SHA3_imp/Sampler/Sampler.srcs/sources_1/imports/MLDSA/ExpandA.v:47]
WARNING: [VRFC 10-3091] actual bit length 8 differs from formal bit length 5 for port 'sel' [C:/Users/USER/Desktop/ML_DSA_syn/IMP/SHA3_imp/Sampler/Sampler.srcs/sources_1/imports/MLDSA/ExpandMASK.v:70]
WARNING: [VRFC 10-3091] actual bit length 1 differs from formal bit length 23 for port 'y_q_a' [C:/Users/USER/Desktop/ML_DSA_syn/IMP/SHA3_imp/Sampler/Sampler.srcs/sim_1/new/Sampler_tb.v:187]
WARNING: [VRFC 10-3091] actual bit length 1 differs from formal bit length 23 for port 'y_q_b' [C:/Users/USER/Desktop/ML_DSA_syn/IMP/SHA3_imp/Sampler/Sampler.srcs/sim_1/new/Sampler_tb.v:188]
Completed static elaboration
Starting simulation data flow analysis
WARNING: [XSIM 43-4099] "C:/Users/USER/Desktop/ML_DSA_syn/IMP/SHA3_imp/Sampler/Sampler.srcs/sources_1/imports/MLDSA/Sampler.v" Line 1. Module Sampler doesn't have a timescale but at least one module in design has a timescale.
WARNING: [XSIM 43-4099] "C:/Users/USER/Desktop/ML_DSA_syn/IMP/SHA3_imp/Sampler/Sampler.srcs/sources_1/imports/MLDSA/ExpandS.v" Line 1. Module ExpandS doesn't have a timescale but at least one module in design has a timescale.
WARNING: [XSIM 43-4099] "C:/Users/USER/Desktop/ML_DSA_syn/IMP/SHA3_imp/Sampler/Sampler.srcs/sources_1/imports/MLDSA/mux_generate.v" Line 2. Module mux_gen(param_in=1088) doesn't have a timescale but at least one module in design has a timescale.
WARNING: [XSIM 43-4099] "C:/Users/USER/Desktop/ML_DSA_syn/IMP/SHA3_imp/Sampler/Sampler.srcs/sources_1/imports/MLDSA/CoeffFromHalfByte.v" Line 1. Module CoeffFromHalfByte doesn't have a timescale but at least one module in design has a timescale.
WARNING: [XSIM 43-4099] "C:/Users/USER/Desktop/ML_DSA_syn/IMP/SHA3_imp/Sampler/Sampler.srcs/sources_1/imports/MLDSA/CoeffFromHalfByte.v" Line 1. Module CoeffFromHalfByte doesn't have a timescale but at least one module in design has a timescale.
WARNING: [XSIM 43-4099] "C:/Users/USER/Desktop/ML_DSA_syn/IMP/SHA3_imp/Sampler/Sampler.srcs/sources_1/imports/MLDSA/ExpandA.v" Line 1. Module ExpandA doesn't have a timescale but at least one module in design has a timescale.
WARNING: [XSIM 43-4099] "C:/Users/USER/Desktop/ML_DSA_syn/IMP/SHA3_imp/Sampler/Sampler.srcs/sources_1/imports/MLDSA/mux_generate.v" Line 2. Module mux_gen(param_m=48) doesn't have a timescale but at least one module in design has a timescale.
WARNING: [XSIM 43-4099] "C:/Users/USER/Desktop/ML_DSA_syn/IMP/SHA3_imp/Sampler/Sampler.srcs/sources_1/imports/MLDSA/ExpandMASK.v" Line 1. Module ExpandMASK doesn't have a timescale but at least one module in design has a timescale.
WARNING: [XSIM 43-4099] "C:/Users/USER/Desktop/ML_DSA_syn/IMP/SHA3_imp/Sampler/Sampler.srcs/sources_1/imports/MLDSA/mux_generate.v" Line 2. Module mux_gen(param_in=1080,param_m=36) doesn't have a timescale but at least one module in design has a timescale.
WARNING: [XSIM 43-4099] "C:/Users/USER/Desktop/ML_DSA_syn/IMP/SHA3_imp/Sampler/Sampler.srcs/sources_1/imports/MLDSA/SampleInBall.v" Line 1. Module SampleInBall doesn't have a timescale but at least one module in design has a timescale.
WARNING: [XSIM 43-4099] "C:/Users/USER/Desktop/ML_DSA_syn/IMP/SHA3_imp/Sampler/Sampler.srcs/sources_1/imports/MLDSA/mux_generate.v" Line 2. Module mux_gen(param_in=1088) doesn't have a timescale but at least one module in design has a timescale.
WARNING: [XSIM 43-4099] "C:/Users/USER/Desktop/ML_DSA_syn/IMP/SHA3_imp/Sampler/Sampler.srcs/sim_1/imports/MLDSA/Data_Mem.v" Line 1. Module Data_Mem doesn't have a timescale but at least one module in design has a timescale.
WARNING: [XSIM 43-4099] "C:/Users/USER/Desktop/ML_DSA_syn/IMP/SHA3_imp/Sampler/Sampler.srcs/sim_1/imports/MLDSA/Dual_Port_Ram_Single_clk.v" Line 1. Module Dual_Port_Ram_Single_clk doesn't have a timescale but at least one module in design has a timescale.
WARNING: [XSIM 43-4099] "C:/Users/USER/Desktop/ML_DSA_syn/IMP/SHA3_imp/Sampler/Sampler.srcs/sim_1/imports/MLDSA/Dual_Port_Ram_Single_clk.v" Line 1. Module Dual_Port_Ram_Single_clk doesn't have a timescale but at least one module in design has a timescale.
WARNING: [XSIM 43-4099] "C:/Users/USER/Desktop/ML_DSA_syn/IMP/SHA3_imp/Sampler/Sampler.srcs/sim_1/imports/MLDSA/Dual_Port_Ram_Single_clk.v" Line 1. Module Dual_Port_Ram_Single_clk(HLEN=12) doesn't have a timescale but at least one module in design has a timescale.
WARNING: [XSIM 43-4099] "C:/Users/USER/Desktop/ML_DSA_syn/IMP/SHA3_imp/Sampler/Sampler.srcs/sim_1/imports/MLDSA/Dual_Port_Ram_Single_clk.v" Line 1. Module Dual_Port_Ram_Single_clk doesn't have a timescale but at least one module in design has a timescale.
WARNING: [XSIM 43-4099] "C:/Users/USER/Desktop/ML_DSA_syn/IMP/SHA3_imp/Sampler/Sampler.srcs/sim_1/imports/MLDSA/Dual_Port_Ram_Single_clk.v" Line 1. Module Dual_Port_Ram_Single_clk(HLEN=8) doesn't have a timescale but at least one module in design has a timescale.
WARNING: [XSIM 43-4099] "C:/Users/USER/Desktop/ML_DSA_syn/IMP/SHA3_imp/Sampler/Sampler.srcs/sources_1/imports/MLDSA/Sampler.v" Line 1. Module Sampler doesn't have a timescale but at least one module in design has a timescale.
WARNING: [XSIM 43-4099] "C:/Users/USER/Desktop/ML_DSA_syn/IMP/SHA3_imp/Sampler/Sampler.srcs/sources_1/imports/MLDSA/ExpandS.v" Line 1. Module ExpandS doesn't have a timescale but at least one module in design has a timescale.
WARNING: [XSIM 43-4099] "C:/Users/USER/Desktop/ML_DSA_syn/IMP/SHA3_imp/Sampler/Sampler.srcs/sources_1/imports/MLDSA/mux_generate.v" Line 2. Module mux_gen(param_in=1088) doesn't have a timescale but at least one module in design has a timescale.
WARNING: [XSIM 43-4099] "C:/Users/USER/Desktop/ML_DSA_syn/IMP/SHA3_imp/Sampler/Sampler.srcs/sources_1/imports/MLDSA/CoeffFromHalfByte.v" Line 1. Module CoeffFromHalfByte doesn't have a timescale but at least one module in design has a timescale.
WARNING: [XSIM 43-4099] "C:/Users/USER/Desktop/ML_DSA_syn/IMP/SHA3_imp/Sampler/Sampler.srcs/sources_1/imports/MLDSA/CoeffFromHalfByte.v" Line 1. Module CoeffFromHalfByte doesn't have a timescale but at least one module in design has a timescale.
WARNING: [XSIM 43-4099] "C:/Users/USER/Desktop/ML_DSA_syn/IMP/SHA3_imp/Sampler/Sampler.srcs/sources_1/imports/MLDSA/ExpandA.v" Line 1. Module ExpandA doesn't have a timescale but at least one module in design has a timescale.
WARNING: [XSIM 43-4099] "C:/Users/USER/Desktop/ML_DSA_syn/IMP/SHA3_imp/Sampler/Sampler.srcs/sources_1/imports/MLDSA/mux_generate.v" Line 2. Module mux_gen(param_m=48) doesn't have a timescale but at least one module in design has a timescale.
WARNING: [XSIM 43-4099] "C:/Users/USER/Desktop/ML_DSA_syn/IMP/SHA3_imp/Sampler/Sampler.srcs/sources_1/imports/MLDSA/ExpandMASK.v" Line 1. Module ExpandMASK doesn't have a timescale but at least one module in design has a timescale.
WARNING: [XSIM 43-4099] "C:/Users/USER/Desktop/ML_DSA_syn/IMP/SHA3_imp/Sampler/Sampler.srcs/sources_1/imports/MLDSA/mux_generate.v" Line 2. Module mux_gen(param_in=1080,param_m=36) doesn't have a timescale but at least one module in design has a timescale.
WARNING: [XSIM 43-4099] "C:/Users/USER/Desktop/ML_DSA_syn/IMP/SHA3_imp/Sampler/Sampler.srcs/sources_1/imports/MLDSA/SampleInBall.v" Line 1. Module SampleInBall doesn't have a timescale but at least one module in design has a timescale.
WARNING: [XSIM 43-4099] "C:/Users/USER/Desktop/ML_DSA_syn/IMP/SHA3_imp/Sampler/Sampler.srcs/sources_1/imports/MLDSA/mux_generate.v" Line 2. Module mux_gen(param_in=1088) doesn't have a timescale but at least one module in design has a timescale.
WARNING: [XSIM 43-4099] "C:/Users/USER/Desktop/ML_DSA_syn/IMP/SHA3_imp/Sampler/Sampler.srcs/sim_1/imports/MLDSA/Data_Mem.v" Line 1. Module Data_Mem doesn't have a timescale but at least one module in design has a timescale.
WARNING: [XSIM 43-4099] "C:/Users/USER/Desktop/ML_DSA_syn/IMP/SHA3_imp/Sampler/Sampler.srcs/sim_1/imports/MLDSA/Dual_Port_Ram_Single_clk.v" Line 1. Module Dual_Port_Ram_Single_clk doesn't have a timescale but at least one module in design has a timescale.
WARNING: [XSIM 43-4099] "C:/Users/USER/Desktop/ML_DSA_syn/IMP/SHA3_imp/Sampler/Sampler.srcs/sim_1/imports/MLDSA/Dual_Port_Ram_Single_clk.v" Line 1. Module Dual_Port_Ram_Single_clk doesn't have a timescale but at least one module in design has a timescale.
WARNING: [XSIM 43-4099] "C:/Users/USER/Desktop/ML_DSA_syn/IMP/SHA3_imp/Sampler/Sampler.srcs/sim_1/imports/MLDSA/Dual_Port_Ram_Single_clk.v" Line 1. Module Dual_Port_Ram_Single_clk(HLEN=12) doesn't have a timescale but at least one module in design has a timescale.
WARNING: [XSIM 43-4099] "C:/Users/USER/Desktop/ML_DSA_syn/IMP/SHA3_imp/Sampler/Sampler.srcs/sim_1/imports/MLDSA/Dual_Port_Ram_Single_clk.v" Line 1. Module Dual_Port_Ram_Single_clk doesn't have a timescale but at least one module in design has a timescale.
WARNING: [XSIM 43-4099] "C:/Users/USER/Desktop/ML_DSA_syn/IMP/SHA3_imp/Sampler/Sampler.srcs/sim_1/imports/MLDSA/Dual_Port_Ram_Single_clk.v" Line 1. Module Dual_Port_Ram_Single_clk(HLEN=8) doesn't have a timescale but at least one module in design has a timescale.
Completed simulation data flow analysis
Time Resolution for simulation is 1ps
Compiling module xil_defaultlib.mux_gen(param_in=1088)
Compiling module xil_defaultlib.CoeffFromHalfByte
Compiling module xil_defaultlib.ExpandS
Compiling module xil_defaultlib.mux_gen(param_m=48)
Compiling module xil_defaultlib.ExpandA
Compiling module xil_defaultlib.mux_gen(param_in=1080,param_m=36...
Compiling module xil_defaultlib.ExpandMASK
Compiling module xil_defaultlib.SampleInBall
Compiling module xil_defaultlib.Sampler
Compiling module xil_defaultlib.Dual_Port_Ram_Single_clk
Compiling module xil_defaultlib.Dual_Port_Ram_Single_clk(HLEN=12...
Compiling module xil_defaultlib.Dual_Port_Ram_Single_clk(HLEN=8)
Compiling module xil_defaultlib.Data_Mem
Compiling module xil_defaultlib.Sampler_tb
Compiling module xil_defaultlib.glbl
Built simulation snapshot Sampler_tb_behav
run_program: Time (s): cpu = 00:00:00 ; elapsed = 00:00:09 . Memory (MB): peak = 1641.707 ; gain = 0.000
INFO: [USF-XSim-69] 'elaborate' step finished in '9' seconds
launch_simulation: Time (s): cpu = 00:00:00 ; elapsed = 00:00:09 . Memory (MB): peak = 1641.707 ; gain = 0.000
Time resolution is 1 ps
relaunch_sim: Time (s): cpu = 00:00:01 ; elapsed = 00:00:12 . Memory (MB): peak = 1641.707 ; gain = 0.000
run 10 us
run 10 us
run 10 us
run 10 us
run 10 us
run 10 us
$finish called at time : 54485 ns : File "C:/Users/USER/Desktop/ML_DSA_syn/IMP/SHA3_imp/Sampler/Sampler.srcs/sim_1/new/Sampler_tb.v" Line 932
run 10 us
current_wave_config {tb_Sampler_behav.wcfg}
tb_Sampler_behav.wcfg
add_wave {{/Sampler_tb/mem_sel}} 
restart
INFO: [Wavedata 42-604] Simulation restarted
run 10 us
run 10 us
run 10 us
run 10 us
run 10 us
run 10 us
$finish called at time : 54485 ns : File "C:/Users/USER/Desktop/ML_DSA_syn/IMP/SHA3_imp/Sampler/Sampler.srcs/sim_1/new/Sampler_tb.v" Line 932
run 10 us
WARNING: [filemgmt 56-199] Attempt to get parsing info during refresh. "On-the-fly" syntax checking information may be incorrect. [C:\Users\USER\Desktop\ML_DSA_syn\IMP\SHA3_imp\Sampler\Sampler.srcs\sim_1\new\Sampler_tb.v:]
WARNING: [filemgmt 56-199] Attempt to get parsing info during refresh. "On-the-fly" syntax checking information may be incorrect. [C:\Users\USER\Desktop\ML_DSA_syn\IMP\SHA3_imp\Sampler\Sampler.srcs\sources_1\imports\MLDSA\ExpandA.v:]
ERROR: [Common 17-180] Spawn failed: No error
save_wave_config {C:/Users/USER/Desktop/ML_DSA_syn/IMP/SHA3_imp/Sampler/tb_Sampler_behav.wcfg}
close_sim
INFO: [Simtcl 6-16] Simulation closed
exit
INFO: [Common 17-206] Exiting Vivado at Sun Jan 26 00:17:56 2025...
