INFO: [VRFC 10-2263] Analyzing Verilog file "C:/Users/fossu/Desktop/ML_DSA_Syn/IMP/NTT/NTT2/NTT.sim/sim_2/impl/func/xsim/NTT_tb_func_impl.v" into library xil_defaultlib
INFO: [VRFC 10-311] analyzing module BRAM
INFO: [VRFC 10-311] analyzing module BRAM_13
INFO: [VRFC 10-311] analyzing module BRAM__parameterized0
INFO: [VRFC 10-311] analyzing module BRAM__parameterized0_12
INFO: [VRFC 10-311] analyzing module BRAM__parameterized1
INFO: [VRFC 10-311] analyzing module BRAM__parameterized1_11
INFO: [VRFC 10-311] analyzing module BRAM__parameterized2
INFO: [VRFC 10-311] analyzing module BRAM__parameterized2_10
INFO: [VRFC 10-311] analyzing module BRAM__parameterized3
INFO: [VRFC 10-311] analyzing module BRAM__parameterized3_9
INFO: [VRFC 10-311] analyzing module BRAM__parameterized4
INFO: [VRFC 10-311] analyzing module BRAM__parameterized4_8
INFO: [VRFC 10-311] analyzing module BRAM__parameterized5
INFO: [VRFC 10-311] analyzing module BRAM__parameterized5_7
INFO: [VRFC 10-311] analyzing module BU
INFO: [VRFC 10-311] analyzing module BU_0
INFO: [VRFC 10-311] analyzing module BU_1
INFO: [VRFC 10-311] analyzing module BU_2
INFO: [VRFC 10-311] analyzing module BU_3
INFO: [VRFC 10-311] analyzing module BU_4
INFO: [VRFC 10-311] analyzing module BU_5
INFO: [VRFC 10-311] analyzing module BU_6
INFO: [VRFC 10-311] analyzing module CONTR
INFO: [VRFC 10-311] analyzing module CONTR__parameterized0
INFO: [VRFC 10-311] analyzing module CONTR__parameterized1
INFO: [VRFC 10-311] analyzing module CONTR__parameterized2
INFO: [VRFC 10-311] analyzing module CONTR__parameterized3
INFO: [VRFC 10-311] analyzing module CONTR__parameterized4
INFO: [VRFC 10-311] analyzing module CONTR__parameterized5
INFO: [VRFC 10-311] analyzing module Modular_Reduction
INFO: [VRFC 10-311] analyzing module Modular_Reduction_17
INFO: [VRFC 10-311] analyzing module Modular_Reduction_21
INFO: [VRFC 10-311] analyzing module Modular_Reduction_25
INFO: [VRFC 10-311] analyzing module Modular_Reduction_29
INFO: [VRFC 10-311] analyzing module Modular_Reduction_33
INFO: [VRFC 10-311] analyzing module Modular_Reduction_37
INFO: [VRFC 10-311] analyzing module Modular_Reduction_41
INFO: [VRFC 10-311] analyzing module NTT
INFO: [VRFC 10-311] analyzing module RU
INFO: [VRFC 10-311] analyzing module RU__parameterized0
INFO: [VRFC 10-311] analyzing module RU__parameterized1
INFO: [VRFC 10-311] analyzing module RU__parameterized2
INFO: [VRFC 10-311] analyzing module RU__parameterized3
INFO: [VRFC 10-311] analyzing module RU__parameterized4
INFO: [VRFC 10-311] analyzing module RU__parameterized5
INFO: [VRFC 10-311] analyzing module mod_add
INFO: [VRFC 10-311] analyzing module mod_add_14
INFO: [VRFC 10-311] analyzing module mod_add_18
INFO: [VRFC 10-311] analyzing module mod_add_22
INFO: [VRFC 10-311] analyzing module mod_add_26
INFO: [VRFC 10-311] analyzing module mod_add_30
INFO: [VRFC 10-311] analyzing module mod_add_34
INFO: [VRFC 10-311] analyzing module mod_add_38
INFO: [VRFC 10-311] analyzing module mod_mul
INFO: [VRFC 10-311] analyzing module mod_mul_15
INFO: [VRFC 10-311] analyzing module mod_mul_19
INFO: [VRFC 10-311] analyzing module mod_mul_23
INFO: [VRFC 10-311] analyzing module mod_mul_27
INFO: [VRFC 10-311] analyzing module mod_mul_31
INFO: [VRFC 10-311] analyzing module mod_mul_35
INFO: [VRFC 10-311] analyzing module mod_mul_39
INFO: [VRFC 10-311] analyzing module mod_sub
INFO: [VRFC 10-311] analyzing module mod_sub_16
INFO: [VRFC 10-311] analyzing module mod_sub_20
INFO: [VRFC 10-311] analyzing module mod_sub_24
INFO: [VRFC 10-311] analyzing module mod_sub_28
INFO: [VRFC 10-311] analyzing module mod_sub_32
INFO: [VRFC 10-311] analyzing module mod_sub_36
INFO: [VRFC 10-311] analyzing module mod_sub_40
INFO: [VRFC 10-311] analyzing module glbl
INFO: [VRFC 10-2263] Analyzing Verilog file "C:/Users/fossu/Desktop/ML_DSA_Syn/IMP/NTT/NTT2/NTT.srcs/sources_1/imports/MLDSA/Dual_Port_Ram_Single_clk.v" into library xil_defaultlib
INFO: [VRFC 10-311] analyzing module Dual_Port_Ram_Single_clk
INFO: [VRFC 10-2263] Analyzing Verilog file "C:/Users/fossu/Desktop/ML_DSA_Syn/IMP/NTT/NTT2/NTT.srcs/sources_1/imports/NTT/NTT_tb.v" into library xil_defaultlib
INFO: [VRFC 10-311] analyzing module NTT_tb
