INFO: [VRFC 10-2263] Analyzing Verilog file "C:/Users/fossu/Desktop/ML_DSA_Syn_new/IMP2/Keccak/Keccak.sim/sim_1/synth/timing/xsim/Keccak_tb_time_synth.v" into library xil_defaultlib
INFO: [VRFC 10-311] analyzing module IBUF_UNIQ_BASE_
INFO: [VRFC 10-311] analyzing module IBUF_HD153
INFO: [VRFC 10-311] analyzing module IBUF_HD154
INFO: [VRFC 10-311] analyzing module IBUF_HD155
INFO: [VRFC 10-311] analyzing module IBUF_HD156
INFO: [VRFC 10-311] analyzing module IBUF_HD157
INFO: [VRFC 10-311] analyzing module IBUF_HD158
INFO: [VRFC 10-311] analyzing module IBUF_HD159
INFO: [VRFC 10-311] analyzing module IBUF_HD160
INFO: [VRFC 10-311] analyzing module IBUF_HD161
INFO: [VRFC 10-311] analyzing module IBUF_HD162
INFO: [VRFC 10-311] analyzing module IBUF_HD163
INFO: [VRFC 10-311] analyzing module IBUF_HD164
INFO: [VRFC 10-311] analyzing module IBUF_HD165
INFO: [VRFC 10-311] analyzing module IBUF_HD166
INFO: [VRFC 10-311] analyzing module IBUF_HD167
INFO: [VRFC 10-311] analyzing module IBUF_HD168
INFO: [VRFC 10-311] analyzing module IBUF_HD169
INFO: [VRFC 10-311] analyzing module IBUF_HD170
INFO: [VRFC 10-311] analyzing module IBUF_HD171
INFO: [VRFC 10-311] analyzing module IBUF_HD172
INFO: [VRFC 10-311] analyzing module IBUF_HD173
INFO: [VRFC 10-311] analyzing module IBUF_HD174
INFO: [VRFC 10-311] analyzing module IBUF_HD175
INFO: [VRFC 10-311] analyzing module IBUF_HD176
INFO: [VRFC 10-311] analyzing module IBUF_HD177
INFO: [VRFC 10-311] analyzing module IBUF_HD178
INFO: [VRFC 10-311] analyzing module IBUF_HD179
INFO: [VRFC 10-311] analyzing module IBUF_HD180
INFO: [VRFC 10-311] analyzing module IBUF_HD181
INFO: [VRFC 10-311] analyzing module IBUF_HD182
INFO: [VRFC 10-311] analyzing module IBUF_HD183
INFO: [VRFC 10-311] analyzing module IBUF_HD184
INFO: [VRFC 10-311] analyzing module IBUF_HD185
INFO: [VRFC 10-311] analyzing module IBUF_HD186
INFO: [VRFC 10-311] analyzing module IBUF_HD187
INFO: [VRFC 10-311] analyzing module IBUF_HD188
INFO: [VRFC 10-311] analyzing module IBUF_HD189
INFO: [VRFC 10-311] analyzing module IBUF_HD190
INFO: [VRFC 10-311] analyzing module IBUF_HD191
INFO: [VRFC 10-311] analyzing module IBUF_HD192
INFO: [VRFC 10-311] analyzing module IBUF_HD193
INFO: [VRFC 10-311] analyzing module IBUF_HD194
INFO: [VRFC 10-311] analyzing module IBUF_HD195
INFO: [VRFC 10-311] analyzing module IBUF_HD196
INFO: [VRFC 10-311] analyzing module IBUF_HD197
INFO: [VRFC 10-311] analyzing module IBUF_HD198
INFO: [VRFC 10-311] analyzing module IBUF_HD199
INFO: [VRFC 10-311] analyzing module IBUF_HD200
INFO: [VRFC 10-311] analyzing module IBUF_HD201
INFO: [VRFC 10-311] analyzing module IBUF_HD202
INFO: [VRFC 10-311] analyzing module IBUF_HD203
INFO: [VRFC 10-311] analyzing module IBUF_HD204
INFO: [VRFC 10-311] analyzing module IBUF_HD205
INFO: [VRFC 10-311] analyzing module IBUF_HD206
INFO: [VRFC 10-311] analyzing module IBUF_HD207
INFO: [VRFC 10-311] analyzing module IBUF_HD208
INFO: [VRFC 10-311] analyzing module IBUF_HD209
INFO: [VRFC 10-311] analyzing module IBUF_HD210
INFO: [VRFC 10-311] analyzing module IBUF_HD211
INFO: [VRFC 10-311] analyzing module IBUF_HD212
INFO: [VRFC 10-311] analyzing module IBUF_HD213
INFO: [VRFC 10-311] analyzing module IBUF_HD214
INFO: [VRFC 10-311] analyzing module IBUF_HD215
INFO: [VRFC 10-311] analyzing module IBUF_HD216
INFO: [VRFC 10-311] analyzing module IBUF_HD217
INFO: [VRFC 10-311] analyzing module IBUF_HD218
INFO: [VRFC 10-311] analyzing module IBUF_HD219
INFO: [VRFC 10-311] analyzing module IBUF_HD220
INFO: [VRFC 10-311] analyzing module IBUF_HD221
INFO: [VRFC 10-311] analyzing module IBUF_HD222
INFO: [VRFC 10-311] analyzing module IBUF_HD223
INFO: [VRFC 10-311] analyzing module IBUF_HD224
INFO: [VRFC 10-311] analyzing module IBUF_HD225
INFO: [VRFC 10-311] analyzing module F_Permutation
INFO: [VRFC 10-311] analyzing module Keccak
INFO: [VRFC 10-311] analyzing module Padder
INFO: [VRFC 10-311] analyzing module round_A
INFO: [VRFC 10-311] analyzing module glbl
INFO: [VRFC 10-2263] Analyzing Verilog file "C:/Users/fossu/Desktop/ML_DSA_Syn_new/IMP2/Keccak/Keccak.srcs/sim_1/imports/Keccak_tb.v" into library xil_defaultlib
INFO: [VRFC 10-311] analyzing module Keccak_tb
