#
# A fatal error has been detected by the Java Runtime Environment:
#
#  EXCEPTION_ACCESS_VIOLATION (0xc0000005) at pc=0x00007ff95fdf7a1c, pid=16356, tid=1368
#
# JRE version: OpenJDK Runtime Environment Temurin-17.0.7+7 (17.0.7+7) (build 17.0.7+7)
# Java VM: OpenJDK 64-Bit Server VM Temurin-17.0.7+7 (17.0.7+7, mixed mode, sharing, tiered, compressed oops, compressed class ptrs, g1 gc, windows-amd64)
# Problematic frame:
# C  [xerces-c_3_2.dll+0x7a1c]
#
# No core dump will be written. Minidumps are not enabled by default on client versions of Windows
#
# If you would like to submit a bug report, please visit:
#   https://github.com/adoptium/adoptium-support/issues
# The crash happened outside the Java Virtual Machine in native code.
# See problematic frame for where to report the bug.
#

---------------  S U M M A R Y ------------

Command Line: -Dsun.java2d.pmoffscreen=false -Dhttps.protocols=TLSv1,TLSv1.1,TLSv1.2 -Dsun.java2d.xrender=false -Dsun.java2d.d3d=false -Dsun.awt.nopixfmt=true -Dsun.java2d.dpiaware=true -Dsun.java2d.uiScale.enabled=false -Dswing.aatext=true -XX:-UsePerfData -Djdk.map.althashing.threshold=512 -XX:StringTableSize=4072 -XX:+UseStringDeduplication -XX:MaxGCPauseMillis=200 -XX:+ParallelRefProcEnabled --add-opens=java.desktop/javax.swing.plaf.synth=ALL-UNNAMED --add-opens=java.base/java.nio=ALL-UNNAMED --add-opens=java.desktop/sun.swing=ALL-UNNAMED --add-opens=java.desktop/javax.swing=ALL-UNNAMED --add-opens=java.desktop/javax.swing.tree=ALL-UNNAMED --add-opens=java.desktop/javax.swing.plaf.basic=ALL-UNNAMED --add-opens=java.desktop/javax.swing.plaf.synth=ALL-UNNAMED --add-opens=java.desktop/javax.swing.plaf.basic=ALL-UNNAMED --add-opens=java.desktop/javax.swing=ALL-UNNAMED --add-opens=java.desktop/javax.swing.tree=ALL-UNNAMED --add-opens=java.desktop/java.awt.event=ALL-UNNAMED --add-exports=java.desktop/javax.swing.plaf.synth=ALL-UNNAMED --add-exports=java.base/java.nio=ALL-UNNAMED --add-exports=java.desktop/sun.swing=ALL-UNNAMED --add-exports=java.desktop/javax.swing=ALL-UNNAMED --add-exports=java.desktop/javax.swing.tree=ALL-UNNAMED --add-exports=java.desktop/javax.swing.plaf.basic=ALL-UNNAMED --add-exports=java.desktop/sun.swing=ALL-UNNAMED --add-exports=java.desktop/sun.swing.table=ALL-UNNAMED --add-exports=java.desktop/sun.swing.plaf.synth=ALL-UNNAMED --add-exports=java.desktop/sun.awt.shell=ALL-UNNAMED --add-exports=java.base/sun.security.action=ALL-UNNAMED --add-exports=java.desktop/sun.font=ALL-UNNAMED -XX:NewSize=80m -XX:MaxNewSize=80m -Xms512m -Xmx4072m -Xss10m 

Host: AMD Ryzen 5 3600 6-Core Processor              , 12 cores, 31G,  Windows 10 , 64 bit Build 19041 (10.0.19041.5198)
Time: Fri Jan 10 12:38:27 2025  Windows 10 , 64 bit Build 19041 (10.0.19041.5198) elapsed time: 37.556765 seconds (0d 0h 0m 37s)

---------------  T H R E A D  ---------------

Current thread (0x000002004c92cf00):  JavaThread "NewProject Thread" [_thread_in_native, id=1368, stack(0x0000009ae2300000,0x0000009ae2d00000)]

Stack: [0x0000009ae2300000,0x0000009ae2d00000],  sp=0x0000009ae2cfe110,  free space=10232k
Native frames: (J=compiled Java code, j=interpreted, Vv=VM code, C=native code)
C  [xerces-c_3_2.dll+0x7a1c]
C  [xerces-c_3_2.dll+0x49d5f]
C  [librdi_common.dll+0xa3151c]
C  [librdi_common.dll+0xa2fe0d]
C  [librdi_board.dll+0x4ae80]
C  [librdi_board.dll+0x42218]
C  [librdi_board.dll+0x493f5]
C  [librdi_boarddep.dll+0x5667]
C  [librdi_project.dll+0x38183f]
C  0x000002002f58d621

Java frames: (J=compiled Java code, j=interpreted, Vv=VM code)
j  ui.project.projecti.ProjUtils_createBoardPartIter(J)J+0
j  ui.data.b.S(Lui/project/n;)Ljava/util/List;+22
j  ui.views.c.v.g.DV()V+20
j  ui.views.i.aPP()Ljava/lang/Object;+4
j  ui.frmwork.A.run()V+23
j  java.lang.Thread.run()V+11 java.base@17.0.7
v  ~StubRoutines::call_stub

siginfo: EXCEPTION_ACCESS_VIOLATION (0xc0000005), reading address 0x0000000000000000


Register to memory mapping:

RIP=0x00007ff95fdf7a1c xerces-c_3_2.dll
RAX=0x0000009ae2cfe1b8 is pointing into the stack for thread: 0x000002004c92cf00
RBX=0x0000009ae2cfe1c8 is pointing into the stack for thread: 0x000002004c92cf00
RCX=0x0000009ae2cfe1c8 is pointing into the stack for thread: 0x000002004c92cf00
RDX=0x0 is NULL
RSP=0x0000009ae2cfe110 is pointing into the stack for thread: 0x000002004c92cf00
RBP=0x0000009ae2cfe940 is pointing into the stack for thread: 0x000002004c92cf00
RSI=0x0000009ae2cfea50 is pointing into the stack for thread: 0x000002004c92cf00
RDI=0x0000009ae2cfea00 is pointing into the stack for thread: 0x000002004c92cf00
R8 =0x0 is NULL
R9 =0x0 is NULL
R10=0x0000000000008000 is an unknown value
R11=0x0000009ae2cfe020 is pointing into the stack for thread: 0x000002004c92cf00
R12=0x000000000000000f is an unknown value
R13=0x7fffffffffffffff is an unknown value
R14=0xffffffffffffffff is an unknown value
R15=0x0 is NULL


Registers:
RAX=0x0000009ae2cfe1b8, RBX=0x0000009ae2cfe1c8, RCX=0x0000009ae2cfe1c8, RDX=0x0000000000000000
RSP=0x0000009ae2cfe110, RBP=0x0000009ae2cfe940, RSI=0x0000009ae2cfea50, RDI=0x0000009ae2cfea00
R8 =0x0000000000000000, R9 =0x0000000000000000, R10=0x0000000000008000, R11=0x0000009ae2cfe020
R12=0x000000000000000f, R13=0x7fffffffffffffff, R14=0xffffffffffffffff, R15=0x0000000000000000
RIP=0x00007ff95fdf7a1c, EFLAGS=0x0000000000010202

Top of Stack: (sp=0x0000009ae2cfe110)
0x0000009ae2cfe110:   0000000000000000 0000000000000000
0x0000009ae2cfe120:   000002004cf287c0 0000000000000044
0x0000009ae2cfe130:   0000000000000002 00007ff95fe39d5f
0x0000009ae2cfe140:   0000009ae2cfea00 00007ff9619f3ae4
0x0000009ae2cfe150:   00000000ffffffff 0000020016070000
0x0000009ae2cfe160:   0000000000000000 0000000000000000
0x0000009ae2cfe170:   fffffffffffffffe 0000000000000001
0x0000009ae2cfe180:   00000bf700000003 000000006780a443
0x0000009ae2cfe190:   fffffffffffffffe 0000000065af2c7e
0x0000009ae2cfe1a0:   00000befc34146ee 0000009ae2cfea50
0x0000009ae2cfe1b0:   0000009ae2cfea00 00007ff961b2151c
0x0000009ae2cfe1c0:   0000000000000002 0000000000000000
0x0000009ae2cfe1d0:   0000000000000000 0000009ae2cfea50
0x0000009ae2cfe1e0:   00000200162402ac 0000000000000000
0x0000009ae2cfe1f0:   0000000000000030 000002004f9a3a40
0x0000009ae2cfe200:   0000009ae2cfea50 0000000000000000 

Instructions: (pc=0x00007ff95fdf7a1c)
0x00007ff95fdf791c:   18 48 8b 4b 18 4c 8d 04 7d 02 00 00 00 48 8b d6
0x00007ff95fdf792c:   48 8b 5c 24 30 48 8b 74 24 38 48 83 c4 20 5f e9
0x00007ff95fdf793c:   12 71 12 00 48 85 d2 75 08 45 33 c0 e9 23 00 00
0x00007ff95fdf794c:   00 4c 8b c2 41 0f b7 00 49 83 c0 02 66 85 c0 75
0x00007ff95fdf795c:   f3 4c 2b c2 49 d1 f8 49 ff c8 e9 05 00 00 00 cc
0x00007ff95fdf796c:   cc cc cc cc 48 89 5c 24 08 48 89 74 24 10 57 48
0x00007ff95fdf797c:   83 ec 20 49 8b f8 48 8b f2 48 8b d9 4c 3b 41 10
0x00007ff95fdf798c:   72 2f 48 8b 49 28 48 8b 53 20 48 8b 01 ff 50 18
0x00007ff95fdf799c:   48 8b 4b 28 48 8d 57 01 48 89 53 10 48 03 d2 48
0x00007ff95fdf79ac:   c7 43 20 00 00 00 00 48 8b 01 ff 50 10 48 89 43
0x00007ff95fdf79bc:   20 48 8b 4b 20 4c 8d 04 7d 02 00 00 00 48 8b d6
0x00007ff95fdf79cc:   48 8b 5c 24 30 48 8b 74 24 38 48 83 c4 20 5f e9
0x00007ff95fdf79dc:   72 70 12 00 40 53 48 83 ec 20 48 8b d9 48 c7 01
0x00007ff95fdf79ec:   00 00 00 00 48 89 51 08 48 8b ca e8 64 13 00 00
0x00007ff95fdf79fc:   48 89 03 48 8b c3 48 83 c4 20 5b c3 cc cc cc cc
0x00007ff95fdf7a0c:   cc cc cc cc 40 53 48 83 ec 20 48 8b d9 48 89 11
0x00007ff95fdf7a1c:   48 8b 0a e8 ac 12 00 00 48 8b c3 48 83 c4 20 5b
0x00007ff95fdf7a2c:   c3 cc cc cc 40 53 48 83 ec 30 48 c7 44 24 20 fe
0x00007ff95fdf7a3c:   ff ff ff 48 8b d9 48 8b 09 48 85 c9 74 11 48 8b
0x00007ff95fdf7a4c:   53 08 e8 7d 0d 00 00 90 48 c7 03 00 00 00 00 48
0x00007ff95fdf7a5c:   83 c4 30 5b c3 cc cc cc cc cc cc cc cc cc cc cc
0x00007ff95fdf7a6c:   cc cc cc cc 48 83 ec 38 48 c7 44 24 20 fe ff ff
0x00007ff95fdf7a7c:   ff 48 8b 09 48 8b 09 e8 48 1b 00 00 90 48 83 c4
0x00007ff95fdf7a8c:   38 c3 cc cc 40 53 48 83 ec 20 48 8b d9 48 8b 0d
0x00007ff95fdf7a9c:   c0 22 2a 00 48 c7 03 00 00 00 00 48 89 4b 08 e8
0x00007ff95fdf7aac:   b0 12 00 00 48 89 03 48 83 c4 20 5b c3 cc cc cc
0x00007ff95fdf7abc:   cc cc cc cc 48 8b 09 e9 08 12 00 00 cc cc cc cc
0x00007ff95fdf7acc:   cc cc cc cc 48 8b 09 e9 f8 1a 00 00 cc cc cc cc
0x00007ff95fdf7adc:   cc cc cc cc 83 f9 08 77 56 48 63 c1 48 8d 15 11
0x00007ff95fdf7aec:   85 ff ff 8b 8c 82 44 7b 00 00 48 03 ca ff e1 48
0x00007ff95fdf7afc:   8d 05 46 6d 14 00 c3 48 8d 05 66 6d 14 00 c3 48
0x00007ff95fdf7b0c:   8d 05 8e 6d 14 00 c3 48 8d 05 a6 6d 14 00 c3 48 


Stack slot to memory mapping:
stack at sp + 0 slots: 0x0 is NULL
stack at sp + 1 slots: 0x0 is NULL
stack at sp + 2 slots: 0x000002004cf287c0 points into unknown readable memory: 0x005c003f003f005c | 5c 00 3f 00 3f 00 5c 00
stack at sp + 3 slots: 0x0000000000000044 is an unknown value
stack at sp + 4 slots: 0x0000000000000002 is an unknown value
stack at sp + 5 slots: 0x00007ff95fe39d5f xerces-c_3_2.dll
stack at sp + 6 slots: 0x0000009ae2cfea00 is pointing into the stack for thread: 0x000002004c92cf00
stack at sp + 7 slots: 0x00007ff9619f3ae4 librdi_common.dll


---------------  P R O C E S S  ---------------

Threads class SMR info:
_java_thread_list=0x000002004d4b1210, length=30, elements={
0x000002001fbf7b80, 0x00000200204502a0, 0x0000020020451370, 0x0000020020470950,
0x0000020020463f10, 0x00000200204647d0, 0x00000200204658a0, 0x0000020020471890,
0x0000020020473c00, 0x000002002046b850, 0x00000200480fa640, 0x00000200480fb320,
0x00000200485b5bd0, 0x00000200489c24f0, 0x000002004b9c67c0, 0x000002004b6b6160,
0x000002004b6b6630, 0x000002004ba47ba0, 0x000002004ba493b0, 0x000002004ba48070,
0x000002004ba45ec0, 0x000002004c92a3b0, 0x000002004c92cf00, 0x000002004c92fa50,
0x000002004c92f580, 0x000002004c928200, 0x000002004c9286d0, 0x000002004c928ba0,
0x000002004c92b6f0, 0x000002004c92e240
}

Java Threads: ( => current thread )
  0x000002001fbf7b80 JavaThread "main" [_thread_blocked, id=11016, stack(0x0000009ad6100000,0x0000009ad6200000)]
  0x00000200204502a0 JavaThread "Reference Handler" daemon [_thread_blocked, id=5076, stack(0x0000009ad6900000,0x0000009ad7300000)]
  0x0000020020451370 JavaThread "Finalizer" daemon [_thread_blocked, id=9764, stack(0x0000009ad7300000,0x0000009ad7d00000)]
  0x0000020020470950 JavaThread "Signal Dispatcher" daemon [_thread_blocked, id=14444, stack(0x0000009ad7d00000,0x0000009ad8700000)]
  0x0000020020463f10 JavaThread "Attach Listener" daemon [_thread_blocked, id=15008, stack(0x0000009ad8700000,0x0000009ad9100000)]
  0x00000200204647d0 JavaThread "Service Thread" daemon [_thread_blocked, id=4576, stack(0x0000009ad9100000,0x0000009ad9b00000)]
  0x00000200204658a0 JavaThread "Monitor Deflation Thread" daemon [_thread_blocked, id=1052, stack(0x0000009ad9b00000,0x0000009ada500000)]
  0x0000020020471890 JavaThread "C2 CompilerThread0" daemon [_thread_blocked, id=12872, stack(0x0000009ada500000,0x0000009ada600000)]
  0x0000020020473c00 JavaThread "C1 CompilerThread0" daemon [_thread_blocked, id=14044, stack(0x0000009ada600000,0x0000009ada700000)]
  0x000002002046b850 JavaThread "Sweeper thread" daemon [_thread_blocked, id=9672, stack(0x0000009ada700000,0x0000009adb100000)]
  0x00000200480fa640 JavaThread "Common-Cleaner" daemon [_thread_blocked, id=21684, stack(0x0000009adb100000,0x0000009adbb00000)]
  0x00000200480fb320 JavaThread "Notification Thread" daemon [_thread_blocked, id=15292, stack(0x0000009adbb00000,0x0000009adc500000)]
  0x00000200485b5bd0 JavaThread "Java2D Disposer" daemon [_thread_blocked, id=25376, stack(0x0000009adc600000,0x0000009add000000)]
  0x00000200489c24f0 JavaThread "AWT-Windows" daemon [_thread_in_native, id=5284, stack(0x0000009adda00000,0x0000009ade400000)]
  0x000002004b9c67c0 JavaThread "TimerQueue" daemon [_thread_blocked, id=19500, stack(0x0000009add000000,0x0000009adda00000)]
  0x000002004b6b6160 JavaThread "AWT-Shutdown" [_thread_blocked, id=19052, stack(0x0000009ade400000,0x0000009adee00000)]
  0x000002004b6b6630 JavaThread "AWT-EventQueue-0" [_thread_blocked, id=21936, stack(0x0000009adee00000,0x0000009adf800000)]
  0x000002004ba47ba0 JavaThread "Thread-1" [_thread_in_native, id=8204, stack(0x0000009ad4900000,0x0000009ad5d00000)]
  0x000002004ba493b0 JavaThread "Process Messages Thread" [_thread_blocked, id=19056, stack(0x0000009ae0d00000,0x0000009ae1700000)]
  0x000002004ba48070 JavaThread "Batik CleanerThread" daemon [_thread_blocked, id=10628, stack(0x0000009ae1700000,0x0000009ae2100000)]
  0x000002004ba45ec0 JavaThread "SyntheticaCleanerThread" daemon [_thread_blocked, id=12468, stack(0x0000009ae2d00000,0x0000009ae3700000)]
  0x000002004c92a3b0 JavaThread "Image Fetcher 0" daemon [_thread_blocked, id=11768, stack(0x0000009ae0100000,0x0000009ae0b00000)]
=>0x000002004c92cf00 JavaThread "NewProject Thread" [_thread_in_native, id=1368, stack(0x0000009ae2300000,0x0000009ae2d00000)]
  0x000002004c92fa50 JavaThread "Timer-0" [_thread_blocked, id=2980, stack(0x0000009ae3700000,0x0000009ae4100000)]
  0x000002004c92f580 JavaThread "Monitor File Timestamp Swing Worker Thread" [_thread_blocked, id=6168, stack(0x0000009ae4100000,0x0000009ae4b00000)]
  0x000002004c928200 JavaThread "Monitor HEventQueue Thread" [_thread_blocked, id=11784, stack(0x0000009ae4c00000,0x0000009ae5600000)]
  0x000002004c9286d0 JavaThread "SyntheticaAnimation 50" daemon [_thread_blocked, id=5580, stack(0x0000009ae5600000,0x0000009ae6000000)]
  0x000002004c928ba0 JavaThread "SyntheticaAnimation 25" daemon [_thread_blocked, id=16096, stack(0x0000009ae6000000,0x0000009ae6a00000)]
  0x000002004c92b6f0 JavaThread "Open Project Thread" [_thread_in_native, id=18596, stack(0x0000009ae6a00000,0x0000009ae7400000)]
  0x000002004c92e240 JavaThread "SyntheticaAnimation 70" daemon [_thread_blocked, id=3424, stack(0x0000009ae7400000,0x0000009ae7e00000)]

Other Threads:
  0x000002001f8e1590 VMThread "VM Thread" [stack: 0x0000009ad6800000,0x0000009ad6900000] [id=9260]
  0x000002001dd69aa0 WatcherThread [stack: 0x0000009adc500000,0x0000009adc600000] [id=7112]
  0x000002001ed1d980 GCTaskThread "GC Thread#0" [stack: 0x0000009ad6200000,0x0000009ad6300000] [id=10640]
  0x000002001ed1e440 GCTaskThread "GC Thread#1" [stack: 0x0000009ad4800000,0x0000009ad4900000] [id=21920]
  0x000002001ed1bea0 GCTaskThread "GC Thread#2" [stack: 0x0000009adf800000,0x0000009adf900000] [id=25352]
  0x000002001ed1e6f0 GCTaskThread "GC Thread#3" [stack: 0x0000009adf900000,0x0000009adfa00000] [id=23372]
  0x000002001ed1c6b0 GCTaskThread "GC Thread#4" [stack: 0x0000009adfa00000,0x0000009adfb00000] [id=16684]
  0x000002001ed1c960 GCTaskThread "GC Thread#5" [stack: 0x0000009adfb00000,0x0000009adfc00000] [id=19340]
  0x000002001ed168a0 GCTaskThread "GC Thread#6" [stack: 0x0000009adfc00000,0x0000009adfd00000] [id=15320]
  0x000002001ed1e9a0 GCTaskThread "GC Thread#7" [stack: 0x0000009adfd00000,0x0000009adfe00000] [id=21228]
  0x000002001ed1ec50 GCTaskThread "GC Thread#8" [stack: 0x0000009adfe00000,0x0000009adff00000] [id=13528]
  0x000002001ed20730 GCTaskThread "GC Thread#9" [stack: 0x0000009adff00000,0x0000009ae0000000] [id=9836]
  0x00000200201d42d0 ConcurrentGCThread "G1 Main Marker" [stack: 0x0000009ad6300000,0x0000009ad6400000] [id=18296]
  0x000002001ed1a110 ConcurrentGCThread "G1 Conc#0" [stack: 0x0000009ad6400000,0x0000009ad6500000] [id=13452]
  0x000002001ed1fc70 ConcurrentGCThread "G1 Conc#1" [stack: 0x0000009ae0b00000,0x0000009ae0c00000] [id=14204]
  0x000002001ed1ff20 ConcurrentGCThread "G1 Conc#2" [stack: 0x0000009ae0c00000,0x0000009ae0d00000] [id=20360]
  0x0000020020328010 ConcurrentGCThread "G1 Refine#0" [stack: 0x0000009ad6500000,0x0000009ad6600000] [id=6884]
  0x000002004b9c8910 ConcurrentGCThread "G1 Refine#1" [stack: 0x0000009ae0000000,0x0000009ae0100000] [id=13884]
  0x000002001c2cd9a0 ConcurrentGCThread "G1 Service" [stack: 0x0000009ad6600000,0x0000009ad6700000] [id=18660]
  0x000002001ed1a920 ConcurrentGCThread "StringDedupProcessor" [stack: 0x0000009ad6700000,0x0000009ad6800000] [id=17512]

Threads with active compile tasks:

VM state: not at safepoint (normal execution)

VM Mutex/Monitor currently owned by a thread: None

Heap address: 0x0000000701800000, size: 4072 MB, Compressed Oops mode: Zero based, Oop shift amount: 3

CDS archive(s) mapped at: [0x0000000800000000-0x0000000800bc0000-0x0000000800bc0000), size 12320768, SharedBaseAddress: 0x0000000800000000, ArchiveRelocationMode: 0.
Compressed class space mapped at: 0x0000000801000000-0x0000000841000000, reserved size: 1073741824
Narrow klass base: 0x0000000800000000, Narrow klass shift: 0, Narrow klass range: 0x100000000

GC Precious Log:
 CPUs: 12 total, 12 available
 Memory: 32699M
 Large Page Support: Disabled
 NUMA Support: Disabled
 Compressed Oops: Enabled (Zero based)
 Heap Region Size: 2M
 Heap Min Capacity: 512M
 Heap Initial Capacity: 512M
 Heap Max Capacity: 4072M
 Pre-touch: Disabled
 Parallel Workers: 10
 Concurrent Workers: 3
 Concurrent Refinement Workers: 10
 Periodic GC: Disabled
 String Deduplication is enabled

Heap:
 garbage-first heap   total 524288K, used 115293K [0x0000000701800000, 0x0000000800000000)
  region size 2048K, 26 young (53248K), 5 survivors (10240K)
 Metaspace       used 55329K, committed 55680K, reserved 1114112K
  class space    used 7423K, committed 7616K, reserved 1048576K

Heap Regions: E=young(eden), S=young(survivor), O=old, HS=humongous(starts), HC=humongous(continues), CS=collection set, F=free, OA=open archive, CA=closed archive, TAMS=top-at-mark-start (previous, next)
|   0|0x0000000701800000, 0x0000000701a00000, 0x0000000701a00000|100%|HS|  |TAMS 0x0000000701a00000, 0x0000000701800000| Complete 
|   1|0x0000000701a00000, 0x0000000701c00000, 0x0000000701c00000|100%| O|  |TAMS 0x0000000701c00000, 0x0000000701a00000| Untracked 
|   2|0x0000000701c00000, 0x0000000701e00000, 0x0000000701e00000|100%| O|  |TAMS 0x0000000701e00000, 0x0000000701c00000| Untracked 
|   3|0x0000000701e00000, 0x0000000702000000, 0x0000000702000000|100%| O|  |TAMS 0x0000000702000000, 0x0000000701e00000| Untracked 
|   4|0x0000000702000000, 0x0000000702200000, 0x0000000702200000|100%| O|  |TAMS 0x0000000702200000, 0x0000000702000000| Untracked 
|   5|0x0000000702200000, 0x0000000702400000, 0x0000000702400000|100%| O|  |TAMS 0x0000000702400000, 0x0000000702200000| Untracked 
|   6|0x0000000702400000, 0x0000000702600000, 0x0000000702600000|100%| O|  |TAMS 0x0000000702600000, 0x0000000702400000| Untracked 
|   7|0x0000000702600000, 0x0000000702800000, 0x0000000702800000|100%| O|  |TAMS 0x0000000702800000, 0x0000000702600000| Untracked 
|   8|0x0000000702800000, 0x0000000702a00000, 0x0000000702a00000|100%| O|  |TAMS 0x0000000702a00000, 0x0000000702800000| Untracked 
|   9|0x0000000702a00000, 0x0000000702c00000, 0x0000000702c00000|100%| O|  |TAMS 0x0000000702c00000, 0x0000000702a00000| Untracked 
|  10|0x0000000702c00000, 0x0000000702d0bc00, 0x0000000702e00000| 52%| O|  |TAMS 0x0000000702d0bc00, 0x0000000702c00000| Untracked 
|  11|0x0000000702e00000, 0x0000000703000000, 0x0000000703000000|100%| O|  |TAMS 0x0000000702e00000, 0x0000000702e00000| Untracked 
|  12|0x0000000703000000, 0x0000000703200000, 0x0000000703200000|100%| O|  |TAMS 0x0000000703000000, 0x0000000703000000| Untracked 
|  13|0x0000000703200000, 0x0000000703400000, 0x0000000703400000|100%| O|  |TAMS 0x0000000703200000, 0x0000000703200000| Untracked 
|  14|0x0000000703400000, 0x0000000703600000, 0x0000000703600000|100%| O|  |TAMS 0x0000000703400000, 0x0000000703400000| Untracked 
|  15|0x0000000703600000, 0x0000000703800000, 0x0000000703800000|100%| O|  |TAMS 0x0000000703600000, 0x0000000703600000| Untracked 
|  16|0x0000000703800000, 0x0000000703a00000, 0x0000000703a00000|100%|HS|  |TAMS 0x0000000703a00000, 0x0000000703800000| Complete 
|  17|0x0000000703a00000, 0x0000000703c00000, 0x0000000703c00000|100%|HC|  |TAMS 0x0000000703c00000, 0x0000000703a00000| Complete 
|  18|0x0000000703c00000, 0x0000000703e00000, 0x0000000703e00000|100%|HC|  |TAMS 0x0000000703e00000, 0x0000000703c00000| Complete 
|  19|0x0000000703e00000, 0x0000000704000000, 0x0000000704000000|100%|HC|  |TAMS 0x0000000704000000, 0x0000000703e00000| Complete 
|  20|0x0000000704000000, 0x0000000704200000, 0x0000000704200000|100%|HC|  |TAMS 0x0000000704200000, 0x0000000704000000| Complete 
|  21|0x0000000704200000, 0x0000000704400000, 0x0000000704400000|100%|HC|  |TAMS 0x0000000704400000, 0x0000000704200000| Complete 
|  22|0x0000000704400000, 0x0000000704600000, 0x0000000704600000|100%| O|  |TAMS 0x0000000704400000, 0x0000000704400000| Untracked 
|  23|0x0000000704600000, 0x0000000704800000, 0x0000000704800000|100%| O|  |TAMS 0x0000000704600000, 0x0000000704600000| Untracked 
|  24|0x0000000704800000, 0x0000000704a00000, 0x0000000704a00000|100%| O|  |TAMS 0x0000000704800000, 0x0000000704800000| Untracked 
|  25|0x0000000704a00000, 0x0000000704b8ba00, 0x0000000704c00000| 77%| O|  |TAMS 0x0000000704a00000, 0x0000000704a00000| Untracked 
|  26|0x0000000704c00000, 0x0000000704e00000, 0x0000000704e00000|100%|HS|  |TAMS 0x0000000704c00000, 0x0000000704c00000| Complete 
|  27|0x0000000704e00000, 0x0000000705000000, 0x0000000705000000|100%|HC|  |TAMS 0x0000000704e00000, 0x0000000704e00000| Complete 
|  28|0x0000000705000000, 0x0000000705200000, 0x0000000705200000|100%|HC|  |TAMS 0x0000000705000000, 0x0000000705000000| Complete 
|  29|0x0000000705200000, 0x0000000705400000, 0x0000000705400000|100%|HC|  |TAMS 0x0000000705200000, 0x0000000705200000| Complete 
|  30|0x0000000705400000, 0x0000000705400000, 0x0000000705600000|  0%| F|  |TAMS 0x0000000705400000, 0x0000000705400000| Untracked 
|  31|0x0000000705600000, 0x0000000705600000, 0x0000000705800000|  0%| F|  |TAMS 0x0000000705600000, 0x0000000705600000| Untracked 
|  32|0x0000000705800000, 0x0000000705800000, 0x0000000705a00000|  0%| F|  |TAMS 0x0000000705800000, 0x0000000705800000| Untracked 
|  33|0x0000000705a00000, 0x0000000705a00000, 0x0000000705c00000|  0%| F|  |TAMS 0x0000000705a00000, 0x0000000705a00000| Untracked 
|  34|0x0000000705c00000, 0x0000000705e00000, 0x0000000705e00000|100%| O|  |TAMS 0x0000000705c00000, 0x0000000705c00000| Untracked 
|  35|0x0000000705e00000, 0x0000000706000000, 0x0000000706000000|100%| O|  |TAMS 0x0000000705e00000, 0x0000000705e00000| Untracked 
|  36|0x0000000706000000, 0x0000000706200000, 0x0000000706200000|100%| O|  |TAMS 0x0000000706000000, 0x0000000706000000| Untracked 
|  37|0x0000000706200000, 0x0000000706200000, 0x0000000706400000|  0%| F|  |TAMS 0x0000000706200000, 0x0000000706200000| Untracked 
|  38|0x0000000706400000, 0x0000000706400000, 0x0000000706600000|  0%| F|  |TAMS 0x0000000706400000, 0x0000000706400000| Untracked 
|  39|0x0000000706600000, 0x0000000706600000, 0x0000000706800000|  0%| F|  |TAMS 0x0000000706600000, 0x0000000706600000| Untracked 
|  40|0x0000000706800000, 0x0000000706800000, 0x0000000706a00000|  0%| F|  |TAMS 0x0000000706800000, 0x0000000706800000| Untracked 
|  41|0x0000000706a00000, 0x0000000706a00000, 0x0000000706c00000|  0%| F|  |TAMS 0x0000000706a00000, 0x0000000706a00000| Untracked 
|  42|0x0000000706c00000, 0x0000000706c00000, 0x0000000706e00000|  0%| F|  |TAMS 0x0000000706c00000, 0x0000000706c00000| Untracked 
|  43|0x0000000706e00000, 0x0000000706e00000, 0x0000000707000000|  0%| F|  |TAMS 0x0000000706e00000, 0x0000000706e00000| Untracked 
|  44|0x0000000707000000, 0x0000000707000000, 0x0000000707200000|  0%| F|  |TAMS 0x0000000707000000, 0x0000000707000000| Untracked 
|  45|0x0000000707200000, 0x0000000707200000, 0x0000000707400000|  0%| F|  |TAMS 0x0000000707200000, 0x0000000707200000| Untracked 
|  46|0x0000000707400000, 0x0000000707400000, 0x0000000707600000|  0%| F|  |TAMS 0x0000000707400000, 0x0000000707400000| Untracked 
|  47|0x0000000707600000, 0x0000000707600000, 0x0000000707800000|  0%| F|  |TAMS 0x0000000707600000, 0x0000000707600000| Untracked 
|  48|0x0000000707800000, 0x0000000707800000, 0x0000000707a00000|  0%| F|  |TAMS 0x0000000707800000, 0x0000000707800000| Untracked 
|  49|0x0000000707a00000, 0x0000000707a00000, 0x0000000707c00000|  0%| F|  |TAMS 0x0000000707a00000, 0x0000000707a00000| Untracked 
|  50|0x0000000707c00000, 0x0000000707c00000, 0x0000000707e00000|  0%| F|  |TAMS 0x0000000707c00000, 0x0000000707c00000| Untracked 
|  51|0x0000000707e00000, 0x0000000707e00000, 0x0000000708000000|  0%| F|  |TAMS 0x0000000707e00000, 0x0000000707e00000| Untracked 
|  52|0x0000000708000000, 0x0000000708000000, 0x0000000708200000|  0%| F|  |TAMS 0x0000000708000000, 0x0000000708000000| Untracked 
|  53|0x0000000708200000, 0x0000000708200000, 0x0000000708400000|  0%| F|  |TAMS 0x0000000708200000, 0x0000000708200000| Untracked 
|  54|0x0000000708400000, 0x0000000708400000, 0x0000000708600000|  0%| F|  |TAMS 0x0000000708400000, 0x0000000708400000| Untracked 
|  55|0x0000000708600000, 0x0000000708600000, 0x0000000708800000|  0%| F|  |TAMS 0x0000000708600000, 0x0000000708600000| Untracked 
|  56|0x0000000708800000, 0x0000000708800000, 0x0000000708a00000|  0%| F|  |TAMS 0x0000000708800000, 0x0000000708800000| Untracked 
|  57|0x0000000708a00000, 0x0000000708a00000, 0x0000000708c00000|  0%| F|  |TAMS 0x0000000708a00000, 0x0000000708a00000| Untracked 
|  58|0x0000000708c00000, 0x0000000708c00000, 0x0000000708e00000|  0%| F|  |TAMS 0x0000000708c00000, 0x0000000708c00000| Untracked 
|  59|0x0000000708e00000, 0x0000000708e00000, 0x0000000709000000|  0%| F|  |TAMS 0x0000000708e00000, 0x0000000708e00000| Untracked 
|  60|0x0000000709000000, 0x0000000709000000, 0x0000000709200000|  0%| F|  |TAMS 0x0000000709000000, 0x0000000709000000| Untracked 
|  61|0x0000000709200000, 0x0000000709200000, 0x0000000709400000|  0%| F|  |TAMS 0x0000000709200000, 0x0000000709200000| Untracked 
|  62|0x0000000709400000, 0x0000000709400000, 0x0000000709600000|  0%| F|  |TAMS 0x0000000709400000, 0x0000000709400000| Untracked 
|  63|0x0000000709600000, 0x0000000709600000, 0x0000000709800000|  0%| F|  |TAMS 0x0000000709600000, 0x0000000709600000| Untracked 
|  64|0x0000000709800000, 0x0000000709800000, 0x0000000709a00000|  0%| F|  |TAMS 0x0000000709800000, 0x0000000709800000| Untracked 
|  65|0x0000000709a00000, 0x0000000709a00000, 0x0000000709c00000|  0%| F|  |TAMS 0x0000000709a00000, 0x0000000709a00000| Untracked 
|  66|0x0000000709c00000, 0x0000000709c00000, 0x0000000709e00000|  0%| F|  |TAMS 0x0000000709c00000, 0x0000000709c00000| Untracked 
|  67|0x0000000709e00000, 0x0000000709e00000, 0x000000070a000000|  0%| F|  |TAMS 0x0000000709e00000, 0x0000000709e00000| Untracked 
|  68|0x000000070a000000, 0x000000070a000000, 0x000000070a200000|  0%| F|  |TAMS 0x000000070a000000, 0x000000070a000000| Untracked 
|  69|0x000000070a200000, 0x000000070a200000, 0x000000070a400000|  0%| F|  |TAMS 0x000000070a200000, 0x000000070a200000| Untracked 
|  70|0x000000070a400000, 0x000000070a400000, 0x000000070a600000|  0%| F|  |TAMS 0x000000070a400000, 0x000000070a400000| Untracked 
|  71|0x000000070a600000, 0x000000070a600000, 0x000000070a800000|  0%| F|  |TAMS 0x000000070a600000, 0x000000070a600000| Untracked 
|  72|0x000000070a800000, 0x000000070a800000, 0x000000070aa00000|  0%| F|  |TAMS 0x000000070a800000, 0x000000070a800000| Untracked 
|  73|0x000000070aa00000, 0x000000070aa00000, 0x000000070ac00000|  0%| F|  |TAMS 0x000000070aa00000, 0x000000070aa00000| Untracked 
|  74|0x000000070ac00000, 0x000000070ac00000, 0x000000070ae00000|  0%| F|  |TAMS 0x000000070ac00000, 0x000000070ac00000| Untracked 
|  75|0x000000070ae00000, 0x000000070ae00000, 0x000000070b000000|  0%| F|  |TAMS 0x000000070ae00000, 0x000000070ae00000| Untracked 
|  76|0x000000070b000000, 0x000000070b000000, 0x000000070b200000|  0%| F|  |TAMS 0x000000070b000000, 0x000000070b000000| Untracked 
|  77|0x000000070b200000, 0x000000070b200000, 0x000000070b400000|  0%| F|  |TAMS 0x000000070b200000, 0x000000070b200000| Untracked 
|  78|0x000000070b400000, 0x000000070b400000, 0x000000070b600000|  0%| F|  |TAMS 0x000000070b400000, 0x000000070b400000| Untracked 
|  79|0x000000070b600000, 0x000000070b600000, 0x000000070b800000|  0%| F|  |TAMS 0x000000070b600000, 0x000000070b600000| Untracked 
|  80|0x000000070b800000, 0x000000070b800000, 0x000000070ba00000|  0%| F|  |TAMS 0x000000070b800000, 0x000000070b800000| Untracked 
|  81|0x000000070ba00000, 0x000000070ba00000, 0x000000070bc00000|  0%| F|  |TAMS 0x000000070ba00000, 0x000000070ba00000| Untracked 
|  82|0x000000070bc00000, 0x000000070bc00000, 0x000000070be00000|  0%| F|  |TAMS 0x000000070bc00000, 0x000000070bc00000| Untracked 
|  83|0x000000070be00000, 0x000000070be00000, 0x000000070c000000|  0%| F|  |TAMS 0x000000070be00000, 0x000000070be00000| Untracked 
|  84|0x000000070c000000, 0x000000070c000000, 0x000000070c200000|  0%| F|  |TAMS 0x000000070c000000, 0x000000070c000000| Untracked 
|  85|0x000000070c200000, 0x000000070c200000, 0x000000070c400000|  0%| F|  |TAMS 0x000000070c200000, 0x000000070c200000| Untracked 
|  86|0x000000070c400000, 0x000000070c400000, 0x000000070c600000|  0%| F|  |TAMS 0x000000070c400000, 0x000000070c400000| Untracked 
|  87|0x000000070c600000, 0x000000070c600000, 0x000000070c800000|  0%| F|  |TAMS 0x000000070c600000, 0x000000070c600000| Untracked 
|  88|0x000000070c800000, 0x000000070c800000, 0x000000070ca00000|  0%| F|  |TAMS 0x000000070c800000, 0x000000070c800000| Untracked 
|  89|0x000000070ca00000, 0x000000070ca00000, 0x000000070cc00000|  0%| F|  |TAMS 0x000000070ca00000, 0x000000070ca00000| Untracked 
|  90|0x000000070cc00000, 0x000000070cc00000, 0x000000070ce00000|  0%| F|  |TAMS 0x000000070cc00000, 0x000000070cc00000| Untracked 
|  91|0x000000070ce00000, 0x000000070ce00000, 0x000000070d000000|  0%| F|  |TAMS 0x000000070ce00000, 0x000000070ce00000| Untracked 
|  92|0x000000070d000000, 0x000000070d000000, 0x000000070d200000|  0%| F|  |TAMS 0x000000070d000000, 0x000000070d000000| Untracked 
|  93|0x000000070d200000, 0x000000070d200000, 0x000000070d400000|  0%| F|  |TAMS 0x000000070d200000, 0x000000070d200000| Untracked 
|  94|0x000000070d400000, 0x000000070d400000, 0x000000070d600000|  0%| F|  |TAMS 0x000000070d400000, 0x000000070d400000| Untracked 
|  95|0x000000070d600000, 0x000000070d600000, 0x000000070d800000|  0%| F|  |TAMS 0x000000070d600000, 0x000000070d600000| Untracked 
|  96|0x000000070d800000, 0x000000070d800000, 0x000000070da00000|  0%| F|  |TAMS 0x000000070d800000, 0x000000070d800000| Untracked 
|  97|0x000000070da00000, 0x000000070da00000, 0x000000070dc00000|  0%| F|  |TAMS 0x000000070da00000, 0x000000070da00000| Untracked 
|  98|0x000000070dc00000, 0x000000070dc00000, 0x000000070de00000|  0%| F|  |TAMS 0x000000070dc00000, 0x000000070dc00000| Untracked 
|  99|0x000000070de00000, 0x000000070de00000, 0x000000070e000000|  0%| F|  |TAMS 0x000000070de00000, 0x000000070de00000| Untracked 
| 100|0x000000070e000000, 0x000000070e000000, 0x000000070e200000|  0%| F|  |TAMS 0x000000070e000000, 0x000000070e000000| Untracked 
| 101|0x000000070e200000, 0x000000070e200000, 0x000000070e400000|  0%| F|  |TAMS 0x000000070e200000, 0x000000070e200000| Untracked 
| 102|0x000000070e400000, 0x000000070e400000, 0x000000070e600000|  0%| F|  |TAMS 0x000000070e400000, 0x000000070e400000| Untracked 
| 103|0x000000070e600000, 0x000000070e600000, 0x000000070e800000|  0%| F|  |TAMS 0x000000070e600000, 0x000000070e600000| Untracked 
| 104|0x000000070e800000, 0x000000070e800000, 0x000000070ea00000|  0%| F|  |TAMS 0x000000070e800000, 0x000000070e800000| Untracked 
| 105|0x000000070ea00000, 0x000000070ea00000, 0x000000070ec00000|  0%| F|  |TAMS 0x000000070ea00000, 0x000000070ea00000| Untracked 
| 106|0x000000070ec00000, 0x000000070ec00000, 0x000000070ee00000|  0%| F|  |TAMS 0x000000070ec00000, 0x000000070ec00000| Untracked 
| 107|0x000000070ee00000, 0x000000070ee00000, 0x000000070f000000|  0%| F|  |TAMS 0x000000070ee00000, 0x000000070ee00000| Untracked 
| 108|0x000000070f000000, 0x000000070f000000, 0x000000070f200000|  0%| F|  |TAMS 0x000000070f000000, 0x000000070f000000| Untracked 
| 109|0x000000070f200000, 0x000000070f200000, 0x000000070f400000|  0%| F|  |TAMS 0x000000070f200000, 0x000000070f200000| Untracked 
| 110|0x000000070f400000, 0x000000070f400000, 0x000000070f600000|  0%| F|  |TAMS 0x000000070f400000, 0x000000070f400000| Untracked 
| 111|0x000000070f600000, 0x000000070f600000, 0x000000070f800000|  0%| F|  |TAMS 0x000000070f600000, 0x000000070f600000| Untracked 
| 112|0x000000070f800000, 0x000000070f800000, 0x000000070fa00000|  0%| F|  |TAMS 0x000000070f800000, 0x000000070f800000| Untracked 
| 113|0x000000070fa00000, 0x000000070fa00000, 0x000000070fc00000|  0%| F|  |TAMS 0x000000070fa00000, 0x000000070fa00000| Untracked 
| 114|0x000000070fc00000, 0x000000070fc00000, 0x000000070fe00000|  0%| F|  |TAMS 0x000000070fc00000, 0x000000070fc00000| Untracked 
| 115|0x000000070fe00000, 0x000000070fe00000, 0x0000000710000000|  0%| F|  |TAMS 0x000000070fe00000, 0x000000070fe00000| Untracked 
| 116|0x0000000710000000, 0x0000000710000000, 0x0000000710200000|  0%| F|  |TAMS 0x0000000710000000, 0x0000000710000000| Untracked 
| 117|0x0000000710200000, 0x0000000710200000, 0x0000000710400000|  0%| F|  |TAMS 0x0000000710200000, 0x0000000710200000| Untracked 
| 118|0x0000000710400000, 0x0000000710400000, 0x0000000710600000|  0%| F|  |TAMS 0x0000000710400000, 0x0000000710400000| Untracked 
| 119|0x0000000710600000, 0x0000000710600000, 0x0000000710800000|  0%| F|  |TAMS 0x0000000710600000, 0x0000000710600000| Untracked 
| 120|0x0000000710800000, 0x0000000710800000, 0x0000000710a00000|  0%| F|  |TAMS 0x0000000710800000, 0x0000000710800000| Untracked 
| 121|0x0000000710a00000, 0x0000000710a00000, 0x0000000710c00000|  0%| F|  |TAMS 0x0000000710a00000, 0x0000000710a00000| Untracked 
| 122|0x0000000710c00000, 0x0000000710c00000, 0x0000000710e00000|  0%| F|  |TAMS 0x0000000710c00000, 0x0000000710c00000| Untracked 
| 123|0x0000000710e00000, 0x0000000710e00000, 0x0000000711000000|  0%| F|  |TAMS 0x0000000710e00000, 0x0000000710e00000| Untracked 
| 124|0x0000000711000000, 0x0000000711000000, 0x0000000711200000|  0%| F|  |TAMS 0x0000000711000000, 0x0000000711000000| Untracked 
| 125|0x0000000711200000, 0x0000000711200000, 0x0000000711400000|  0%| F|  |TAMS 0x0000000711200000, 0x0000000711200000| Untracked 
| 126|0x0000000711400000, 0x0000000711400000, 0x0000000711600000|  0%| F|  |TAMS 0x0000000711400000, 0x0000000711400000| Untracked 
| 127|0x0000000711600000, 0x0000000711600000, 0x0000000711800000|  0%| F|  |TAMS 0x0000000711600000, 0x0000000711600000| Untracked 
| 128|0x0000000711800000, 0x0000000711800000, 0x0000000711a00000|  0%| F|  |TAMS 0x0000000711800000, 0x0000000711800000| Untracked 
| 129|0x0000000711a00000, 0x0000000711a00000, 0x0000000711c00000|  0%| F|  |TAMS 0x0000000711a00000, 0x0000000711a00000| Untracked 
| 130|0x0000000711c00000, 0x0000000711c00000, 0x0000000711e00000|  0%| F|  |TAMS 0x0000000711c00000, 0x0000000711c00000| Untracked 
| 131|0x0000000711e00000, 0x0000000711e00000, 0x0000000712000000|  0%| F|  |TAMS 0x0000000711e00000, 0x0000000711e00000| Untracked 
| 132|0x0000000712000000, 0x0000000712000000, 0x0000000712200000|  0%| F|  |TAMS 0x0000000712000000, 0x0000000712000000| Untracked 
| 133|0x0000000712200000, 0x0000000712200000, 0x0000000712400000|  0%| F|  |TAMS 0x0000000712200000, 0x0000000712200000| Untracked 
| 134|0x0000000712400000, 0x0000000712400000, 0x0000000712600000|  0%| F|  |TAMS 0x0000000712400000, 0x0000000712400000| Untracked 
| 135|0x0000000712600000, 0x0000000712600000, 0x0000000712800000|  0%| F|  |TAMS 0x0000000712600000, 0x0000000712600000| Untracked 
| 136|0x0000000712800000, 0x0000000712800000, 0x0000000712a00000|  0%| F|  |TAMS 0x0000000712800000, 0x0000000712800000| Untracked 
| 137|0x0000000712a00000, 0x0000000712a00000, 0x0000000712c00000|  0%| F|  |TAMS 0x0000000712a00000, 0x0000000712a00000| Untracked 
| 138|0x0000000712c00000, 0x0000000712c00000, 0x0000000712e00000|  0%| F|  |TAMS 0x0000000712c00000, 0x0000000712c00000| Untracked 
| 139|0x0000000712e00000, 0x0000000712e00000, 0x0000000713000000|  0%| F|  |TAMS 0x0000000712e00000, 0x0000000712e00000| Untracked 
| 140|0x0000000713000000, 0x0000000713000000, 0x0000000713200000|  0%| F|  |TAMS 0x0000000713000000, 0x0000000713000000| Untracked 
| 141|0x0000000713200000, 0x0000000713200000, 0x0000000713400000|  0%| F|  |TAMS 0x0000000713200000, 0x0000000713200000| Untracked 
| 142|0x0000000713400000, 0x0000000713400000, 0x0000000713600000|  0%| F|  |TAMS 0x0000000713400000, 0x0000000713400000| Untracked 
| 143|0x0000000713600000, 0x0000000713600000, 0x0000000713800000|  0%| F|  |TAMS 0x0000000713600000, 0x0000000713600000| Untracked 
| 144|0x0000000713800000, 0x0000000713800000, 0x0000000713a00000|  0%| F|  |TAMS 0x0000000713800000, 0x0000000713800000| Untracked 
| 145|0x0000000713a00000, 0x0000000713a00000, 0x0000000713c00000|  0%| F|  |TAMS 0x0000000713a00000, 0x0000000713a00000| Untracked 
| 146|0x0000000713c00000, 0x0000000713c00000, 0x0000000713e00000|  0%| F|  |TAMS 0x0000000713c00000, 0x0000000713c00000| Untracked 
| 147|0x0000000713e00000, 0x0000000713e00000, 0x0000000714000000|  0%| F|  |TAMS 0x0000000713e00000, 0x0000000713e00000| Untracked 
| 148|0x0000000714000000, 0x0000000714000000, 0x0000000714200000|  0%| F|  |TAMS 0x0000000714000000, 0x0000000714000000| Untracked 
| 149|0x0000000714200000, 0x0000000714200000, 0x0000000714400000|  0%| F|  |TAMS 0x0000000714200000, 0x0000000714200000| Untracked 
| 150|0x0000000714400000, 0x0000000714400000, 0x0000000714600000|  0%| F|  |TAMS 0x0000000714400000, 0x0000000714400000| Untracked 
| 151|0x0000000714600000, 0x0000000714600000, 0x0000000714800000|  0%| F|  |TAMS 0x0000000714600000, 0x0000000714600000| Untracked 
| 152|0x0000000714800000, 0x0000000714800000, 0x0000000714a00000|  0%| F|  |TAMS 0x0000000714800000, 0x0000000714800000| Untracked 
| 153|0x0000000714a00000, 0x0000000714a00000, 0x0000000714c00000|  0%| F|  |TAMS 0x0000000714a00000, 0x0000000714a00000| Untracked 
| 154|0x0000000714c00000, 0x0000000714c00000, 0x0000000714e00000|  0%| F|  |TAMS 0x0000000714c00000, 0x0000000714c00000| Untracked 
| 155|0x0000000714e00000, 0x0000000714e00000, 0x0000000715000000|  0%| F|  |TAMS 0x0000000714e00000, 0x0000000714e00000| Untracked 
| 156|0x0000000715000000, 0x0000000715000000, 0x0000000715200000|  0%| F|  |TAMS 0x0000000715000000, 0x0000000715000000| Untracked 
| 157|0x0000000715200000, 0x0000000715200000, 0x0000000715400000|  0%| F|  |TAMS 0x0000000715200000, 0x0000000715200000| Untracked 
| 158|0x0000000715400000, 0x0000000715400000, 0x0000000715600000|  0%| F|  |TAMS 0x0000000715400000, 0x0000000715400000| Untracked 
| 159|0x0000000715600000, 0x0000000715600000, 0x0000000715800000|  0%| F|  |TAMS 0x0000000715600000, 0x0000000715600000| Untracked 
| 160|0x0000000715800000, 0x0000000715800000, 0x0000000715a00000|  0%| F|  |TAMS 0x0000000715800000, 0x0000000715800000| Untracked 
| 161|0x0000000715a00000, 0x0000000715a00000, 0x0000000715c00000|  0%| F|  |TAMS 0x0000000715a00000, 0x0000000715a00000| Untracked 
| 162|0x0000000715c00000, 0x0000000715c00000, 0x0000000715e00000|  0%| F|  |TAMS 0x0000000715c00000, 0x0000000715c00000| Untracked 
| 163|0x0000000715e00000, 0x0000000715e00000, 0x0000000716000000|  0%| F|  |TAMS 0x0000000715e00000, 0x0000000715e00000| Untracked 
| 164|0x0000000716000000, 0x0000000716000000, 0x0000000716200000|  0%| F|  |TAMS 0x0000000716000000, 0x0000000716000000| Untracked 
| 165|0x0000000716200000, 0x0000000716200000, 0x0000000716400000|  0%| F|  |TAMS 0x0000000716200000, 0x0000000716200000| Untracked 
| 166|0x0000000716400000, 0x0000000716400000, 0x0000000716600000|  0%| F|  |TAMS 0x0000000716400000, 0x0000000716400000| Untracked 
| 167|0x0000000716600000, 0x0000000716600000, 0x0000000716800000|  0%| F|  |TAMS 0x0000000716600000, 0x0000000716600000| Untracked 
| 168|0x0000000716800000, 0x0000000716800000, 0x0000000716a00000|  0%| F|  |TAMS 0x0000000716800000, 0x0000000716800000| Untracked 
| 169|0x0000000716a00000, 0x0000000716a00000, 0x0000000716c00000|  0%| F|  |TAMS 0x0000000716a00000, 0x0000000716a00000| Untracked 
| 170|0x0000000716c00000, 0x0000000716c00000, 0x0000000716e00000|  0%| F|  |TAMS 0x0000000716c00000, 0x0000000716c00000| Untracked 
| 171|0x0000000716e00000, 0x0000000716e00000, 0x0000000717000000|  0%| F|  |TAMS 0x0000000716e00000, 0x0000000716e00000| Untracked 
| 172|0x0000000717000000, 0x0000000717000000, 0x0000000717200000|  0%| F|  |TAMS 0x0000000717000000, 0x0000000717000000| Untracked 
| 173|0x0000000717200000, 0x0000000717200000, 0x0000000717400000|  0%| F|  |TAMS 0x0000000717200000, 0x0000000717200000| Untracked 
| 174|0x0000000717400000, 0x0000000717400000, 0x0000000717600000|  0%| F|  |TAMS 0x0000000717400000, 0x0000000717400000| Untracked 
| 175|0x0000000717600000, 0x0000000717600000, 0x0000000717800000|  0%| F|  |TAMS 0x0000000717600000, 0x0000000717600000| Untracked 
| 176|0x0000000717800000, 0x0000000717800000, 0x0000000717a00000|  0%| F|  |TAMS 0x0000000717800000, 0x0000000717800000| Untracked 
| 177|0x0000000717a00000, 0x0000000717a00000, 0x0000000717c00000|  0%| F|  |TAMS 0x0000000717a00000, 0x0000000717a00000| Untracked 
| 178|0x0000000717c00000, 0x0000000717c00000, 0x0000000717e00000|  0%| F|  |TAMS 0x0000000717c00000, 0x0000000717c00000| Untracked 
| 179|0x0000000717e00000, 0x0000000717e00000, 0x0000000718000000|  0%| F|  |TAMS 0x0000000717e00000, 0x0000000717e00000| Untracked 
| 180|0x0000000718000000, 0x0000000718000000, 0x0000000718200000|  0%| F|  |TAMS 0x0000000718000000, 0x0000000718000000| Untracked 
| 181|0x0000000718200000, 0x0000000718200000, 0x0000000718400000|  0%| F|  |TAMS 0x0000000718200000, 0x0000000718200000| Untracked 
| 182|0x0000000718400000, 0x0000000718400000, 0x0000000718600000|  0%| F|  |TAMS 0x0000000718400000, 0x0000000718400000| Untracked 
| 183|0x0000000718600000, 0x0000000718600000, 0x0000000718800000|  0%| F|  |TAMS 0x0000000718600000, 0x0000000718600000| Untracked 
| 184|0x0000000718800000, 0x0000000718800000, 0x0000000718a00000|  0%| F|  |TAMS 0x0000000718800000, 0x0000000718800000| Untracked 
| 185|0x0000000718a00000, 0x0000000718a00000, 0x0000000718c00000|  0%| F|  |TAMS 0x0000000718a00000, 0x0000000718a00000| Untracked 
| 186|0x0000000718c00000, 0x0000000718c00000, 0x0000000718e00000|  0%| F|  |TAMS 0x0000000718c00000, 0x0000000718c00000| Untracked 
| 187|0x0000000718e00000, 0x0000000718e00000, 0x0000000719000000|  0%| F|  |TAMS 0x0000000718e00000, 0x0000000718e00000| Untracked 
| 188|0x0000000719000000, 0x0000000719000000, 0x0000000719200000|  0%| F|  |TAMS 0x0000000719000000, 0x0000000719000000| Untracked 
| 189|0x0000000719200000, 0x0000000719200000, 0x0000000719400000|  0%| F|  |TAMS 0x0000000719200000, 0x0000000719200000| Untracked 
| 190|0x0000000719400000, 0x0000000719400000, 0x0000000719600000|  0%| F|  |TAMS 0x0000000719400000, 0x0000000719400000| Untracked 
| 191|0x0000000719600000, 0x0000000719600000, 0x0000000719800000|  0%| F|  |TAMS 0x0000000719600000, 0x0000000719600000| Untracked 
| 192|0x0000000719800000, 0x0000000719800000, 0x0000000719a00000|  0%| F|  |TAMS 0x0000000719800000, 0x0000000719800000| Untracked 
| 193|0x0000000719a00000, 0x0000000719a00000, 0x0000000719c00000|  0%| F|  |TAMS 0x0000000719a00000, 0x0000000719a00000| Untracked 
| 194|0x0000000719c00000, 0x0000000719c00000, 0x0000000719e00000|  0%| F|  |TAMS 0x0000000719c00000, 0x0000000719c00000| Untracked 
| 195|0x0000000719e00000, 0x0000000719e00000, 0x000000071a000000|  0%| F|  |TAMS 0x0000000719e00000, 0x0000000719e00000| Untracked 
| 196|0x000000071a000000, 0x000000071a000000, 0x000000071a200000|  0%| F|  |TAMS 0x000000071a000000, 0x000000071a000000| Untracked 
| 197|0x000000071a200000, 0x000000071a200000, 0x000000071a400000|  0%| F|  |TAMS 0x000000071a200000, 0x000000071a200000| Untracked 
| 198|0x000000071a400000, 0x000000071a400000, 0x000000071a600000|  0%| F|  |TAMS 0x000000071a400000, 0x000000071a400000| Untracked 
| 199|0x000000071a600000, 0x000000071a600000, 0x000000071a800000|  0%| F|  |TAMS 0x000000071a600000, 0x000000071a600000| Untracked 
| 200|0x000000071a800000, 0x000000071a800000, 0x000000071aa00000|  0%| F|  |TAMS 0x000000071a800000, 0x000000071a800000| Untracked 
| 201|0x000000071aa00000, 0x000000071aa00000, 0x000000071ac00000|  0%| F|  |TAMS 0x000000071aa00000, 0x000000071aa00000| Untracked 
| 202|0x000000071ac00000, 0x000000071ac00000, 0x000000071ae00000|  0%| F|  |TAMS 0x000000071ac00000, 0x000000071ac00000| Untracked 
| 203|0x000000071ae00000, 0x000000071ae00000, 0x000000071b000000|  0%| F|  |TAMS 0x000000071ae00000, 0x000000071ae00000| Untracked 
| 204|0x000000071b000000, 0x000000071b000000, 0x000000071b200000|  0%| F|  |TAMS 0x000000071b000000, 0x000000071b000000| Untracked 
| 205|0x000000071b200000, 0x000000071b200000, 0x000000071b400000|  0%| F|  |TAMS 0x000000071b200000, 0x000000071b200000| Untracked 
| 206|0x000000071b400000, 0x000000071b400000, 0x000000071b600000|  0%| F|  |TAMS 0x000000071b400000, 0x000000071b400000| Untracked 
| 207|0x000000071b600000, 0x000000071b600000, 0x000000071b800000|  0%| F|  |TAMS 0x000000071b600000, 0x000000071b600000| Untracked 
| 208|0x000000071b800000, 0x000000071b800000, 0x000000071ba00000|  0%| F|  |TAMS 0x000000071b800000, 0x000000071b800000| Untracked 
| 209|0x000000071ba00000, 0x000000071ba00000, 0x000000071bc00000|  0%| F|  |TAMS 0x000000071ba00000, 0x000000071ba00000| Untracked 
| 210|0x000000071bc00000, 0x000000071bc00000, 0x000000071be00000|  0%| F|  |TAMS 0x000000071bc00000, 0x000000071bc00000| Untracked 
| 211|0x000000071be00000, 0x000000071be00000, 0x000000071c000000|  0%| F|  |TAMS 0x000000071be00000, 0x000000071be00000| Untracked 
| 212|0x000000071c000000, 0x000000071c000000, 0x000000071c200000|  0%| F|  |TAMS 0x000000071c000000, 0x000000071c000000| Untracked 
| 213|0x000000071c200000, 0x000000071c200000, 0x000000071c400000|  0%| F|  |TAMS 0x000000071c200000, 0x000000071c200000| Untracked 
| 214|0x000000071c400000, 0x000000071c400000, 0x000000071c600000|  0%| F|  |TAMS 0x000000071c400000, 0x000000071c400000| Untracked 
| 215|0x000000071c600000, 0x000000071c600000, 0x000000071c800000|  0%| F|  |TAMS 0x000000071c600000, 0x000000071c600000| Untracked 
| 216|0x000000071c800000, 0x000000071ca00000, 0x000000071ca00000|100%| S|CS|TAMS 0x000000071c800000, 0x000000071c800000| Complete 
| 217|0x000000071ca00000, 0x000000071cc00000, 0x000000071cc00000|100%| S|CS|TAMS 0x000000071ca00000, 0x000000071ca00000| Complete 
| 218|0x000000071cc00000, 0x000000071ce00000, 0x000000071ce00000|100%| S|CS|TAMS 0x000000071cc00000, 0x000000071cc00000| Complete 
| 219|0x000000071ce00000, 0x000000071d000000, 0x000000071d000000|100%| S|CS|TAMS 0x000000071ce00000, 0x000000071ce00000| Complete 
| 220|0x000000071d000000, 0x000000071d200000, 0x000000071d200000|100%| S|CS|TAMS 0x000000071d000000, 0x000000071d000000| Complete 
| 221|0x000000071d200000, 0x000000071d200000, 0x000000071d400000|  0%| F|  |TAMS 0x000000071d200000, 0x000000071d200000| Untracked 
| 222|0x000000071d400000, 0x000000071d400000, 0x000000071d600000|  0%| F|  |TAMS 0x000000071d400000, 0x000000071d400000| Untracked 
| 223|0x000000071d600000, 0x000000071d600000, 0x000000071d800000|  0%| F|  |TAMS 0x000000071d600000, 0x000000071d600000| Untracked 
| 224|0x000000071d800000, 0x000000071d800000, 0x000000071da00000|  0%| F|  |TAMS 0x000000071d800000, 0x000000071d800000| Untracked 
| 225|0x000000071da00000, 0x000000071da00000, 0x000000071dc00000|  0%| F|  |TAMS 0x000000071da00000, 0x000000071da00000| Untracked 
| 226|0x000000071dc00000, 0x000000071dc00000, 0x000000071de00000|  0%| F|  |TAMS 0x000000071dc00000, 0x000000071dc00000| Untracked 
| 227|0x000000071de00000, 0x000000071de00000, 0x000000071e000000|  0%| F|  |TAMS 0x000000071de00000, 0x000000071de00000| Untracked 
| 228|0x000000071e000000, 0x000000071e000000, 0x000000071e200000|  0%| F|  |TAMS 0x000000071e000000, 0x000000071e000000| Untracked 
| 229|0x000000071e200000, 0x000000071e200000, 0x000000071e400000|  0%| F|  |TAMS 0x000000071e200000, 0x000000071e200000| Untracked 
| 230|0x000000071e400000, 0x000000071e400000, 0x000000071e600000|  0%| F|  |TAMS 0x000000071e400000, 0x000000071e400000| Untracked 
| 231|0x000000071e600000, 0x000000071e600000, 0x000000071e800000|  0%| F|  |TAMS 0x000000071e600000, 0x000000071e600000| Untracked 
| 232|0x000000071e800000, 0x000000071e800000, 0x000000071ea00000|  0%| F|  |TAMS 0x000000071e800000, 0x000000071e800000| Untracked 
| 233|0x000000071ea00000, 0x000000071ea00000, 0x000000071ec00000|  0%| F|  |TAMS 0x000000071ea00000, 0x000000071ea00000| Untracked 
| 234|0x000000071ec00000, 0x000000071ec00000, 0x000000071ee00000|  0%| F|  |TAMS 0x000000071ec00000, 0x000000071ec00000| Untracked 
| 235|0x000000071ee00000, 0x000000071ef1d1b8, 0x000000071f000000| 55%| E|  |TAMS 0x000000071ee00000, 0x000000071ee00000| Complete 
| 236|0x000000071f000000, 0x000000071f200000, 0x000000071f200000|100%| E|CS|TAMS 0x000000071f000000, 0x000000071f000000| Complete 
| 237|0x000000071f200000, 0x000000071f400000, 0x000000071f400000|100%| E|CS|TAMS 0x000000071f200000, 0x000000071f200000| Complete 
| 238|0x000000071f400000, 0x000000071f600000, 0x000000071f600000|100%| E|CS|TAMS 0x000000071f400000, 0x000000071f400000| Complete 
| 239|0x000000071f600000, 0x000000071f800000, 0x000000071f800000|100%| E|CS|TAMS 0x000000071f600000, 0x000000071f600000| Complete 
| 240|0x000000071f800000, 0x000000071fa00000, 0x000000071fa00000|100%| E|CS|TAMS 0x000000071f800000, 0x000000071f800000| Complete 
| 241|0x000000071fa00000, 0x000000071fc00000, 0x000000071fc00000|100%| E|CS|TAMS 0x000000071fa00000, 0x000000071fa00000| Complete 
| 242|0x000000071fc00000, 0x000000071fe00000, 0x000000071fe00000|100%| E|CS|TAMS 0x000000071fc00000, 0x000000071fc00000| Complete 
| 243|0x000000071fe00000, 0x0000000720000000, 0x0000000720000000|100%| E|CS|TAMS 0x000000071fe00000, 0x000000071fe00000| Complete 
| 244|0x0000000720000000, 0x0000000720200000, 0x0000000720200000|100%| E|CS|TAMS 0x0000000720000000, 0x0000000720000000| Complete 
| 245|0x0000000720200000, 0x0000000720400000, 0x0000000720400000|100%| E|CS|TAMS 0x0000000720200000, 0x0000000720200000| Complete 
| 246|0x0000000720400000, 0x0000000720600000, 0x0000000720600000|100%| E|  |TAMS 0x0000000720400000, 0x0000000720400000| Complete 
| 247|0x0000000720600000, 0x0000000720800000, 0x0000000720800000|100%| E|CS|TAMS 0x0000000720600000, 0x0000000720600000| Complete 
| 248|0x0000000720800000, 0x0000000720a00000, 0x0000000720a00000|100%| E|CS|TAMS 0x0000000720800000, 0x0000000720800000| Complete 
| 249|0x0000000720a00000, 0x0000000720c00000, 0x0000000720c00000|100%| E|CS|TAMS 0x0000000720a00000, 0x0000000720a00000| Complete 
| 250|0x0000000720c00000, 0x0000000720e00000, 0x0000000720e00000|100%| E|CS|TAMS 0x0000000720c00000, 0x0000000720c00000| Complete 
| 251|0x0000000720e00000, 0x0000000721000000, 0x0000000721000000|100%| E|CS|TAMS 0x0000000720e00000, 0x0000000720e00000| Complete 
| 329|0x000000072aa00000, 0x000000072ac00000, 0x000000072ac00000|100%| E|CS|TAMS 0x000000072aa00000, 0x000000072aa00000| Complete 
| 330|0x000000072ac00000, 0x000000072ae00000, 0x000000072ae00000|100%| E|CS|TAMS 0x000000072ac00000, 0x000000072ac00000| Complete 
| 331|0x000000072ae00000, 0x000000072b000000, 0x000000072b000000|100%| E|CS|TAMS 0x000000072ae00000, 0x000000072ae00000| Complete 
| 347|0x000000072ce00000, 0x000000072d000000, 0x000000072d000000|100%| E|CS|TAMS 0x000000072ce00000, 0x000000072ce00000| Complete 

Card table byte_map: [0x0000020037db0000,0x00000200385b0000] _byte_map_base: 0x00000200345a4000

Marking Bits (Prev, Next): (CMBitMap*) 0x00000200201c25b0, (CMBitMap*) 0x00000200201c25f0
 Prev Bits: [0x0000020038db0000, 0x000002003cd50000)
 Next Bits: [0x000002003cd50000, 0x0000020040cf0000)

Polling page: 0x0000020017be0000

Metaspace:

Usage:
  Non-class:     46.78 MB used.
      Class:      7.25 MB used.
       Both:     54.03 MB used.

Virtual space:
  Non-class space:       64.00 MB reserved,      46.94 MB ( 73%) committed,  1 nodes.
      Class space:        1.00 GB reserved,       7.44 MB ( <1%) committed,  1 nodes.
             Both:        1.06 GB reserved,      54.38 MB (  5%) committed. 

Chunk freelists:
   Non-Class:  208.00 KB
       Class:  8.59 MB
        Both:  8.79 MB

MaxMetaspaceSize: unlimited
CompressedClassSpaceSize: 1.00 GB
Initial GC threshold: 21.00 MB
Current GC threshold: 59.00 MB
CDS: on
MetaspaceReclaimPolicy: balanced
 - commit_granule_bytes: 65536.
 - commit_granule_words: 8192.
 - virtual_space_node_default_size: 8388608.
 - enlarge_chunks_in_place: 1.
 - new_chunks_are_fully_committed: 0.
 - uncommit_free_chunks: 1.
 - use_allocation_guard: 0.
 - handle_deallocations: 1.


Internal statistics:

num_allocs_failed_limit: 6.
num_arena_births: 454.
num_arena_deaths: 0.
num_vsnodes_births: 2.
num_vsnodes_deaths: 0.
num_space_committed: 864.
num_space_uncommitted: 0.
num_chunks_returned_to_freelist: 6.
num_chunks_taken_from_freelist: 1667.
num_chunk_merges: 6.
num_chunk_splits: 1233.
num_chunks_enlarged: 950.
num_inconsistent_stats: 0.

CodeHeap 'non-profiled nmethods': size=120000Kb used=5352Kb max_used=5352Kb free=114647Kb
 bounds [0x000002002fb20000, 0x0000020030060000, 0x0000020037050000]
CodeHeap 'profiled nmethods': size=120000Kb used=16056Kb max_used=16056Kb free=103944Kb
 bounds [0x0000020028050000, 0x0000020029000000, 0x000002002f580000]
CodeHeap 'non-nmethods': size=5760Kb used=1544Kb max_used=1602Kb free=4216Kb
 bounds [0x000002002f580000, 0x000002002f7f0000, 0x000002002fb20000]
 total_blobs=8650 nmethods=7716 adapters=843
 compilation: enabled
              stopped_count=0, restarted_count=0
 full_count=0

Compilation events (20 events):
Event: 37.396 Thread 0x0000020020473c00 8859       3       java.awt.EventQueue::getPriority (78 bytes)
Event: 37.396 Thread 0x0000020020473c00 nmethod 8859 0x0000020028ff9510 code [0x0000020028ff96e0, 0x0000020028ff9d18]
Event: 37.396 Thread 0x0000020020473c00 8860       3       java.awt.EventQueue::postEvent (172 bytes)
Event: 37.397 Thread 0x0000020020471890 8861  s    4       sun.java2d.loops.GraphicsPrimitiveMgr::locatePrim (95 bytes)
Event: 37.397 Thread 0x0000020020473c00 nmethod 8860 0x0000020028ff9e10 code [0x0000020028ffa140, 0x0000020028ffb5b8]
Event: 37.398 Thread 0x0000020020473c00 8862       1       java.util.IdentityHashMap::size (5 bytes)
Event: 37.398 Thread 0x0000020020473c00 nmethod 8862 0x0000020030057b10 code [0x0000020030057ca0, 0x0000020030057d78]
Event: 37.407 Thread 0x0000020020471890 nmethod 8861 0x0000020030057e10 code [0x0000020030057fe0, 0x0000020030058ce8]
Event: 37.433 Thread 0x0000020020473c00 8863       3       java.awt.EventQueue::postEvent (13 bytes)
Event: 37.433 Thread 0x0000020020473c00 nmethod 8863 0x0000020028ffbc10 code [0x0000020028ffbde0, 0x0000020028ffc148]
Event: 37.458 Thread 0x0000020020473c00 8864       3       javax.swing.TimerQueue::now (8 bytes)
Event: 37.458 Thread 0x0000020020473c00 nmethod 8864 0x0000020028ffc290 code [0x0000020028ffc420, 0x0000020028ffc538]
Event: 37.458 Thread 0x0000020020473c00 8865       3       java.util.concurrent.TimeUnit::toNanos (45 bytes)
Event: 37.458 Thread 0x0000020020473c00 nmethod 8865 0x0000020028ffc590 code [0x0000020028ffc740, 0x0000020028ffc9b8]
Event: 37.458 Thread 0x0000020020473c00 8866       3       sun.java2d.pipe.ValidatePipe::fillRect (25 bytes)
Event: 37.458 Thread 0x0000020020473c00 nmethod 8866 0x0000020028ffca90 code [0x0000020028ffcc80, 0x0000020028ffd188]
Event: 37.458 Thread 0x0000020020473c00 8867       3       de.javasoft.plaf.synthetica.painter.UIKey::get (33 bytes)
Event: 37.459 Thread 0x0000020020473c00 nmethod 8867 0x0000020028ffd390 code [0x0000020028ffd5e0, 0x0000020028ffdd68]
Event: 37.494 Thread 0x0000020020471890 8868       4       de.javasoft.plaf.synthetica.SyntheticaLookAndFeel::scaleInsets (108 bytes)
Event: 37.498 Thread 0x0000020020471890 nmethod 8868 0x0000020030059510 code [0x00000200300596e0, 0x0000020030059c88]

GC Heap History (20 events):
Event: 16.969 GC heap before
{Heap before GC invocations=1 (full 0):
 garbage-first heap   total 524288K, used 92680K [0x0000000701800000, 0x0000000800000000)
  region size 2048K, 40 young (81920K), 5 survivors (10240K)
 Metaspace       used 15933K, committed 16128K, reserved 1114112K
  class space    used 1477K, committed 1536K, reserved 1048576K
}
Event: 16.973 GC heap after
{Heap after GC invocations=2 (full 0):
 garbage-first heap   total 524288K, used 23231K [0x0000000701800000, 0x0000000800000000)
  region size 2048K, 1 young (2048K), 1 survivors (2048K)
 Metaspace       used 15933K, committed 16128K, reserved 1114112K
  class space    used 1477K, committed 1536K, reserved 1048576K
}
Event: 16.999 GC heap before
{Heap before GC invocations=2 (full 0):
 garbage-first heap   total 524288K, used 103103K [0x0000000701800000, 0x0000000800000000)
  region size 2048K, 40 young (81920K), 1 survivors (2048K)
 Metaspace       used 15949K, committed 16128K, reserved 1114112K
  class space    used 1477K, committed 1536K, reserved 1048576K
}
Event: 17.001 GC heap after
{Heap after GC invocations=3 (full 0):
 garbage-first heap   total 524288K, used 23186K [0x0000000701800000, 0x0000000800000000)
  region size 2048K, 1 young (2048K), 1 survivors (2048K)
 Metaspace       used 15949K, committed 16128K, reserved 1114112K
  class space    used 1477K, committed 1536K, reserved 1048576K
}
Event: 17.022 GC heap before
{Heap before GC invocations=3 (full 0):
 garbage-first heap   total 524288K, used 103058K [0x0000000701800000, 0x0000000800000000)
  region size 2048K, 40 young (81920K), 1 survivors (2048K)
 Metaspace       used 15949K, committed 16128K, reserved 1114112K
  class space    used 1477K, committed 1536K, reserved 1048576K
}
Event: 17.023 GC heap after
{Heap after GC invocations=4 (full 0):
 garbage-first heap   total 524288K, used 23258K [0x0000000701800000, 0x0000000800000000)
  region size 2048K, 1 young (2048K), 1 survivors (2048K)
 Metaspace       used 15949K, committed 16128K, reserved 1114112K
  class space    used 1477K, committed 1536K, reserved 1048576K
}
Event: 17.046 GC heap before
{Heap before GC invocations=4 (full 0):
 garbage-first heap   total 524288K, used 103130K [0x0000000701800000, 0x0000000800000000)
  region size 2048K, 40 young (81920K), 1 survivors (2048K)
 Metaspace       used 15962K, committed 16128K, reserved 1114112K
  class space    used 1478K, committed 1536K, reserved 1048576K
}
Event: 17.047 GC heap after
{Heap after GC invocations=5 (full 0):
 garbage-first heap   total 524288K, used 23271K [0x0000000701800000, 0x0000000800000000)
  region size 2048K, 1 young (2048K), 1 survivors (2048K)
 Metaspace       used 15962K, committed 16128K, reserved 1114112K
  class space    used 1478K, committed 1536K, reserved 1048576K
}
Event: 17.075 GC heap before
{Heap before GC invocations=5 (full 0):
 garbage-first heap   total 524288K, used 103143K [0x0000000701800000, 0x0000000800000000)
  region size 2048K, 40 young (81920K), 1 survivors (2048K)
 Metaspace       used 15965K, committed 16128K, reserved 1114112K
  class space    used 1478K, committed 1536K, reserved 1048576K
}
Event: 17.077 GC heap after
{Heap after GC invocations=6 (full 0):
 garbage-first heap   total 524288K, used 24629K [0x0000000701800000, 0x0000000800000000)
  region size 2048K, 2 young (4096K), 2 survivors (4096K)
 Metaspace       used 15965K, committed 16128K, reserved 1114112K
  class space    used 1478K, committed 1536K, reserved 1048576K
}
Event: 17.422 GC heap before
{Heap before GC invocations=6 (full 0):
 garbage-first heap   total 524288K, used 102453K [0x0000000701800000, 0x0000000800000000)
  region size 2048K, 40 young (81920K), 2 survivors (4096K)
 Metaspace       used 17994K, committed 18176K, reserved 1114112K
  class space    used 1777K, committed 1856K, reserved 1048576K
}
Event: 17.424 GC heap after
{Heap after GC invocations=7 (full 0):
 garbage-first heap   total 712704K, used 26045K [0x0000000701800000, 0x0000000800000000)
  region size 2048K, 3 young (6144K), 3 survivors (6144K)
 Metaspace       used 17994K, committed 18176K, reserved 1114112K
  class space    used 1777K, committed 1856K, reserved 1048576K
}
Event: 18.187 GC heap before
{Heap before GC invocations=7 (full 0):
 garbage-first heap   total 712704K, used 56765K [0x0000000701800000, 0x0000000800000000)
  region size 2048K, 19 young (38912K), 3 survivors (6144K)
 Metaspace       used 21350K, committed 21504K, reserved 1114112K
  class space    used 2171K, committed 2240K, reserved 1048576K
}
Event: 18.189 GC heap after
{Heap after GC invocations=8 (full 0):
 garbage-first heap   total 712704K, used 26777K [0x0000000701800000, 0x0000000800000000)
  region size 2048K, 3 young (6144K), 3 survivors (6144K)
 Metaspace       used 21350K, committed 21504K, reserved 1114112K
  class space    used 2171K, committed 2240K, reserved 1048576K
}
Event: 22.558 GC heap before
{Heap before GC invocations=9 (full 0):
 garbage-first heap   total 524288K, used 135321K [0x0000000701800000, 0x0000000800000000)
  region size 2048K, 35 young (71680K), 3 survivors (6144K)
 Metaspace       used 35957K, committed 36160K, reserved 1114112K
  class space    used 4306K, committed 4416K, reserved 1048576K
}
Event: 22.564 GC heap after
{Heap after GC invocations=10 (full 0):
 garbage-first heap   total 524288K, used 50377K [0x0000000701800000, 0x0000000800000000)
  region size 2048K, 5 young (10240K), 5 survivors (10240K)
 Metaspace       used 35957K, committed 36160K, reserved 1114112K
  class space    used 4306K, committed 4416K, reserved 1048576K
}
Event: 31.612 GC heap before
{Heap before GC invocations=11 (full 0):
 garbage-first heap   total 524288K, used 120009K [0x0000000701800000, 0x0000000800000000)
  region size 2048K, 40 young (81920K), 5 survivors (10240K)
 Metaspace       used 47413K, committed 47680K, reserved 1114112K
  class space    used 6171K, committed 6336K, reserved 1048576K
}
Event: 31.620 GC heap after
{Heap after GC invocations=12 (full 0):
 garbage-first heap   total 524288K, used 60360K [0x0000000701800000, 0x0000000800000000)
  region size 2048K, 5 young (10240K), 5 survivors (10240K)
 Metaspace       used 47413K, committed 47680K, reserved 1114112K
  class space    used 6171K, committed 6336K, reserved 1048576K
}
Event: 34.305 GC heap before
{Heap before GC invocations=12 (full 0):
 garbage-first heap   total 524288K, used 132040K [0x0000000701800000, 0x0000000800000000)
  region size 2048K, 40 young (81920K), 5 survivors (10240K)
 Metaspace       used 53023K, committed 53376K, reserved 1114112K
  class space    used 7076K, committed 7232K, reserved 1048576K
}
Event: 34.311 GC heap after
{Heap after GC invocations=13 (full 0):
 garbage-first heap   total 524288K, used 68189K [0x0000000701800000, 0x0000000800000000)
  region size 2048K, 5 young (10240K), 5 survivors (10240K)
 Metaspace       used 53023K, committed 53376K, reserved 1114112K
  class space    used 7076K, committed 7232K, reserved 1048576K
}

Dll operation events (20 events):
Event: 14.654 Loaded shared library D:\Xilinx\Vivado\2023.2\lib\win64.o\librdi_labtoolstasks.dll
Event: 14.715 Loaded shared library D:\Xilinx\Vivado\2023.2\lib\win64.o\librdi_simtcltasks.dll
Event: 14.949 Loaded shared library D:\Xilinx\Vivado\2023.2\lib\win64.o\librdi_ipservicestasks.dll
Event: 14.950 Loaded shared library D:\Xilinx\Vivado\2023.2\lib\win64.o\librdi_vivadotasks.dll
Event: 14.951 Loaded shared library D:\Xilinx\Vivado\2023.2\lib\win64.o\librdi_board.dll
Event: 14.952 Loaded shared library D:\Xilinx\Vivado\2023.2\lib\win64.o\librdi_boarddep.dll
Event: 14.952 Loaded shared library D:\Xilinx\Vivado\2023.2\lib\win64.o\librdi_boardcommontasks.dll
Event: 14.953 Loaded shared library D:\Xilinx\Vivado\2023.2\lib\win64.o\librdi_ptgen.dll
Event: 14.954 Loaded shared library D:\Xilinx\Vivado\2023.2\lib\win64.o\librdi_ip.dll
Event: 14.954 Loaded shared library D:\Xilinx\Vivado\2023.2\lib\win64.o\librdi_mig.dll
Event: 14.956 Loaded shared library D:\Xilinx\Vivado\2023.2\lib\win64.o\librdi_implflow.dll
Event: 14.957 Loaded shared library D:\Xilinx\Vivado\2023.2\lib\win64.o\librdi_xhubtasks.dll
Event: 15.163 Loaded shared library D:\Xilinx\Vivado\2023.2\lib\win64.o\librdi_iptasks.dll
Event: 15.164 Loaded shared library D:\Xilinx\Vivado\2023.2\lib\win64.o\librdi_synth.dll
Event: 18.098 Loaded shared library D:\Xilinx\Vivado\2023.2\tps\win64\jre17.0.7_7\bin\verify.dll
Event: 18.700 Loaded shared library D:\Xilinx\Vivado\2023.2\tps\win64\jre17.0.7_7\bin\javajpeg.dll
Event: 18.783 Loaded shared library D:\Xilinx\Vivado\2023.2\tps\win64\jre17.0.7_7\bin\lcms.dll
Event: 19.423 Loaded shared library D:\Xilinx\Vivado\2023.2\tps\win64\jre17.0.7_7\bin\freetype.dll
Event: 19.487 Loaded shared library D:\Xilinx\Vivado\2023.2\tps\win64\jre17.0.7_7\bin\fontmanager.dll
Event: 31.316 Loaded shared library D:\Xilinx\Vivado\2023.2\lib\win64.o\librdi_xhub.dll

Deoptimization events (20 events):
Event: 35.476 Thread 0x000002004c92b6f0 DEOPT PACKING pc=0x000002002fd559b8 sp=0x0000009ae73fec70
Event: 35.476 Thread 0x000002004c92b6f0 DEOPT UNPACKING pc=0x000002002f5d69a3 sp=0x0000009ae73febf8 mode 2
Event: 35.476 Thread 0x000002004c92b6f0 Uncommon trap: trap_request=0xffffffde fr.pc=0x000002002fd559b8 relative=0x0000000000000098
Event: 35.476 Thread 0x000002004c92b6f0 Uncommon trap: reason=class_check action=maybe_recompile pc=0x000002002fd559b8 method=java.lang.Character.codePointAt(Ljava/lang/CharSequence;I)I @ 2 c2
Event: 35.476 Thread 0x000002004c92b6f0 DEOPT PACKING pc=0x000002002fd559b8 sp=0x0000009ae73fec70
Event: 35.476 Thread 0x000002004c92b6f0 DEOPT UNPACKING pc=0x000002002f5d69a3 sp=0x0000009ae73febf8 mode 2
Event: 35.476 Thread 0x000002004c92b6f0 Uncommon trap: trap_request=0xffffffde fr.pc=0x000002002fd559b8 relative=0x0000000000000098
Event: 35.476 Thread 0x000002004c92b6f0 Uncommon trap: reason=class_check action=maybe_recompile pc=0x000002002fd559b8 method=java.lang.Character.codePointAt(Ljava/lang/CharSequence;I)I @ 2 c2
Event: 35.476 Thread 0x000002004c92b6f0 DEOPT PACKING pc=0x000002002fd559b8 sp=0x0000009ae73fec70
Event: 35.476 Thread 0x000002004c92b6f0 DEOPT UNPACKING pc=0x000002002f5d69a3 sp=0x0000009ae73febf8 mode 2
Event: 35.555 Thread 0x000002004b6b6630 Uncommon trap: trap_request=0xffffff45 fr.pc=0x000002002fdd2470 relative=0x0000000000000230
Event: 35.555 Thread 0x000002004b6b6630 Uncommon trap: reason=unstable_if action=reinterpret pc=0x000002002fdd2470 method=java.awt.Container.createHierarchyEvents(ILjava/awt/Component;Ljava/awt/Container;JZ)I @ 22 c2
Event: 35.555 Thread 0x000002004b6b6630 DEOPT PACKING pc=0x000002002fdd2470 sp=0x0000009adf7fe730
Event: 35.555 Thread 0x000002004b6b6630 DEOPT UNPACKING pc=0x000002002f5d69a3 sp=0x0000009adf7fe6e8 mode 2
Event: 35.555 Thread 0x000002004b6b6630 Uncommon trap: trap_request=0xffffff45 fr.pc=0x000002002fdd1eb8 relative=0x00000000000000b8
Event: 35.555 Thread 0x000002004b6b6630 Uncommon trap: reason=unstable_if action=reinterpret pc=0x000002002fdd1eb8 method=java.awt.Component.createHierarchyEvents(ILjava/awt/Component;Ljava/awt/Container;JZ)I @ 32 c2
Event: 35.555 Thread 0x000002004b6b6630 DEOPT PACKING pc=0x000002002fdd1eb8 sp=0x0000009adf7fe1b0
Event: 35.555 Thread 0x000002004b6b6630 DEOPT UNPACKING pc=0x000002002f5d69a3 sp=0x0000009adf7fe168 mode 2
Event: 37.397 Thread 0x000002004b6b6630 DEOPT PACKING pc=0x00000200281bce0d sp=0x0000009adf7fbd70
Event: 37.397 Thread 0x000002004b6b6630 DEOPT UNPACKING pc=0x000002002f5d7143 sp=0x0000009adf7fb250 mode 0

Classes unloaded (0 events):
No events

Classes redefined (0 events):
No events

Internal exceptions (20 events):
Event: 23.048 Thread 0x000002004b6b6630 Exception <a 'java/lang/NoSuchMethodError'{0x0000000720c5e2e8}: 'java.lang.Object java.lang.invoke.DirectMethodHandle$Holder.invokeSpecial(java.lang.Object, java.lang.Object, long, java.lang.Object, int, int, int, int, java.lang.Object, java.lang.Object, java.lang.Object)'> (0x0000000720c5e2e8) 
thrown [s\src\hotspot\share\interpreter\linkResolver.cpp, line 759]
Event: 23.048 Thread 0x000002004b6b6630 Exception <a 'java/lang/NoSuchMethodError'{0x0000000720c622d8}: 'java.lang.Object java.lang.invoke.DelegatingMethodHandle$Holder.reinvoke_L(java.lang.Object, long, java.lang.Object, int, int, int, int, java.lang.Object, java.lang.Object, java.lang.Object)'> (0x0000000720c622d8) 
thrown [s\src\hotspot\share\interpreter\linkResolver.cpp, line 759]
Event: 23.054 Thread 0x000002004b6b6630 Exception <a 'java/lang/NoSuchMethodError'{0x0000000720cd18e8}: 'java.lang.Object java.lang.invoke.DirectMethodHandle$Holder.invokeSpecial(java.lang.Object, java.lang.Object, long, java.lang.Object, java.lang.Object, java.lang.Object, java.lang.Object, int, java.lang.Object, java.lang.Object, java.lang.Object)'> (0x0000000720cd18e8) 
thrown [s\src\hotspot\share\interpreter\linkResolver.cpp, line 759]
Event: 23.054 Thread 0x000002004b6b6630 Exception <a 'java/lang/NoSuchMethodError'{0x0000000720cd6448}: 'java.lang.Object java.lang.invoke.DelegatingMethodHandle$Holder.reinvoke_L(java.lang.Object, long, java.lang.Object, java.lang.Object, java.lang.Object, java.lang.Object, int, java.lang.Object, java.lang.Object, java.lang.Object)'> (0x0000000720cd6448) 
thrown [s\src\hotspot\share\interpreter\linkResolver.cpp, line 759]
Event: 23.290 Thread 0x000002004c92b6f0 Implicit null exception at 0x000002002fd0356f to 0x000002002fd03ab8
Event: 23.291 Thread 0x000002004c929070 Implicit null exception at 0x000002002fb5e6f2 to 0x000002002fb5ed60
Event: 31.125 Thread 0x000002004c92f580 Implicit null exception at 0x000002002fcc190d to 0x000002002fcc1de0
Event: 32.237 Thread 0x000002004b6b6630 Implicit null exception at 0x000002002fd05c37 to 0x000002002fd05ce9
Event: 33.157 Thread 0x000002004b6b6630 Implicit null exception at 0x000002002fdcbd89 to 0x000002002fdcc0a8
Event: 33.863 Thread 0x000002004b6b6630 Implicit null exception at 0x000002002fd7bbf6 to 0x000002002fd80360
Event: 33.869 Thread 0x000002004b6b6630 Exception <a 'java/lang/NoSuchMethodError'{0x000000071dea33d0}: 'java.lang.Object java.lang.invoke.DirectMethodHandle$Holder.invokeSpecial(java.lang.Object, java.lang.Object, java.lang.Object, int, java.lang.Object)'> (0x000000071dea33d0) 
thrown [s\src\hotspot\share\interpreter\linkResolver.cpp, line 759]
Event: 34.245 Thread 0x000002004b6b6630 Implicit null exception at 0x000002002fd9d01b to 0x000002002fd9d0c4
Event: 34.372 Thread 0x000002004ba47ba0 Exception <a 'java/lang/NoSuchMethodError'{0x000000072cf4fbd0}: 'void java.lang.invoke.DirectMethodHandle$Holder.invokeSpecial(java.lang.Object, java.lang.Object, long)'> (0x000000072cf4fbd0) 
thrown [s\src\hotspot\share\interpreter\linkResolver.cpp, line 759]
Event: 34.372 Thread 0x000002004ba47ba0 Exception <a 'java/lang/NoSuchMethodError'{0x000000072cf554e8}: 'java.lang.Object java.lang.invoke.DirectMethodHandle$Holder.newInvokeSpecial(java.lang.Object, java.lang.Object, long)'> (0x000000072cf554e8) 
thrown [s\src\hotspot\share\interpreter\linkResolver.cpp, line 759]
Event: 34.372 Thread 0x000002004ba47ba0 Exception <a 'java/lang/NoSuchMethodError'{0x000000072cf58db0}: 'java.lang.Object java.lang.invoke.Invokers$Holder.linkToTargetMethod(java.lang.Object, long, java.lang.Object)'> (0x000000072cf58db0) 
thrown [s\src\hotspot\share\interpreter\linkResolver.cpp, line 759]
Event: 34.507 Thread 0x000002004b6b6630 Exception <a 'java/lang/NoSuchMethodError'{0x000000072af6fe80}: 'java.lang.Object java.lang.invoke.DirectMethodHandle$Holder.invokeSpecial(java.lang.Object, java.lang.Object, long, java.lang.Object, int, int, int, java.lang.Object, java.lang.Object, int, int)'> (0x000000072af6fe80) 
thrown [s\src\hotspot\share\interpreter\linkResolver.cpp, line 759]
Event: 34.507 Thread 0x000002004b6b6630 Exception <a 'java/lang/NoSuchMethodError'{0x000000072af73ca0}: 'java.lang.Object java.lang.invoke.DelegatingMethodHandle$Holder.reinvoke_L(java.lang.Object, long, java.lang.Object, int, int, int, java.lang.Object, java.lang.Object, int, int)'> (0x000000072af73ca0) 
thrown [s\src\hotspot\share\interpreter\linkResolver.cpp, line 759]
Event: 35.364 Thread 0x000002004b6b6630 Implicit null exception at 0x000002002ff65982 to 0x000002002ff65c74
Event: 35.476 Thread 0x000002004c92b6f0 Implicit null exception at 0x000002002fcfb956 to 0x000002002fcfba18
Event: 35.571 Thread 0x000002004b6b6630 Exception <a 'java/lang/NoSuchMethodError'{0x000000071fce1f38}: 'int java.lang.invoke.DirectMethodHandle$Holder.invokeStatic(java.lang.Object)'> (0x000000071fce1f38) 
thrown [s\src\hotspot\share\interpreter\linkResolver.cpp, line 759]

VM Operations (20 events):
Event: 34.642 Executing VM operation: ICBufferFull
Event: 34.642 Executing VM operation: ICBufferFull done
Event: 34.644 Executing VM operation: HandshakeAllThreads
Event: 34.644 Executing VM operation: HandshakeAllThreads done
Event: 34.804 Executing VM operation: HandshakeAllThreads
Event: 34.804 Executing VM operation: HandshakeAllThreads done
Event: 34.810 Executing VM operation: ICBufferFull
Event: 34.811 Executing VM operation: ICBufferFull done
Event: 34.813 Executing VM operation: HandshakeAllThreads
Event: 34.813 Executing VM operation: HandshakeAllThreads done
Event: 34.863 Executing VM operation: HandshakeAllThreads
Event: 34.863 Executing VM operation: HandshakeAllThreads done
Event: 35.042 Executing VM operation: ICBufferFull
Event: 35.042 Executing VM operation: ICBufferFull done
Event: 35.214 Executing VM operation: HandshakeAllThreads
Event: 35.214 Executing VM operation: HandshakeAllThreads done
Event: 35.519 Executing VM operation: HandshakeAllThreads
Event: 35.519 Executing VM operation: HandshakeAllThreads done
Event: 35.797 Executing VM operation: ICBufferFull
Event: 35.797 Executing VM operation: ICBufferFull done

Events (20 events):
Event: 35.572 loading class java/awt/WaitDispatchSupport
Event: 35.614 loading class java/awt/SecondaryLoop
Event: 35.614 loading class java/awt/SecondaryLoop done
Event: 35.614 loading class java/awt/WaitDispatchSupport done
Event: 35.614 loading class java/awt/WaitDispatchSupport$5
Event: 35.614 loading class java/awt/WaitDispatchSupport$5 done
Event: 35.614 loading class java/awt/WaitDispatchSupport$1
Event: 35.614 loading class java/awt/WaitDispatchSupport$1 done
Event: 35.614 loading class java/awt/WaitDispatchSupport$2
Event: 35.614 loading class java/awt/WaitDispatchSupport$2 done
Event: 35.614 loading class java/awt/WaitDispatchSupport$4
Event: 35.614 loading class java/awt/WaitDispatchSupport$4 done
Event: 35.752 Thread 0x0000020020472cd0 Thread exited: 0x0000020020472cd0
Event: 35.756 Thread 0x000002004c92e240 Thread added: 0x000002004c92e240
Event: 35.775 Thread 0x0000020020470e70 Thread added: 0x0000020020470e70
Event: 35.810 Thread 0x00000200204722b0 Thread added: 0x00000200204722b0
Event: 35.995 Thread 0x00000200204722b0 Thread exited: 0x00000200204722b0
Event: 36.044 Thread 0x0000020020470e70 Thread exited: 0x0000020020470e70
Event: 36.192 Thread 0x0000020020470e70 Thread added: 0x0000020020470e70
Event: 36.395 Thread 0x0000020020470e70 Thread exited: 0x0000020020470e70


Dynamic libraries:
0x00007ff61e1b0000 - 0x00007ff61e1e1000 	D:\Xilinx\Vivado\2023.2\bin\unwrapped\win64.o\vivado.exe
0x00007ff9e3bd0000 - 0x00007ff9e3dc8000 	C:\Windows\SYSTEM32\ntdll.dll
0x00007ff9e28f0000 - 0x00007ff9e29b2000 	C:\Windows\System32\KERNEL32.DLL
0x00007ff9e17f0000 - 0x00007ff9e1aee000 	C:\Windows\System32\KERNELBASE.dll
0x00007ff9e1af0000 - 0x00007ff9e1bf0000 	C:\Windows\System32\ucrtbase.dll
0x00007ff9c92e0000 - 0x00007ff9c936d000 	C:\Windows\SYSTEM32\MSVCP140.dll
0x00007ff9ce8b0000 - 0x00007ff9ce8ce000 	C:\Windows\SYSTEM32\VCRUNTIME140.dll
0x00007ff9db630000 - 0x00007ff9db63c000 	C:\Windows\SYSTEM32\VCRUNTIME140_1.dll
0x00007ff9610f0000 - 0x00007ff96279a000 	D:\Xilinx\Vivado\2023.2\lib\win64.o\librdi_common.dll
0x00007ff9dafa0000 - 0x00007ff9dafbc000 	D:\Xilinx\Vivado\2023.2\lib\win64.o\librdi_commonmain.dll
0x00007ff9e2dd0000 - 0x00007ff9e2f6d000 	C:\Windows\System32\USER32.dll
0x00007ff9e1350000 - 0x00007ff9e1372000 	C:\Windows\System32\win32u.dll
0x00007ff9e2660000 - 0x00007ff9e268b000 	C:\Windows\System32\GDI32.dll
0x00007ff9e15c0000 - 0x00007ff9e16d7000 	C:\Windows\System32\gdi32full.dll
0x00007ff9e1750000 - 0x00007ff9e17ed000 	C:\Windows\System32\msvcp_win.dll
0x00007ff9e27c0000 - 0x00007ff9e2871000 	C:\Windows\System32\ADVAPI32.dll
0x00007ff9e1d20000 - 0x00007ff9e1dbe000 	C:\Windows\System32\msvcrt.dll
0x00007ff9e29c0000 - 0x00007ff9e2a5f000 	C:\Windows\System32\sechost.dll
0x00007ff9e1dc0000 - 0x00007ff9e1ee3000 	C:\Windows\System32\RPCRT4.dll
0x00007ff9e1590000 - 0x00007ff9e15b7000 	C:\Windows\System32\bcrypt.dll
0x00007ff9e1ef0000 - 0x00007ff9e265d000 	C:\Windows\System32\SHELL32.dll
0x00007ff9e16e0000 - 0x00007ff9e1749000 	C:\Windows\System32\WINTRUST.dll
0x00007ff9e2ad0000 - 0x00007ff9e2b3b000 	C:\Windows\System32\WS2_32.dll
0x00007ff966960000 - 0x00007ff966d90000 	D:\Xilinx\Vivado\2023.2\lib\win64.o\python38.dll
0x00007ff9e2a70000 - 0x00007ff9e2ac5000 	C:\Windows\System32\SHLWAPI.dll
0x00007ff9cea20000 - 0x00007ff9cea41000 	D:\Xilinx\Vivado\2023.2\lib\win64.o\libboost_filesystem.dll
0x00007ff9daf90000 - 0x00007ff9daf99000 	D:\Xilinx\Vivado\2023.2\lib\win64.o\librdi_commonversion.dll
0x000000006f210000 - 0x000000006f33c000 	D:\Xilinx\Vivado\2023.2\lib\win64.o\tcl85t.dll
0x00007ff96de40000 - 0x00007ff96dff6000 	D:\Xilinx\Vivado\2023.2\lib\win64.o\librdi_commonxillic.dll
0x00007ff9da540000 - 0x00007ff9da551000 	D:\Xilinx\Vivado\2023.2\lib\win64.o\libboost_date_time.dll
0x00007ff9c9da0000 - 0x00007ff9c9e19000 	D:\Xilinx\Vivado\2023.2\lib\win64.o\libboost_program_options.dll
0x00007ff962a10000 - 0x00007ff962d7e000 	D:\Xilinx\Vivado\2023.2\lib\win64.o\libCOIN-all.dll
0x00007ff967e50000 - 0x00007ff967f64000 	D:\Xilinx\Vivado\2023.2\lib\win64.o\libboost_regex.dll
0x00007ff9da390000 - 0x00007ff9da3ac000 	D:\Xilinx\Vivado\2023.2\lib\win64.o\libboost_thread.dll
0x00007ff9afb20000 - 0x00007ff9afba2000 	D:\Xilinx\Vivado\2023.2\lib\win64.o\libhdlpsolve.dll
0x00007ff96eb20000 - 0x00007ff96ebc5000 	D:\Xilinx\Vivado\2023.2\lib\win64.o\libhdxml.dll
0x00007ff9daf80000 - 0x00007ff9daf8c000 	D:\Xilinx\Vivado\2023.2\lib\win64.o\libboost_xilinx.dll
0x00007ff9ce940000 - 0x00007ff9ce96a000 	D:\Xilinx\Vivado\2023.2\lib\win64.o\libisl_sysinfo.dll
0x00007ff9c96a0000 - 0x00007ff9c9705000 	D:\Xilinx\Vivado\2023.2\lib\win64.o\liblmx6.0.dll
0x00007ff9cfd30000 - 0x00007ff9cfd4a000 	D:\Xilinx\Vivado\2023.2\lib\win64.o\pthreadVC2.dll
0x00007ff9ce840000 - 0x00007ff9ce861000 	D:\Xilinx\Vivado\2023.2\lib\win64.o\librdizlib.dll
0x00007ff9ce820000 - 0x00007ff9ce83c000 	D:\Xilinx\Vivado\2023.2\lib\win64.o\librdiconfig.dll
0x00007ff9d5870000 - 0x00007ff9d5889000 	C:\Windows\SYSTEM32\NETAPI32.dll
0x00007ff9d5390000 - 0x00007ff9d5868000 	C:\Windows\SYSTEM32\WININET.dll
0x00007ff9dbe10000 - 0x00007ff9dbf1d000 	C:\Windows\SYSTEM32\WINHTTP.dll
0x00007ff9d5180000 - 0x00007ff9d536c000 	C:\Windows\SYSTEM32\urlmon.dll
0x00007ff95fdf0000 - 0x00007ff9600b1000 	D:\Xilinx\Vivado\2023.2\lib\win64.o\xerces-c_3_2.dll
0x00007ff9600c0000 - 0x00007ff9610e4600 	D:\Xilinx\Vivado\2023.2\lib\win64.o\libisl_iostreams.dll
0x00007ff96e8d0000 - 0x00007ff96e8d9000 	C:\Windows\SYSTEM32\WSOCK32.dll
0x00007ff9c9d60000 - 0x00007ff9c9d91000 	C:\Windows\SYSTEM32\VCOMP140.DLL
0x00007ff9db720000 - 0x00007ff9db72a000 	C:\Windows\SYSTEM32\VERSION.dll
0x00007ff95bc00000 - 0x00007ff95db17000 	D:\Xilinx\Vivado\2023.2\lib\win64.o\gurobi90.dll
0x00007ff9e1430000 - 0x00007ff9e158c000 	C:\Windows\System32\CRYPT32.dll
0x00007ff9e3530000 - 0x00007ff9e358e000 	C:\Windows\System32\WLDAP32.dll
0x00007ff9e2a60000 - 0x00007ff9e2a68000 	C:\Windows\System32\Normaliz.dll
0x00007ff95fac0000 - 0x00007ff95fded000 	D:\Xilinx\Vivado\2023.2\lib\win64.o\libXil_lmgr11.dll
0x00007ff9e39e0000 - 0x00007ff9e3aba000 	C:\Windows\System32\COMDLG32.dll
0x00007ff9e3680000 - 0x00007ff9e39d3000 	C:\Windows\System32\combase.dll
0x00007ff9e2b40000 - 0x00007ff9e2bed000 	C:\Windows\System32\shcore.dll
0x00007ff9e3ac0000 - 0x00007ff9e3b8d000 	C:\Windows\System32\OLEAUT32.dll
0x00007ff9e1bf0000 - 0x00007ff9e1d1b000 	C:\Windows\System32\ole32.dll
0x00007ff9d4830000 - 0x00007ff9d4858000 	C:\Windows\SYSTEM32\srvcli.dll
0x00007ff9d4570000 - 0x00007ff9d482e000 	C:\Windows\SYSTEM32\iertutil.dll
0x00007ff9e06d0000 - 0x00007ff9e06dc000 	C:\Windows\SYSTEM32\netutils.dll
0x00007ff9cc8f0000 - 0x00007ff9cc908000 	D:\Xilinx\Vivado\2023.2\lib\win64.o\libboost_iostreams.dll
0x00007ff9c98a0000 - 0x00007ff9c98c4000 	D:\Xilinx\Vivado\2023.2\lib\win64.o\libisl_iosutils.dll
0x00007ff9da620000 - 0x00007ff9da6d0000 	C:\Windows\WinSxS\amd64_microsoft.windows.common-controls_6595b64144ccf1df_5.82.19041.4355_none_792ecafd2442822f\COMCTL32.dll
0x00007ff9dd460000 - 0x00007ff9dd47d000 	C:\Windows\SYSTEM32\dhcpcsvc.DLL
0x00007ff9e1120000 - 0x00007ff9e114e000 	C:\Windows\SYSTEM32\USERENV.dll
0x00007ff9e0a00000 - 0x00007ff9e0a6a000 	C:\Windows\SYSTEM32\MSWSOCK.DLL
0x00007ff9e2bf0000 - 0x00007ff9e2c1f000 	C:\Windows\System32\IMM32.DLL
0x00007ff9e0e30000 - 0x00007ff9e0e42000 	C:\Windows\SYSTEM32\MSASN1.dll
0x00007ff9e0c00000 - 0x00007ff9e0c18000 	C:\Windows\SYSTEM32\CRYPTSP.dll
0x00007ff9e02b0000 - 0x00007ff9e02e4000 	C:\Windows\system32\rsaenh.dll
0x00007ff9e0bf0000 - 0x00007ff9e0bfc000 	C:\Windows\SYSTEM32\CRYPTBASE.dll
0x00007ff9e12c0000 - 0x00007ff9e1342000 	C:\Windows\System32\bcryptPrimitives.dll
0x00007ff9e3490000 - 0x00007ff9e34ad000 	C:\Windows\System32\imagehlp.dll
0x00007ff9df110000 - 0x00007ff9df122000 	C:\Windows\SYSTEM32\kernel.appcore.dll
0x00007ff9dfad0000 - 0x00007ff9dfaf3000 	C:\Windows\SYSTEM32\gpapi.dll
0x00007ff9db660000 - 0x00007ff9db691000 	C:\Windows\System32\cryptnet.dll
0x00007ff9e11a0000 - 0x00007ff9e11c4000 	C:\Windows\SYSTEM32\profapi.dll
0x00007ff9e0690000 - 0x00007ff9e06cb000 	C:\Windows\SYSTEM32\IPHLPAPI.DLL
0x00007ff9ddf10000 - 0x00007ff9ddf1b000 	C:\Windows\SYSTEM32\WINNSI.DLL
0x00007ff9e2690000 - 0x00007ff9e2698000 	C:\Windows\System32\NSI.dll
0x00007ff95f570000 - 0x00007ff95fabd000 	D:\Xilinx\Vivado\2023.2\lib\win64.o\librdi_commontasks.dll
0x00007ff95f240000 - 0x00007ff95f56b800 	D:\Xilinx\Vivado\2023.2\lib\win64.o\librdi_sio.dll
0x00007ff95afb0000 - 0x00007ff95bbf8000 	D:\Xilinx\Vivado\2023.2\tps\win64\jre17.0.7_7\bin\server\jvm.dll
0x00007ff9d85c0000 - 0x00007ff9d85e7000 	C:\Windows\SYSTEM32\WINMM.dll
0x00007ff9e1150000 - 0x00007ff9e1182000 	C:\Windows\SYSTEM32\SspiCli.dll
0x00007ff9b8630000 - 0x00007ff9b8647000 	C:\Windows\system32\napinsp.dll
0x00007ff9b80b0000 - 0x00007ff9b80cb000 	C:\Windows\system32\pnrpnsp.dll
0x00007ff9b6560000 - 0x00007ff9b6575000 	C:\Windows\system32\wshbth.dll
0x00007ff9de310000 - 0x00007ff9de32d000 	C:\Windows\system32\NLAapi.dll
0x00007ff9e06e0000 - 0x00007ff9e07aa000 	C:\Windows\SYSTEM32\DNSAPI.dll
0x00007ff9b6fb0000 - 0x00007ff9b6fc2000 	C:\Windows\System32\winrnr.dll
0x00007ff9df310000 - 0x00007ff9dfab4000 	C:\Windows\SYSTEM32\windows.storage.dll
0x00007ff9e0ca0000 - 0x00007ff9e0cce000 	C:\Windows\SYSTEM32\Wldp.dll
0x00007ff956b60000 - 0x00007ff959926000 	D:\Xilinx\Vivado\2023.2\lib\win64.o\librdi_tcltasks.dll
0x00007ff96b870000 - 0x00007ff96b8f3000 	D:\Xilinx\Vivado\2023.2\lib\win64.o\librdi_boarddep.dll
0x00007ff965390000 - 0x00007ff965590000 	D:\Xilinx\Vivado\2023.2\lib\win64.o\librdi_board.dll
0x00007ff95ed50000 - 0x00007ff95f231000 	D:\Xilinx\Vivado\2023.2\lib\win64.o\librdi_bitstream.dll
0x00007ff9676e0000 - 0x00007ff96780a000 	D:\Xilinx\Vivado\2023.2\lib\win64.o\librdi_chipscope.dll
0x00007ff95eb40000 - 0x00007ff95ed47000 	D:\Xilinx\Vivado\2023.2\lib\win64.o\librdi_chipscopeimpl.dll
0x00007ff95e3d0000 - 0x00007ff95e53e000 	D:\Xilinx\Vivado\2023.2\lib\win64.o\librdi_containers.dll
0x00007ff954d50000 - 0x00007ff956b57000 	D:\Xilinx\Vivado\2023.2\lib\win64.o\librdi_designutils.dll
0x00007ff952650000 - 0x00007ff954d45000 	D:\Xilinx\Vivado\2023.2\lib\win64.o\librdi_constraints.dll
0x00007ff95dfe0000 - 0x00007ff95e37f000 	D:\Xilinx\Vivado\2023.2\lib\win64.o\librdi_dlyest.dll
0x00007ff965140000 - 0x00007ff9651f4000 	D:\Xilinx\Vivado\2023.2\lib\win64.o\librdi_dsp.dll
0x00007ff95a220000 - 0x00007ff95a956000 	D:\Xilinx\Vivado\2023.2\lib\win64.o\librdi_drc.dll
0x00007ff951040000 - 0x00007ff952643000 	D:\Xilinx\Vivado\2023.2\lib\win64.o\librdi_device.dll
0x00007ff9b2860000 - 0x00007ff9b28cb000 	D:\Xilinx\Vivado\2023.2\lib\win64.o\librdi_hdf.dll
0x00007ff94cf50000 - 0x00007ff94f686000 	D:\Xilinx\Vivado\2023.2\lib\win64.o\librdi_coregen.dll
0x00007ff95db80000 - 0x00007ff95de64000 	D:\Xilinx\Vivado\2023.2\lib\win64.o\librdi_hip_devdesign.dll
0x00007ff95ae60000 - 0x00007ff95afa8000 	D:\Xilinx\Vivado\2023.2\lib\win64.o\librdi_hip_perf_analysis.dll
0x00007ff959a60000 - 0x00007ff95a21f000 	D:\Xilinx\Vivado\2023.2\lib\win64.o\librdi_filemgmt.dll
0x00007ff9507a0000 - 0x00007ff95103a000 	D:\Xilinx\Vivado\2023.2\lib\win64.o\librdi_lopt.dll
0x00007ff94f8f0000 - 0x00007ff9507a0000 	D:\Xilinx\Vivado\2023.2\lib\win64.o\librdi_ippcw.dll
0x00007ff94c2f0000 - 0x00007ff94c946000 	D:\Xilinx\Vivado\2023.2\lib\win64.o\librdi_memdata.dll
0x00007ff94ac00000 - 0x00007ff94bd43000 	D:\Xilinx\Vivado\2023.2\lib\win64.o\librdi_implflow.dll
0x00007ff9aeec0000 - 0x00007ff9aef3d000 	D:\Xilinx\Vivado\2023.2\lib\win64.o\librdi_memoryarray.dll
0x00007ff9da7e0000 - 0x00007ff9da83c000 	D:\Xilinx\Vivado\2023.2\lib\win64.o\librdi_pfi.dll
0x00007ff967cd0000 - 0x00007ff967d42000 	D:\Xilinx\Vivado\2023.2\lib\win64.o\librdi_noc_frameworks.dll
0x00007ff94a3f0000 - 0x00007ff94abf4000 	D:\Xilinx\Vivado\2023.2\lib\win64.o\librdi_netlist.dll
0x00007ff9479a0000 - 0x00007ff94a3e1000 	D:\Xilinx\Vivado\2023.2\lib\win64.o\librdi_mig.dll
0x00007ff9470a0000 - 0x00007ff947992000 	D:\Xilinx\Vivado\2023.2\lib\win64.o\librdi_power.dll
0x00007ff94be70000 - 0x00007ff94c2ee000 	D:\Xilinx\Vivado\2023.2\lib\win64.o\librdi_platform.dll
0x00007ff946810000 - 0x00007ff94709b000 	D:\Xilinx\Vivado\2023.2\lib\win64.o\librdi_project.dll
0x00007ff944d00000 - 0x00007ff9456ba000 	D:\Xilinx\Vivado\2023.2\lib\win64.o\librdi_rsb.dll

dbghelp: loaded successfully - version: 4.0.5 - missing functions: none
symbol engine: initialized successfully - sym options: 0x614 - pdb path: .;D:\Xilinx\Vivado\2023.2\bin\unwrapped\win64.o;C:\Windows\SYSTEM32;D:\Xilinx\Vivado\2023.2\lib\win64.o;C:\Windows\WinSxS\amd64_microsoft.windows.common-controls_6595b64144ccf1df_5.82.19041.4355_none_792ecafd2442822f;D:\Xilinx\Vivado\2023.2\tps\win64\jre17.0.7_7\bin\server;D:\Xilinx\Vivado\2023.2\tps\win64\jre17.0.7_7\bin;C:\Windows\WinSxS\amd64_microsoft.windows.common-controls_6595b64144ccf1df_6.0.19041.4355_none_60b8b9eb71f62e16

VM Arguments:
jvm_args: -Dsun.java2d.pmoffscreen=false -Dhttps.protocols=TLSv1,TLSv1.1,TLSv1.2 -Dsun.java2d.xrender=false -Dsun.java2d.d3d=false -Dsun.awt.nopixfmt=true -Dsun.java2d.dpiaware=true -Dsun.java2d.uiScale.enabled=false -Dswing.aatext=true -XX:-UsePerfData -Djdk.map.althashing.threshold=512 -XX:StringTableSize=4072 -XX:+UseStringDeduplication -XX:MaxGCPauseMillis=200 -XX:+ParallelRefProcEnabled --add-opens=java.desktop/javax.swing.plaf.synth=ALL-UNNAMED --add-opens=java.base/java.nio=ALL-UNNAMED --add-opens=java.desktop/sun.swing=ALL-UNNAMED --add-opens=java.desktop/javax.swing=ALL-UNNAMED --add-opens=java.desktop/javax.swing.tree=ALL-UNNAMED --add-opens=java.desktop/javax.swing.plaf.basic=ALL-UNNAMED --add-opens=java.desktop/javax.swing.plaf.synth=ALL-UNNAMED --add-opens=java.desktop/javax.swing.plaf.basic=ALL-UNNAMED --add-opens=java.desktop/javax.swing=ALL-UNNAMED --add-opens=java.desktop/javax.swing.tree=ALL-UNNAMED --add-opens=java.desktop/java.awt.event=ALL-UNNAMED --add-exports=java.desktop/javax.swing.plaf.synth=ALL-UNNAMED --add-exports=java.base/java.nio=ALL-UNNAMED --add-exports=java.desktop/sun.swing=ALL-UNNAMED --add-exports=java.desktop/javax.swing=ALL-UNNAMED --add-exports=java.desktop/javax.swing.tree=ALL-UNNAMED --add-exports=java.desktop/javax.swing.plaf.basic=ALL-UNNAMED --add-exports=java.desktop/sun.swing=ALL-UNNAMED --add-exports=java.desktop/sun.swing.table=ALL-UNNAMED --add-exports=java.desktop/sun.swing.plaf.synth=ALL-UNNAMED --add-exports=java.desktop/sun.awt.shell=ALL-UNNAMED --add-exports=java.base/sun.security.action=ALL-UNNAMED --add-exports=java.desktop/sun.font=ALL-UNNAMED -XX:NewSize=80m -XX:MaxNewSize=80m -Xms512m -Xmx4072m -Xss10m 
java_command: <unknown>
java_class_path (initial): D:/Xilinx/Vivado/2023.2\lib\classes\alloy.jar;D:/Xilinx/Vivado/2023.2\lib\classes\asm-9.3.jar;D:/Xilinx/Vivado/2023.2\lib\classes\asm-analysis-9.3.jar;D:/Xilinx/Vivado/2023.2\lib\classes\asm-commons-9.3.jar;D:/Xilinx/Vivado/2023.2\lib\classes\asm-tree-9.3.jar;D:/Xilinx/Vivado/2023.2\lib\classes\autoesl-models.jar;D:/Xilinx/Vivado/2023.2\lib\classes\batik-anim.jar;D:/Xilinx/Vivado/2023.2\lib\classes\batik-awt-util.jar;D:/Xilinx/Vivado/2023.2\lib\classes\batik-bridge.jar;D:/Xilinx/Vivado/2023.2\lib\classes\batik-codec.jar;D:/Xilinx/Vivado/2023.2\lib\classes\batik-constants.jar;D:/Xilinx/Vivado/2023.2\lib\classes\batik-css.jar;D:/Xilinx/Vivado/2023.2\lib\classes\batik-dom.jar;D:/Xilinx/Vivado/2023.2\lib\classes\batik-ext.jar;D:/Xilinx/Vivado/2023.2\lib\classes\batik-gui-util.jar;D:/Xilinx/Vivado/2023.2\lib\classes\batik-gvt.jar;D:/Xilinx/Vivado/2023.2\lib\classes\batik-i18n.jar;D:/Xilinx/Vivado/2023.2\lib\classes\batik-parser.jar;D:/Xilinx/Vivado/2023.2\lib\classes\batik-script.jar;D:/Xilinx/Vivado/2023.2\lib\classes\batik-svg-dom.jar;D:/Xilinx/Vivado/2023.2\lib\classes\batik-svggen.jar;D:/Xilinx/Vivado/2023.2\lib\classes\batik-swing.jar;D:/Xilinx/Vivado/2023.2\lib\classes\batik-transcoder.jar;D:/Xilinx/Vivado/2023.2\lib\classes\batik-util.jar;D:/Xilinx/Vivado/2023.2\lib\classes\batik-xml.jar;D:/Xilinx/Vivado/2023.2\lib\classes\com.fasterxml.jackson.core.jackson-annotations_2.12.1.v20210128-1726.jar;D:/Xilinx/Vivado/2023.2\lib\classes\com.fasterxml.jackson.core.jackson-core_2.12.1.v20210128-1726.jar;D:/Xilinx/Vivado/2023.2\lib\classes\com.fasterxml.jackson.core.jackson-databind_2.12.1.v20210128-1726.jar;D:/Xilinx/Vivado/2023.2\lib\classes\com.google.gson_2.8.9.v20220111-1409.jar;D:/Xilinx/Vivado/2023.2\lib\classes\com.google.guava_30.1.0.v20210127-2300.jar;D:/Xilinx/Vivado/2023.2\lib\classes\com.sigasi.hdt.connection_4.17.2.202304211001.jar;D:/Xilinx/Vivado/2023.2\lib\classes\com.sigasi.hdt.epl_4.17.2.202304211001.jar;D:/Xilinx/Vivado/2023.
Launcher Type: generic

[Global flags]
     intx CICompilerCount                          = 4                                         {product} {ergonomic}
     uint ConcGCThreads                            = 3                                         {product} {ergonomic}
     uint G1ConcRefinementThreads                  = 10                                        {product} {ergonomic}
   size_t G1HeapRegionSize                         = 2097152                                   {product} {ergonomic}
    uintx GCDrainStackTargetSize                   = 64                                        {product} {ergonomic}
   size_t InitialHeapSize                          = 536870912                                 {product} {command line}
   size_t MarkStackSize                            = 4194304                                   {product} {ergonomic}
    uintx MaxGCPauseMillis                         = 200                                       {product} {command line}
   size_t MaxHeapSize                              = 4269801472                                {product} {command line}
   size_t MaxNewSize                               = 83886080                                  {product} {command line}
   size_t MinHeapDeltaBytes                        = 2097152                                   {product} {ergonomic}
   size_t MinHeapSize                              = 536870912                                 {product} {command line}
   size_t NewSize                                  = 83886080                                  {product} {command line}
    uintx NonNMethodCodeHeapSize                   = 5839372                                {pd product} {ergonomic}
    uintx NonProfiledCodeHeapSize                  = 122909434                              {pd product} {ergonomic}
     bool ParallelRefProcEnabled                   = true                                      {product} {command line}
    uintx ProfiledCodeHeapSize                     = 122909434                              {pd product} {ergonomic}
    uintx ReservedCodeCacheSize                    = 251658240                              {pd product} {ergonomic}
     bool SegmentedCodeCache                       = true                                      {product} {ergonomic}
   size_t SoftMaxHeapSize                          = 4269801472                             {manageable} {ergonomic}
    uintx StringTableSize                          = 4072                                      {product} {command line}
     intx ThreadStackSize                          = 10240                                  {pd product} {command line}
     bool UseCompressedClassPointers               = true                           {product lp64_product} {ergonomic}
     bool UseCompressedOops                        = true                           {product lp64_product} {ergonomic}
     bool UseG1GC                                  = true                                      {product} {ergonomic}
     bool UseLargePagesIndividualAllocation        = false                                  {pd product} {ergonomic}
     bool UsePerfData                              = false                                     {product} {command line}
     bool UseStringDeduplication                   = true                                      {product} {command line}

Logging:
Log output configuration:
 #0: stdout all=warning uptime,level,tags
 #1: stderr all=off uptime,level,tags

Environment Variables:
PATH=D:/Xilinx/Vivado/2023.2/bin;D:/Xilinx/Vivado/2023.2/tps/win64/java-cef-95.0.4638.69/bin/lib/win64;D:/Xilinx/Vivado/2023.2/tps/win64/javafx-sdk-17.0.1/lib;D:/Xilinx/Vivado/2023.2/tps/win64/javafx-sdk-17.0.1/bin;D:/Xilinx/Vivado/2023.2/lib/win64.o;D:/Xilinx/Vivado/2023.2/tps/win64/jre17.0.7_7/bin/server;D:/Xilinx/Vivado/2023.2/tps/win64/jre17.0.7_7/bin;D:/Xilinx/Vitis/2023.2/bin;D:/Xilinx/Vivado/2023.2/ids_lite/ISE/bin/nt64;D:/Xilinx/Vivado/2023.2/ids_lite/ISE/lib/nt64;D:/Xilinx/Vitis_HLS/2023.2/bin;C:\Program Files (x86)\Common Files\Oracle\Java\javapath;C:\Windows\system32;C:\Windows;C:\Windows\System32\Wbem;C:\Windows\System32\WindowsPowerShell\v1.0\;C:\Windows\System32\OpenSSH\;C:\Program Files (x86)\NVIDIA Corporation\PhysX\Common;C:\Program Files\NVIDIA Corporation\NVIDIA NvDLISR;C:\mingw-w64\x86_64-8.1.0-posix-seh-rt_v6-rev0\mingw64\bin;C:\LLVM\bin;C:\Users\fossu\AppData\Local\Programs\Python\Python37-32\Scripts;C:\Users\fossu\AppData\Local\Programs\Python\Python37-32;C:\Program Files\dotnet\;D:\Git\cmd;C:\Program Files\MATLAB\R2024a\bin;D:\texlive\2023\bin\windows;C:\Users\fossu\AppData\Local\Programs\Python\Python311\Scripts\;C:\Users\fossu\AppData\Local\Programs\Python\Python311\;C:\Users\fossu\AppData\Local\Programs\Python\Python38-32\Scripts\;C:\Users\fossu\AppData\Local\Programs\Python\Python38-32\;C:\Users\fossu\AppData\Local\Microsoft\WindowsApps;;D:\Microsoft VS Code\bin;C:\intelFPGA_lite\18.1\modelsim_ase\win32aloem;C:\intelFPGA_lite\18.1\modelsim_ae\win32aloem;C:\Users\fossu\.dotnet\tools;C:\texlive\2012\bin\win32;D:/Xilinx/Vivado/2023.2\tps\mingw\6.2.0\win64.o\nt\bin;D:/Xilinx/Vivado/2023.2\tps\mingw\6.2.0\win64.o\nt\libexec\gcc\x86_64-w64-mingw32\6.2.0;D:/Xilinx/Vivado/2023.2\tps\win64\python-3.8.3;D:/Xilinx/Vivado/2023.2\tps\win64\python-3.8.3\bin;D:/Xilinx/Vivado/2023.2\tps\win64\python-3.8.3\lib;D:/Xilinx/Vivado/2023.2\tps\win64\python-3.8.3\lib\site-packages
USERNAME=fossu
OS=Windows_NT
PROCESSOR_IDENTIFIER=AMD64 Family 23 Model 113 Stepping 0, AuthenticAMD
TMP=C:\Users\fossu\AppData\Local\Temp
TEMP=C:\Users\fossu\AppData\Local\Temp



---------------  S Y S T E M  ---------------

OS:
 Windows 10 , 64 bit Build 19041 (10.0.19041.5198)
OS uptime: 29 days 13:04 hours

CPU: total 12 (initial active 12) (12 cores per cpu, 2 threads per core) family 23 model 113 stepping 0 microcode 0x0, cx8, cmov, fxsr, ht, mmx, 3dnowpref, sse, sse2, sse3, ssse3, sse4a, sse4.1, sse4.2, popcnt, lzcnt, tsc, tscinvbit, avx, avx2, aes, clmul, bmi1, bmi2, adx, sha, fma, vzeroupper, clflush, clflushopt

Memory: 4k page, system-wide physical 32699M (23714M free)
TotalPageFile size 37563M (AvailPageFile size 27048M)
current process WorkingSet (physical memory assigned to process): 655M, peak: 697M
current process commit charge ("private bytes"): 1037M, peak: 1100M

vm_info: OpenJDK 64-Bit Server VM (17.0.7+7) for windows-amd64 JRE (17.0.7+7), built on Apr 18 2023 22:10:42 by "temurin" with MS VC++ 16.7 (VS2019)

END.
