#-----------------------------------------------------------
# Vivado v2023.2 (64-bit)
# SW Build 4029153 on Fri Oct 13 20:14:34 MDT 2023
# IP Build 4028589 on Sat Oct 14 00:45:43 MDT 2023
# SharedData Build 4025554 on Tue Oct 10 17:18:54 MDT 2023
# Start of session at: Fri Jan 10 12:38:54 2025
# Process ID: 25280
# Current directory: C:/Users/fossu/Desktop/ML_DSA_Syn/IMP/SHA3_imp/MLDSA
# Command line: vivado.exe -gui_launcher_event rodinguilauncherevent8560 C:\Users\fossu\Desktop\ML_DSA_Syn\IMP\SHA3_imp\MLDSA\MLDSA.xpr
# Log file: C:/Users/fossu/Desktop/ML_DSA_Syn/IMP/SHA3_imp/MLDSA/vivado.log
# Journal file: C:/Users/fossu/Desktop/ML_DSA_Syn/IMP/SHA3_imp/MLDSA\vivado.jou
# Running On: DESKTOP-5RUADSS, OS: Windows, CPU Frequency: 3593 MHz, CPU Physical cores: 12, Host memory: 34287 MB
#-----------------------------------------------------------
start_gui
open_project C:/Users/fossu/Desktop/ML_DSA_Syn/IMP/SHA3_imp/MLDSA/MLDSA.xpr
WARNING: [Board 49-26] cannot add Board Part xilinx.com:kc705:part0:1.6 available at D:/Xilinx/Vivado/2023.2/data/xhub/boards/XilinxBoardStore/boards/Xilinx/kc705/1.6/board.xml as part xc7k325tffg900-2 specified in board_part file is either invalid or not available
WARNING: [Board 49-26] cannot add Board Part xilinx.com:kcu105:part0:1.6 available at D:/Xilinx/Vivado/2023.2/data/xhub/boards/XilinxBoardStore/boards/Xilinx/kcu105/1.6/board.xml as part xcku040-ffva1156-2-e specified in board_part file is either invalid or not available
WARNING: [Board 49-26] cannot add Board Part xilinx.com:kcu105:part0:1.7 available at D:/Xilinx/Vivado/2023.2/data/xhub/boards/XilinxBoardStore/boards/Xilinx/kcu105/1.7/board.xml as part xcku040-ffva1156-2-e specified in board_part file is either invalid or not available
WARNING: [Board 49-26] cannot add Board Part xilinx.com:kcu1500:part0:1.2 available at D:/Xilinx/Vivado/2023.2/data/xhub/boards/XilinxBoardStore/boards/Xilinx/kcu1500/1.2/board.xml as part xcku115-flvb2104-2-e specified in board_part file is either invalid or not available
WARNING: [Board 49-26] cannot add Board Part xilinx.com:vc707:part0:1.4 available at D:/Xilinx/Vivado/2023.2/data/xhub/boards/XilinxBoardStore/boards/Xilinx/vc707/1.4/board.xml as part xc7vx485tffg1761-2 specified in board_part file is either invalid or not available
WARNING: [Board 49-26] cannot add Board Part xilinx.com:vc709:part0:1.8 available at D:/Xilinx/Vivado/2023.2/data/xhub/boards/XilinxBoardStore/boards/Xilinx/vc709/1.8/board.xml as part xc7vx690tffg1761-2 specified in board_part file is either invalid or not available
WARNING: [Board 49-26] cannot add Board Part xilinx.com:vck190:part0:2.2 available at D:/Xilinx/Vivado/2023.2/data/xhub/boards/XilinxBoardStore/boards/Xilinx/vck190/production/2.2/board.xml as part xcvc1902-vsva2197-2mp-e-s specified in board_part file is either invalid or not available
WARNING: [Board 49-26] cannot add Board Part xilinx.com:vck190:part0:3.0 available at D:/Xilinx/Vivado/2023.2/data/xhub/boards/XilinxBoardStore/boards/Xilinx/vck190/production/3.0/board.xml as part xcvc1902-vsva2197-2mp-e-s specified in board_part file is either invalid or not available
WARNING: [Board 49-26] cannot add Board Part xilinx.com:vck190:part0:3.1 available at D:/Xilinx/Vivado/2023.2/data/xhub/boards/XilinxBoardStore/boards/Xilinx/vck190/production/3.1/board.xml as part xcvc1902-vsva2197-2mp-e-s specified in board_part file is either invalid or not available
WARNING: [Board 49-26] cannot add Board Part xilinx.com:vck190:part0:3.2 available at D:/Xilinx/Vivado/2023.2/data/xhub/boards/XilinxBoardStore/boards/Xilinx/vck190/production/3.2/board.xml as part xcvc1902-vsva2197-2mp-e-s specified in board_part file is either invalid or not available
WARNING: [Board 49-26] cannot add Board Part xilinx.com:vck190_newl:part0:1.0 available at D:/Xilinx/Vivado/2023.2/data/xhub/boards/XilinxBoardStore/boards/Xilinx/vck190_newl/production/1.0/board.xml as part xcvc1902-vsva2197-2mp-e-s specified in board_part file is either invalid or not available
WARNING: [Board 49-26] cannot add Board Part xilinx.com:vck190_newl:part0:1.1 available at D:/Xilinx/Vivado/2023.2/data/xhub/boards/XilinxBoardStore/boards/Xilinx/vck190_newl/production/1.1/board.xml as part xcvc1902-vsva2197-2mp-e-s specified in board_part file is either invalid or not available
WARNING: [Board 49-26] cannot add Board Part xilinx.com:vcu108:part0:1.6 available at D:/Xilinx/Vivado/2023.2/data/xhub/boards/XilinxBoardStore/boards/Xilinx/vcu108/1.6/board.xml as part xcvu095-ffva2104-2-e specified in board_part file is either invalid or not available
WARNING: [Board 49-26] cannot add Board Part xilinx.com:vcu108:part0:1.7 available at D:/Xilinx/Vivado/2023.2/data/xhub/boards/XilinxBoardStore/boards/Xilinx/vcu108/1.7/board.xml as part xcvu095-ffva2104-2-e specified in board_part file is either invalid or not available
WARNING: [Board 49-26] cannot add Board Part xilinx.com:vcu110:part0:1.4 available at D:/Xilinx/Vivado/2023.2/data/xhub/boards/XilinxBoardStore/boards/Xilinx/vcu110/1.4/board.xml as part xcvu190-flgc2104-2-e specified in board_part file is either invalid or not available
WARNING: [Board 49-26] cannot add Board Part xilinx.com:vcu118:part0:2.0 available at D:/Xilinx/Vivado/2023.2/data/xhub/boards/XilinxBoardStore/boards/Xilinx/vcu118/2.0/board.xml as part xcvu9p-flga2104-2l-e specified in board_part file is either invalid or not available
WARNING: [Board 49-26] cannot add Board Part xilinx.com:vcu118:part0:2.3 available at D:/Xilinx/Vivado/2023.2/data/xhub/boards/XilinxBoardStore/boards/Xilinx/vcu118/2.3/board.xml as part xcvu9p-flga2104-2l-e specified in board_part file is either invalid or not available
WARNING: [Board 49-26] cannot add Board Part xilinx.com:vcu118:part0:2.4 available at D:/Xilinx/Vivado/2023.2/data/xhub/boards/XilinxBoardStore/boards/Xilinx/vcu118/2.4/board.xml as part xcvu9p-flga2104-2l-e specified in board_part file is either invalid or not available
WARNING: [Board 49-26] cannot add Board Part xilinx.com:vcu129:part0:1.0 available at D:/Xilinx/Vivado/2023.2/data/xhub/boards/XilinxBoardStore/boards/Xilinx/vcu129/production/1.0/board.xml as part xcvu29p-fsga2577-2l-e specified in board_part file is either invalid or not available
WARNING: [Board 49-26] cannot add Board Part xilinx.com:vcu1525:part0:1.3 available at D:/Xilinx/Vivado/2023.2/data/xhub/boards/XilinxBoardStore/boards/Xilinx/vcu1525/1.3/board.xml as part xcvu9p-fsgd2104-2l-e specified in board_part file is either invalid or not available
WARNING: [Board 49-26] cannot add Board Part xilinx.com:vek280:part0:1.0 available at D:/Xilinx/Vivado/2023.2/data/xhub/boards/XilinxBoardStore/boards/Xilinx/vek280/production/1.0/board.xml as part xcve2802-vsvh1760-2mp-e-s specified in board_part file is either invalid or not available
WARNING: [Board 49-26] cannot add Board Part xilinx.com:vek280_es:part0:1.0 available at D:/Xilinx/Vivado/2023.2/data/xhub/boards/XilinxBoardStore/boards/Xilinx/vek280/es/rev_a/1.0/board.xml as part xcve2802-vsvh1760-2lp-e-s-es1 specified in board_part file is either invalid or not available
WARNING: [Board 49-26] cannot add Board Part xilinx.com:vek280_es:part0:1.1 available at D:/Xilinx/Vivado/2023.2/data/xhub/boards/XilinxBoardStore/boards/Xilinx/vek280/es/rev_a/1.1/board.xml as part xcve2802-vsvh1760-2lp-e-s-es1 specified in board_part file is either invalid or not available
WARNING: [Board 49-26] cannot add Board Part xilinx.com:vek280_es_revb:part0:1.0 available at D:/Xilinx/Vivado/2023.2/data/xhub/boards/XilinxBoardStore/boards/Xilinx/vek280/es/rev_b/1.0/board.xml as part xcve2802-vsvh1760-2mp-e-s-es1 specified in board_part file is either invalid or not available
WARNING: [Board 49-26] cannot add Board Part xilinx.com:vek280_es_revb:part0:1.1 available at D:/Xilinx/Vivado/2023.2/data/xhub/boards/XilinxBoardStore/boards/Xilinx/vek280/es/rev_b/1.1/board.xml as part xcve2802-vsvh1760-2mp-e-s-es1 specified in board_part file is either invalid or not available
WARNING: [Board 49-26] cannot add Board Part xilinx.com:vermeo_t1_mpsoc:part0:1.0 available at D:/Xilinx/Vivado/2023.2/data/xhub/boards/XilinxBoardStore/boards/Xilinx/vermeo_t1_mpsoc/1.0/board.xml as part xczu19eg-ffvd1760-2l-e specified in board_part file is either invalid or not available
WARNING: [Board 49-26] cannot add Board Part xilinx.com:vermeo_t1_rfsoc:part0:1.0 available at D:/Xilinx/Vivado/2023.2/data/xhub/boards/XilinxBoardStore/boards/Xilinx/vermeo_t1_rfsoc/1.0/board.xml as part xczu21dr-ffvd1156-2l-e specified in board_part file is either invalid or not available
WARNING: [Board 49-26] cannot add Board Part xilinx.com:vhk158:part0:1.0 available at D:/Xilinx/Vivado/2023.2/data/xhub/boards/XilinxBoardStore/boards/Xilinx/vhk158/production/1.0/board.xml as part xcvh1582-vsva3697-2mp-e-s specified in board_part file is either invalid or not available
WARNING: [Board 49-26] cannot add Board Part xilinx.com:vhk158:part0:1.1 available at D:/Xilinx/Vivado/2023.2/data/xhub/boards/XilinxBoardStore/boards/Xilinx/vhk158/production/1.1/board.xml as part xcvh1582-vsva3697-2mp-e-s specified in board_part file is either invalid or not available
WARNING: [Board 49-26] cannot add Board Part xilinx.com:vhk158_es:part0:1.0 available at D:/Xilinx/Vivado/2023.2/data/xhub/boards/XilinxBoardStore/boards/Xilinx/vhk158/es/1.0/board.xml as part xcvh1582-vsva3697-2mp-e-s-es1 specified in board_part file is either invalid or not available
WARNING: [Board 49-26] cannot add Board Part xilinx.com:vhk158_es:part0:1.1 available at D:/Xilinx/Vivado/2023.2/data/xhub/boards/XilinxBoardStore/boards/Xilinx/vhk158/es/1.1/board.xml as part xcvh1582-vsva3697-2mp-e-s-es1 specified in board_part file is either invalid or not available
WARNING: [Board 49-26] cannot add Board Part xilinx.com:vmk180:part0:2.2 available at D:/Xilinx/Vivado/2023.2/data/xhub/boards/XilinxBoardStore/boards/Xilinx/vmk180/production/2.2/board.xml as part xcvm1802-vsva2197-2mp-e-s specified in board_part file is either invalid or not available
WARNING: [Board 49-26] cannot add Board Part xilinx.com:vmk180:part0:3.0 available at D:/Xilinx/Vivado/2023.2/data/xhub/boards/XilinxBoardStore/boards/Xilinx/vmk180/production/3.0/board.xml as part xcvm1802-vsva2197-2mp-e-s specified in board_part file is either invalid or not available
WARNING: [Board 49-26] cannot add Board Part xilinx.com:vmk180:part0:3.1 available at D:/Xilinx/Vivado/2023.2/data/xhub/boards/XilinxBoardStore/boards/Xilinx/vmk180/production/3.1/board.xml as part xcvm1802-vsva2197-2mp-e-s specified in board_part file is either invalid or not available
WARNING: [Board 49-26] cannot add Board Part xilinx.com:vmk180:part0:3.2 available at D:/Xilinx/Vivado/2023.2/data/xhub/boards/XilinxBoardStore/boards/Xilinx/vmk180/production/3.2/board.xml as part xcvm1802-vsva2197-2mp-e-s specified in board_part file is either invalid or not available
WARNING: [Board 49-26] cannot add Board Part xilinx.com:vmk180_newl:part0:1.0 available at D:/Xilinx/Vivado/2023.2/data/xhub/boards/XilinxBoardStore/boards/Xilinx/vmk180_newl/production/1.0/board.xml as part xcvm1802-vsva2197-2mp-e-s specified in board_part file is either invalid or not available
WARNING: [Board 49-26] cannot add Board Part xilinx.com:vmk180_newl:part0:1.1 available at D:/Xilinx/Vivado/2023.2/data/xhub/boards/XilinxBoardStore/boards/Xilinx/vmk180_newl/production/1.1/board.xml as part xcvm1802-vsva2197-2mp-e-s specified in board_part file is either invalid or not available
WARNING: [Board 49-26] cannot add Board Part xilinx.com:vpk120:part0:1.0 available at D:/Xilinx/Vivado/2023.2/data/xhub/boards/XilinxBoardStore/boards/Xilinx/vpk120/production/1.0/board.xml as part xcvp1202-vsva2785-2mp-e-s specified in board_part file is either invalid or not available
WARNING: [Board 49-26] cannot add Board Part xilinx.com:vpk120:part0:1.1 available at D:/Xilinx/Vivado/2023.2/data/xhub/boards/XilinxBoardStore/boards/Xilinx/vpk120/production/1.1/board.xml as part xcvp1202-vsva2785-2mp-e-s specified in board_part file is either invalid or not available
WARNING: [Board 49-26] cannot add Board Part xilinx.com:vpk120:part0:1.2 available at D:/Xilinx/Vivado/2023.2/data/xhub/boards/XilinxBoardStore/boards/Xilinx/vpk120/production/1.2/board.xml as part xcvp1202-vsva2785-2mp-e-s specified in board_part file is either invalid or not available
WARNING: [Board 49-26] cannot add Board Part xilinx.com:vpk180:part0:1.0 available at D:/Xilinx/Vivado/2023.2/data/xhub/boards/XilinxBoardStore/boards/Xilinx/vpk180/production/1.0/board.xml as part xcvp1802-lsvc4072-2mp-e-s specified in board_part file is either invalid or not available
WARNING: [Board 49-26] cannot add Board Part xilinx.com:vpk180:part0:1.1 available at D:/Xilinx/Vivado/2023.2/data/xhub/boards/XilinxBoardStore/boards/Xilinx/vpk180/production/1.1/board.xml as part xcvp1802-lsvc4072-2mp-e-s specified in board_part file is either invalid or not available
WARNING: [Board 49-26] cannot add Board Part xilinx.com:zc706:part0:1.4 available at D:/Xilinx/Vivado/2023.2/data/xhub/boards/XilinxBoardStore/boards/Xilinx/zc706/1.4/board.xml as part xc7z045ffg900-2 specified in board_part file is either invalid or not available
WARNING: [Board 49-26] cannot add Board Part xilinx.com:zcu102:part0:3.3 available at D:/Xilinx/Vivado/2023.2/data/xhub/boards/XilinxBoardStore/boards/Xilinx/zcu102/3.3/board.xml as part xczu9eg-ffvb1156-2-e specified in board_part file is either invalid or not available
WARNING: [Board 49-26] cannot add Board Part xilinx.com:zcu102:part0:3.4 available at D:/Xilinx/Vivado/2023.2/data/xhub/boards/XilinxBoardStore/boards/Xilinx/zcu102/3.4/board.xml as part xczu9eg-ffvb1156-2-e specified in board_part file is either invalid or not available
WARNING: [Board 49-26] cannot add Board Part xilinx.com:zcu111:part0:1.2 available at D:/Xilinx/Vivado/2023.2/data/xhub/boards/XilinxBoardStore/boards/Xilinx/zcu111/1.2/board.xml as part xczu28dr-ffvg1517-2-e specified in board_part file is either invalid or not available
WARNING: [Board 49-26] cannot add Board Part xilinx.com:zcu111:part0:1.3 available at D:/Xilinx/Vivado/2023.2/data/xhub/boards/XilinxBoardStore/boards/Xilinx/zcu111/1.3/board.xml as part xczu28dr-ffvg1517-2-e specified in board_part file is either invalid or not available
WARNING: [Board 49-26] cannot add Board Part xilinx.com:zcu111:part0:1.4 available at D:/Xilinx/Vivado/2023.2/data/xhub/boards/XilinxBoardStore/boards/Xilinx/zcu111/1.4/board.xml as part xczu28dr-ffvg1517-2-e specified in board_part file is either invalid or not available
WARNING: [Board 49-26] cannot add Board Part xilinx.com:zcu1275:part0:1.0 available at D:/Xilinx/Vivado/2023.2/data/xhub/boards/XilinxBoardStore/boards/Xilinx/zcu1275/1.0/board.xml as part xczu29dr-ffvf1760-2-e specified in board_part file is either invalid or not available
WARNING: [Board 49-26] cannot add Board Part xilinx.com:zcu1285:part0:1.0 available at D:/Xilinx/Vivado/2023.2/data/xhub/boards/XilinxBoardStore/boards/Xilinx/zcu1285/1.0/board.xml as part xczu39dr-ffvf1760-2-i specified in board_part file is either invalid or not available
WARNING: [Board 49-26] cannot add Board Part xilinx.com:zcu208:part0:2.0 available at D:/Xilinx/Vivado/2023.2/data/xhub/boards/XilinxBoardStore/boards/Xilinx/zcu208/production/2.0/board.xml as part xczu48dr-fsvg1517-2-e specified in board_part file is either invalid or not available
WARNING: [Board 49-26] cannot add Board Part xilinx.com:zcu208ld:part0:2.0 available at D:/Xilinx/Vivado/2023.2/data/xhub/boards/XilinxBoardStore/boards/Xilinx/zcu208ld/production/2.0/board.xml as part xczu58dr-fsvg1517-2-i specified in board_part file is either invalid or not available
WARNING: [Board 49-26] cannot add Board Part xilinx.com:zcu216:part0:2.0 available at D:/Xilinx/Vivado/2023.2/data/xhub/boards/XilinxBoardStore/boards/Xilinx/zcu216/production/2.0/board.xml as part xczu49dr-ffvf1760-2-e specified in board_part file is either invalid or not available
WARNING: [Board 49-26] cannot add Board Part xilinx.com:zcu216ld:part0:2.0 available at D:/Xilinx/Vivado/2023.2/data/xhub/boards/XilinxBoardStore/boards/Xilinx/zcu216ld/production/2.0/board.xml as part xczu59dr-ffvf1760-2-i specified in board_part file is either invalid or not available
WARNING: [Board 49-26] cannot add Board Part xilinx.com:zcu670:part0:2.0 available at D:/Xilinx/Vivado/2023.2/data/xhub/boards/XilinxBoardStore/boards/Xilinx/zcu670/2.0/board.xml as part xczu67dr-fsve1156-2-i specified in board_part file is either invalid or not available
WARNING: [Board 49-26] cannot add Board Part xilinx.com:zcu670ld:part0:1.0 available at D:/Xilinx/Vivado/2023.2/data/xhub/boards/XilinxBoardStore/boards/Xilinx/zcu670ld/1.0/board.xml as part xczu57dr-fsve1156-2-i specified in board_part file is either invalid or not available
INFO: [filemgmt 56-3] Default IP Output Path : Could not find the directory 'C:/Users/fossu/Desktop/ML_DSA_Syn/IMP/SHA3_imp/MLDSA/MLDSA.gen/sources_1'.
Scanning sources...
Finished scanning sources
INFO: [IP_Flow 19-234] Refreshing IP repositories
INFO: [IP_Flow 19-1704] No user IP repositories specified
INFO: [IP_Flow 19-2313] Loaded Vivado IP repository 'D:/Xilinx/Vivado/2023.2/data/ip'.
open_project: Time (s): cpu = 00:00:18 ; elapsed = 00:00:29 . Memory (MB): peak = 1452.055 ; gain = 182.457
update_compile_order -fileset sources_1
launch_simulation
Command: launch_simulation 
INFO: [Vivado 12-12493] Simulation top is 'MLDSA_tb'
WARNING: [Vivado 12-13340] Unable to auto find GCC executables from simulator install path! (path not set)
INFO: [Vivado 12-5682] Launching behavioral simulation in 'C:/Users/fossu/Desktop/ML_DSA_Syn/IMP/SHA3_imp/MLDSA/MLDSA.sim/sim_1/behav/xsim'
INFO: [SIM-utils-51] Simulation object is 'sim_1'
INFO: [SIM-utils-72] Using boost library from 'D:/Xilinx/Vivado/2023.2/tps/boost_1_72_0'
INFO: [SIM-utils-54] Inspecting design source files for 'MLDSA_tb' in fileset 'sim_1'...
INFO: [USF-XSim-97] Finding global include files...
INFO: [USF-XSim-98] Fetching design files from 'sim_1'...
INFO: [USF-XSim-2] XSim::Compile design
INFO: [USF-XSim-61] Executing 'COMPILE and ANALYZE' step in 'C:/Users/fossu/Desktop/ML_DSA_Syn/IMP/SHA3_imp/MLDSA/MLDSA.sim/sim_1/behav/xsim'
"xvlog --incr --relax -prj MLDSA_tb_vlog.prj"
ECHO 已關閉。
ECHO 已關閉。
INFO: [VRFC 10-2263] Analyzing Verilog file "C:/Users/fossu/Desktop/ML_DSA_Syn/IMP/SHA3_imp/MLDSA/MLDSA.srcs/sources_1/imports/MLDSA/CoeffFromHalfByte.v" into library xil_defaultlib
INFO: [VRFC 10-311] analyzing module CoeffFromHalfByte
INFO: [VRFC 10-2263] Analyzing Verilog file "C:/Users/fossu/Desktop/ML_DSA_Syn/IMP/SHA3_imp/MLDSA/MLDSA.srcs/sources_1/imports/MLDSA/Controller.v" into library xil_defaultlib
INFO: [VRFC 10-311] analyzing module Controller
INFO: [VRFC 10-2263] Analyzing Verilog file "C:/Users/fossu/Desktop/ML_DSA_Syn/IMP/SHA3_imp/MLDSA/MLDSA.srcs/sources_1/imports/MLDSA/Data_Mem.v" into library xil_defaultlib
INFO: [VRFC 10-311] analyzing module Data_Mem
INFO: [VRFC 10-2263] Analyzing Verilog file "C:/Users/fossu/Desktop/ML_DSA_Syn/IMP/SHA3_imp/MLDSA/MLDSA.srcs/sources_1/imports/MLDSA/Data_Path.v" into library xil_defaultlib
INFO: [VRFC 10-311] analyzing module Data_Path
INFO: [VRFC 10-2263] Analyzing Verilog file "C:/Users/fossu/Desktop/ML_DSA_Syn/IMP/SHA3_imp/MLDSA/MLDSA.srcs/sources_1/imports/MLDSA/Dual_Port_Ram_Single_clk.v" into library xil_defaultlib
INFO: [VRFC 10-311] analyzing module Dual_Port_Ram_Single_clk
INFO: [VRFC 10-2263] Analyzing Verilog file "C:/Users/fossu/Desktop/ML_DSA_Syn/IMP/SHA3_imp/MLDSA/MLDSA.srcs/sources_1/imports/MLDSA/ExpandS.v" into library xil_defaultlib
INFO: [VRFC 10-311] analyzing module ExpandS
INFO: [VRFC 10-2263] Analyzing Verilog file "C:/Users/fossu/Desktop/ML_DSA_Syn/IMP/SHA3_imp/MLDSA/MLDSA.srcs/sources_1/imports/MLDSA/F_Permutation_Dilithium.v" into library xil_defaultlib
INFO: [VRFC 10-311] analyzing module F_Permutation_Dilithium
INFO: [VRFC 10-2263] Analyzing Verilog file "C:/Users/fossu/Desktop/ML_DSA_Syn/IMP/SHA3_imp/MLDSA/MLDSA.srcs/sources_1/imports/MLDSA/Keccak_dilithium.v" into library xil_defaultlib
INFO: [VRFC 10-311] analyzing module Keccak_Dilithium
INFO: [VRFC 10-2263] Analyzing Verilog file "C:/Users/fossu/Desktop/ML_DSA_Syn/IMP/SHA3_imp/MLDSA/MLDSA.srcs/sources_1/imports/MLDSA/MLDSA.v" into library xil_defaultlib
INFO: [VRFC 10-311] analyzing module MLDSA
INFO: [VRFC 10-2263] Analyzing Verilog file "C:/Users/fossu/Desktop/ML_DSA_Syn/IMP/SHA3_imp/MLDSA/MLDSA.srcs/sources_1/imports/MLDSA/Padder_Dilithium.v" into library xil_defaultlib
INFO: [VRFC 10-311] analyzing module Padder_Dilithium
INFO: [VRFC 10-2263] Analyzing Verilog file "C:/Users/fossu/Desktop/ML_DSA_Syn/IMP/SHA3_imp/MLDSA/MLDSA.srcs/sources_1/imports/MLDSA/Sampler.v" into library xil_defaultlib
INFO: [VRFC 10-311] analyzing module Sampler
INFO: [VRFC 10-2263] Analyzing Verilog file "C:/Users/fossu/Desktop/ML_DSA_Syn/IMP/SHA3_imp/MLDSA/MLDSA.srcs/sources_1/imports/MLDSA/padder1.v" into library xil_defaultlib
INFO: [VRFC 10-311] analyzing module padder1
INFO: [VRFC 10-2263] Analyzing Verilog file "C:/Users/fossu/Desktop/ML_DSA_Syn/IMP/SHA3_imp/MLDSA/MLDSA.srcs/sources_1/imports/MLDSA/rconst.v" into library xil_defaultlib
INFO: [VRFC 10-311] analyzing module rconst
INFO: [VRFC 10-2263] Analyzing Verilog file "C:/Users/fossu/Desktop/ML_DSA_Syn/IMP/SHA3_imp/MLDSA/MLDSA.srcs/sources_1/imports/MLDSA/round.v" into library xil_defaultlib
INFO: [VRFC 10-311] analyzing module round
INFO: [VRFC 10-2263] Analyzing Verilog file "C:/Users/fossu/Desktop/ML_DSA_Syn/IMP/SHA3_imp/MLDSA/MLDSA.srcs/sim_1/imports/MLDSA/MLDSA_tb.v" into library xil_defaultlib
INFO: [VRFC 10-311] analyzing module MLDSA_tb
INFO: [USF-XSim-69] 'compile' step finished in '5' seconds
INFO: [USF-XSim-3] XSim::Elaborate design
INFO: [USF-XSim-61] Executing 'ELABORATE' step in 'C:/Users/fossu/Desktop/ML_DSA_Syn/IMP/SHA3_imp/MLDSA/MLDSA.sim/sim_1/behav/xsim'
"xelab --incr --debug typical --relax --mt 2 -L xil_defaultlib -L unisims_ver -L unimacro_ver -L secureip --snapshot MLDSA_tb_behav xil_defaultlib.MLDSA_tb xil_defaultlib.glbl -log elaborate.log"
ECHO 已關閉。
ECHO 已關閉。
Vivado Simulator v2023.2
Copyright 1986-2022 Xilinx, Inc. All Rights Reserved.
Copyright 2022-2023 Advanced Micro Devices, Inc. All Rights Reserved.
Running: D:/Xilinx/Vivado/2023.2/bin/unwrapped/win64.o/xelab.exe --incr --debug typical --relax --mt 2 -L xil_defaultlib -L unisims_ver -L unimacro_ver -L secureip --snapshot MLDSA_tb_behav xil_defaultlib.MLDSA_tb xil_defaultlib.glbl -log elaborate.log 
Using 2 slave threads.
Starting static elaboration
Pass Through NonSizing Optimizer
WARNING: [VRFC 10-3091] actual bit length 1 differs from formal bit length 3 for port 'index' [C:/Users/fossu/Desktop/ML_DSA_Syn/IMP/SHA3_imp/MLDSA/MLDSA.srcs/sources_1/imports/MLDSA/MLDSA.v:57]
WARNING: [VRFC 10-3091] actual bit length 4 differs from formal bit length 3 for port 'out' [C:/Users/fossu/Desktop/ML_DSA_Syn/IMP/SHA3_imp/MLDSA/MLDSA.srcs/sources_1/imports/MLDSA/ExpandS.v:86]
WARNING: [VRFC 10-3129] assignment to input 'main_mode' [C:/Users/fossu/Desktop/ML_DSA_Syn/IMP/SHA3_imp/MLDSA/MLDSA.srcs/sources_1/imports/MLDSA/MLDSA.v:42]
WARNING: [VRFC 10-5021] port 's1_data_a' is not connected on this instance [C:/Users/fossu/Desktop/ML_DSA_Syn/IMP/SHA3_imp/MLDSA/MLDSA.srcs/sources_1/imports/MLDSA/Data_Path.v:104]
WARNING: [VRFC 10-3091] actual bit length 4 differs from formal bit length 3 for port 'out' [C:/Users/fossu/Desktop/ML_DSA_Syn/IMP/SHA3_imp/MLDSA/MLDSA.srcs/sources_1/imports/MLDSA/ExpandS.v:87]
Completed static elaboration
Starting simulation data flow analysis
WARNING: [XSIM 43-4099] "C:/Users/fossu/Desktop/ML_DSA_Syn/IMP/SHA3_imp/MLDSA/MLDSA.srcs/sources_1/imports/MLDSA/MLDSA.v" Line 1. Module MLDSA doesn't have a timescale but at least one module in design has a timescale.
WARNING: [XSIM 43-4099] "C:/Users/fossu/Desktop/ML_DSA_Syn/IMP/SHA3_imp/MLDSA/MLDSA.srcs/sources_1/imports/MLDSA/Controller.v" Line 3. Module Controller doesn't have a timescale but at least one module in design has a timescale.
WARNING: [XSIM 43-4099] "C:/Users/fossu/Desktop/ML_DSA_Syn/IMP/SHA3_imp/MLDSA/MLDSA.srcs/sources_1/imports/MLDSA/Data_Path.v" Line 1. Module Data_Path doesn't have a timescale but at least one module in design has a timescale.
WARNING: [XSIM 43-4099] "C:/Users/fossu/Desktop/ML_DSA_Syn/IMP/SHA3_imp/MLDSA/MLDSA.srcs/sources_1/imports/MLDSA/Keccak_dilithium.v" Line 1. Module Keccak_Dilithium doesn't have a timescale but at least one module in design has a timescale.
WARNING: [XSIM 43-4099] "C:/Users/fossu/Desktop/ML_DSA_Syn/IMP/SHA3_imp/MLDSA/MLDSA.srcs/sources_1/imports/MLDSA/Padder_Dilithium.v" Line 1. Module Padder_Dilithium doesn't have a timescale but at least one module in design has a timescale.
WARNING: [XSIM 43-4099] "C:/Users/fossu/Desktop/ML_DSA_Syn/IMP/SHA3_imp/MLDSA/MLDSA.srcs/sources_1/imports/MLDSA/padder1.v" Line 9. Module padder1 doesn't have a timescale but at least one module in design has a timescale.
WARNING: [XSIM 43-4099] "C:/Users/fossu/Desktop/ML_DSA_Syn/IMP/SHA3_imp/MLDSA/MLDSA.srcs/sources_1/imports/MLDSA/F_Permutation_Dilithium.v" Line 1. Module F_Permutation_Dilithium doesn't have a timescale but at least one module in design has a timescale.
WARNING: [XSIM 43-4099] "C:/Users/fossu/Desktop/ML_DSA_Syn/IMP/SHA3_imp/MLDSA/MLDSA.srcs/sources_1/imports/MLDSA/rconst.v" Line 18. Module rconst doesn't have a timescale but at least one module in design has a timescale.
WARNING: [XSIM 43-4099] "C:/Users/fossu/Desktop/ML_DSA_Syn/IMP/SHA3_imp/MLDSA/MLDSA.srcs/sources_1/imports/MLDSA/round.v" Line 10. Module round doesn't have a timescale but at least one module in design has a timescale.
WARNING: [XSIM 43-4099] "C:/Users/fossu/Desktop/ML_DSA_Syn/IMP/SHA3_imp/MLDSA/MLDSA.srcs/sources_1/imports/MLDSA/Data_Mem.v" Line 1. Module Data_Mem doesn't have a timescale but at least one module in design has a timescale.
WARNING: [XSIM 43-4099] "C:/Users/fossu/Desktop/ML_DSA_Syn/IMP/SHA3_imp/MLDSA/MLDSA.srcs/sources_1/imports/MLDSA/Dual_Port_Ram_Single_clk.v" Line 1. Module Dual_Port_Ram_Single_clk doesn't have a timescale but at least one module in design has a timescale.
WARNING: [XSIM 43-4099] "C:/Users/fossu/Desktop/ML_DSA_Syn/IMP/SHA3_imp/MLDSA/MLDSA.srcs/sources_1/imports/MLDSA/Sampler.v" Line 1. Module Sampler doesn't have a timescale but at least one module in design has a timescale.
WARNING: [XSIM 43-4099] "C:/Users/fossu/Desktop/ML_DSA_Syn/IMP/SHA3_imp/MLDSA/MLDSA.srcs/sources_1/imports/MLDSA/ExpandS.v" Line 3. Module ExpandS doesn't have a timescale but at least one module in design has a timescale.
WARNING: [XSIM 43-4099] "C:/Users/fossu/Desktop/ML_DSA_Syn/IMP/SHA3_imp/MLDSA/MLDSA.srcs/sources_1/imports/MLDSA/CoeffFromHalfByte.v" Line 1. Module CoeffFromHalfByte doesn't have a timescale but at least one module in design has a timescale.
WARNING: [XSIM 43-4099] "C:/Users/fossu/Desktop/ML_DSA_Syn/IMP/SHA3_imp/MLDSA/MLDSA.srcs/sources_1/imports/MLDSA/CoeffFromHalfByte.v" Line 1. Module CoeffFromHalfByte doesn't have a timescale but at least one module in design has a timescale.
WARNING: [XSIM 43-4099] "C:/Users/fossu/Desktop/ML_DSA_Syn/IMP/SHA3_imp/MLDSA/MLDSA.srcs/sources_1/imports/MLDSA/MLDSA.v" Line 1. Module MLDSA doesn't have a timescale but at least one module in design has a timescale.
WARNING: [XSIM 43-4099] "C:/Users/fossu/Desktop/ML_DSA_Syn/IMP/SHA3_imp/MLDSA/MLDSA.srcs/sources_1/imports/MLDSA/Controller.v" Line 3. Module Controller doesn't have a timescale but at least one module in design has a timescale.
WARNING: [XSIM 43-4099] "C:/Users/fossu/Desktop/ML_DSA_Syn/IMP/SHA3_imp/MLDSA/MLDSA.srcs/sources_1/imports/MLDSA/Data_Path.v" Line 1. Module Data_Path doesn't have a timescale but at least one module in design has a timescale.
WARNING: [XSIM 43-4099] "C:/Users/fossu/Desktop/ML_DSA_Syn/IMP/SHA3_imp/MLDSA/MLDSA.srcs/sources_1/imports/MLDSA/Keccak_dilithium.v" Line 1. Module Keccak_Dilithium doesn't have a timescale but at least one module in design has a timescale.
WARNING: [XSIM 43-4099] "C:/Users/fossu/Desktop/ML_DSA_Syn/IMP/SHA3_imp/MLDSA/MLDSA.srcs/sources_1/imports/MLDSA/Padder_Dilithium.v" Line 1. Module Padder_Dilithium doesn't have a timescale but at least one module in design has a timescale.
WARNING: [XSIM 43-4099] "C:/Users/fossu/Desktop/ML_DSA_Syn/IMP/SHA3_imp/MLDSA/MLDSA.srcs/sources_1/imports/MLDSA/padder1.v" Line 9. Module padder1 doesn't have a timescale but at least one module in design has a timescale.
WARNING: [XSIM 43-4099] "C:/Users/fossu/Desktop/ML_DSA_Syn/IMP/SHA3_imp/MLDSA/MLDSA.srcs/sources_1/imports/MLDSA/F_Permutation_Dilithium.v" Line 1. Module F_Permutation_Dilithium doesn't have a timescale but at least one module in design has a timescale.
WARNING: [XSIM 43-4099] "C:/Users/fossu/Desktop/ML_DSA_Syn/IMP/SHA3_imp/MLDSA/MLDSA.srcs/sources_1/imports/MLDSA/rconst.v" Line 18. Module rconst doesn't have a timescale but at least one module in design has a timescale.
WARNING: [XSIM 43-4099] "C:/Users/fossu/Desktop/ML_DSA_Syn/IMP/SHA3_imp/MLDSA/MLDSA.srcs/sources_1/imports/MLDSA/round.v" Line 10. Module round doesn't have a timescale but at least one module in design has a timescale.
WARNING: [XSIM 43-4099] "C:/Users/fossu/Desktop/ML_DSA_Syn/IMP/SHA3_imp/MLDSA/MLDSA.srcs/sources_1/imports/MLDSA/Data_Mem.v" Line 1. Module Data_Mem doesn't have a timescale but at least one module in design has a timescale.
WARNING: [XSIM 43-4099] "C:/Users/fossu/Desktop/ML_DSA_Syn/IMP/SHA3_imp/MLDSA/MLDSA.srcs/sources_1/imports/MLDSA/Dual_Port_Ram_Single_clk.v" Line 1. Module Dual_Port_Ram_Single_clk doesn't have a timescale but at least one module in design has a timescale.
WARNING: [XSIM 43-4099] "C:/Users/fossu/Desktop/ML_DSA_Syn/IMP/SHA3_imp/MLDSA/MLDSA.srcs/sources_1/imports/MLDSA/Sampler.v" Line 1. Module Sampler doesn't have a timescale but at least one module in design has a timescale.
WARNING: [XSIM 43-4099] "C:/Users/fossu/Desktop/ML_DSA_Syn/IMP/SHA3_imp/MLDSA/MLDSA.srcs/sources_1/imports/MLDSA/ExpandS.v" Line 3. Module ExpandS doesn't have a timescale but at least one module in design has a timescale.
WARNING: [XSIM 43-4099] "C:/Users/fossu/Desktop/ML_DSA_Syn/IMP/SHA3_imp/MLDSA/MLDSA.srcs/sources_1/imports/MLDSA/CoeffFromHalfByte.v" Line 1. Module CoeffFromHalfByte doesn't have a timescale but at least one module in design has a timescale.
WARNING: [XSIM 43-4099] "C:/Users/fossu/Desktop/ML_DSA_Syn/IMP/SHA3_imp/MLDSA/MLDSA.srcs/sources_1/imports/MLDSA/CoeffFromHalfByte.v" Line 1. Module CoeffFromHalfByte doesn't have a timescale but at least one module in design has a timescale.
Completed simulation data flow analysis
Time Resolution for simulation is 1ps
Compiling module xil_defaultlib.Controller
Compiling module xil_defaultlib.padder1
Compiling module xil_defaultlib.Padder_Dilithium
Compiling module xil_defaultlib.rconst
Compiling module xil_defaultlib.round
Compiling module xil_defaultlib.F_Permutation_Dilithium
Compiling module xil_defaultlib.Keccak_Dilithium
Compiling module xil_defaultlib.Dual_Port_Ram_Single_clk
Compiling module xil_defaultlib.Data_Mem
Compiling module xil_defaultlib.CoeffFromHalfByte
Compiling module xil_defaultlib.ExpandS
Compiling module xil_defaultlib.Sampler
Compiling module xil_defaultlib.Data_Path
Compiling module xil_defaultlib.MLDSA
Compiling module xil_defaultlib.MLDSA_tb
Compiling module xil_defaultlib.glbl
Built simulation snapshot MLDSA_tb_behav
run_program: Time (s): cpu = 00:00:00 ; elapsed = 00:00:11 . Memory (MB): peak = 1481.488 ; gain = 0.000
INFO: [USF-XSim-69] 'elaborate' step finished in '11' seconds
INFO: [USF-XSim-4] XSim::Simulate design
INFO: [USF-XSim-61] Executing 'SIMULATE' step in 'C:/Users/fossu/Desktop/ML_DSA_Syn/IMP/SHA3_imp/MLDSA/MLDSA.sim/sim_1/behav/xsim'
INFO: [USF-XSim-98] *** Running xsim
   with args "MLDSA_tb_behav -key {Behavioral:sim_1:Functional:MLDSA_tb} -tclbatch {MLDSA_tb.tcl} -view {C:/Users/fossu/Desktop/ML_DSA_Syn/IMP/SHA3_imp/MLDSA/MLDSA_tb_behav.wcfg} -log {simulate.log}"
INFO: [USF-XSim-8] Loading simulator feature
INFO: [Common 17-41] Interrupt caught. Command should exit soon.
Time resolution is 1 ps
open_wave_config C:/Users/fossu/Desktop/ML_DSA_Syn/IMP/SHA3_imp/MLDSA/MLDSA_tb_behav.wcfg
source MLDSA_tb.tcl
xsim: Time (s): cpu = 00:00:02 ; elapsed = 00:00:16 . Memory (MB): peak = 1493.035 ; gain = 11.547
INFO: [Common 17-344] 'xsim' was cancelled
INFO: [Vivado 12-5357] 'simulate' step aborted
launch_simulation: Time (s): cpu = 00:00:04 ; elapsed = 00:00:33 . Memory (MB): peak = 1493.035 ; gain = 12.195
INFO: [Common 17-344] 'launch_simulation' was cancelled
close_sim
INFO: [Simtcl 6-16] Simulation closed
exit
INFO: [Common 17-206] Exiting Vivado at Fri Jan 10 12:40:53 2025...
