Time resolution is 1 ps
                   0 clk=0, reset=1, start=0, a=x
                   5 clk=1, reset=1, start=0, a=1
                  10 clk=0, reset=1, start=0, a=1
                  15 clk=1, reset=1, start=0, a=1
                  20 clk=0, reset=0, start=0, a=0
                  25 clk=1, reset=0, start=0, a=0
                  30 clk=0, reset=0, start=0, a=0
                  35 clk=1, reset=0, start=0, a=0
                  40 clk=0, reset=0, start=0, a=0
                  45 clk=1, reset=0, start=0, a=0
                  50 clk=0, reset=0, start=0, a=0
                  55 clk=1, reset=0, start=0, a=0
                  60 clk=0, reset=0, start=0, a=0
                  65 clk=1, reset=0, start=0, a=0
                  70 clk=0, reset=0, start=0, a=0
                  75 clk=1, reset=0, start=0, a=0
                  80 clk=0, reset=0, start=0, a=0
                  85 clk=1, reset=0, start=0, a=0
                  90 clk=0, reset=0, start=0, a=0
                  95 clk=1, reset=0, start=0, a=0
                 100 clk=0, reset=0, start=0, a=0
                 105 clk=1, reset=0, start=0, a=0
                 110 clk=0, reset=0, start=0, a=0
                 115 clk=1, reset=0, start=0, a=0
                 120 clk=0, reset=1, start=0, a=0
                 125 clk=1, reset=1, start=0, a=1
                 130 clk=0, reset=1, start=1, a=1
                 135 clk=1, reset=1, start=1, a=1
                 140 clk=0, reset=1, start=1, a=1
                 145 clk=1, reset=1, start=1, a=1
                 150 clk=0, reset=1, start=0, a=1
                 155 clk=1, reset=1, start=0, a=1
                 160 clk=0, reset=1, start=0, a=1
                 165 clk=1, reset=1, start=0, a=1
                 170 clk=0, reset=1, start=0, a=1
                 175 clk=1, reset=1, start=0, a=1
                 180 clk=0, reset=1, start=1, a=1
                 185 clk=1, reset=1, start=1, a=1
                 190 clk=0, reset=1, start=0, a=1
                 195 clk=1, reset=1, start=0, a=1
                 200 clk=0, reset=1, start=1, a=1
                 205 clk=1, reset=1, start=1, a=1
                 210 clk=0, reset=1, start=0, a=1
                 215 clk=1, reset=1, start=0, a=1
                 220 clk=0, reset=1, start=0, a=1
                 225 clk=1, reset=1, start=0, a=1
                 230 clk=0, reset=1, start=0, a=1
                 235 clk=1, reset=1, start=0, a=1
                 240 clk=0, reset=1, start=0, a=1
                 245 clk=1, reset=1, start=0, a=1
                 250 clk=0, reset=1, start=0, a=1
                 255 clk=1, reset=1, start=0, a=1
$finish called at time : 260 ns : File "C:/Users/USER/Desktop/ML_DSA_syn/IMP/project_1/project_1.srcs/sim_1/new/test_tb.v" Line 55
