Command line:
   BT_unit_tb_isim_beh.exe
     -simmode  gui
     -simrunnum  0
     -socket  54353

Thu Nov 07 00:01:45 2024


 Elaboration Time: 0.03125 sec

 Current Memory Usage: 5154.71 Meg

 Total Signals          : 22
 Total Nets             : 87
 Total Signal Drivers   : 14
 Total Blocks           : 3
 Total Primitive Blocks : 2
 Total Processes        : 20
 Total Traceable Variables  : 31
 Total Scalar Nets and Variables : 305
Total Line Count : 81

 Total Simulation Time: 0.03125 sec

 Current Memory Usage: 4682.85 Meg

Thu Nov 07 17:52:29 2024

