INFO: [VRFC 10-2263] Analyzing Verilog file "C:/Users/USER/Desktop/ML_DSA_syn_new/IMP/MLDSA/MLDSA.srcs/sources_1/Address_generate/Address_generate.v" into library xil_defaultlib
INFO: [VRFC 10-311] analyzing module Address_generate
INFO: [VRFC 10-2263] Analyzing Verilog file "C:/Users/USER/Desktop/ML_DSA_syn_new/IMP/MLDSA/MLDSA.srcs/sources_1/NTT/BU.v" into library xil_defaultlib
INFO: [VRFC 10-311] analyzing module BU
INFO: [VRFC 10-2263] Analyzing Verilog file "C:/Users/USER/Desktop/ML_DSA_syn_new/IMP/MLDSA/MLDSA.srcs/sources_1/NTT/CONTR.v" into library xil_defaultlib
INFO: [VRFC 10-311] analyzing module CONTR
INFO: [VRFC 10-2263] Analyzing Verilog file "C:/Users/USER/Desktop/ML_DSA_syn_new/IMP/MLDSA/MLDSA.srcs/sources_1/Sampler/CoeffFromHalfByte.v" into library xil_defaultlib
INFO: [VRFC 10-311] analyzing module CoeffFromHalfByte
INFO: [VRFC 10-2263] Analyzing Verilog file "C:/Users/USER/Desktop/ML_DSA_syn_new/IMP/MLDSA/MLDSA.srcs/sources_1/imports/MLDSA/Controller.v" into library xil_defaultlib
INFO: [VRFC 10-311] analyzing module Controller
WARNING: [VRFC 10-3380] identifier 'Econder_done_tmp' is used before its declaration [C:/Users/USER/Desktop/ML_DSA_syn_new/IMP/MLDSA/MLDSA.srcs/sources_1/imports/MLDSA/Controller.v:453]
INFO: [VRFC 10-2263] Analyzing Verilog file "C:/Users/USER/Desktop/ML_DSA_syn_new/IMP/MLDSA/MLDSA.srcs/sources_1/Data_Mem/Data_Mem.v" into library xil_defaultlib
INFO: [VRFC 10-311] analyzing module Data_Mem
INFO: [VRFC 10-2263] Analyzing Verilog file "C:/Users/USER/Desktop/ML_DSA_syn_new/IMP/MLDSA/MLDSA.srcs/sources_1/imports/MLDSA/Data_Path.v" into library xil_defaultlib
INFO: [VRFC 10-311] analyzing module Data_Path
INFO: [VRFC 10-2263] Analyzing Verilog file "C:/Users/USER/Desktop/ML_DSA_syn_new/IMP/MLDSA/MLDSA.srcs/sources_1/Data_Mem/Dual_Port_Ram_Single_clk.v" into library xil_defaultlib
INFO: [VRFC 10-311] analyzing module Dual_Port_Ram_Single_clk
INFO: [VRFC 10-2263] Analyzing Verilog file "C:/Users/USER/Desktop/ML_DSA_syn_new/IMP/MLDSA/MLDSA.srcs/sources_1/Sampler/ExpandA.v" into library xil_defaultlib
INFO: [VRFC 10-311] analyzing module ExpandA
INFO: [VRFC 10-2263] Analyzing Verilog file "C:/Users/USER/Desktop/ML_DSA_syn_new/IMP/MLDSA/MLDSA.srcs/sources_1/Sampler/ExpandMASK.v" into library xil_defaultlib
INFO: [VRFC 10-311] analyzing module ExpandMASK
INFO: [VRFC 10-2263] Analyzing Verilog file "C:/Users/USER/Desktop/ML_DSA_syn_new/IMP/MLDSA/MLDSA.srcs/sources_1/Sampler/ExpandS.v" into library xil_defaultlib
INFO: [VRFC 10-311] analyzing module ExpandS
INFO: [VRFC 10-2263] Analyzing Verilog file "C:/Users/USER/Desktop/ML_DSA_syn_new/IMP/MLDSA/MLDSA.srcs/sources_1/Keccak/F_Permutation.v" into library xil_defaultlib
INFO: [VRFC 10-311] analyzing module F_Permutation
INFO: [VRFC 10-2263] Analyzing Verilog file "C:/Users/USER/Desktop/ML_DSA_syn_new/IMP/MLDSA/MLDSA.srcs/sources_1/Keccak/Keccak.v" into library xil_defaultlib
INFO: [VRFC 10-311] analyzing module Keccak
INFO: [VRFC 10-2263] Analyzing Verilog file "C:/Users/USER/Desktop/ML_DSA_syn_new/IMP/MLDSA/MLDSA.srcs/sources_1/imports/MLDSA/Keccak_Ctrl.v" into library xil_defaultlib
INFO: [VRFC 10-311] analyzing module Keccak_Ctrl
INFO: [VRFC 10-2263] Analyzing Verilog file "C:/Users/USER/Desktop/ML_DSA_syn_new/IMP/MLDSA/MLDSA.srcs/sources_1/imports/MLDSA/MLDSA.v" into library xil_defaultlib
INFO: [VRFC 10-311] analyzing module MLDSA
INFO: [VRFC 10-2263] Analyzing Verilog file "C:/Users/USER/Desktop/ML_DSA_syn_new/IMP/MLDSA/MLDSA.srcs/sources_1/NTT/Modular_Reduction.v" into library xil_defaultlib
INFO: [VRFC 10-311] analyzing module Modular_Reduction
INFO: [VRFC 10-2263] Analyzing Verilog file "C:/Users/USER/Desktop/ML_DSA_syn_new/IMP/MLDSA/MLDSA.srcs/sources_1/NTT/NTT.v" into library xil_defaultlib
INFO: [VRFC 10-311] analyzing module NTT
INFO: [VRFC 10-2263] Analyzing Verilog file "C:/Users/USER/Desktop/ML_DSA_syn_new/IMP/MLDSA/MLDSA.srcs/sources_1/PWM/PWM.v" into library xil_defaultlib
INFO: [VRFC 10-311] analyzing module PWM
INFO: [VRFC 10-2263] Analyzing Verilog file "C:/Users/USER/Desktop/ML_DSA_syn_new/IMP/MLDSA/MLDSA.srcs/sources_1/Keccak/Padder.v" into library xil_defaultlib
INFO: [VRFC 10-311] analyzing module Padder
INFO: [VRFC 10-2263] Analyzing Verilog file "C:/Users/USER/Desktop/ML_DSA_syn_new/IMP/MLDSA/MLDSA.srcs/sources_1/NTT/RU.v" into library xil_defaultlib
INFO: [VRFC 10-311] analyzing module RU
INFO: [VRFC 10-2263] Analyzing Verilog file "C:/Users/USER/Desktop/ML_DSA_syn_new/IMP/MLDSA/MLDSA.srcs/sources_1/Sampler/SampleInBall.v" into library xil_defaultlib
INFO: [VRFC 10-311] analyzing module SampleInBall
INFO: [VRFC 10-2263] Analyzing Verilog file "C:/Users/USER/Desktop/ML_DSA_syn_new/IMP/MLDSA/MLDSA.srcs/sources_1/Sampler/Sampler.v" into library xil_defaultlib
INFO: [VRFC 10-311] analyzing module Sampler
INFO: [VRFC 10-2263] Analyzing Verilog file "C:/Users/USER/Desktop/ML_DSA_syn_new/IMP/MLDSA/MLDSA.srcs/sources_1/Encoder/encoder.v" into library xil_defaultlib
INFO: [VRFC 10-311] analyzing module encoder
INFO: [VRFC 10-2263] Analyzing Verilog file "C:/Users/USER/Desktop/ML_DSA_syn_new/IMP/MLDSA/MLDSA.srcs/sources_1/NTT/mod_add.v" into library xil_defaultlib
INFO: [VRFC 10-311] analyzing module mod_add
INFO: [VRFC 10-2263] Analyzing Verilog file "C:/Users/USER/Desktop/ML_DSA_syn_new/IMP/MLDSA/MLDSA.srcs/sources_1/NTT/mod_mul.v" into library xil_defaultlib
INFO: [VRFC 10-311] analyzing module mod_mul
INFO: [VRFC 10-2263] Analyzing Verilog file "C:/Users/USER/Desktop/ML_DSA_syn_new/IMP/MLDSA/MLDSA.srcs/sources_1/NTT/mod_sub.v" into library xil_defaultlib
INFO: [VRFC 10-311] analyzing module mod_sub
INFO: [VRFC 10-2263] Analyzing Verilog file "C:/Users/USER/Desktop/ML_DSA_syn_new/IMP/MLDSA/MLDSA.srcs/sources_1/Sampler/mux_generate.v" into library xil_defaultlib
INFO: [VRFC 10-311] analyzing module mux_gen
INFO: [VRFC 10-2263] Analyzing Verilog file "C:/Users/USER/Desktop/ML_DSA_syn_new/IMP/MLDSA/MLDSA.srcs/sources_1/Keccak/padder1.v" into library xil_defaultlib
INFO: [VRFC 10-311] analyzing module padder1
INFO: [VRFC 10-2263] Analyzing Verilog file "C:/Users/USER/Desktop/ML_DSA_syn_new/IMP/MLDSA/MLDSA.srcs/sources_1/Keccak/rconst.v" into library xil_defaultlib
INFO: [VRFC 10-311] analyzing module rconst
INFO: [VRFC 10-2263] Analyzing Verilog file "C:/Users/USER/Desktop/ML_DSA_syn_new/IMP/MLDSA/MLDSA.srcs/sources_1/NTT/rom.v" into library xil_defaultlib
INFO: [VRFC 10-311] analyzing module rom
INFO: [VRFC 10-2263] Analyzing Verilog file "C:/Users/USER/Desktop/ML_DSA_syn_new/IMP/MLDSA/MLDSA.srcs/sources_1/Keccak/round.v" into library xil_defaultlib
INFO: [VRFC 10-311] analyzing module round
INFO: [VRFC 10-2263] Analyzing Verilog file "C:/Users/USER/Desktop/ML_DSA_syn_new/IMP/MLDSA/MLDSA.srcs/sources_1/Encoder/uncenter_coeff.v" into library xil_defaultlib
INFO: [VRFC 10-311] analyzing module uncenter_coeff
INFO: [VRFC 10-2263] Analyzing Verilog file "C:/Users/USER/Desktop/ML_DSA_syn_new/IMP/MLDSA/MLDSA.srcs/sources_1/Encoder/zero_strip.v" into library xil_defaultlib
INFO: [VRFC 10-311] analyzing module zero_strip
INFO: [VRFC 10-2263] Analyzing Verilog file "C:/Users/USER/Desktop/ML_DSA_syn_new/IMP/MLDSA/MLDSA.srcs/sim_1/imports/MLDSA/MLDSA_tb.v" into library xil_defaultlib
INFO: [VRFC 10-311] analyzing module MLDSA_tb
