INFO: [VRFC 10-2263] Analyzing Verilog file "C:/Users/fossu/Desktop/ML_DSA_Syn_new/IMP2/Modular_Reduction/Modular_Reduction.sim/sim_1/synth/timing/xsim/Modular_Reduction_tb_time_synth.v" into library xil_defaultlib
INFO: [VRFC 10-311] analyzing module IBUF_UNIQ_BASE_
INFO: [VRFC 10-311] analyzing module IBUF_HD100
INFO: [VRFC 10-311] analyzing module IBUF_HD101
INFO: [VRFC 10-311] analyzing module IBUF_HD102
INFO: [VRFC 10-311] analyzing module IBUF_HD103
INFO: [VRFC 10-311] analyzing module IBUF_HD104
INFO: [VRFC 10-311] analyzing module IBUF_HD105
INFO: [VRFC 10-311] analyzing module IBUF_HD106
INFO: [VRFC 10-311] analyzing module IBUF_HD107
INFO: [VRFC 10-311] analyzing module IBUF_HD108
INFO: [VRFC 10-311] analyzing module IBUF_HD109
INFO: [VRFC 10-311] analyzing module IBUF_HD110
INFO: [VRFC 10-311] analyzing module IBUF_HD111
INFO: [VRFC 10-311] analyzing module IBUF_HD112
INFO: [VRFC 10-311] analyzing module IBUF_HD113
INFO: [VRFC 10-311] analyzing module IBUF_HD114
INFO: [VRFC 10-311] analyzing module IBUF_HD115
INFO: [VRFC 10-311] analyzing module IBUF_HD116
INFO: [VRFC 10-311] analyzing module IBUF_HD117
INFO: [VRFC 10-311] analyzing module IBUF_HD118
INFO: [VRFC 10-311] analyzing module IBUF_HD119
INFO: [VRFC 10-311] analyzing module IBUF_HD120
INFO: [VRFC 10-311] analyzing module IBUF_HD121
INFO: [VRFC 10-311] analyzing module IBUF_HD122
INFO: [VRFC 10-311] analyzing module IBUF_HD123
INFO: [VRFC 10-311] analyzing module IBUF_HD124
INFO: [VRFC 10-311] analyzing module IBUF_HD125
INFO: [VRFC 10-311] analyzing module IBUF_HD126
INFO: [VRFC 10-311] analyzing module IBUF_HD127
INFO: [VRFC 10-311] analyzing module IBUF_HD128
INFO: [VRFC 10-311] analyzing module IBUF_HD129
INFO: [VRFC 10-311] analyzing module IBUF_HD130
INFO: [VRFC 10-311] analyzing module IBUF_HD131
INFO: [VRFC 10-311] analyzing module IBUF_HD132
INFO: [VRFC 10-311] analyzing module IBUF_HD133
INFO: [VRFC 10-311] analyzing module IBUF_HD134
INFO: [VRFC 10-311] analyzing module IBUF_HD135
INFO: [VRFC 10-311] analyzing module IBUF_HD136
INFO: [VRFC 10-311] analyzing module IBUF_HD137
INFO: [VRFC 10-311] analyzing module IBUF_HD138
INFO: [VRFC 10-311] analyzing module IBUF_HD139
INFO: [VRFC 10-311] analyzing module IBUF_HD140
INFO: [VRFC 10-311] analyzing module IBUF_HD141
INFO: [VRFC 10-311] analyzing module IBUF_HD95
INFO: [VRFC 10-311] analyzing module IBUF_HD96
INFO: [VRFC 10-311] analyzing module IBUF_HD97
INFO: [VRFC 10-311] analyzing module IBUF_HD98
INFO: [VRFC 10-311] analyzing module IBUF_HD99
INFO: [VRFC 10-311] analyzing module Modular_Reduction
INFO: [VRFC 10-311] analyzing module glbl
INFO: [VRFC 10-2263] Analyzing Verilog file "C:/Users/fossu/Desktop/ML_DSA_Syn_new/IMP2/Modular_Reduction/Modular_Reduction.srcs/sim_1/new/Modular_Reduction_tb.v" into library xil_defaultlib
INFO: [VRFC 10-311] analyzing module Modular_Reduction_tb
