Time resolution is 1 ps
                   0 sampler_squeeze=x, next_element=x, z0=xxxxxx, z1=xxxxxx, waddr_z0=   x, waddr_z1=   x, wen_z=x
                   5 sampler_squeeze=0, next_element=0, z0=000002, z1=000002, waddr_z0=   0, waddr_z1=   1, wen_z=0
                 115 sampler_squeeze=0, next_element=0, z0=000001, z1=000002, waddr_z0=   0, waddr_z1=   1, wen_z=0
                 125 sampler_squeeze=0, next_element=0, z0=000001, z1=000002, waddr_z0=   0, waddr_z1=   1, wen_z=1
                 135 sampler_squeeze=0, next_element=0, z0=000000, z1=000002, waddr_z0=   1, waddr_z1=   2, wen_z=1
                 145 sampler_squeeze=0, next_element=0, z0=000001, z1=000001, waddr_z0=   3, waddr_z1=   4, wen_z=1
                 155 sampler_squeeze=0, next_element=0, z0=000002, z1=7fe000, waddr_z0=   5, waddr_z1=   6, wen_z=1
                 165 sampler_squeeze=0, next_element=0, z0=000002, z1=000001, waddr_z0=   7, waddr_z1=   8, wen_z=1
                 175 sampler_squeeze=0, next_element=0, z0=000001, z1=000000, waddr_z0=   9, waddr_z1=  10, wen_z=1
                 185 sampler_squeeze=0, next_element=0, z0=000000, z1=000000, waddr_z0=  11, waddr_z1=  12, wen_z=1
                 195 sampler_squeeze=0, next_element=0, z0=7fdfff, z1=000001, waddr_z0=  13, waddr_z1=  14, wen_z=1
                 205 sampler_squeeze=0, next_element=0, z0=000000, z1=7fe000, waddr_z0=  15, waddr_z1=  16, wen_z=1
                 215 sampler_squeeze=0, next_element=0, z0=000000, z1=000000, waddr_z0=  17, waddr_z1=  18, wen_z=1
                 225 sampler_squeeze=0, next_element=0, z0=7fdfff, z1=7fdfff, waddr_z0=  19, waddr_z1=  20, wen_z=1
                 235 sampler_squeeze=0, next_element=0, z0=7fe000, z1=7fdfff, waddr_z0=  21, waddr_z1=  22, wen_z=1
                 245 sampler_squeeze=0, next_element=0, z0=000001, z1=7fe000, waddr_z0=  23, waddr_z1=  24, wen_z=1
                 255 sampler_squeeze=0, next_element=0, z0=000002, z1=000001, waddr_z0=  25, waddr_z1=  26, wen_z=1
                 265 sampler_squeeze=0, next_element=0, z0=000000, z1=7fdfff, waddr_z0=  27, waddr_z1=  28, wen_z=1
                 275 sampler_squeeze=0, next_element=0, z0=7fdfff, z1=7fe000, waddr_z0=  29, waddr_z1=  30, wen_z=1
                 285 sampler_squeeze=0, next_element=0, z0=000000, z1=7fdfff, waddr_z0=  31, waddr_z1=  32, wen_z=1
                 295 sampler_squeeze=0, next_element=0, z0=000002, z1=7fdfff, waddr_z0=  33, waddr_z1=  34, wen_z=1
                 305 sampler_squeeze=0, next_element=0, z0=000000, z1=7fdfff, waddr_z0=  35, waddr_z1=  36, wen_z=1
                 315 sampler_squeeze=0, next_element=0, z0=7fe000, z1=7fdfff, waddr_z0=  37, waddr_z1=  38, wen_z=1
                 325 sampler_squeeze=0, next_element=0, z0=7fdfff, z1=000002, waddr_z0=  39, waddr_z1=  40, wen_z=1
                 335 sampler_squeeze=0, next_element=0, z0=7fe000, z1=000001, waddr_z0=  41, waddr_z1=  42, wen_z=1
                 345 sampler_squeeze=0, next_element=0, z0=7fe000, z1=7fdfff, waddr_z0=  43, waddr_z1=  44, wen_z=1
                 355 sampler_squeeze=0, next_element=0, z0=000000, z1=000000, waddr_z0=  45, waddr_z1=  46, wen_z=1
                 365 sampler_squeeze=0, next_element=0, z0=000001, z1=000000, waddr_z0=  47, waddr_z1=  48, wen_z=1
                 375 sampler_squeeze=0, next_element=0, z0=000000, z1=000000, waddr_z0=  49, waddr_z1=  50, wen_z=1
                 385 sampler_squeeze=0, next_element=0, z0=000000, z1=7fdfff, waddr_z0=  51, waddr_z1=  52, wen_z=1
                 395 sampler_squeeze=0, next_element=0, z0=000000, z1=7fdfff, waddr_z0=  53, waddr_z1=  54, wen_z=1
                 405 sampler_squeeze=0, next_element=0, z0=000000, z1=000001, waddr_z0=  55, waddr_z1=  56, wen_z=1
                 415 sampler_squeeze=0, next_element=0, z0=7fdfff, z1=7fe000, waddr_z0=  57, waddr_z1=  58, wen_z=1
                 425 sampler_squeeze=0, next_element=0, z0=000000, z1=000001, waddr_z0=  59, waddr_z1=  60, wen_z=1
                 435 sampler_squeeze=0, next_element=0, z0=000002, z1=000001, waddr_z0=  61, waddr_z1=  62, wen_z=1
                 445 sampler_squeeze=0, next_element=0, z0=000000, z1=7fdfff, waddr_z0=  63, waddr_z1=  64, wen_z=1
                 455 sampler_squeeze=0, next_element=0, z0=000000, z1=000000, waddr_z0=  65, waddr_z1=  66, wen_z=1
                 465 sampler_squeeze=0, next_element=0, z0=000002, z1=000001, waddr_z0=  67, waddr_z1=  68, wen_z=1
                 475 sampler_squeeze=0, next_element=0, z0=000000, z1=7fdfff, waddr_z0=  69, waddr_z1=  70, wen_z=1
                 485 sampler_squeeze=0, next_element=0, z0=7fdfff, z1=7fe000, waddr_z0=  71, waddr_z1=  72, wen_z=1
                 495 sampler_squeeze=0, next_element=0, z0=000000, z1=000000, waddr_z0=  73, waddr_z1=  74, wen_z=1
                 505 sampler_squeeze=0, next_element=0, z0=7fe000, z1=000002, waddr_z0=  74, waddr_z1=  75, wen_z=1
                 515 sampler_squeeze=0, next_element=0, z0=000002, z1=000002, waddr_z0=  76, waddr_z1=  77, wen_z=1
                 525 sampler_squeeze=0, next_element=0, z0=000000, z1=000000, waddr_z0=  78, waddr_z1=  79, wen_z=1
                 535 sampler_squeeze=0, next_element=0, z0=000000, z1=000002, waddr_z0=  80, waddr_z1=  81, wen_z=1
                 545 sampler_squeeze=0, next_element=0, z0=7fdfff, z1=7fdfff, waddr_z0=  82, waddr_z1=  83, wen_z=1
                 555 sampler_squeeze=0, next_element=0, z0=000001, z1=000001, waddr_z0=  83, waddr_z1=  84, wen_z=1
                 565 sampler_squeeze=0, next_element=0, z0=000000, z1=000000, waddr_z0=  85, waddr_z1=  86, wen_z=1
                 575 sampler_squeeze=0, next_element=0, z0=7fe000, z1=000000, waddr_z0=  87, waddr_z1=  88, wen_z=1
                 585 sampler_squeeze=0, next_element=0, z0=7fe000, z1=7fe000, waddr_z0=  89, waddr_z1=  90, wen_z=1
                 595 sampler_squeeze=0, next_element=0, z0=7fdfff, z1=000000, waddr_z0=  91, waddr_z1=  92, wen_z=1
                 605 sampler_squeeze=0, next_element=0, z0=000002, z1=000001, waddr_z0=  93, waddr_z1=  94, wen_z=1
                 615 sampler_squeeze=0, next_element=0, z0=000000, z1=000002, waddr_z0=  95, waddr_z1=  96, wen_z=1
                 625 sampler_squeeze=0, next_element=0, z0=000000, z1=000000, waddr_z0=  97, waddr_z1=  98, wen_z=1
                 635 sampler_squeeze=0, next_element=0, z0=000000, z1=7fdfff, waddr_z0=  98, waddr_z1=  99, wen_z=1
                 645 sampler_squeeze=0, next_element=0, z0=000000, z1=000000, waddr_z0= 100, waddr_z1= 101, wen_z=1
                 655 sampler_squeeze=0, next_element=0, z0=7fdfff, z1=000002, waddr_z0= 102, waddr_z1= 103, wen_z=1
                 665 sampler_squeeze=0, next_element=0, z0=7fe000, z1=7fdfff, waddr_z0= 104, waddr_z1= 105, wen_z=1
                 675 sampler_squeeze=0, next_element=0, z0=000002, z1=000000, waddr_z0= 106, waddr_z1= 107, wen_z=1
                 685 sampler_squeeze=0, next_element=0, z0=000002, z1=7fdfff, waddr_z0= 108, waddr_z1= 109, wen_z=1
                 695 sampler_squeeze=0, next_element=0, z0=000001, z1=7fe000, waddr_z0= 110, waddr_z1= 111, wen_z=1
                 705 sampler_squeeze=0, next_element=0, z0=000002, z1=000000, waddr_z0= 112, waddr_z1= 113, wen_z=1
                 715 sampler_squeeze=0, next_element=0, z0=000002, z1=000002, waddr_z0= 114, waddr_z1= 115, wen_z=1
                 725 sampler_squeeze=0, next_element=0, z0=000001, z1=000001, waddr_z0= 116, waddr_z1= 117, wen_z=1
                 735 sampler_squeeze=0, next_element=0, z0=000001, z1=7fe000, waddr_z0= 118, waddr_z1= 119, wen_z=1
                 745 sampler_squeeze=0, next_element=0, z0=7fdfff, z1=000000, waddr_z0= 120, waddr_z1= 121, wen_z=1
                 755 sampler_squeeze=0, next_element=0, z0=000000, z1=000000, waddr_z0= 122, waddr_z1= 123, wen_z=1
                 765 sampler_squeeze=0, next_element=0, z0=000000, z1=000001, waddr_z0= 124, waddr_z1= 125, wen_z=1
                 775 sampler_squeeze=0, next_element=0, z0=7fe000, z1=7fe000, waddr_z0= 126, waddr_z1= 127, wen_z=1
                 785 sampler_squeeze=0, next_element=0, z0=7fe000, z1=7fe000, waddr_z0= 127, waddr_z1= 128, wen_z=1
                 795 sampler_squeeze=0, next_element=0, z0=000002, z1=000000, waddr_z0= 129, waddr_z1= 130, wen_z=1
                 805 sampler_squeeze=0, next_element=0, z0=000002, z1=7fe000, waddr_z0= 131, waddr_z1= 132, wen_z=1
                 815 sampler_squeeze=0, next_element=0, z0=000001, z1=7fdfff, waddr_z0= 133, waddr_z1= 134, wen_z=1
                 825 sampler_squeeze=0, next_element=0, z0=7fe000, z1=000000, waddr_z0= 135, waddr_z1= 136, wen_z=1
                 835 sampler_squeeze=0, next_element=0, z0=7fdfff, z1=000002, waddr_z0= 137, waddr_z1= 138, wen_z=1
                 845 sampler_squeeze=0, next_element=0, z0=7fe000, z1=7fdfff, waddr_z0= 139, waddr_z1= 140, wen_z=1
                 855 sampler_squeeze=0, next_element=0, z0=000002, z1=000002, waddr_z0= 141, waddr_z1= 142, wen_z=1
                 865 sampler_squeeze=0, next_element=0, z0=7fe000, z1=000000, waddr_z0= 142, waddr_z1= 143, wen_z=1
                 875 sampler_squeeze=0, next_element=0, z0=7fdfff, z1=7fe000, waddr_z0= 144, waddr_z1= 145, wen_z=1
                 885 sampler_squeeze=0, next_element=0, z0=7fe000, z1=7fe000, waddr_z0= 146, waddr_z1= 147, wen_z=1
                 895 sampler_squeeze=0, next_element=0, z0=000001, z1=000000, waddr_z0= 148, waddr_z1= 149, wen_z=1
                 905 sampler_squeeze=0, next_element=0, z0=000002, z1=7fdfff, waddr_z0= 150, waddr_z1= 151, wen_z=1
                 915 sampler_squeeze=0, next_element=0, z0=7fe000, z1=7fe000, waddr_z0= 152, waddr_z1= 153, wen_z=1
                 925 sampler_squeeze=0, next_element=0, z0=7fdfff, z1=000002, waddr_z0= 154, waddr_z1= 155, wen_z=1
                 935 sampler_squeeze=0, next_element=0, z0=7fe000, z1=000000, waddr_z0= 155, waddr_z1= 156, wen_z=1
                 945 sampler_squeeze=0, next_element=0, z0=000000, z1=000002, waddr_z0= 157, waddr_z1= 158, wen_z=1
                 955 sampler_squeeze=0, next_element=0, z0=7fdfff, z1=7fdfff, waddr_z0= 159, waddr_z1= 160, wen_z=1
                 965 sampler_squeeze=0, next_element=0, z0=7fdfff, z1=7fdfff, waddr_z0= 161, waddr_z1= 162, wen_z=1
                 975 sampler_squeeze=0, next_element=0, z0=000001, z1=000000, waddr_z0= 163, waddr_z1= 164, wen_z=1
                 985 sampler_squeeze=0, next_element=0, z0=000000, z1=7fdfff, waddr_z0= 165, waddr_z1= 166, wen_z=1
                 995 sampler_squeeze=0, next_element=0, z0=000001, z1=000000, waddr_z0= 167, waddr_z1= 168, wen_z=1
                1005 sampler_squeeze=0, next_element=0, z0=7fe000, z1=7fdfff, waddr_z0= 169, waddr_z1= 170, wen_z=1
                1015 sampler_squeeze=0, next_element=0, z0=000000, z1=000000, waddr_z0= 171, waddr_z1= 172, wen_z=1
                1025 sampler_squeeze=0, next_element=0, z0=7fdfff, z1=7fe000, waddr_z0= 173, waddr_z1= 174, wen_z=1
                1035 sampler_squeeze=0, next_element=0, z0=000001, z1=7fdfff, waddr_z0= 175, waddr_z1= 176, wen_z=1
                1045 sampler_squeeze=0, next_element=0, z0=000001, z1=000002, waddr_z0= 177, waddr_z1= 178, wen_z=1
                1055 sampler_squeeze=0, next_element=0, z0=000000, z1=000000, waddr_z0= 179, waddr_z1= 180, wen_z=1
                1065 sampler_squeeze=0, next_element=0, z0=000002, z1=000002, waddr_z0= 181, waddr_z1= 182, wen_z=1
                1075 sampler_squeeze=0, next_element=0, z0=7fdfff, z1=000000, waddr_z0= 183, waddr_z1= 184, wen_z=1
                1085 sampler_squeeze=0, next_element=0, z0=000002, z1=000000, waddr_z0= 185, waddr_z1= 186, wen_z=1
                1095 sampler_squeeze=0, next_element=0, z0=7fdfff, z1=7fdfff, waddr_z0= 187, waddr_z1= 188, wen_z=1
                1105 sampler_squeeze=0, next_element=0, z0=7fe000, z1=7fdfff, waddr_z0= 189, waddr_z1= 190, wen_z=1
                1115 sampler_squeeze=0, next_element=0, z0=000000, z1=000000, waddr_z0= 191, waddr_z1= 192, wen_z=1
                1125 sampler_squeeze=0, next_element=0, z0=000000, z1=7fe000, waddr_z0= 193, waddr_z1= 194, wen_z=1
                1135 sampler_squeeze=0, next_element=0, z0=000002, z1=000002, waddr_z0= 195, waddr_z1= 196, wen_z=1
                1145 sampler_squeeze=0, next_element=0, z0=7fdfff, z1=000000, waddr_z0= 195, waddr_z1= 196, wen_z=1
                1155 sampler_squeeze=0, next_element=0, z0=7fdfff, z1=000001, waddr_z0= 197, waddr_z1= 198, wen_z=1
                1165 sampler_squeeze=0, next_element=0, z0=7fe000, z1=000002, waddr_z0= 199, waddr_z1= 200, wen_z=1
                1175 sampler_squeeze=0, next_element=0, z0=7fdfff, z1=000002, waddr_z0= 201, waddr_z1= 202, wen_z=1
                1185 sampler_squeeze=0, next_element=0, z0=7fe000, z1=7fe000, waddr_z0= 202, waddr_z1= 203, wen_z=1
                1195 sampler_squeeze=0, next_element=0, z0=000001, z1=7fdfff, waddr_z0= 204, waddr_z1= 205, wen_z=1
                1205 sampler_squeeze=0, next_element=0, z0=000002, z1=000000, waddr_z0= 206, waddr_z1= 207, wen_z=1
                1215 sampler_squeeze=0, next_element=0, z0=000000, z1=000000, waddr_z0= 208, waddr_z1= 209, wen_z=1
                1225 sampler_squeeze=0, next_element=0, z0=000000, z1=7fe000, waddr_z0= 210, waddr_z1= 211, wen_z=1
                1235 sampler_squeeze=0, next_element=0, z0=000001, z1=000002, waddr_z0= 212, waddr_z1= 213, wen_z=1
                1245 sampler_squeeze=0, next_element=0, z0=000000, z1=7fdfff, waddr_z0= 214, waddr_z1= 215, wen_z=1
                1255 sampler_squeeze=0, next_element=0, z0=000002, z1=000002, waddr_z0= 216, waddr_z1= 217, wen_z=1
                1265 sampler_squeeze=0, next_element=0, z0=000001, z1=7fdfff, waddr_z0= 217, waddr_z1= 218, wen_z=1
                1275 sampler_squeeze=0, next_element=0, z0=000000, z1=000002, waddr_z0= 219, waddr_z1= 220, wen_z=1
                1285 sampler_squeeze=0, next_element=0, z0=000000, z1=7fdfff, waddr_z0= 221, waddr_z1= 222, wen_z=1
                1295 sampler_squeeze=0, next_element=0, z0=000001, z1=000000, waddr_z0= 223, waddr_z1= 224, wen_z=1
                1305 sampler_squeeze=0, next_element=0, z0=7fe000, z1=000002, waddr_z0= 225, waddr_z1= 226, wen_z=1
                1315 sampler_squeeze=0, next_element=0, z0=000000, z1=000002, waddr_z0= 227, waddr_z1= 228, wen_z=1
                1325 sampler_squeeze=0, next_element=0, z0=000002, z1=000002, waddr_z0= 229, waddr_z1= 230, wen_z=1
                1475 sampler_squeeze=1, next_element=0, z0=000002, z1=000002, waddr_z0= 229, waddr_z1= 230, wen_z=1
                1485 sampler_squeeze=0, next_element=0, z0=000001, z1=000002, waddr_z0= 229, waddr_z1= 230, wen_z=0
                1895 sampler_squeeze=0, next_element=0, z0=7fe000, z1=7fe000, waddr_z0= 229, waddr_z1= 230, wen_z=0
                1905 sampler_squeeze=0, next_element=0, z0=7fe000, z1=7fe000, waddr_z0= 229, waddr_z1= 230, wen_z=1
                1915 sampler_squeeze=0, next_element=0, z0=000002, z1=000001, waddr_z0= 231, waddr_z1= 232, wen_z=1
                1925 sampler_squeeze=0, next_element=0, z0=000002, z1=000002, waddr_z0= 233, waddr_z1= 234, wen_z=1
                1935 sampler_squeeze=0, next_element=0, z0=000000, z1=000001, waddr_z0= 234, waddr_z1= 235, wen_z=1
                1945 sampler_squeeze=0, next_element=0, z0=7fe000, z1=7fe000, waddr_z0= 236, waddr_z1= 237, wen_z=1
                1955 sampler_squeeze=0, next_element=0, z0=7fe000, z1=7fdfff, waddr_z0= 238, waddr_z1= 239, wen_z=1
                1965 sampler_squeeze=0, next_element=0, z0=7fe000, z1=000001, waddr_z0= 240, waddr_z1= 241, wen_z=1
                1975 sampler_squeeze=0, next_element=0, z0=000001, z1=7fe000, waddr_z0= 242, waddr_z1= 243, wen_z=1
                1985 sampler_squeeze=0, next_element=0, z0=000001, z1=000001, waddr_z0= 244, waddr_z1= 245, wen_z=1
                1995 sampler_squeeze=0, next_element=0, z0=000001, z1=000000, waddr_z0= 245, waddr_z1= 246, wen_z=1
                2005 sampler_squeeze=0, next_element=0, z0=000002, z1=000002, waddr_z0= 247, waddr_z1= 248, wen_z=1
                2015 sampler_squeeze=0, next_element=0, z0=7fe000, z1=7fe000, waddr_z0= 249, waddr_z1= 250, wen_z=1
                2025 sampler_squeeze=0, next_element=0, z0=000000, z1=7fe000, waddr_z0= 251, waddr_z1= 252, wen_z=1
                2035 sampler_squeeze=0, next_element=0, z0=000000, z1=000000, waddr_z0= 253, waddr_z1= 254, wen_z=1
                2045 sampler_squeeze=0, next_element=0, z0=7fe000, z1=000001, waddr_z0= 254, waddr_z1= 255, wen_z=1
                2055 sampler_squeeze=0, next_element=1, z0=000001, z1=000001, waddr_z0=   0, waddr_z1=   1, wen_z=0
                2065 sampler_squeeze=0, next_element=1, z0=000001, z1=7fdfff, waddr_z0= 256, waddr_z1= 257, wen_z=0
                2075 sampler_squeeze=0, next_element=0, z0=7fe000, z1=7fe000, waddr_z0= 256, waddr_z1= 257, wen_z=0
                2475 sampler_squeeze=0, next_element=0, z0=7fe000, z1=000002, waddr_z0= 256, waddr_z1= 257, wen_z=0
                2485 sampler_squeeze=0, next_element=0, z0=7fe000, z1=000002, waddr_z0= 256, waddr_z1= 257, wen_z=1
                2495 sampler_squeeze=0, next_element=0, z0=000001, z1=000001, waddr_z0= 257, waddr_z1= 258, wen_z=1
                2505 sampler_squeeze=0, next_element=0, z0=000000, z1=000002, waddr_z0= 259, waddr_z1= 260, wen_z=1
                2515 sampler_squeeze=0, next_element=0, z0=000001, z1=000001, waddr_z0= 261, waddr_z1= 262, wen_z=1
                2525 sampler_squeeze=0, next_element=0, z0=000002, z1=7fe000, waddr_z0= 263, waddr_z1= 264, wen_z=1
                2535 sampler_squeeze=0, next_element=0, z0=000002, z1=000001, waddr_z0= 265, waddr_z1= 266, wen_z=1
                2545 sampler_squeeze=0, next_element=0, z0=000001, z1=000000, waddr_z0= 267, waddr_z1= 268, wen_z=1
                2555 sampler_squeeze=0, next_element=0, z0=000000, z1=000000, waddr_z0= 269, waddr_z1= 270, wen_z=1
                2565 sampler_squeeze=0, next_element=0, z0=7fdfff, z1=000001, waddr_z0= 271, waddr_z1= 272, wen_z=1
                2575 sampler_squeeze=0, next_element=0, z0=000000, z1=7fe000, waddr_z0= 273, waddr_z1= 274, wen_z=1
                2585 sampler_squeeze=0, next_element=0, z0=000000, z1=000000, waddr_z0= 275, waddr_z1= 276, wen_z=1
                2595 sampler_squeeze=0, next_element=0, z0=7fdfff, z1=7fdfff, waddr_z0= 277, waddr_z1= 278, wen_z=1
                2605 sampler_squeeze=0, next_element=0, z0=7fe000, z1=7fdfff, waddr_z0= 279, waddr_z1= 280, wen_z=1
                2615 sampler_squeeze=0, next_element=0, z0=000001, z1=7fe000, waddr_z0= 281, waddr_z1= 282, wen_z=1
                2625 sampler_squeeze=0, next_element=0, z0=000002, z1=000001, waddr_z0= 283, waddr_z1= 284, wen_z=1
                2635 sampler_squeeze=0, next_element=0, z0=000000, z1=7fdfff, waddr_z0= 285, waddr_z1= 286, wen_z=1
                2645 sampler_squeeze=0, next_element=0, z0=7fdfff, z1=7fe000, waddr_z0= 287, waddr_z1= 288, wen_z=1
                2655 sampler_squeeze=0, next_element=0, z0=000000, z1=7fdfff, waddr_z0= 289, waddr_z1= 290, wen_z=1
                2665 sampler_squeeze=0, next_element=0, z0=000002, z1=7fdfff, waddr_z0= 291, waddr_z1= 292, wen_z=1
                2675 sampler_squeeze=0, next_element=0, z0=000000, z1=7fdfff, waddr_z0= 293, waddr_z1= 294, wen_z=1
                2685 sampler_squeeze=0, next_element=0, z0=7fe000, z1=7fdfff, waddr_z0= 295, waddr_z1= 296, wen_z=1
                2695 sampler_squeeze=0, next_element=0, z0=7fdfff, z1=000002, waddr_z0= 297, waddr_z1= 298, wen_z=1
                2705 sampler_squeeze=0, next_element=0, z0=7fe000, z1=000001, waddr_z0= 299, waddr_z1= 300, wen_z=1
                2715 sampler_squeeze=0, next_element=0, z0=7fe000, z1=7fdfff, waddr_z0= 301, waddr_z1= 302, wen_z=1
                2725 sampler_squeeze=0, next_element=0, z0=000000, z1=000000, waddr_z0= 303, waddr_z1= 304, wen_z=1
                2735 sampler_squeeze=0, next_element=0, z0=000001, z1=000000, waddr_z0= 305, waddr_z1= 306, wen_z=1
                2745 sampler_squeeze=0, next_element=0, z0=000000, z1=000000, waddr_z0= 307, waddr_z1= 308, wen_z=1
                2755 sampler_squeeze=0, next_element=0, z0=000000, z1=7fdfff, waddr_z0= 309, waddr_z1= 310, wen_z=1
                2765 sampler_squeeze=0, next_element=0, z0=000000, z1=7fdfff, waddr_z0= 311, waddr_z1= 312, wen_z=1
                2775 sampler_squeeze=0, next_element=0, z0=000000, z1=000001, waddr_z0= 313, waddr_z1= 314, wen_z=1
                2785 sampler_squeeze=0, next_element=0, z0=7fdfff, z1=7fe000, waddr_z0= 315, waddr_z1= 316, wen_z=1
                2795 sampler_squeeze=0, next_element=0, z0=000000, z1=000001, waddr_z0= 317, waddr_z1= 318, wen_z=1
                2805 sampler_squeeze=0, next_element=0, z0=000002, z1=000001, waddr_z0= 319, waddr_z1= 320, wen_z=1
                2815 sampler_squeeze=0, next_element=0, z0=000000, z1=7fdfff, waddr_z0= 321, waddr_z1= 322, wen_z=1
                2825 sampler_squeeze=0, next_element=0, z0=000000, z1=000000, waddr_z0= 323, waddr_z1= 324, wen_z=1
                2835 sampler_squeeze=0, next_element=0, z0=000002, z1=000001, waddr_z0= 325, waddr_z1= 326, wen_z=1
                2845 sampler_squeeze=0, next_element=0, z0=000000, z1=7fdfff, waddr_z0= 327, waddr_z1= 328, wen_z=1
                2855 sampler_squeeze=0, next_element=0, z0=7fdfff, z1=7fe000, waddr_z0= 329, waddr_z1= 330, wen_z=1
                2865 sampler_squeeze=0, next_element=0, z0=000000, z1=000000, waddr_z0= 331, waddr_z1= 332, wen_z=1
                2875 sampler_squeeze=0, next_element=0, z0=7fe000, z1=000002, waddr_z0= 332, waddr_z1= 333, wen_z=1
                2885 sampler_squeeze=0, next_element=0, z0=000002, z1=000002, waddr_z0= 334, waddr_z1= 335, wen_z=1
                2895 sampler_squeeze=0, next_element=0, z0=000000, z1=000000, waddr_z0= 336, waddr_z1= 337, wen_z=1
                2905 sampler_squeeze=0, next_element=0, z0=000000, z1=000002, waddr_z0= 338, waddr_z1= 339, wen_z=1
                2915 sampler_squeeze=0, next_element=0, z0=7fdfff, z1=7fdfff, waddr_z0= 340, waddr_z1= 341, wen_z=1
                2925 sampler_squeeze=0, next_element=0, z0=000001, z1=000001, waddr_z0= 341, waddr_z1= 342, wen_z=1
                2935 sampler_squeeze=0, next_element=0, z0=000000, z1=000000, waddr_z0= 343, waddr_z1= 344, wen_z=1
                2945 sampler_squeeze=0, next_element=0, z0=7fe000, z1=000000, waddr_z0= 345, waddr_z1= 346, wen_z=1
                2955 sampler_squeeze=0, next_element=0, z0=7fe000, z1=7fe000, waddr_z0= 347, waddr_z1= 348, wen_z=1
                2965 sampler_squeeze=0, next_element=0, z0=7fdfff, z1=000000, waddr_z0= 349, waddr_z1= 350, wen_z=1
                2975 sampler_squeeze=0, next_element=0, z0=000002, z1=000001, waddr_z0= 351, waddr_z1= 352, wen_z=1
                2985 sampler_squeeze=0, next_element=0, z0=000000, z1=000002, waddr_z0= 353, waddr_z1= 354, wen_z=1
                2995 sampler_squeeze=0, next_element=0, z0=000000, z1=000000, waddr_z0= 355, waddr_z1= 356, wen_z=1
                3005 sampler_squeeze=0, next_element=0, z0=000000, z1=7fdfff, waddr_z0= 356, waddr_z1= 357, wen_z=1
                3015 sampler_squeeze=0, next_element=0, z0=000000, z1=000000, waddr_z0= 358, waddr_z1= 359, wen_z=1
                3025 sampler_squeeze=0, next_element=0, z0=7fdfff, z1=000002, waddr_z0= 360, waddr_z1= 361, wen_z=1
                3035 sampler_squeeze=0, next_element=0, z0=7fe000, z1=7fdfff, waddr_z0= 362, waddr_z1= 363, wen_z=1
                3045 sampler_squeeze=0, next_element=0, z0=000002, z1=000000, waddr_z0= 364, waddr_z1= 365, wen_z=1
                3055 sampler_squeeze=0, next_element=0, z0=000002, z1=7fdfff, waddr_z0= 366, waddr_z1= 367, wen_z=1
                3065 sampler_squeeze=0, next_element=0, z0=000001, z1=7fe000, waddr_z0= 368, waddr_z1= 369, wen_z=1
                3075 sampler_squeeze=0, next_element=0, z0=000002, z1=000000, waddr_z0= 370, waddr_z1= 371, wen_z=1
                3085 sampler_squeeze=0, next_element=0, z0=000002, z1=000002, waddr_z0= 372, waddr_z1= 373, wen_z=1
                3095 sampler_squeeze=0, next_element=0, z0=000001, z1=000001, waddr_z0= 374, waddr_z1= 375, wen_z=1
                3105 sampler_squeeze=0, next_element=0, z0=000001, z1=7fe000, waddr_z0= 376, waddr_z1= 377, wen_z=1
                3115 sampler_squeeze=0, next_element=0, z0=7fdfff, z1=000000, waddr_z0= 378, waddr_z1= 379, wen_z=1
                3125 sampler_squeeze=0, next_element=0, z0=000000, z1=000000, waddr_z0= 380, waddr_z1= 381, wen_z=1
                3135 sampler_squeeze=0, next_element=0, z0=000000, z1=000001, waddr_z0= 382, waddr_z1= 383, wen_z=1
                3145 sampler_squeeze=0, next_element=0, z0=7fe000, z1=7fe000, waddr_z0= 384, waddr_z1= 385, wen_z=1
                3155 sampler_squeeze=0, next_element=0, z0=7fe000, z1=7fe000, waddr_z0= 385, waddr_z1= 386, wen_z=1
                3165 sampler_squeeze=0, next_element=0, z0=000002, z1=000000, waddr_z0= 387, waddr_z1= 388, wen_z=1
                3175 sampler_squeeze=0, next_element=0, z0=000002, z1=7fe000, waddr_z0= 389, waddr_z1= 390, wen_z=1
                3185 sampler_squeeze=0, next_element=0, z0=000001, z1=7fdfff, waddr_z0= 391, waddr_z1= 392, wen_z=1
                3195 sampler_squeeze=0, next_element=0, z0=7fe000, z1=000000, waddr_z0= 393, waddr_z1= 394, wen_z=1
                3205 sampler_squeeze=0, next_element=0, z0=7fdfff, z1=000002, waddr_z0= 395, waddr_z1= 396, wen_z=1
                3215 sampler_squeeze=0, next_element=0, z0=7fe000, z1=7fdfff, waddr_z0= 397, waddr_z1= 398, wen_z=1
                3225 sampler_squeeze=0, next_element=0, z0=000002, z1=000002, waddr_z0= 399, waddr_z1= 400, wen_z=1
                3235 sampler_squeeze=0, next_element=0, z0=7fe000, z1=000000, waddr_z0= 400, waddr_z1= 401, wen_z=1
                3245 sampler_squeeze=0, next_element=0, z0=7fdfff, z1=7fe000, waddr_z0= 402, waddr_z1= 403, wen_z=1
                3255 sampler_squeeze=0, next_element=0, z0=7fe000, z1=7fe000, waddr_z0= 404, waddr_z1= 405, wen_z=1
                3265 sampler_squeeze=0, next_element=0, z0=000001, z1=000000, waddr_z0= 406, waddr_z1= 407, wen_z=1
                3275 sampler_squeeze=0, next_element=0, z0=000002, z1=7fdfff, waddr_z0= 408, waddr_z1= 409, wen_z=1
                3285 sampler_squeeze=0, next_element=0, z0=7fe000, z1=7fe000, waddr_z0= 410, waddr_z1= 411, wen_z=1
                3295 sampler_squeeze=0, next_element=0, z0=7fdfff, z1=000002, waddr_z0= 412, waddr_z1= 413, wen_z=1
                3305 sampler_squeeze=0, next_element=0, z0=7fe000, z1=000000, waddr_z0= 413, waddr_z1= 414, wen_z=1
                3315 sampler_squeeze=0, next_element=0, z0=000000, z1=000002, waddr_z0= 415, waddr_z1= 416, wen_z=1
                3325 sampler_squeeze=0, next_element=0, z0=7fdfff, z1=7fdfff, waddr_z0= 417, waddr_z1= 418, wen_z=1
                3335 sampler_squeeze=0, next_element=0, z0=7fdfff, z1=7fdfff, waddr_z0= 419, waddr_z1= 420, wen_z=1
                3345 sampler_squeeze=0, next_element=0, z0=000001, z1=000000, waddr_z0= 421, waddr_z1= 422, wen_z=1
                3355 sampler_squeeze=0, next_element=0, z0=000000, z1=7fdfff, waddr_z0= 423, waddr_z1= 424, wen_z=1
                3365 sampler_squeeze=0, next_element=0, z0=000001, z1=000000, waddr_z0= 425, waddr_z1= 426, wen_z=1
                3375 sampler_squeeze=0, next_element=0, z0=7fe000, z1=7fdfff, waddr_z0= 427, waddr_z1= 428, wen_z=1
                3385 sampler_squeeze=0, next_element=0, z0=000000, z1=000000, waddr_z0= 429, waddr_z1= 430, wen_z=1
                3395 sampler_squeeze=0, next_element=0, z0=7fdfff, z1=7fe000, waddr_z0= 431, waddr_z1= 432, wen_z=1
                3405 sampler_squeeze=0, next_element=0, z0=000001, z1=7fdfff, waddr_z0= 433, waddr_z1= 434, wen_z=1
                3415 sampler_squeeze=0, next_element=0, z0=000001, z1=000002, waddr_z0= 435, waddr_z1= 436, wen_z=1
                3425 sampler_squeeze=0, next_element=0, z0=000000, z1=000000, waddr_z0= 437, waddr_z1= 438, wen_z=1
                3435 sampler_squeeze=0, next_element=0, z0=000002, z1=000002, waddr_z0= 439, waddr_z1= 440, wen_z=1
                3445 sampler_squeeze=0, next_element=0, z0=7fdfff, z1=000000, waddr_z0= 441, waddr_z1= 442, wen_z=1
                3455 sampler_squeeze=0, next_element=0, z0=000002, z1=000000, waddr_z0= 443, waddr_z1= 444, wen_z=1
                3465 sampler_squeeze=0, next_element=0, z0=7fdfff, z1=7fdfff, waddr_z0= 445, waddr_z1= 446, wen_z=1
                3475 sampler_squeeze=0, next_element=0, z0=7fe000, z1=7fdfff, waddr_z0= 447, waddr_z1= 448, wen_z=1
                3485 sampler_squeeze=0, next_element=0, z0=000000, z1=000000, waddr_z0= 449, waddr_z1= 450, wen_z=1
                3495 sampler_squeeze=0, next_element=0, z0=000000, z1=7fe000, waddr_z0= 451, waddr_z1= 452, wen_z=1
                3505 sampler_squeeze=0, next_element=0, z0=000002, z1=000002, waddr_z0= 453, waddr_z1= 454, wen_z=1
                3515 sampler_squeeze=0, next_element=0, z0=7fdfff, z1=000000, waddr_z0= 453, waddr_z1= 454, wen_z=1
                3525 sampler_squeeze=0, next_element=0, z0=7fdfff, z1=000001, waddr_z0= 455, waddr_z1= 456, wen_z=1
                3535 sampler_squeeze=0, next_element=0, z0=7fe000, z1=000002, waddr_z0= 457, waddr_z1= 458, wen_z=1
                3545 sampler_squeeze=0, next_element=0, z0=7fdfff, z1=000002, waddr_z0= 459, waddr_z1= 460, wen_z=1
                3555 sampler_squeeze=0, next_element=0, z0=7fe000, z1=7fe000, waddr_z0= 460, waddr_z1= 461, wen_z=1
                3565 sampler_squeeze=0, next_element=0, z0=000001, z1=7fdfff, waddr_z0= 462, waddr_z1= 463, wen_z=1
                3575 sampler_squeeze=0, next_element=0, z0=000002, z1=000000, waddr_z0= 464, waddr_z1= 465, wen_z=1
                3585 sampler_squeeze=0, next_element=0, z0=000000, z1=000000, waddr_z0= 466, waddr_z1= 467, wen_z=1
                3595 sampler_squeeze=0, next_element=0, z0=000000, z1=7fe000, waddr_z0= 468, waddr_z1= 469, wen_z=1
                3605 sampler_squeeze=0, next_element=0, z0=000001, z1=000002, waddr_z0= 470, waddr_z1= 471, wen_z=1
                3615 sampler_squeeze=0, next_element=0, z0=000000, z1=7fdfff, waddr_z0= 472, waddr_z1= 473, wen_z=1
                3625 sampler_squeeze=0, next_element=0, z0=000002, z1=000002, waddr_z0= 474, waddr_z1= 475, wen_z=1
                3635 sampler_squeeze=0, next_element=0, z0=000001, z1=7fdfff, waddr_z0= 475, waddr_z1= 476, wen_z=1
                3645 sampler_squeeze=0, next_element=0, z0=000000, z1=000002, waddr_z0= 477, waddr_z1= 478, wen_z=1
                3655 sampler_squeeze=0, next_element=0, z0=000000, z1=7fdfff, waddr_z0= 479, waddr_z1= 480, wen_z=1
                3665 sampler_squeeze=0, next_element=0, z0=000001, z1=000000, waddr_z0= 481, waddr_z1= 482, wen_z=1
                3675 sampler_squeeze=0, next_element=0, z0=7fe000, z1=000002, waddr_z0= 483, waddr_z1= 484, wen_z=1
                3685 sampler_squeeze=0, next_element=0, z0=000000, z1=000002, waddr_z0= 485, waddr_z1= 486, wen_z=1
                3695 sampler_squeeze=0, next_element=0, z0=7fe000, z1=000000, waddr_z0= 487, waddr_z1= 488, wen_z=1
                3705 sampler_squeeze=0, next_element=0, z0=000001, z1=000002, waddr_z0= 489, waddr_z1= 490, wen_z=1
                3715 sampler_squeeze=0, next_element=0, z0=000001, z1=7fe000, waddr_z0= 491, waddr_z1= 492, wen_z=1
                3725 sampler_squeeze=0, next_element=0, z0=000001, z1=7fdfff, waddr_z0= 493, waddr_z1= 494, wen_z=1
                3735 sampler_squeeze=0, next_element=0, z0=000002, z1=7fdfff, waddr_z0= 495, waddr_z1= 496, wen_z=1
                3745 sampler_squeeze=0, next_element=0, z0=7fdfff, z1=000000, waddr_z0= 497, waddr_z1= 498, wen_z=1
                3755 sampler_squeeze=0, next_element=0, z0=000000, z1=000000, waddr_z0= 499, waddr_z1= 500, wen_z=1
                3765 sampler_squeeze=0, next_element=0, z0=000000, z1=000000, waddr_z0= 501, waddr_z1= 502, wen_z=1
                3775 sampler_squeeze=0, next_element=0, z0=000001, z1=7fe000, waddr_z0= 503, waddr_z1= 504, wen_z=1
                3785 sampler_squeeze=0, next_element=0, z0=000000, z1=000000, waddr_z0= 505, waddr_z1= 506, wen_z=1
                3795 sampler_squeeze=0, next_element=0, z0=7fdfff, z1=000002, waddr_z0= 507, waddr_z1= 508, wen_z=1
                3805 sampler_squeeze=0, next_element=0, z0=000000, z1=000000, waddr_z0= 509, waddr_z1= 510, wen_z=1
                3815 sampler_squeeze=0, next_element=0, z0=000000, z1=7fe000, waddr_z0= 510, waddr_z1= 511, wen_z=1
                3825 sampler_squeeze=0, next_element=1, z0=000001, z1=000002, waddr_z0= 256, waddr_z1= 257, wen_z=0
                3835 sampler_squeeze=0, next_element=1, z0=000002, z1=7fe000, waddr_z0= 512, waddr_z1= 513, wen_z=0
                3845 sampler_squeeze=0, next_element=0, z0=7fe000, z1=000002, waddr_z0= 512, waddr_z1= 513, wen_z=0
                4255 sampler_squeeze=0, next_element=0, z0=7fe000, z1=000002, waddr_z0= 512, waddr_z1= 513, wen_z=1
                4265 sampler_squeeze=0, next_element=0, z0=000001, z1=000001, waddr_z0= 513, waddr_z1= 514, wen_z=1
                4275 sampler_squeeze=0, next_element=0, z0=000000, z1=000002, waddr_z0= 515, waddr_z1= 516, wen_z=1
                4285 sampler_squeeze=0, next_element=0, z0=000001, z1=000001, waddr_z0= 517, waddr_z1= 518, wen_z=1
                4295 sampler_squeeze=0, next_element=0, z0=000002, z1=7fe000, waddr_z0= 519, waddr_z1= 520, wen_z=1
                4305 sampler_squeeze=0, next_element=0, z0=000002, z1=000001, waddr_z0= 521, waddr_z1= 522, wen_z=1
                4315 sampler_squeeze=0, next_element=0, z0=000001, z1=000000, waddr_z0= 523, waddr_z1= 524, wen_z=1
                4325 sampler_squeeze=0, next_element=0, z0=000000, z1=000000, waddr_z0= 525, waddr_z1= 526, wen_z=1
                4335 sampler_squeeze=0, next_element=0, z0=7fdfff, z1=000001, waddr_z0= 527, waddr_z1= 528, wen_z=1
                4345 sampler_squeeze=0, next_element=0, z0=000000, z1=7fe000, waddr_z0= 529, waddr_z1= 530, wen_z=1
                4355 sampler_squeeze=0, next_element=0, z0=000000, z1=000000, waddr_z0= 531, waddr_z1= 532, wen_z=1
                4365 sampler_squeeze=0, next_element=0, z0=7fdfff, z1=7fdfff, waddr_z0= 533, waddr_z1= 534, wen_z=1
                4375 sampler_squeeze=0, next_element=0, z0=7fe000, z1=7fdfff, waddr_z0= 535, waddr_z1= 536, wen_z=1
                4385 sampler_squeeze=0, next_element=0, z0=000001, z1=7fe000, waddr_z0= 537, waddr_z1= 538, wen_z=1
                4395 sampler_squeeze=0, next_element=0, z0=000002, z1=000001, waddr_z0= 539, waddr_z1= 540, wen_z=1
                4405 sampler_squeeze=0, next_element=0, z0=000000, z1=7fdfff, waddr_z0= 541, waddr_z1= 542, wen_z=1
                4415 sampler_squeeze=0, next_element=0, z0=7fdfff, z1=7fe000, waddr_z0= 543, waddr_z1= 544, wen_z=1
                4425 sampler_squeeze=0, next_element=0, z0=000000, z1=7fdfff, waddr_z0= 545, waddr_z1= 546, wen_z=1
                4435 sampler_squeeze=0, next_element=0, z0=000002, z1=7fdfff, waddr_z0= 547, waddr_z1= 548, wen_z=1
                4445 sampler_squeeze=0, next_element=0, z0=000000, z1=7fdfff, waddr_z0= 549, waddr_z1= 550, wen_z=1
                4455 sampler_squeeze=0, next_element=0, z0=7fe000, z1=7fdfff, waddr_z0= 551, waddr_z1= 552, wen_z=1
                4465 sampler_squeeze=0, next_element=0, z0=7fdfff, z1=000002, waddr_z0= 553, waddr_z1= 554, wen_z=1
                4475 sampler_squeeze=0, next_element=0, z0=7fe000, z1=000001, waddr_z0= 555, waddr_z1= 556, wen_z=1
                4485 sampler_squeeze=0, next_element=0, z0=7fe000, z1=7fdfff, waddr_z0= 557, waddr_z1= 558, wen_z=1
                4495 sampler_squeeze=0, next_element=0, z0=000000, z1=000000, waddr_z0= 559, waddr_z1= 560, wen_z=1
                4505 sampler_squeeze=0, next_element=0, z0=000001, z1=000000, waddr_z0= 561, waddr_z1= 562, wen_z=1
                4515 sampler_squeeze=0, next_element=0, z0=000000, z1=000000, waddr_z0= 563, waddr_z1= 564, wen_z=1
                4525 sampler_squeeze=0, next_element=0, z0=000000, z1=7fdfff, waddr_z0= 565, waddr_z1= 566, wen_z=1
                4535 sampler_squeeze=0, next_element=0, z0=000000, z1=7fdfff, waddr_z0= 567, waddr_z1= 568, wen_z=1
                4545 sampler_squeeze=0, next_element=0, z0=000000, z1=000001, waddr_z0= 569, waddr_z1= 570, wen_z=1
                4555 sampler_squeeze=0, next_element=0, z0=7fdfff, z1=7fe000, waddr_z0= 571, waddr_z1= 572, wen_z=1
                4565 sampler_squeeze=0, next_element=0, z0=000000, z1=000001, waddr_z0= 573, waddr_z1= 574, wen_z=1
                4575 sampler_squeeze=0, next_element=0, z0=000002, z1=000001, waddr_z0= 575, waddr_z1= 576, wen_z=1
                4585 sampler_squeeze=0, next_element=0, z0=000000, z1=7fdfff, waddr_z0= 577, waddr_z1= 578, wen_z=1
                4595 sampler_squeeze=0, next_element=0, z0=000000, z1=000000, waddr_z0= 579, waddr_z1= 580, wen_z=1
                4605 sampler_squeeze=0, next_element=0, z0=000002, z1=000001, waddr_z0= 581, waddr_z1= 582, wen_z=1
                4615 sampler_squeeze=0, next_element=0, z0=000000, z1=7fdfff, waddr_z0= 583, waddr_z1= 584, wen_z=1
                4625 sampler_squeeze=0, next_element=0, z0=7fdfff, z1=7fe000, waddr_z0= 585, waddr_z1= 586, wen_z=1
                4635 sampler_squeeze=0, next_element=0, z0=000000, z1=000000, waddr_z0= 587, waddr_z1= 588, wen_z=1
                4645 sampler_squeeze=0, next_element=0, z0=7fe000, z1=000002, waddr_z0= 588, waddr_z1= 589, wen_z=1
                4655 sampler_squeeze=0, next_element=0, z0=000002, z1=000002, waddr_z0= 590, waddr_z1= 591, wen_z=1
                4665 sampler_squeeze=0, next_element=0, z0=000000, z1=000000, waddr_z0= 592, waddr_z1= 593, wen_z=1
                4675 sampler_squeeze=0, next_element=0, z0=000000, z1=000002, waddr_z0= 594, waddr_z1= 595, wen_z=1
                4685 sampler_squeeze=0, next_element=0, z0=7fdfff, z1=7fdfff, waddr_z0= 596, waddr_z1= 597, wen_z=1
                4695 sampler_squeeze=0, next_element=0, z0=000001, z1=000001, waddr_z0= 597, waddr_z1= 598, wen_z=1
                4705 sampler_squeeze=0, next_element=0, z0=000000, z1=000000, waddr_z0= 599, waddr_z1= 600, wen_z=1
                4715 sampler_squeeze=0, next_element=0, z0=7fe000, z1=000000, waddr_z0= 601, waddr_z1= 602, wen_z=1
                4725 sampler_squeeze=0, next_element=0, z0=7fe000, z1=7fe000, waddr_z0= 603, waddr_z1= 604, wen_z=1
                4735 sampler_squeeze=0, next_element=0, z0=7fdfff, z1=000000, waddr_z0= 605, waddr_z1= 606, wen_z=1
                4745 sampler_squeeze=0, next_element=0, z0=000002, z1=000001, waddr_z0= 607, waddr_z1= 608, wen_z=1
                4755 sampler_squeeze=0, next_element=0, z0=000000, z1=000002, waddr_z0= 609, waddr_z1= 610, wen_z=1
                4765 sampler_squeeze=0, next_element=0, z0=000000, z1=000000, waddr_z0= 611, waddr_z1= 612, wen_z=1
                4775 sampler_squeeze=0, next_element=0, z0=000000, z1=7fdfff, waddr_z0= 612, waddr_z1= 613, wen_z=1
                4785 sampler_squeeze=0, next_element=0, z0=000000, z1=000000, waddr_z0= 614, waddr_z1= 615, wen_z=1
                4795 sampler_squeeze=0, next_element=0, z0=7fdfff, z1=000002, waddr_z0= 616, waddr_z1= 617, wen_z=1
                4805 sampler_squeeze=0, next_element=0, z0=7fe000, z1=7fdfff, waddr_z0= 618, waddr_z1= 619, wen_z=1
                4815 sampler_squeeze=0, next_element=0, z0=000002, z1=000000, waddr_z0= 620, waddr_z1= 621, wen_z=1
                4825 sampler_squeeze=0, next_element=0, z0=000002, z1=7fdfff, waddr_z0= 622, waddr_z1= 623, wen_z=1
                4835 sampler_squeeze=0, next_element=0, z0=000001, z1=7fe000, waddr_z0= 624, waddr_z1= 625, wen_z=1
                4845 sampler_squeeze=0, next_element=0, z0=000002, z1=000000, waddr_z0= 626, waddr_z1= 627, wen_z=1
                4855 sampler_squeeze=0, next_element=0, z0=000002, z1=000002, waddr_z0= 628, waddr_z1= 629, wen_z=1
                4865 sampler_squeeze=0, next_element=0, z0=000001, z1=000001, waddr_z0= 630, waddr_z1= 631, wen_z=1
                4875 sampler_squeeze=0, next_element=0, z0=000001, z1=7fe000, waddr_z0= 632, waddr_z1= 633, wen_z=1
                4885 sampler_squeeze=0, next_element=0, z0=7fdfff, z1=000000, waddr_z0= 634, waddr_z1= 635, wen_z=1
                4895 sampler_squeeze=0, next_element=0, z0=000000, z1=000000, waddr_z0= 636, waddr_z1= 637, wen_z=1
                4905 sampler_squeeze=0, next_element=0, z0=000000, z1=000001, waddr_z0= 638, waddr_z1= 639, wen_z=1
                4915 sampler_squeeze=0, next_element=0, z0=7fe000, z1=7fe000, waddr_z0= 640, waddr_z1= 641, wen_z=1
                4925 sampler_squeeze=0, next_element=0, z0=7fe000, z1=7fe000, waddr_z0= 641, waddr_z1= 642, wen_z=1
                4935 sampler_squeeze=0, next_element=0, z0=000002, z1=000000, waddr_z0= 643, waddr_z1= 644, wen_z=1
                4945 sampler_squeeze=0, next_element=0, z0=000002, z1=7fe000, waddr_z0= 645, waddr_z1= 646, wen_z=1
                4955 sampler_squeeze=0, next_element=0, z0=000001, z1=7fdfff, waddr_z0= 647, waddr_z1= 648, wen_z=1
                4965 sampler_squeeze=0, next_element=0, z0=7fe000, z1=000000, waddr_z0= 649, waddr_z1= 650, wen_z=1
                4975 sampler_squeeze=0, next_element=0, z0=7fdfff, z1=000002, waddr_z0= 651, waddr_z1= 652, wen_z=1
                4985 sampler_squeeze=0, next_element=0, z0=7fe000, z1=7fdfff, waddr_z0= 653, waddr_z1= 654, wen_z=1
                4995 sampler_squeeze=0, next_element=0, z0=000002, z1=000002, waddr_z0= 655, waddr_z1= 656, wen_z=1
                5005 sampler_squeeze=0, next_element=0, z0=7fe000, z1=000000, waddr_z0= 656, waddr_z1= 657, wen_z=1
                5015 sampler_squeeze=0, next_element=0, z0=7fdfff, z1=7fe000, waddr_z0= 658, waddr_z1= 659, wen_z=1
                5025 sampler_squeeze=0, next_element=0, z0=7fe000, z1=7fe000, waddr_z0= 660, waddr_z1= 661, wen_z=1
                5035 sampler_squeeze=0, next_element=0, z0=000001, z1=000000, waddr_z0= 662, waddr_z1= 663, wen_z=1
                5045 sampler_squeeze=0, next_element=0, z0=000002, z1=7fdfff, waddr_z0= 664, waddr_z1= 665, wen_z=1
                5055 sampler_squeeze=0, next_element=0, z0=7fe000, z1=7fe000, waddr_z0= 666, waddr_z1= 667, wen_z=1
                5065 sampler_squeeze=0, next_element=0, z0=7fdfff, z1=000002, waddr_z0= 668, waddr_z1= 669, wen_z=1
                5075 sampler_squeeze=0, next_element=0, z0=7fe000, z1=000000, waddr_z0= 669, waddr_z1= 670, wen_z=1
                5085 sampler_squeeze=0, next_element=0, z0=000000, z1=000002, waddr_z0= 671, waddr_z1= 672, wen_z=1
                5095 sampler_squeeze=0, next_element=0, z0=7fdfff, z1=7fdfff, waddr_z0= 673, waddr_z1= 674, wen_z=1
                5105 sampler_squeeze=0, next_element=0, z0=7fdfff, z1=7fdfff, waddr_z0= 675, waddr_z1= 676, wen_z=1
                5115 sampler_squeeze=0, next_element=0, z0=000001, z1=000000, waddr_z0= 677, waddr_z1= 678, wen_z=1
                5125 sampler_squeeze=0, next_element=0, z0=000000, z1=7fdfff, waddr_z0= 679, waddr_z1= 680, wen_z=1
                5135 sampler_squeeze=0, next_element=0, z0=000001, z1=000000, waddr_z0= 681, waddr_z1= 682, wen_z=1
                5145 sampler_squeeze=0, next_element=0, z0=7fe000, z1=7fdfff, waddr_z0= 683, waddr_z1= 684, wen_z=1
                5155 sampler_squeeze=0, next_element=0, z0=000000, z1=000000, waddr_z0= 685, waddr_z1= 686, wen_z=1
                5165 sampler_squeeze=0, next_element=0, z0=7fdfff, z1=7fe000, waddr_z0= 687, waddr_z1= 688, wen_z=1
                5175 sampler_squeeze=0, next_element=0, z0=000001, z1=7fdfff, waddr_z0= 689, waddr_z1= 690, wen_z=1
                5185 sampler_squeeze=0, next_element=0, z0=000001, z1=000002, waddr_z0= 691, waddr_z1= 692, wen_z=1
                5195 sampler_squeeze=0, next_element=0, z0=000000, z1=000000, waddr_z0= 693, waddr_z1= 694, wen_z=1
                5205 sampler_squeeze=0, next_element=0, z0=000002, z1=000002, waddr_z0= 695, waddr_z1= 696, wen_z=1
                5215 sampler_squeeze=0, next_element=0, z0=7fdfff, z1=000000, waddr_z0= 697, waddr_z1= 698, wen_z=1
                5225 sampler_squeeze=0, next_element=0, z0=000002, z1=000000, waddr_z0= 699, waddr_z1= 700, wen_z=1
                5235 sampler_squeeze=0, next_element=0, z0=7fdfff, z1=7fdfff, waddr_z0= 701, waddr_z1= 702, wen_z=1
                5245 sampler_squeeze=0, next_element=0, z0=7fe000, z1=7fdfff, waddr_z0= 703, waddr_z1= 704, wen_z=1
                5255 sampler_squeeze=0, next_element=0, z0=000000, z1=000000, waddr_z0= 705, waddr_z1= 706, wen_z=1
                5265 sampler_squeeze=0, next_element=0, z0=000000, z1=7fe000, waddr_z0= 707, waddr_z1= 708, wen_z=1
                5275 sampler_squeeze=0, next_element=0, z0=000002, z1=000002, waddr_z0= 709, waddr_z1= 710, wen_z=1
                5285 sampler_squeeze=0, next_element=0, z0=7fdfff, z1=000000, waddr_z0= 709, waddr_z1= 710, wen_z=1
                5295 sampler_squeeze=0, next_element=0, z0=7fdfff, z1=000001, waddr_z0= 711, waddr_z1= 712, wen_z=1
                5305 sampler_squeeze=0, next_element=0, z0=7fe000, z1=000002, waddr_z0= 713, waddr_z1= 714, wen_z=1
                5315 sampler_squeeze=0, next_element=0, z0=7fdfff, z1=000002, waddr_z0= 715, waddr_z1= 716, wen_z=1
                5325 sampler_squeeze=0, next_element=0, z0=7fe000, z1=7fe000, waddr_z0= 716, waddr_z1= 717, wen_z=1
                5335 sampler_squeeze=0, next_element=0, z0=000001, z1=7fdfff, waddr_z0= 718, waddr_z1= 719, wen_z=1
                5345 sampler_squeeze=0, next_element=0, z0=000002, z1=000000, waddr_z0= 720, waddr_z1= 721, wen_z=1
                5355 sampler_squeeze=0, next_element=0, z0=000000, z1=000000, waddr_z0= 722, waddr_z1= 723, wen_z=1
                5365 sampler_squeeze=0, next_element=0, z0=000000, z1=7fe000, waddr_z0= 724, waddr_z1= 725, wen_z=1
                5375 sampler_squeeze=0, next_element=0, z0=000001, z1=000002, waddr_z0= 726, waddr_z1= 727, wen_z=1
                5385 sampler_squeeze=0, next_element=0, z0=000000, z1=7fdfff, waddr_z0= 728, waddr_z1= 729, wen_z=1
                5395 sampler_squeeze=0, next_element=0, z0=000002, z1=000002, waddr_z0= 730, waddr_z1= 731, wen_z=1
                5405 sampler_squeeze=0, next_element=0, z0=000001, z1=7fdfff, waddr_z0= 731, waddr_z1= 732, wen_z=1
                5415 sampler_squeeze=0, next_element=0, z0=000000, z1=000002, waddr_z0= 733, waddr_z1= 734, wen_z=1
                5425 sampler_squeeze=0, next_element=0, z0=000000, z1=7fdfff, waddr_z0= 735, waddr_z1= 736, wen_z=1
                5435 sampler_squeeze=0, next_element=0, z0=000001, z1=000000, waddr_z0= 737, waddr_z1= 738, wen_z=1
                5445 sampler_squeeze=0, next_element=0, z0=7fe000, z1=000002, waddr_z0= 739, waddr_z1= 740, wen_z=1
                5455 sampler_squeeze=0, next_element=0, z0=000000, z1=000002, waddr_z0= 741, waddr_z1= 742, wen_z=1
                5465 sampler_squeeze=0, next_element=0, z0=7fe000, z1=000000, waddr_z0= 743, waddr_z1= 744, wen_z=1
                5475 sampler_squeeze=0, next_element=0, z0=000001, z1=000002, waddr_z0= 745, waddr_z1= 746, wen_z=1
                5485 sampler_squeeze=0, next_element=0, z0=000001, z1=7fe000, waddr_z0= 747, waddr_z1= 748, wen_z=1
                5495 sampler_squeeze=0, next_element=0, z0=000001, z1=7fdfff, waddr_z0= 749, waddr_z1= 750, wen_z=1
                5505 sampler_squeeze=0, next_element=0, z0=000002, z1=7fdfff, waddr_z0= 751, waddr_z1= 752, wen_z=1
                5515 sampler_squeeze=0, next_element=0, z0=7fdfff, z1=000000, waddr_z0= 753, waddr_z1= 754, wen_z=1
                5525 sampler_squeeze=0, next_element=0, z0=000000, z1=000000, waddr_z0= 755, waddr_z1= 756, wen_z=1
                5535 sampler_squeeze=0, next_element=0, z0=000000, z1=000000, waddr_z0= 757, waddr_z1= 758, wen_z=1
                5545 sampler_squeeze=0, next_element=0, z0=000001, z1=7fe000, waddr_z0= 759, waddr_z1= 760, wen_z=1
                5555 sampler_squeeze=0, next_element=0, z0=000000, z1=000000, waddr_z0= 761, waddr_z1= 762, wen_z=1
                5565 sampler_squeeze=0, next_element=0, z0=7fdfff, z1=000002, waddr_z0= 763, waddr_z1= 764, wen_z=1
                5575 sampler_squeeze=0, next_element=0, z0=000000, z1=000000, waddr_z0= 765, waddr_z1= 766, wen_z=1
                5585 sampler_squeeze=0, next_element=0, z0=000000, z1=7fe000, waddr_z0= 766, waddr_z1= 767, wen_z=1
                5595 sampler_squeeze=0, next_element=1, z0=000001, z1=000002, waddr_z0= 512, waddr_z1= 513, wen_z=0
                5605 sampler_squeeze=0, next_element=1, z0=000002, z1=7fe000, waddr_z0= 768, waddr_z1= 769, wen_z=0
                5615 sampler_squeeze=0, next_element=0, z0=7fe000, z1=000002, waddr_z0= 768, waddr_z1= 769, wen_z=0
                6025 sampler_squeeze=0, next_element=0, z0=7fe000, z1=000002, waddr_z0= 768, waddr_z1= 769, wen_z=1
                6035 sampler_squeeze=0, next_element=0, z0=000001, z1=000001, waddr_z0= 769, waddr_z1= 770, wen_z=1
                6045 sampler_squeeze=0, next_element=0, z0=000000, z1=000002, waddr_z0= 771, waddr_z1= 772, wen_z=1
                6055 sampler_squeeze=0, next_element=0, z0=000001, z1=000001, waddr_z0= 773, waddr_z1= 774, wen_z=1
                6065 sampler_squeeze=0, next_element=0, z0=000002, z1=7fe000, waddr_z0= 775, waddr_z1= 776, wen_z=1
                6075 sampler_squeeze=0, next_element=0, z0=000002, z1=000001, waddr_z0= 777, waddr_z1= 778, wen_z=1
                6085 sampler_squeeze=0, next_element=0, z0=000001, z1=000000, waddr_z0= 779, waddr_z1= 780, wen_z=1
                6095 sampler_squeeze=0, next_element=0, z0=000000, z1=000000, waddr_z0= 781, waddr_z1= 782, wen_z=1
                6105 sampler_squeeze=0, next_element=0, z0=7fdfff, z1=000001, waddr_z0= 783, waddr_z1= 784, wen_z=1
                6115 sampler_squeeze=0, next_element=0, z0=000000, z1=7fe000, waddr_z0= 785, waddr_z1= 786, wen_z=1
$finish called at time : 6125 ns : File "C:/Users/fossu/Desktop/ML_DSA_Syn/IMP/SHA3_imp/Sampler/Sampler.srcs/sim_1/new/Sampler_tb.v" Line 103
                6125 sampler_squeeze=0, next_element=0, z0=000000, z1=000000, waddr_z0= 787, waddr_z1= 788, wen_z=1
                6135 sampler_squeeze=0, next_element=0, z0=7fdfff, z1=7fdfff, waddr_z0= 789, waddr_z1= 790, wen_z=1
                6145 sampler_squeeze=0, next_element=0, z0=7fe000, z1=7fdfff, waddr_z0= 791, waddr_z1= 792, wen_z=1
                6155 sampler_squeeze=0, next_element=0, z0=000001, z1=7fe000, waddr_z0= 793, waddr_z1= 794, wen_z=1
                6165 sampler_squeeze=0, next_element=0, z0=000002, z1=000001, waddr_z0= 795, waddr_z1= 796, wen_z=1
                6175 sampler_squeeze=0, next_element=0, z0=000000, z1=7fdfff, waddr_z0= 797, waddr_z1= 798, wen_z=1
                6185 sampler_squeeze=0, next_element=0, z0=7fdfff, z1=7fe000, waddr_z0= 799, waddr_z1= 800, wen_z=1
                6195 sampler_squeeze=0, next_element=0, z0=000000, z1=7fdfff, waddr_z0= 801, waddr_z1= 802, wen_z=1
                6205 sampler_squeeze=0, next_element=0, z0=000002, z1=7fdfff, waddr_z0= 803, waddr_z1= 804, wen_z=1
                6215 sampler_squeeze=0, next_element=0, z0=000000, z1=7fdfff, waddr_z0= 805, waddr_z1= 806, wen_z=1
                6225 sampler_squeeze=0, next_element=0, z0=7fe000, z1=7fdfff, waddr_z0= 807, waddr_z1= 808, wen_z=1
                6235 sampler_squeeze=0, next_element=0, z0=7fdfff, z1=000002, waddr_z0= 809, waddr_z1= 810, wen_z=1
                6245 sampler_squeeze=0, next_element=0, z0=7fe000, z1=000001, waddr_z0= 811, waddr_z1= 812, wen_z=1
                6255 sampler_squeeze=0, next_element=0, z0=7fe000, z1=7fdfff, waddr_z0= 813, waddr_z1= 814, wen_z=1
                6265 sampler_squeeze=0, next_element=0, z0=000000, z1=000000, waddr_z0= 815, waddr_z1= 816, wen_z=1
                6275 sampler_squeeze=0, next_element=0, z0=000001, z1=000000, waddr_z0= 817, waddr_z1= 818, wen_z=1
                6285 sampler_squeeze=0, next_element=0, z0=000000, z1=000000, waddr_z0= 819, waddr_z1= 820, wen_z=1
                6295 sampler_squeeze=0, next_element=0, z0=000000, z1=7fdfff, waddr_z0= 821, waddr_z1= 822, wen_z=1
                6305 sampler_squeeze=0, next_element=0, z0=000000, z1=7fdfff, waddr_z0= 823, waddr_z1= 824, wen_z=1
                6315 sampler_squeeze=0, next_element=0, z0=000000, z1=000001, waddr_z0= 825, waddr_z1= 826, wen_z=1
                6325 sampler_squeeze=0, next_element=0, z0=7fdfff, z1=7fe000, waddr_z0= 827, waddr_z1= 828, wen_z=1
                6335 sampler_squeeze=0, next_element=0, z0=000000, z1=000001, waddr_z0= 829, waddr_z1= 830, wen_z=1
                6345 sampler_squeeze=0, next_element=0, z0=000002, z1=000001, waddr_z0= 831, waddr_z1= 832, wen_z=1
                6355 sampler_squeeze=0, next_element=0, z0=000000, z1=7fdfff, waddr_z0= 833, waddr_z1= 834, wen_z=1
                6365 sampler_squeeze=0, next_element=0, z0=000000, z1=000000, waddr_z0= 835, waddr_z1= 836, wen_z=1
                6375 sampler_squeeze=0, next_element=0, z0=000002, z1=000001, waddr_z0= 837, waddr_z1= 838, wen_z=1
                6385 sampler_squeeze=0, next_element=0, z0=000000, z1=7fdfff, waddr_z0= 839, waddr_z1= 840, wen_z=1
                6395 sampler_squeeze=0, next_element=0, z0=7fdfff, z1=7fe000, waddr_z0= 841, waddr_z1= 842, wen_z=1
                6405 sampler_squeeze=0, next_element=0, z0=000000, z1=000000, waddr_z0= 843, waddr_z1= 844, wen_z=1
                6415 sampler_squeeze=0, next_element=0, z0=7fe000, z1=000002, waddr_z0= 844, waddr_z1= 845, wen_z=1
                6425 sampler_squeeze=0, next_element=0, z0=000002, z1=000002, waddr_z0= 846, waddr_z1= 847, wen_z=1
                6435 sampler_squeeze=0, next_element=0, z0=000000, z1=000000, waddr_z0= 848, waddr_z1= 849, wen_z=1
                6445 sampler_squeeze=0, next_element=0, z0=000000, z1=000002, waddr_z0= 850, waddr_z1= 851, wen_z=1
                6455 sampler_squeeze=0, next_element=0, z0=7fdfff, z1=7fdfff, waddr_z0= 852, waddr_z1= 853, wen_z=1
                6465 sampler_squeeze=0, next_element=0, z0=000001, z1=000001, waddr_z0= 853, waddr_z1= 854, wen_z=1
                6475 sampler_squeeze=0, next_element=0, z0=000000, z1=000000, waddr_z0= 855, waddr_z1= 856, wen_z=1
                6485 sampler_squeeze=0, next_element=0, z0=7fe000, z1=000000, waddr_z0= 857, waddr_z1= 858, wen_z=1
                6495 sampler_squeeze=0, next_element=0, z0=7fe000, z1=7fe000, waddr_z0= 859, waddr_z1= 860, wen_z=1
                6505 sampler_squeeze=0, next_element=0, z0=7fdfff, z1=000000, waddr_z0= 861, waddr_z1= 862, wen_z=1
                6515 sampler_squeeze=0, next_element=0, z0=000002, z1=000001, waddr_z0= 863, waddr_z1= 864, wen_z=1
                6525 sampler_squeeze=0, next_element=0, z0=000000, z1=000002, waddr_z0= 865, waddr_z1= 866, wen_z=1
                6535 sampler_squeeze=0, next_element=0, z0=000000, z1=000000, waddr_z0= 867, waddr_z1= 868, wen_z=1
                6545 sampler_squeeze=0, next_element=0, z0=000000, z1=7fdfff, waddr_z0= 868, waddr_z1= 869, wen_z=1
                6555 sampler_squeeze=0, next_element=0, z0=000000, z1=000000, waddr_z0= 870, waddr_z1= 871, wen_z=1
                6565 sampler_squeeze=0, next_element=0, z0=7fdfff, z1=000002, waddr_z0= 872, waddr_z1= 873, wen_z=1
                6575 sampler_squeeze=0, next_element=0, z0=7fe000, z1=7fdfff, waddr_z0= 874, waddr_z1= 875, wen_z=1
                6585 sampler_squeeze=0, next_element=0, z0=000002, z1=000000, waddr_z0= 876, waddr_z1= 877, wen_z=1
                6595 sampler_squeeze=0, next_element=0, z0=000002, z1=7fdfff, waddr_z0= 878, waddr_z1= 879, wen_z=1
                6605 sampler_squeeze=0, next_element=0, z0=000001, z1=7fe000, waddr_z0= 880, waddr_z1= 881, wen_z=1
                6615 sampler_squeeze=0, next_element=0, z0=000002, z1=000000, waddr_z0= 882, waddr_z1= 883, wen_z=1
                6625 sampler_squeeze=0, next_element=0, z0=000002, z1=000002, waddr_z0= 884, waddr_z1= 885, wen_z=1
                6635 sampler_squeeze=0, next_element=0, z0=000001, z1=000001, waddr_z0= 886, waddr_z1= 887, wen_z=1
                6645 sampler_squeeze=0, next_element=0, z0=000001, z1=7fe000, waddr_z0= 888, waddr_z1= 889, wen_z=1
                6655 sampler_squeeze=0, next_element=0, z0=7fdfff, z1=000000, waddr_z0= 890, waddr_z1= 891, wen_z=1
                6665 sampler_squeeze=0, next_element=0, z0=000000, z1=000000, waddr_z0= 892, waddr_z1= 893, wen_z=1
                6675 sampler_squeeze=0, next_element=0, z0=000000, z1=000001, waddr_z0= 894, waddr_z1= 895, wen_z=1
                6685 sampler_squeeze=0, next_element=0, z0=7fe000, z1=7fe000, waddr_z0= 896, waddr_z1= 897, wen_z=1
                6695 sampler_squeeze=0, next_element=0, z0=7fe000, z1=7fe000, waddr_z0= 897, waddr_z1= 898, wen_z=1
                6705 sampler_squeeze=0, next_element=0, z0=000002, z1=000000, waddr_z0= 899, waddr_z1= 900, wen_z=1
                6715 sampler_squeeze=0, next_element=0, z0=000002, z1=7fe000, waddr_z0= 901, waddr_z1= 902, wen_z=1
                6725 sampler_squeeze=0, next_element=0, z0=000001, z1=7fdfff, waddr_z0= 903, waddr_z1= 904, wen_z=1
                6735 sampler_squeeze=0, next_element=0, z0=7fe000, z1=000000, waddr_z0= 905, waddr_z1= 906, wen_z=1
                6745 sampler_squeeze=0, next_element=0, z0=7fdfff, z1=000002, waddr_z0= 907, waddr_z1= 908, wen_z=1
                6755 sampler_squeeze=0, next_element=0, z0=7fe000, z1=7fdfff, waddr_z0= 909, waddr_z1= 910, wen_z=1
                6765 sampler_squeeze=0, next_element=0, z0=000002, z1=000002, waddr_z0= 911, waddr_z1= 912, wen_z=1
                6775 sampler_squeeze=0, next_element=0, z0=7fe000, z1=000000, waddr_z0= 912, waddr_z1= 913, wen_z=1
                6785 sampler_squeeze=0, next_element=0, z0=7fdfff, z1=7fe000, waddr_z0= 914, waddr_z1= 915, wen_z=1
                6795 sampler_squeeze=0, next_element=0, z0=7fe000, z1=7fe000, waddr_z0= 916, waddr_z1= 917, wen_z=1
                6805 sampler_squeeze=0, next_element=0, z0=000001, z1=000000, waddr_z0= 918, waddr_z1= 919, wen_z=1
                6815 sampler_squeeze=0, next_element=0, z0=000002, z1=7fdfff, waddr_z0= 920, waddr_z1= 921, wen_z=1
                6825 sampler_squeeze=0, next_element=0, z0=7fe000, z1=7fe000, waddr_z0= 922, waddr_z1= 923, wen_z=1
                6835 sampler_squeeze=0, next_element=0, z0=7fdfff, z1=000002, waddr_z0= 924, waddr_z1= 925, wen_z=1
                6845 sampler_squeeze=0, next_element=0, z0=7fe000, z1=000000, waddr_z0= 925, waddr_z1= 926, wen_z=1
                6855 sampler_squeeze=0, next_element=0, z0=000000, z1=000002, waddr_z0= 927, waddr_z1= 928, wen_z=1
                6865 sampler_squeeze=0, next_element=0, z0=7fdfff, z1=7fdfff, waddr_z0= 929, waddr_z1= 930, wen_z=1
                6875 sampler_squeeze=0, next_element=0, z0=7fdfff, z1=7fdfff, waddr_z0= 931, waddr_z1= 932, wen_z=1
                6885 sampler_squeeze=0, next_element=0, z0=000001, z1=000000, waddr_z0= 933, waddr_z1= 934, wen_z=1
                6895 sampler_squeeze=0, next_element=0, z0=000000, z1=7fdfff, waddr_z0= 935, waddr_z1= 936, wen_z=1
                6905 sampler_squeeze=0, next_element=0, z0=000001, z1=000000, waddr_z0= 937, waddr_z1= 938, wen_z=1
                6915 sampler_squeeze=0, next_element=0, z0=7fe000, z1=7fdfff, waddr_z0= 939, waddr_z1= 940, wen_z=1
                6925 sampler_squeeze=0, next_element=0, z0=000000, z1=000000, waddr_z0= 941, waddr_z1= 942, wen_z=1
                6935 sampler_squeeze=0, next_element=0, z0=7fdfff, z1=7fe000, waddr_z0= 943, waddr_z1= 944, wen_z=1
                6945 sampler_squeeze=0, next_element=0, z0=000001, z1=7fdfff, waddr_z0= 945, waddr_z1= 946, wen_z=1
                6955 sampler_squeeze=0, next_element=0, z0=000001, z1=000002, waddr_z0= 947, waddr_z1= 948, wen_z=1
                6965 sampler_squeeze=0, next_element=0, z0=000000, z1=000000, waddr_z0= 949, waddr_z1= 950, wen_z=1
                6975 sampler_squeeze=0, next_element=0, z0=000002, z1=000002, waddr_z0= 951, waddr_z1= 952, wen_z=1
                6985 sampler_squeeze=0, next_element=0, z0=7fdfff, z1=000000, waddr_z0= 953, waddr_z1= 954, wen_z=1
                6995 sampler_squeeze=0, next_element=0, z0=000002, z1=000000, waddr_z0= 955, waddr_z1= 956, wen_z=1
                7005 sampler_squeeze=0, next_element=0, z0=7fdfff, z1=7fdfff, waddr_z0= 957, waddr_z1= 958, wen_z=1
                7015 sampler_squeeze=0, next_element=0, z0=7fe000, z1=7fdfff, waddr_z0= 959, waddr_z1= 960, wen_z=1
                7025 sampler_squeeze=0, next_element=0, z0=000000, z1=000000, waddr_z0= 961, waddr_z1= 962, wen_z=1
                7035 sampler_squeeze=0, next_element=0, z0=000000, z1=7fe000, waddr_z0= 963, waddr_z1= 964, wen_z=1
                7045 sampler_squeeze=0, next_element=0, z0=000002, z1=000002, waddr_z0= 965, waddr_z1= 966, wen_z=1
                7055 sampler_squeeze=0, next_element=0, z0=7fdfff, z1=000000, waddr_z0= 965, waddr_z1= 966, wen_z=1
                7065 sampler_squeeze=0, next_element=0, z0=7fdfff, z1=000001, waddr_z0= 967, waddr_z1= 968, wen_z=1
                7075 sampler_squeeze=0, next_element=0, z0=7fe000, z1=000002, waddr_z0= 969, waddr_z1= 970, wen_z=1
                7085 sampler_squeeze=0, next_element=0, z0=7fdfff, z1=000002, waddr_z0= 971, waddr_z1= 972, wen_z=1
                7095 sampler_squeeze=0, next_element=0, z0=7fe000, z1=7fe000, waddr_z0= 972, waddr_z1= 973, wen_z=1
                7105 sampler_squeeze=0, next_element=0, z0=000001, z1=7fdfff, waddr_z0= 974, waddr_z1= 975, wen_z=1
                7115 sampler_squeeze=0, next_element=0, z0=000002, z1=000000, waddr_z0= 976, waddr_z1= 977, wen_z=1
                7125 sampler_squeeze=0, next_element=0, z0=000000, z1=000000, waddr_z0= 978, waddr_z1= 979, wen_z=1
                7135 sampler_squeeze=0, next_element=0, z0=000000, z1=7fe000, waddr_z0= 980, waddr_z1= 981, wen_z=1
                7145 sampler_squeeze=0, next_element=0, z0=000001, z1=000002, waddr_z0= 982, waddr_z1= 983, wen_z=1
                7155 sampler_squeeze=0, next_element=0, z0=000000, z1=7fdfff, waddr_z0= 984, waddr_z1= 985, wen_z=1
                7165 sampler_squeeze=0, next_element=0, z0=000002, z1=000002, waddr_z0= 986, waddr_z1= 987, wen_z=1
                7175 sampler_squeeze=0, next_element=0, z0=000001, z1=7fdfff, waddr_z0= 987, waddr_z1= 988, wen_z=1
                7185 sampler_squeeze=0, next_element=0, z0=000000, z1=000002, waddr_z0= 989, waddr_z1= 990, wen_z=1
                7195 sampler_squeeze=0, next_element=0, z0=000000, z1=7fdfff, waddr_z0= 991, waddr_z1= 992, wen_z=1
                7205 sampler_squeeze=0, next_element=0, z0=000001, z1=000000, waddr_z0= 993, waddr_z1= 994, wen_z=1
                7215 sampler_squeeze=0, next_element=0, z0=7fe000, z1=000002, waddr_z0= 995, waddr_z1= 996, wen_z=1
                7225 sampler_squeeze=0, next_element=0, z0=000000, z1=000002, waddr_z0= 997, waddr_z1= 998, wen_z=1
                7235 sampler_squeeze=0, next_element=0, z0=7fe000, z1=000000, waddr_z0= 999, waddr_z1=1000, wen_z=1
                7245 sampler_squeeze=0, next_element=0, z0=000001, z1=000002, waddr_z0=1001, waddr_z1=1002, wen_z=1
                7255 sampler_squeeze=0, next_element=0, z0=000001, z1=7fe000, waddr_z0=1003, waddr_z1=1004, wen_z=1
                7265 sampler_squeeze=0, next_element=0, z0=000001, z1=7fdfff, waddr_z0=1005, waddr_z1=1006, wen_z=1
                7275 sampler_squeeze=0, next_element=0, z0=000002, z1=7fdfff, waddr_z0=1007, waddr_z1=1008, wen_z=1
                7285 sampler_squeeze=0, next_element=0, z0=7fdfff, z1=000000, waddr_z0=1009, waddr_z1=1010, wen_z=1
                7295 sampler_squeeze=0, next_element=0, z0=000000, z1=000000, waddr_z0=1011, waddr_z1=1012, wen_z=1
                7305 sampler_squeeze=0, next_element=0, z0=000000, z1=000000, waddr_z0=1013, waddr_z1=1014, wen_z=1
                7315 sampler_squeeze=0, next_element=0, z0=000001, z1=7fe000, waddr_z0=1015, waddr_z1=1016, wen_z=1
                7325 sampler_squeeze=0, next_element=0, z0=000000, z1=000000, waddr_z0=1017, waddr_z1=1018, wen_z=1
                7335 sampler_squeeze=0, next_element=0, z0=7fdfff, z1=000002, waddr_z0=1019, waddr_z1=1020, wen_z=1
                7345 sampler_squeeze=0, next_element=0, z0=000000, z1=000000, waddr_z0=1021, waddr_z1=1022, wen_z=1
                7355 sampler_squeeze=0, next_element=0, z0=000000, z1=7fe000, waddr_z0=1022, waddr_z1=1023, wen_z=1
                7365 sampler_squeeze=0, next_element=1, z0=000001, z1=000002, waddr_z0= 768, waddr_z1= 769, wen_z=0
                7375 sampler_squeeze=0, next_element=1, z0=000002, z1=7fe000, waddr_z0=   0, waddr_z1=   1, wen_z=0
                7385 sampler_squeeze=0, next_element=0, z0=7fe000, z1=000002, waddr_z0=   0, waddr_z1=   1, wen_z=0
