INFO: [VRFC 10-2263] Analyzing Verilog file "C:/Users/USER/Desktop/ML_DSA_syn/IMP/SHA3_imp/Sampler - 複製/Sampler.srcs/sources_1/imports/MLDSA/CoeffFromHalfByte.v" into library xil_defaultlib
INFO: [VRFC 10-311] analyzing module CoeffFromHalfByte
INFO: [VRFC 10-2263] Analyzing Verilog file "C:/Users/USER/Desktop/ML_DSA_syn/IMP/SHA3_imp/Sampler - 複製/Sampler.srcs/sim_1/imports/MLDSA/Data_Mem.v" into library xil_defaultlib
INFO: [VRFC 10-311] analyzing module Data_Mem
INFO: [VRFC 10-2263] Analyzing Verilog file "C:/Users/USER/Desktop/ML_DSA_syn/IMP/SHA3_imp/Sampler - 複製/Sampler.srcs/sim_1/imports/MLDSA/Dual_Port_Ram_Single_clk.v" into library xil_defaultlib
INFO: [VRFC 10-311] analyzing module Dual_Port_Ram_Single_clk
INFO: [VRFC 10-2263] Analyzing Verilog file "C:/Users/USER/Desktop/ML_DSA_syn/IMP/SHA3_imp/Sampler - 複製/Sampler.srcs/sources_1/imports/MLDSA/ExpandA.v" into library xil_defaultlib
INFO: [VRFC 10-311] analyzing module ExpandA
INFO: [VRFC 10-2263] Analyzing Verilog file "C:/Users/USER/Desktop/ML_DSA_syn/IMP/SHA3_imp/Sampler - 複製/Sampler.srcs/sources_1/imports/MLDSA/ExpandMASK.v" into library xil_defaultlib
INFO: [VRFC 10-311] analyzing module ExpandMASK
INFO: [VRFC 10-2263] Analyzing Verilog file "C:/Users/USER/Desktop/ML_DSA_syn/IMP/SHA3_imp/Sampler - 複製/Sampler.srcs/sources_1/imports/MLDSA/ExpandS.v" into library xil_defaultlib
INFO: [VRFC 10-311] analyzing module ExpandS
INFO: [VRFC 10-2263] Analyzing Verilog file "C:/Users/USER/Desktop/ML_DSA_syn/IMP/SHA3_imp/Sampler - 複製/Sampler.srcs/sources_1/imports/MLDSA/SampleInBall.v" into library xil_defaultlib
INFO: [VRFC 10-311] analyzing module SampleInBall
INFO: [VRFC 10-2263] Analyzing Verilog file "C:/Users/USER/Desktop/ML_DSA_syn/IMP/SHA3_imp/Sampler - 複製/Sampler.srcs/sources_1/imports/MLDSA/Sampler.v" into library xil_defaultlib
INFO: [VRFC 10-311] analyzing module Sampler
INFO: [VRFC 10-2263] Analyzing Verilog file "C:/Users/USER/Desktop/ML_DSA_syn/IMP/SHA3_imp/Sampler - 複製/Sampler.srcs/sources_1/imports/MLDSA/mux_generate.v" into library xil_defaultlib
INFO: [VRFC 10-311] analyzing module mux_gen
INFO: [VRFC 10-2263] Analyzing Verilog file "C:/Users/USER/Desktop/ML_DSA_syn/IMP/SHA3_imp/Sampler - 複製/Sampler.srcs/sim_1/new/Sampler_tb.v" into library xil_defaultlib
INFO: [VRFC 10-311] analyzing module Sampler_tb
