
*** Running vivado
    with args -log Sampler.vds -m64 -product Vivado -mode batch -messageDb vivado.pb -notrace -source Sampler.tcl


ECHO 已關閉。
ECHO 已關閉。

****** Vivado v2023.2 (64-bit)
  **** SW Build 4029153 on Fri Oct 13 20:14:34 MDT 2023
  **** IP Build 4028589 on Sat Oct 14 00:45:43 MDT 2023
  **** SharedData Build 4025554 on Tue Oct 10 17:18:54 MDT 2023
    ** Copyright 1986-2022 Xilinx, Inc. All Rights Reserved.
    ** Copyright 2022-2023 Advanced Micro Devices, Inc. All Rights Reserved.

source Sampler.tcl -notrace
create_project: Time (s): cpu = 00:00:05 ; elapsed = 00:00:05 . Memory (MB): peak = 483.867 ; gain = 180.773
Command: synth_design -top Sampler -part xc7k70tfbv676-1
Starting synth_design
Attempting to get a license for feature 'Synthesis' and/or device 'xc7k70t'
INFO: [Common 17-349] Got license for feature 'Synthesis' and/or device 'xc7k70t'
INFO: [Synth 8-7079] Multithreading enabled for synth_design using a maximum of 2 processes.
INFO: [Synth 8-7078] Launching helper process for spawning children vivado processes
INFO: [Synth 8-7075] Helper process launched with PID 26784
---------------------------------------------------------------------------------
Starting Synthesize : Time (s): cpu = 00:00:05 ; elapsed = 00:00:05 . Memory (MB): peak = 931.984 ; gain = 445.168
---------------------------------------------------------------------------------
INFO: [Synth 8-11241] undeclared symbol 'rej0', assumed default net type 'wire' [C:/Users/USER/Desktop/ML_DSA_syn/IMP/SHA3_imp/Sampler/Sampler.srcs/sources_1/imports/MLDSA/ExpandA.v:53]
INFO: [Synth 8-11241] undeclared symbol 'rej1', assumed default net type 'wire' [C:/Users/USER/Desktop/ML_DSA_syn/IMP/SHA3_imp/Sampler/Sampler.srcs/sources_1/imports/MLDSA/ExpandA.v:54]
INFO: [Synth 8-11241] undeclared symbol 'last_c', assumed default net type 'wire' [C:/Users/USER/Desktop/ML_DSA_syn/IMP/SHA3_imp/Sampler/Sampler.srcs/sources_1/imports/MLDSA/SampleInBall.v:71]
INFO: [Synth 8-6157] synthesizing module 'Sampler' [C:/Users/USER/Desktop/ML_DSA_syn/IMP/SHA3_imp/Sampler/Sampler.srcs/sources_1/imports/MLDSA/Sampler.v:1]
INFO: [Synth 8-6157] synthesizing module 'ExpandS' [C:/Users/USER/Desktop/ML_DSA_syn/IMP/SHA3_imp/Sampler/Sampler.srcs/sources_1/imports/MLDSA/ExpandS.v:1]
INFO: [Synth 8-6157] synthesizing module 'mux_gen' [C:/Users/USER/Desktop/ML_DSA_syn/IMP/SHA3_imp/Sampler/Sampler.srcs/sources_1/imports/MLDSA/mux_generate.v:2]
	Parameter param_in bound to: 1088 - type: integer 
	Parameter param_m bound to: 8 - type: integer 
INFO: [Synth 8-6155] done synthesizing module 'mux_gen' (0#1) [C:/Users/USER/Desktop/ML_DSA_syn/IMP/SHA3_imp/Sampler/Sampler.srcs/sources_1/imports/MLDSA/mux_generate.v:2]
INFO: [Synth 8-6157] synthesizing module 'CoeffFromHalfByte' [C:/Users/USER/Desktop/ML_DSA_syn/IMP/SHA3_imp/Sampler/Sampler.srcs/sources_1/imports/MLDSA/CoeffFromHalfByte.v:1]
INFO: [Synth 8-226] default block is never used [C:/Users/USER/Desktop/ML_DSA_syn/IMP/SHA3_imp/Sampler/Sampler.srcs/sources_1/imports/MLDSA/CoeffFromHalfByte.v:33]
INFO: [Synth 8-226] default block is never used [C:/Users/USER/Desktop/ML_DSA_syn/IMP/SHA3_imp/Sampler/Sampler.srcs/sources_1/imports/MLDSA/CoeffFromHalfByte.v:35]
INFO: [Synth 8-226] default block is never used [C:/Users/USER/Desktop/ML_DSA_syn/IMP/SHA3_imp/Sampler/Sampler.srcs/sources_1/imports/MLDSA/CoeffFromHalfByte.v:44]
INFO: [Synth 8-226] default block is never used [C:/Users/USER/Desktop/ML_DSA_syn/IMP/SHA3_imp/Sampler/Sampler.srcs/sources_1/imports/MLDSA/CoeffFromHalfByte.v:53]
INFO: [Synth 8-226] default block is never used [C:/Users/USER/Desktop/ML_DSA_syn/IMP/SHA3_imp/Sampler/Sampler.srcs/sources_1/imports/MLDSA/CoeffFromHalfByte.v:62]
INFO: [Synth 8-6155] done synthesizing module 'CoeffFromHalfByte' (0#1) [C:/Users/USER/Desktop/ML_DSA_syn/IMP/SHA3_imp/Sampler/Sampler.srcs/sources_1/imports/MLDSA/CoeffFromHalfByte.v:1]
INFO: [Synth 8-226] default block is never used [C:/Users/USER/Desktop/ML_DSA_syn/IMP/SHA3_imp/Sampler/Sampler.srcs/sources_1/imports/MLDSA/ExpandS.v:116]
INFO: [Synth 8-6155] done synthesizing module 'ExpandS' (0#1) [C:/Users/USER/Desktop/ML_DSA_syn/IMP/SHA3_imp/Sampler/Sampler.srcs/sources_1/imports/MLDSA/ExpandS.v:1]
INFO: [Synth 8-6157] synthesizing module 'ExpandA' [C:/Users/USER/Desktop/ML_DSA_syn/IMP/SHA3_imp/Sampler/Sampler.srcs/sources_1/imports/MLDSA/ExpandA.v:1]
INFO: [Synth 8-6157] synthesizing module 'mux_gen__parameterized0' [C:/Users/USER/Desktop/ML_DSA_syn/IMP/SHA3_imp/Sampler/Sampler.srcs/sources_1/imports/MLDSA/mux_generate.v:2]
	Parameter param_in bound to: 1344 - type: integer 
	Parameter param_m bound to: 48 - type: integer 
INFO: [Synth 8-6155] done synthesizing module 'mux_gen__parameterized0' (0#1) [C:/Users/USER/Desktop/ML_DSA_syn/IMP/SHA3_imp/Sampler/Sampler.srcs/sources_1/imports/MLDSA/mux_generate.v:2]
WARNING: [Synth 8-689] width (8) of port connection 'sel' does not match port width (5) of module 'mux_gen__parameterized0' [C:/Users/USER/Desktop/ML_DSA_syn/IMP/SHA3_imp/Sampler/Sampler.srcs/sources_1/imports/MLDSA/ExpandA.v:46]
INFO: [Synth 8-226] default block is never used [C:/Users/USER/Desktop/ML_DSA_syn/IMP/SHA3_imp/Sampler/Sampler.srcs/sources_1/imports/MLDSA/ExpandA.v:100]
INFO: [Synth 8-6155] done synthesizing module 'ExpandA' (0#1) [C:/Users/USER/Desktop/ML_DSA_syn/IMP/SHA3_imp/Sampler/Sampler.srcs/sources_1/imports/MLDSA/ExpandA.v:1]
INFO: [Synth 8-6157] synthesizing module 'ExpandMASK' [C:/Users/USER/Desktop/ML_DSA_syn/IMP/SHA3_imp/Sampler/Sampler.srcs/sources_1/imports/MLDSA/ExpandMASK.v:1]
INFO: [Synth 8-6157] synthesizing module 'mux_gen__parameterized1' [C:/Users/USER/Desktop/ML_DSA_syn/IMP/SHA3_imp/Sampler/Sampler.srcs/sources_1/imports/MLDSA/mux_generate.v:2]
	Parameter param_in bound to: 1080 - type: integer 
	Parameter param_m bound to: 36 - type: integer 
INFO: [Synth 8-6155] done synthesizing module 'mux_gen__parameterized1' (0#1) [C:/Users/USER/Desktop/ML_DSA_syn/IMP/SHA3_imp/Sampler/Sampler.srcs/sources_1/imports/MLDSA/mux_generate.v:2]
WARNING: [Synth 8-689] width (8) of port connection 'sel' does not match port width (5) of module 'mux_gen__parameterized1' [C:/Users/USER/Desktop/ML_DSA_syn/IMP/SHA3_imp/Sampler/Sampler.srcs/sources_1/imports/MLDSA/ExpandMASK.v:70]
WARNING: [Synth 8-693] zero replication count - replication ignored [C:/Users/USER/Desktop/ML_DSA_syn/IMP/SHA3_imp/Sampler/Sampler.srcs/sources_1/imports/MLDSA/ExpandMASK.v:114]
INFO: [Synth 8-6155] done synthesizing module 'ExpandMASK' (0#1) [C:/Users/USER/Desktop/ML_DSA_syn/IMP/SHA3_imp/Sampler/Sampler.srcs/sources_1/imports/MLDSA/ExpandMASK.v:1]
INFO: [Synth 8-6157] synthesizing module 'SampleInBall' [C:/Users/USER/Desktop/ML_DSA_syn/IMP/SHA3_imp/Sampler/Sampler.srcs/sources_1/imports/MLDSA/SampleInBall.v:1]
INFO: [Synth 8-226] default block is never used [C:/Users/USER/Desktop/ML_DSA_syn/IMP/SHA3_imp/Sampler/Sampler.srcs/sources_1/imports/MLDSA/SampleInBall.v:142]
INFO: [Synth 8-6155] done synthesizing module 'SampleInBall' (0#1) [C:/Users/USER/Desktop/ML_DSA_syn/IMP/SHA3_imp/Sampler/Sampler.srcs/sources_1/imports/MLDSA/SampleInBall.v:1]
INFO: [Synth 8-6155] done synthesizing module 'Sampler' (0#1) [C:/Users/USER/Desktop/ML_DSA_syn/IMP/SHA3_imp/Sampler/Sampler.srcs/sources_1/imports/MLDSA/Sampler.v:1]
WARNING: [Synth 8-6014] Unused sequential element we_cj_reg was removed.  [C:/Users/USER/Desktop/ML_DSA_syn/IMP/SHA3_imp/Sampler/Sampler.srcs/sources_1/imports/MLDSA/SampleInBall.v:93]
WARNING: [Synth 8-3848] Net cj in module/entity SampleInBall does not have driver. [C:/Users/USER/Desktop/ML_DSA_syn/IMP/SHA3_imp/Sampler/Sampler.srcs/sources_1/imports/MLDSA/SampleInBall.v:13]
WARNING: [Synth 8-7129] Port cj[22] in module SampleInBall is either unconnected or has no load
WARNING: [Synth 8-7129] Port cj[21] in module SampleInBall is either unconnected or has no load
WARNING: [Synth 8-7129] Port cj[20] in module SampleInBall is either unconnected or has no load
WARNING: [Synth 8-7129] Port cj[19] in module SampleInBall is either unconnected or has no load
WARNING: [Synth 8-7129] Port cj[18] in module SampleInBall is either unconnected or has no load
WARNING: [Synth 8-7129] Port cj[17] in module SampleInBall is either unconnected or has no load
WARNING: [Synth 8-7129] Port cj[16] in module SampleInBall is either unconnected or has no load
WARNING: [Synth 8-7129] Port cj[15] in module SampleInBall is either unconnected or has no load
WARNING: [Synth 8-7129] Port cj[14] in module SampleInBall is either unconnected or has no load
WARNING: [Synth 8-7129] Port cj[13] in module SampleInBall is either unconnected or has no load
WARNING: [Synth 8-7129] Port cj[12] in module SampleInBall is either unconnected or has no load
WARNING: [Synth 8-7129] Port cj[11] in module SampleInBall is either unconnected or has no load
WARNING: [Synth 8-7129] Port cj[10] in module SampleInBall is either unconnected or has no load
WARNING: [Synth 8-7129] Port cj[9] in module SampleInBall is either unconnected or has no load
WARNING: [Synth 8-7129] Port cj[8] in module SampleInBall is either unconnected or has no load
WARNING: [Synth 8-7129] Port cj[7] in module SampleInBall is either unconnected or has no load
WARNING: [Synth 8-7129] Port cj[6] in module SampleInBall is either unconnected or has no load
WARNING: [Synth 8-7129] Port cj[5] in module SampleInBall is either unconnected or has no load
WARNING: [Synth 8-7129] Port cj[4] in module SampleInBall is either unconnected or has no load
WARNING: [Synth 8-7129] Port cj[3] in module SampleInBall is either unconnected or has no load
WARNING: [Synth 8-7129] Port cj[2] in module SampleInBall is either unconnected or has no load
WARNING: [Synth 8-7129] Port cj[1] in module SampleInBall is either unconnected or has no load
WARNING: [Synth 8-7129] Port cj[0] in module SampleInBall is either unconnected or has no load
WARNING: [Synth 8-7129] Port sampler_in[1343] in module SampleInBall is either unconnected or has no load
WARNING: [Synth 8-7129] Port sampler_in[1342] in module SampleInBall is either unconnected or has no load
WARNING: [Synth 8-7129] Port sampler_in[1341] in module SampleInBall is either unconnected or has no load
WARNING: [Synth 8-7129] Port sampler_in[1340] in module SampleInBall is either unconnected or has no load
WARNING: [Synth 8-7129] Port sampler_in[1339] in module SampleInBall is either unconnected or has no load
WARNING: [Synth 8-7129] Port sampler_in[1338] in module SampleInBall is either unconnected or has no load
WARNING: [Synth 8-7129] Port sampler_in[1337] in module SampleInBall is either unconnected or has no load
WARNING: [Synth 8-7129] Port sampler_in[1336] in module SampleInBall is either unconnected or has no load
WARNING: [Synth 8-7129] Port sampler_in[1335] in module SampleInBall is either unconnected or has no load
WARNING: [Synth 8-7129] Port sampler_in[1334] in module SampleInBall is either unconnected or has no load
WARNING: [Synth 8-7129] Port sampler_in[1333] in module SampleInBall is either unconnected or has no load
WARNING: [Synth 8-7129] Port sampler_in[1332] in module SampleInBall is either unconnected or has no load
WARNING: [Synth 8-7129] Port sampler_in[1331] in module SampleInBall is either unconnected or has no load
WARNING: [Synth 8-7129] Port sampler_in[1330] in module SampleInBall is either unconnected or has no load
WARNING: [Synth 8-7129] Port sampler_in[1329] in module SampleInBall is either unconnected or has no load
WARNING: [Synth 8-7129] Port sampler_in[1328] in module SampleInBall is either unconnected or has no load
WARNING: [Synth 8-7129] Port sampler_in[1327] in module SampleInBall is either unconnected or has no load
WARNING: [Synth 8-7129] Port sampler_in[1326] in module SampleInBall is either unconnected or has no load
WARNING: [Synth 8-7129] Port sampler_in[1325] in module SampleInBall is either unconnected or has no load
WARNING: [Synth 8-7129] Port sampler_in[1324] in module SampleInBall is either unconnected or has no load
WARNING: [Synth 8-7129] Port sampler_in[1323] in module SampleInBall is either unconnected or has no load
WARNING: [Synth 8-7129] Port sampler_in[1322] in module SampleInBall is either unconnected or has no load
WARNING: [Synth 8-7129] Port sampler_in[1321] in module SampleInBall is either unconnected or has no load
WARNING: [Synth 8-7129] Port sampler_in[1320] in module SampleInBall is either unconnected or has no load
WARNING: [Synth 8-7129] Port sampler_in[1319] in module SampleInBall is either unconnected or has no load
WARNING: [Synth 8-7129] Port sampler_in[1318] in module SampleInBall is either unconnected or has no load
WARNING: [Synth 8-7129] Port sampler_in[1317] in module SampleInBall is either unconnected or has no load
WARNING: [Synth 8-7129] Port sampler_in[1316] in module SampleInBall is either unconnected or has no load
WARNING: [Synth 8-7129] Port sampler_in[1315] in module SampleInBall is either unconnected or has no load
WARNING: [Synth 8-7129] Port sampler_in[1314] in module SampleInBall is either unconnected or has no load
WARNING: [Synth 8-7129] Port sampler_in[1313] in module SampleInBall is either unconnected or has no load
WARNING: [Synth 8-7129] Port sampler_in[1312] in module SampleInBall is either unconnected or has no load
WARNING: [Synth 8-7129] Port sampler_in[1311] in module SampleInBall is either unconnected or has no load
WARNING: [Synth 8-7129] Port sampler_in[1310] in module SampleInBall is either unconnected or has no load
WARNING: [Synth 8-7129] Port sampler_in[1309] in module SampleInBall is either unconnected or has no load
WARNING: [Synth 8-7129] Port sampler_in[1308] in module SampleInBall is either unconnected or has no load
WARNING: [Synth 8-7129] Port sampler_in[1307] in module SampleInBall is either unconnected or has no load
WARNING: [Synth 8-7129] Port sampler_in[1306] in module SampleInBall is either unconnected or has no load
WARNING: [Synth 8-7129] Port sampler_in[1305] in module SampleInBall is either unconnected or has no load
WARNING: [Synth 8-7129] Port sampler_in[1304] in module SampleInBall is either unconnected or has no load
WARNING: [Synth 8-7129] Port sampler_in[1303] in module SampleInBall is either unconnected or has no load
WARNING: [Synth 8-7129] Port sampler_in[1302] in module SampleInBall is either unconnected or has no load
WARNING: [Synth 8-7129] Port sampler_in[1301] in module SampleInBall is either unconnected or has no load
WARNING: [Synth 8-7129] Port sampler_in[1300] in module SampleInBall is either unconnected or has no load
WARNING: [Synth 8-7129] Port sampler_in[1299] in module SampleInBall is either unconnected or has no load
WARNING: [Synth 8-7129] Port sampler_in[1298] in module SampleInBall is either unconnected or has no load
WARNING: [Synth 8-7129] Port sampler_in[1297] in module SampleInBall is either unconnected or has no load
WARNING: [Synth 8-7129] Port sampler_in[1296] in module SampleInBall is either unconnected or has no load
WARNING: [Synth 8-7129] Port sampler_in[1295] in module SampleInBall is either unconnected or has no load
WARNING: [Synth 8-7129] Port sampler_in[1294] in module SampleInBall is either unconnected or has no load
WARNING: [Synth 8-7129] Port sampler_in[1293] in module SampleInBall is either unconnected or has no load
WARNING: [Synth 8-7129] Port sampler_in[1292] in module SampleInBall is either unconnected or has no load
WARNING: [Synth 8-7129] Port sampler_in[1291] in module SampleInBall is either unconnected or has no load
WARNING: [Synth 8-7129] Port sampler_in[1290] in module SampleInBall is either unconnected or has no load
WARNING: [Synth 8-7129] Port sampler_in[1289] in module SampleInBall is either unconnected or has no load
WARNING: [Synth 8-7129] Port sampler_in[1288] in module SampleInBall is either unconnected or has no load
WARNING: [Synth 8-7129] Port sampler_in[1287] in module SampleInBall is either unconnected or has no load
WARNING: [Synth 8-7129] Port sampler_in[1286] in module SampleInBall is either unconnected or has no load
WARNING: [Synth 8-7129] Port sampler_in[1285] in module SampleInBall is either unconnected or has no load
WARNING: [Synth 8-7129] Port sampler_in[1284] in module SampleInBall is either unconnected or has no load
WARNING: [Synth 8-7129] Port sampler_in[1283] in module SampleInBall is either unconnected or has no load
WARNING: [Synth 8-7129] Port sampler_in[1282] in module SampleInBall is either unconnected or has no load
WARNING: [Synth 8-7129] Port sampler_in[1281] in module SampleInBall is either unconnected or has no load
WARNING: [Synth 8-7129] Port sampler_in[1280] in module SampleInBall is either unconnected or has no load
WARNING: [Synth 8-7129] Port sampler_in[1279] in module SampleInBall is either unconnected or has no load
WARNING: [Synth 8-7129] Port sampler_in[1278] in module SampleInBall is either unconnected or has no load
WARNING: [Synth 8-7129] Port sampler_in[1277] in module SampleInBall is either unconnected or has no load
WARNING: [Synth 8-7129] Port sampler_in[1276] in module SampleInBall is either unconnected or has no load
WARNING: [Synth 8-7129] Port sampler_in[1275] in module SampleInBall is either unconnected or has no load
WARNING: [Synth 8-7129] Port sampler_in[1274] in module SampleInBall is either unconnected or has no load
WARNING: [Synth 8-7129] Port sampler_in[1273] in module SampleInBall is either unconnected or has no load
WARNING: [Synth 8-7129] Port sampler_in[1272] in module SampleInBall is either unconnected or has no load
WARNING: [Synth 8-7129] Port sampler_in[1271] in module SampleInBall is either unconnected or has no load
WARNING: [Synth 8-7129] Port sampler_in[1270] in module SampleInBall is either unconnected or has no load
WARNING: [Synth 8-7129] Port sampler_in[1269] in module SampleInBall is either unconnected or has no load
WARNING: [Synth 8-7129] Port sampler_in[1268] in module SampleInBall is either unconnected or has no load
WARNING: [Synth 8-7129] Port sampler_in[1267] in module SampleInBall is either unconnected or has no load
INFO: [Common 17-14] Message 'Synth 8-7129' appears 100 times and further instances of the messages will be disabled. Use the Tcl command set_msg_config to change the current settings.
---------------------------------------------------------------------------------
Finished Synthesize : Time (s): cpu = 00:00:07 ; elapsed = 00:00:07 . Memory (MB): peak = 1058.570 ; gain = 571.754
---------------------------------------------------------------------------------
---------------------------------------------------------------------------------
Finished Constraint Validation : Time (s): cpu = 00:00:07 ; elapsed = 00:00:08 . Memory (MB): peak = 1058.570 ; gain = 571.754
---------------------------------------------------------------------------------
---------------------------------------------------------------------------------
Start Loading Part and Timing Information
---------------------------------------------------------------------------------
Loading part: xc7k70tfbv676-1
---------------------------------------------------------------------------------
INFO: [Device 21-403] Loading part xc7k70tfbv676-1
Finished Loading Part and Timing Information : Time (s): cpu = 00:00:07 ; elapsed = 00:00:08 . Memory (MB): peak = 1058.570 ; gain = 571.754
---------------------------------------------------------------------------------
INFO: [Synth 8-802] inferred FSM for state register 'curr_state_reg' in module 'ExpandMASK'
---------------------------------------------------------------------------------------------------
                   State |                     New Encoding |                Previous Encoding 
---------------------------------------------------------------------------------------------------
             SAMPLE_WAIT |                                0 |                              000
          SAMPLE_PROCESS |                                1 |                              001
---------------------------------------------------------------------------------------------------
INFO: [Synth 8-3354] encoded FSM with state register 'curr_state_reg' using encoding 'sequential' in module 'ExpandMASK'
---------------------------------------------------------------------------------
Finished RTL Optimization Phase 2 : Time (s): cpu = 00:00:09 ; elapsed = 00:00:10 . Memory (MB): peak = 1058.570 ; gain = 571.754
---------------------------------------------------------------------------------
No constraint files found.
---------------------------------------------------------------------------------
Start RTL Component Statistics 
---------------------------------------------------------------------------------
Detailed RTL Component Info : 
+---Adders : 
	   2 Input   23 Bit       Adders := 2     
	   3 Input   23 Bit       Adders := 2     
	   2 Input    9 Bit       Adders := 8     
	   2 Input    8 Bit       Adders := 7     
	   2 Input    4 Bit       Adders := 1     
	   3 Input    2 Bit       Adders := 2     
+---Registers : 
	             1344 Bit    Registers := 1     
	               64 Bit    Registers := 1     
	               32 Bit    Registers := 1     
	                9 Bit    Registers := 4     
	                8 Bit    Registers := 5     
	                4 Bit    Registers := 1     
	                1 Bit    Registers := 6     
+---Muxes : 
	   2 Input 1080 Bit        Muxes := 1     
	   2 Input   64 Bit        Muxes := 1     
	   2 Input   48 Bit        Muxes := 28    
	   2 Input   36 Bit        Muxes := 30    
	   4 Input   32 Bit        Muxes := 1     
	   2 Input   32 Bit        Muxes := 1     
	   2 Input   23 Bit        Muxes := 3     
	   2 Input   18 Bit        Muxes := 2     
	   2 Input    9 Bit        Muxes := 4     
	   2 Input    8 Bit        Muxes := 20    
	   4 Input    8 Bit        Muxes := 1     
	   4 Input    3 Bit        Muxes := 6     
	   7 Input    3 Bit        Muxes := 2     
	   2 Input    3 Bit        Muxes := 1     
	   2 Input    1 Bit        Muxes := 20    
	   5 Input    1 Bit        Muxes := 2     
---------------------------------------------------------------------------------
Finished RTL Component Statistics 
---------------------------------------------------------------------------------
---------------------------------------------------------------------------------
Start Part Resource Summary
---------------------------------------------------------------------------------
Part Resources:
DSPs: 240 (col length:80)
BRAMs: 270 (col length: RAMB18 80 RAMB36 40)
---------------------------------------------------------------------------------
Finished Part Resource Summary
---------------------------------------------------------------------------------
No constraint files found.
---------------------------------------------------------------------------------
Start Cross Boundary and Area Optimization
---------------------------------------------------------------------------------
WARNING: [Synth 8-7080] Parallel synthesis criteria is not met
WARNING: [Synth 8-3917] design Sampler has port ci[12] driven by constant 0
WARNING: [Synth 8-3917] design Sampler has port ci[11] driven by constant 0
WARNING: [Synth 8-3917] design Sampler has port ci[10] driven by constant 0
WARNING: [Synth 8-3917] design Sampler has port ci[9] driven by constant 0
WARNING: [Synth 8-3917] design Sampler has port ci[8] driven by constant 0
WARNING: [Synth 8-3917] design Sampler has port ci[7] driven by constant 0
WARNING: [Synth 8-3917] design Sampler has port ci[6] driven by constant 0
WARNING: [Synth 8-3917] design Sampler has port ci[5] driven by constant 0
WARNING: [Synth 8-3917] design Sampler has port ci[4] driven by constant 0
WARNING: [Synth 8-3917] design Sampler has port ci[3] driven by constant 0
WARNING: [Synth 8-3917] design Sampler has port ci[2] driven by constant 0
WARNING: [Synth 8-3917] design Sampler has port ci[1] driven by constant 0
---------------------------------------------------------------------------------
Finished Cross Boundary and Area Optimization : Time (s): cpu = 00:00:36 ; elapsed = 00:00:45 . Memory (MB): peak = 1481.898 ; gain = 995.082
---------------------------------------------------------------------------------
No constraint files found.
---------------------------------------------------------------------------------
Start Timing Optimization
---------------------------------------------------------------------------------
---------------------------------------------------------------------------------
Finished Timing Optimization : Time (s): cpu = 00:00:37 ; elapsed = 00:00:45 . Memory (MB): peak = 1481.898 ; gain = 995.082
---------------------------------------------------------------------------------
---------------------------------------------------------------------------------
Start Technology Mapping
---------------------------------------------------------------------------------
---------------------------------------------------------------------------------
Finished Technology Mapping : Time (s): cpu = 00:00:38 ; elapsed = 00:00:47 . Memory (MB): peak = 1481.898 ; gain = 995.082
---------------------------------------------------------------------------------
---------------------------------------------------------------------------------
Start IO Insertion
---------------------------------------------------------------------------------
---------------------------------------------------------------------------------
Start Flattening Before IO Insertion
---------------------------------------------------------------------------------
---------------------------------------------------------------------------------
Finished Flattening Before IO Insertion
---------------------------------------------------------------------------------
---------------------------------------------------------------------------------
Start Final Netlist Cleanup
---------------------------------------------------------------------------------
---------------------------------------------------------------------------------
Finished Final Netlist Cleanup
---------------------------------------------------------------------------------
---------------------------------------------------------------------------------
Finished IO Insertion : Time (s): cpu = 00:00:42 ; elapsed = 00:00:51 . Memory (MB): peak = 1481.898 ; gain = 995.082
---------------------------------------------------------------------------------
---------------------------------------------------------------------------------
Start Renaming Generated Instances
---------------------------------------------------------------------------------
---------------------------------------------------------------------------------
Finished Renaming Generated Instances : Time (s): cpu = 00:00:42 ; elapsed = 00:00:51 . Memory (MB): peak = 1481.898 ; gain = 995.082
---------------------------------------------------------------------------------
---------------------------------------------------------------------------------
Start Rebuilding User Hierarchy
---------------------------------------------------------------------------------
---------------------------------------------------------------------------------
Finished Rebuilding User Hierarchy : Time (s): cpu = 00:00:43 ; elapsed = 00:00:51 . Memory (MB): peak = 1481.898 ; gain = 995.082
---------------------------------------------------------------------------------
---------------------------------------------------------------------------------
Start Renaming Generated Ports
---------------------------------------------------------------------------------
---------------------------------------------------------------------------------
Finished Renaming Generated Ports : Time (s): cpu = 00:00:43 ; elapsed = 00:00:51 . Memory (MB): peak = 1481.898 ; gain = 995.082
---------------------------------------------------------------------------------
---------------------------------------------------------------------------------
Start Handling Custom Attributes
---------------------------------------------------------------------------------
---------------------------------------------------------------------------------
Finished Handling Custom Attributes : Time (s): cpu = 00:00:43 ; elapsed = 00:00:52 . Memory (MB): peak = 1481.898 ; gain = 995.082
---------------------------------------------------------------------------------
---------------------------------------------------------------------------------
Start Renaming Generated Nets
---------------------------------------------------------------------------------
---------------------------------------------------------------------------------
Finished Renaming Generated Nets : Time (s): cpu = 00:00:43 ; elapsed = 00:00:52 . Memory (MB): peak = 1481.898 ; gain = 995.082
---------------------------------------------------------------------------------
---------------------------------------------------------------------------------
Start Writing Synthesis Report
---------------------------------------------------------------------------------

Report BlackBoxes: 
+-+--------------+----------+
| |BlackBox name |Instances |
+-+--------------+----------+
+-+--------------+----------+

Report Cell Usage: 
+------+-------+------+
|      |Cell   |Count |
+------+-------+------+
|1     |BUFG   |     1|
|2     |CARRY4 |    12|
|3     |LUT1   |    47|
|4     |LUT2   |    87|
|5     |LUT3   |    80|
|6     |LUT4   |   100|
|7     |LUT5   |   958|
|8     |LUT6   |  3223|
|9     |MUXF7  |   604|
|10    |MUXF8  |   120|
|11    |FDRE   |  1559|
|12    |FDSE   |     5|
|13    |IBUF   |  1338|
|14    |OBUF   |   241|
|15    |OBUFT  |    23|
+------+-------+------+

Report Instance Areas: 
+------+----------------+------------------------+------+
|      |Instance        |Module                  |Cells |
+------+----------------+------------------------+------+
|1     |top             |                        |  8398|
|2     |  ExpandA_      |ExpandA                 |   587|
|3     |    mux_        |mux_gen__parameterized0 |   506|
|4     |  ExpandMASK_   |ExpandMASK              |  3198|
|5     |    mux_        |mux_gen__parameterized1 |  2956|
|6     |  ExpandS_      |ExpandS                 |   787|
|7     |    mux_        |mux_gen_0               |   681|
|8     |  SampleInBall_ |SampleInBall            |   889|
|9     |    mux_        |mux_gen                 |   655|
+------+----------------+------------------------+------+
---------------------------------------------------------------------------------
Finished Writing Synthesis Report : Time (s): cpu = 00:00:43 ; elapsed = 00:00:52 . Memory (MB): peak = 1481.898 ; gain = 995.082
---------------------------------------------------------------------------------
Synthesis finished with 0 errors, 0 critical warnings and 1088 warnings.
Synthesis Optimization Runtime : Time (s): cpu = 00:00:43 ; elapsed = 00:00:52 . Memory (MB): peak = 1481.898 ; gain = 995.082
Synthesis Optimization Complete : Time (s): cpu = 00:00:43 ; elapsed = 00:00:52 . Memory (MB): peak = 1481.898 ; gain = 995.082
INFO: [Project 1-571] Translating synthesized netlist
Netlist sorting complete. Time (s): cpu = 00:00:00 ; elapsed = 00:00:00.142 . Memory (MB): peak = 1481.898 ; gain = 0.000
INFO: [Netlist 29-17] Analyzing 736 Unisim elements for replacement
INFO: [Netlist 29-28] Unisim Transformation completed in 0 CPU seconds
INFO: [Project 1-570] Preparing netlist for logic optimization
INFO: [Opt 31-138] Pushed 0 inverter(s) to 0 load pin(s).
Netlist sorting complete. Time (s): cpu = 00:00:00 ; elapsed = 00:00:00.001 . Memory (MB): peak = 1481.898 ; gain = 0.000
INFO: [Project 1-111] Unisim Transformation Summary:
No Unisim elements were transformed.

系統找不到指定的路徑。
Synth Design complete | Checksum: 78499533
INFO: [Common 17-83] Releasing license: Synthesis
44 Infos, 118 Warnings, 0 Critical Warnings and 0 Errors encountered.
synth_design completed successfully
synth_design: Time (s): cpu = 00:00:46 ; elapsed = 00:00:55 . Memory (MB): peak = 1481.898 ; gain = 998.031
Write ShapeDB Complete: Time (s): cpu = 00:00:00 ; elapsed = 00:00:00.022 . Memory (MB): peak = 1481.898 ; gain = 0.000
INFO: [Common 17-1381] The checkpoint 'C:/Users/USER/Desktop/ML_DSA_syn/IMP/SHA3_imp/Sampler/Sampler.runs/synth_1/Sampler.dcp' has been generated.
INFO: [runtcl-4] Executing : report_utilization -file Sampler_utilization_synth.rpt -pb Sampler_utilization_synth.pb
INFO: [Common 17-206] Exiting Vivado at Wed Jan 22 14:55:55 2025...
